[35m[1mScanning dependencies of target rosgraph_msgs_generate_messages_cpp[0m
[  0%] Built target rosgraph_msgs_generate_messages_cpp
[35m[1mScanning dependencies of target kr_mav_controllers_gencfg[0m
[ 20%] [34m[1mGenerating dynamic reconfigure files from cfg/SO3.cfg: /home/rajendra/kr_ws/devel/.private/kr_mav_controllers/include/kr_mav_controllers/SO3Config.h /home/rajendra/kr_ws/devel/.private/kr_mav_controllers/lib/python3/dist-packages/kr_mav_controllers/cfg/SO3Config.py[0m
Generating reconfiguration files for SO3 in kr_mav_controllers
Wrote header file in /home/rajendra/kr_ws/devel/.private/kr_mav_controllers/include/kr_mav_controllers/SO3Config.h
[ 20%] Built target kr_mav_controllers_gencfg
[35m[1mScanning dependencies of target tf2_msgs_generate_messages_nodejs[0m
[ 20%] Built target tf2_msgs_generate_messages_nodejs
[35m[1mScanning dependencies of target tf2_msgs_generate_messages_lisp[0m
[ 20%] Built target tf2_msgs_generate_messages_lisp
[35m[1mScanning dependencies of target actionlib_generate_messages_py[0m
[ 20%] Built target actionlib_generate_messages_py
[35m[1mScanning dependencies of target actionlib_generate_messages_nodejs[0m
[ 20%] Built target actionlib_generate_messages_nodejs
[35m[1mScanning dependencies of target actionlib_generate_messages_cpp[0m
[ 20%] Built target actionlib_generate_messages_cpp
[35m[1mScanning dependencies of target tf2_msgs_generate_messages_eus[0m
[ 20%] Built target tf2_msgs_generate_messages_eus
[35m[1mScanning dependencies of target sensor_msgs_generate_messages_py[0m
[ 20%] Built target sensor_msgs_generate_messages_py
[35m[1mScanning dependencies of target sensor_msgs_generate_messages_nodejs[0m
[ 20%] Built target sensor_msgs_generate_messages_nodejs
[35m[1mScanning dependencies of target tf_generate_messages_nodejs[0m
[35m[1mScanning dependencies of target nav_msgs_generate_messages_eus[0m
[ 20%] Built target tf_generate_messages_nodejs
[35m[1mScanning dependencies of target kr_mav_msgs_generate_messages_eus[0m
[ 20%] Built target nav_msgs_generate_messages_eus
[ 20%] Built target kr_mav_msgs_generate_messages_eus
[35m[1mScanning dependencies of target bond_generate_messages_lisp[0m
[ 20%] Built target bond_generate_messages_lisp
[35m[1mScanning dependencies of target std_msgs_generate_messages_py[0m
[35m[1mScanning dependencies of target geometry_msgs_generate_messages_eus[0m
[ 20%] Built target std_msgs_generate_messages_py
[ 20%] Built target geometry_msgs_generate_messages_eus
[35m[1mScanning dependencies of target std_msgs_generate_messages_nodejs[0m
[ 20%] Built target std_msgs_generate_messages_nodejs
[35m[1mScanning dependencies of target nodelet_generate_messages_lisp[0m
[ 20%] Built target nodelet_generate_messages_lisp
[35m[1mScanning dependencies of target actionlib_generate_messages_lisp[0m
[ 20%] Built target actionlib_generate_messages_lisp
[35m[1mScanning dependencies of target roscpp_generate_messages_lisp[0m
[ 20%] Built target roscpp_generate_messages_lisp
[35m[1mScanning dependencies of target sensor_msgs_generate_messages_lisp[0m
[35m[1mScanning dependencies of target sensor_msgs_generate_messages_eus[0m
[ 20%] Built target sensor_msgs_generate_messages_lisp
[ 20%] Built target sensor_msgs_generate_messages_eus
[35m[1mScanning dependencies of target kr_mav_msgs_generate_messages_lisp[0m
[ 20%] Built target kr_mav_msgs_generate_messages_lisp
[35m[1mScanning dependencies of target rosgraph_msgs_generate_messages_py[0m
[ 20%] Built target rosgraph_msgs_generate_messages_py
[35m[1mScanning dependencies of target std_msgs_generate_messages_lisp[0m
[35m[1mScanning dependencies of target tf2_msgs_generate_messages_cpp[0m
[35m[1mScanning dependencies of target kr_mav_msgs_generate_messages_py[0m
[ 20%] Built target std_msgs_generate_messages_lisp
[ 20%] Built target tf2_msgs_generate_messages_cpp
[ 20%] Built target kr_mav_msgs_generate_messages_py
[35m[1mScanning dependencies of target dynamic_reconfigure_generate_messages_lisp[0m
[35m[1mScanning dependencies of target kr_mav_msgs_generate_messages_nodejs[0m
[35m[1mScanning dependencies of target nav_msgs_generate_messages_cpp[0m
[ 20%] Built target dynamic_reconfigure_generate_messages_lisp
[ 20%] Built target kr_mav_msgs_generate_messages_nodejs
[ 20%] Built target nav_msgs_generate_messages_cpp
[35m[1mScanning dependencies of target rosgraph_msgs_generate_messages_eus[0m
[35m[1mScanning dependencies of target dynamic_reconfigure_gencfg[0m
[ 20%] Built target rosgraph_msgs_generate_messages_eus
[35m[1mScanning dependencies of target nodelet_generate_messages_cpp[0m
[ 20%] Built target dynamic_reconfigure_gencfg
[35m[1mScanning dependencies of target sensor_msgs_generate_messages_cpp[0m
[ 20%] Built target nodelet_generate_messages_cpp
[35m[1mScanning dependencies of target nav_msgs_generate_messages_nodejs[0m
[ 20%] Built target sensor_msgs_generate_messages_cpp
[ 20%] Built target nav_msgs_generate_messages_nodejs
[35m[1mScanning dependencies of target dynamic_reconfigure_generate_messages_py[0m
[ 20%] Built target dynamic_reconfigure_generate_messages_py
[35m[1mScanning dependencies of target actionlib_msgs_generate_messages_eus[0m
[ 20%] Built target actionlib_msgs_generate_messages_eus
[35m[1mScanning dependencies of target dynamic_reconfigure_generate_messages_eus[0m
[35m[1mScanning dependencies of target geometry_msgs_generate_messages_nodejs[0m
[ 20%] Built target dynamic_reconfigure_generate_messages_eus
[ 20%] Built target geometry_msgs_generate_messages_nodejs
[35m[1mScanning dependencies of target geometry_msgs_generate_messages_cpp[0m
[ 20%] Built target geometry_msgs_generate_messages_cpp
[35m[1mScanning dependencies of target dynamic_reconfigure_generate_messages_cpp[0m
[35m[1mScanning dependencies of target nav_msgs_generate_messages_lisp[0m
[ 20%] Built target dynamic_reconfigure_generate_messages_cpp
[35m[1mScanning dependencies of target geometry_msgs_generate_messages_py[0m
[ 20%] Built target geometry_msgs_generate_messages_py
[ 20%] Built target nav_msgs_generate_messages_lisp
[35m[1mScanning dependencies of target tf_generate_messages_lisp[0m
[ 20%] Built target tf_generate_messages_lisp
[35m[1mScanning dependencies of target nav_msgs_generate_messages_py[0m
[ 20%] Built target nav_msgs_generate_messages_py
[35m[1mScanning dependencies of target rosgraph_msgs_generate_messages_lisp[0m
[35m[1mScanning dependencies of target tf_generate_messages_eus[0m
[35m[1mScanning dependencies of target geometry_msgs_generate_messages_lisp[0m
[35m[1mScanning dependencies of target std_msgs_generate_messages_cpp[0m
[ 20%] Built target rosgraph_msgs_generate_messages_lisp
[ 20%] Built target geometry_msgs_generate_messages_lisp
[ 20%] Built target std_msgs_generate_messages_cpp
[ 20%] Built target tf_generate_messages_eus
[35m[1mScanning dependencies of target kr_mav_msgs_generate_messages_cpp[0m
[35m[1mScanning dependencies of target tf_generate_messages_cpp[0m
[ 20%] Built target kr_mav_msgs_generate_messages_cpp
[ 20%] Built target tf_generate_messages_cpp
[35m[1mScanning dependencies of target tf_generate_messages_py[0m
[ 20%] Built target tf_generate_messages_py
[35m[1mScanning dependencies of target actionlib_msgs_generate_messages_lisp[0m
[ 20%] Built target actionlib_msgs_generate_messages_lisp
[35m[1mScanning dependencies of target std_msgs_generate_messages_eus[0m
[35m[1mScanning dependencies of target actionlib_msgs_generate_messages_nodejs[0m
[ 20%] Built target std_msgs_generate_messages_eus
[ 20%] Built target actionlib_msgs_generate_messages_nodejs
[35m[1mScanning dependencies of target actionlib_msgs_generate_messages_cpp[0m
[35m[1mScanning dependencies of target actionlib_msgs_generate_messages_py[0m
[ 20%] Built target actionlib_msgs_generate_messages_cpp
[ 20%] Built target actionlib_msgs_generate_messages_py
[35m[1mScanning dependencies of target rosgraph_msgs_generate_messages_nodejs[0m
[35m[1mScanning dependencies of target nodelet_generate_messages_nodejs[0m
[35m[1mScanning dependencies of target bond_generate_messages_nodejs[0m
[ 20%] Built target rosgraph_msgs_generate_messages_nodejs
[35m[1mScanning dependencies of target nodelet_generate_messages_eus[0m
[ 20%] Built target nodelet_generate_messages_nodejs
[ 20%] Built target bond_generate_messages_nodejs
[35m[1mScanning dependencies of target nodelet_generate_messages_py[0m
[ 20%] Built target nodelet_generate_messages_eus
[35m[1mScanning dependencies of target tf2_msgs_generate_messages_py[0m
[35m[1mScanning dependencies of target dynamic_reconfigure_generate_messages_nodejs[0m
[ 20%] Built target nodelet_generate_messages_py
[35m[1mScanning dependencies of target bond_generate_messages_cpp[0m
[ 20%] Built target dynamic_reconfigure_generate_messages_nodejs
[ 20%] Built target tf2_msgs_generate_messages_py
[35m[1mScanning dependencies of target bond_generate_messages_eus[0m
[35m[1mScanning dependencies of target bond_generate_messages_py[0m
[35m[1mScanning dependencies of target roscpp_generate_messages_cpp[0m
[ 20%] Built target bond_generate_messages_py
[ 20%] Built target bond_generate_messages_eus
[ 20%] Built target roscpp_generate_messages_cpp
[35m[1mScanning dependencies of target roscpp_generate_messages_eus[0m
[35m[1mScanning dependencies of target roscpp_generate_messages_nodejs[0m
[35m[1mScanning dependencies of target roscpp_generate_messages_py[0m
[ 20%] Built target bond_generate_messages_cpp
[ 20%] Built target roscpp_generate_messages_eus
[ 20%] Built target roscpp_generate_messages_nodejs
[ 20%] Built target roscpp_generate_messages_py
[35m[1mScanning dependencies of target actionlib_generate_messages_eus[0m
[ 20%] Built target actionlib_generate_messages_eus
[35m[1mScanning dependencies of target kr_mav_so3_control[0m
[ 40%] [32mBuilding CXX object CMakeFiles/kr_mav_so3_control.dir/src/SO3Control.cpp.o[0m
[ 60%] [32mBuilding CXX object CMakeFiles/kr_mav_so3_control.dir/src/so3_control_nodelet.cpp.o[0m
[ 80%] [32mBuilding CXX object CMakeFiles/kr_mav_so3_control.dir/src/so3_trpy_control.cpp.o[0m
[100%] [32m[1mLinking CXX shared library /home/rajendra/kr_ws/devel/.private/kr_mav_controllers/lib/libkr_mav_so3_control.so[0m
[100%] Built target kr_mav_so3_control
