Linked: (/home/rajendra/kr_ws/devel/.private/ouster_ros/share/roseus/ros/ouster_ros/manifest.l, /home/rajendra/kr_ws/devel/share/roseus/ros/ouster_ros/manifest.l)
Linked: (/home/rajendra/kr_ws/devel/.private/ouster_ros/share/roseus/ros/ouster_ros/msg/PacketMsg.l, /home/rajendra/kr_ws/devel/share/roseus/ros/ouster_ros/msg/PacketMsg.l)
Linked: (/home/rajendra/kr_ws/devel/.private/ouster_ros/share/roseus/ros/ouster_ros/srv/OS1ConfigSrv.l, /home/rajendra/kr_ws/devel/share/roseus/ros/ouster_ros/srv/OS1ConfigSrv.l)
Linked: (/home/rajendra/kr_ws/devel/.private/ouster_ros/share/gennodejs/ros/ouster_ros/_index.js, /home/rajendra/kr_ws/devel/share/gennodejs/ros/ouster_ros/_index.js)
Linked: (/home/rajendra/kr_ws/devel/.private/ouster_ros/share/gennodejs/ros/ouster_ros/msg/_index.js, /home/rajendra/kr_ws/devel/share/gennodejs/ros/ouster_ros/msg/_index.js)
Linked: (/home/rajendra/kr_ws/devel/.private/ouster_ros/share/gennodejs/ros/ouster_ros/msg/PacketMsg.js, /home/rajendra/kr_ws/devel/share/gennodejs/ros/ouster_ros/msg/PacketMsg.js)
Linked: (/home/rajendra/kr_ws/devel/.private/ouster_ros/share/gennodejs/ros/ouster_ros/srv/_index.js, /home/rajendra/kr_ws/devel/share/gennodejs/ros/ouster_ros/srv/_index.js)
Linked: (/home/rajendra/kr_ws/devel/.private/ouster_ros/share/gennodejs/ros/ouster_ros/srv/OS1ConfigSrv.js, /home/rajendra/kr_ws/devel/share/gennodejs/ros/ouster_ros/srv/OS1ConfigSrv.js)
Linked: (/home/rajendra/kr_ws/devel/.private/ouster_ros/share/common-lisp/ros/ouster_ros/msg/ouster_ros-msg.asd, /home/rajendra/kr_ws/devel/share/common-lisp/ros/ouster_ros/msg/ouster_ros-msg.asd)
Linked: (/home/rajendra/kr_ws/devel/.private/ouster_ros/share/common-lisp/ros/ouster_ros/msg/PacketMsg.lisp, /home/rajendra/kr_ws/devel/share/common-lisp/ros/ouster_ros/msg/PacketMsg.lisp)
Linked: (/home/rajendra/kr_ws/devel/.private/ouster_ros/share/common-lisp/ros/ouster_ros/msg/_package.lisp, /home/rajendra/kr_ws/devel/share/common-lisp/ros/ouster_ros/msg/_package.lisp)
Linked: (/home/rajendra/kr_ws/devel/.private/ouster_ros/share/common-lisp/ros/ouster_ros/msg/_package_PacketMsg.lisp, /home/rajendra/kr_ws/devel/share/common-lisp/ros/ouster_ros/msg/_package_PacketMsg.lisp)
Linked: (/home/rajendra/kr_ws/devel/.private/ouster_ros/share/common-lisp/ros/ouster_ros/srv/OS1ConfigSrv.lisp, /home/rajendra/kr_ws/devel/share/common-lisp/ros/ouster_ros/srv/OS1ConfigSrv.lisp)
Linked: (/home/rajendra/kr_ws/devel/.private/ouster_ros/share/common-lisp/ros/ouster_ros/srv/_package_OS1ConfigSrv.lisp, /home/rajendra/kr_ws/devel/share/common-lisp/ros/ouster_ros/srv/_package_OS1ConfigSrv.lisp)
Linked: (/home/rajendra/kr_ws/devel/.private/ouster_ros/share/common-lisp/ros/ouster_ros/srv/_package.lisp, /home/rajendra/kr_ws/devel/share/common-lisp/ros/ouster_ros/srv/_package.lisp)
Linked: (/home/rajendra/kr_ws/devel/.private/ouster_ros/share/common-lisp/ros/ouster_ros/srv/ouster_ros-srv.asd, /home/rajendra/kr_ws/devel/share/common-lisp/ros/ouster_ros/srv/ouster_ros-srv.asd)
Linked: (/home/rajendra/kr_ws/devel/.private/ouster_ros/share/ouster_ros/cmake/ouster_rosConfig.cmake, /home/rajendra/kr_ws/devel/share/ouster_ros/cmake/ouster_rosConfig.cmake)
Linked: (/home/rajendra/kr_ws/devel/.private/ouster_ros/share/ouster_ros/cmake/ouster_ros-msg-extras.cmake, /home/rajendra/kr_ws/devel/share/ouster_ros/cmake/ouster_ros-msg-extras.cmake)
Linked: (/home/rajendra/kr_ws/devel/.private/ouster_ros/share/ouster_ros/cmake/ouster_rosConfig-version.cmake, /home/rajendra/kr_ws/devel/share/ouster_ros/cmake/ouster_rosConfig-version.cmake)
Linked: (/home/rajendra/kr_ws/devel/.private/ouster_ros/share/ouster_ros/cmake/ouster_ros-msg-paths.cmake, /home/rajendra/kr_ws/devel/share/ouster_ros/cmake/ouster_ros-msg-paths.cmake)
Linked: (/home/rajendra/kr_ws/devel/.private/ouster_ros/include/ouster_ros/OS1ConfigSrv.h, /home/rajendra/kr_ws/devel/include/ouster_ros/OS1ConfigSrv.h)
Linked: (/home/rajendra/kr_ws/devel/.private/ouster_ros/include/ouster_ros/PacketMsg.h, /home/rajendra/kr_ws/devel/include/ouster_ros/PacketMsg.h)
Linked: (/home/rajendra/kr_ws/devel/.private/ouster_ros/include/ouster_ros/OS1ConfigSrvResponse.h, /home/rajendra/kr_ws/devel/include/ouster_ros/OS1ConfigSrvResponse.h)
Linked: (/home/rajendra/kr_ws/devel/.private/ouster_ros/include/ouster_ros/OS1ConfigSrvRequest.h, /home/rajendra/kr_ws/devel/include/ouster_ros/OS1ConfigSrvRequest.h)
Linked: (/home/rajendra/kr_ws/devel/.private/ouster_ros/lib/libouster_ros.a, /home/rajendra/kr_ws/devel/lib/libouster_ros.a)
Linked: (/home/rajendra/kr_ws/devel/.private/ouster_ros/lib/python3/dist-packages/ouster_ros/__init__.py, /home/rajendra/kr_ws/devel/lib/python3/dist-packages/ouster_ros/__init__.py)
Linked: (/home/rajendra/kr_ws/devel/.private/ouster_ros/lib/python3/dist-packages/ouster_ros/msg/__init__.py, /home/rajendra/kr_ws/devel/lib/python3/dist-packages/ouster_ros/msg/__init__.py)
Linked: (/home/rajendra/kr_ws/devel/.private/ouster_ros/lib/python3/dist-packages/ouster_ros/msg/_PacketMsg.py, /home/rajendra/kr_ws/devel/lib/python3/dist-packages/ouster_ros/msg/_PacketMsg.py)
Linked: (/home/rajendra/kr_ws/devel/.private/ouster_ros/lib/python3/dist-packages/ouster_ros/srv/__init__.py, /home/rajendra/kr_ws/devel/lib/python3/dist-packages/ouster_ros/srv/__init__.py)
Linked: (/home/rajendra/kr_ws/devel/.private/ouster_ros/lib/python3/dist-packages/ouster_ros/srv/_OS1ConfigSrv.py, /home/rajendra/kr_ws/devel/lib/python3/dist-packages/ouster_ros/srv/_OS1ConfigSrv.py)
Linked: (/home/rajendra/kr_ws/devel/.private/ouster_ros/lib/pkgconfig/ouster_ros.pc, /home/rajendra/kr_ws/devel/lib/pkgconfig/ouster_ros.pc)
Linked: (/home/rajendra/kr_ws/devel/.private/ouster_ros/lib/ouster_ros/os1_node, /home/rajendra/kr_ws/devel/lib/ouster_ros/os1_node)
Linked: (/home/rajendra/kr_ws/devel/.private/ouster_ros/lib/ouster_ros/os1_cloud_node, /home/rajendra/kr_ws/devel/lib/ouster_ros/os1_cloud_node)
Linked: (/home/rajendra/kr_ws/devel/.private/ouster_ros/lib/ouster_ros/img_node, /home/rajendra/kr_ws/devel/lib/ouster_ros/img_node)
Linked: (/home/rajendra/kr_ws/devel/.private/ouster_ros/lib/ouster_ros/viz_node, /home/rajendra/kr_ws/devel/lib/ouster_ros/viz_node)
Linked: (/home/rajendra/kr_ws/devel/.private/ouster_ros/lib/ouster_ros/pc2_test, /home/rajendra/kr_ws/devel/lib/ouster_ros/pc2_test)
