Symlinking /home/rajendra/kr_ws/devel/share/roseus/ros/ouster_ros/manifest.l
Symlinking /home/rajendra/kr_ws/devel/share/roseus/ros/ouster_ros/msg/PacketMsg.l
Symlinking /home/rajendra/kr_ws/devel/share/roseus/ros/ouster_ros/srv/OS1ConfigSrv.l
Symlinking /home/rajendra/kr_ws/devel/share/gennodejs/ros/ouster_ros/_index.js
Symlinking /home/rajendra/kr_ws/devel/share/gennodejs/ros/ouster_ros/msg/_index.js
Symlinking /home/rajendra/kr_ws/devel/share/gennodejs/ros/ouster_ros/msg/PacketMsg.js
Symlinking /home/rajendra/kr_ws/devel/share/gennodejs/ros/ouster_ros/srv/_index.js
Symlinking /home/rajendra/kr_ws/devel/share/gennodejs/ros/ouster_ros/srv/OS1ConfigSrv.js
Symlinking /home/rajendra/kr_ws/devel/share/common-lisp/ros/ouster_ros/msg/ouster_ros-msg.asd
Symlinking /home/rajendra/kr_ws/devel/share/common-lisp/ros/ouster_ros/msg/PacketMsg.lisp
Symlinking /home/rajendra/kr_ws/devel/share/common-lisp/ros/ouster_ros/msg/_package.lisp
Symlinking /home/rajendra/kr_ws/devel/share/common-lisp/ros/ouster_ros/msg/_package_PacketMsg.lisp
Symlinking /home/rajendra/kr_ws/devel/share/common-lisp/ros/ouster_ros/srv/OS1ConfigSrv.lisp
Symlinking /home/rajendra/kr_ws/devel/share/common-lisp/ros/ouster_ros/srv/_package_OS1ConfigSrv.lisp
Symlinking /home/rajendra/kr_ws/devel/share/common-lisp/ros/ouster_ros/srv/_package.lisp
Symlinking /home/rajendra/kr_ws/devel/share/common-lisp/ros/ouster_ros/srv/ouster_ros-srv.asd
Symlinking /home/rajendra/kr_ws/devel/share/ouster_ros/cmake/ouster_rosConfig.cmake
Symlinking /home/rajendra/kr_ws/devel/share/ouster_ros/cmake/ouster_ros-msg-extras.cmake
Symlinking /home/rajendra/kr_ws/devel/share/ouster_ros/cmake/ouster_rosConfig-version.cmake
Symlinking /home/rajendra/kr_ws/devel/share/ouster_ros/cmake/ouster_ros-msg-paths.cmake
Symlinking /home/rajendra/kr_ws/devel/include/ouster_ros/OS1ConfigSrv.h
Symlinking /home/rajendra/kr_ws/devel/include/ouster_ros/PacketMsg.h
Symlinking /home/rajendra/kr_ws/devel/include/ouster_ros/OS1ConfigSrvResponse.h
Symlinking /home/rajendra/kr_ws/devel/include/ouster_ros/OS1ConfigSrvRequest.h
Symlinking /home/rajendra/kr_ws/devel/lib/libouster_ros.a
Symlinking /home/rajendra/kr_ws/devel/lib/python3/dist-packages/ouster_ros/__init__.py
Symlinking /home/rajendra/kr_ws/devel/lib/python3/dist-packages/ouster_ros/msg/__init__.py
Symlinking /home/rajendra/kr_ws/devel/lib/python3/dist-packages/ouster_ros/msg/_PacketMsg.py
Symlinking /home/rajendra/kr_ws/devel/lib/python3/dist-packages/ouster_ros/srv/__init__.py
Symlinking /home/rajendra/kr_ws/devel/lib/python3/dist-packages/ouster_ros/srv/_OS1ConfigSrv.py
Symlinking /home/rajendra/kr_ws/devel/lib/pkgconfig/ouster_ros.pc
Symlinking /home/rajendra/kr_ws/devel/lib/ouster_ros/os1_node
Symlinking /home/rajendra/kr_ws/devel/lib/ouster_ros/os1_cloud_node
Symlinking /home/rajendra/kr_ws/devel/lib/ouster_ros/img_node
Symlinking /home/rajendra/kr_ws/devel/lib/ouster_ros/viz_node
Symlinking /home/rajendra/kr_ws/devel/lib/ouster_ros/pc2_test
