In file included from [01m[K/usr/include/boost/preprocessor/tuple/elem.hpp:23[m[K,
                 from [01m[K/usr/include/boost/preprocessor/arithmetic/add.hpp:21[m[K,
                 from [01m[K/usr/include/boost/mpl/aux_/preprocessor/def_params_tail.hpp:66[m[K,
                 from [01m[K/usr/include/boost/mpl/aux_/na_spec.hpp:28[m[K,
                 from [01m[K/usr/include/boost/mpl/next_prior.hpp:18[m[K,
                 from [01m[K/usr/include/boost/mpl/next.hpp:17[m[K,
                 from [01m[K/usr/include/boost/mpl/list/aux_/push_front.hpp:18[m[K,
                 from [01m[K/usr/include/boost/mpl/list/list0.hpp:19[m[K,
                 from [01m[K/usr/include/boost/mpl/list/list10.hpp:18[m[K,
                 from [01m[K/usr/include/boost/mpl/list/list20.hpp:18[m[K,
                 from [01m[K/usr/include/boost/mpl/list.hpp:36[m[K,
                 from [01m[K/usr/include/boost/math/policies/policy.hpp:9[m[K,
                 from [01m[K/usr/include/boost/math/policies/error_handling.hpp:21[m[K,
                 from [01m[K/usr/include/boost/math/special_functions/round.hpp:14[m[K,
                 from [01m[K/opt/ros/noetic/include/ros/time.h:58[m[K,
                 from [01m[K/opt/ros/noetic/include/ros/ros.h:38[m[K,
                 from [01m[K/opt/ros/noetic/include/pcl_conversions/pcl_conversions.h:42[m[K,
                 from [01m[K/home/rajendra/kr_ws/src/kr_autonomous_flight/ouster_example/ouster_ros/src/os1_ros.cpp:1[m[K:
[01m[K/home/rajendra/kr_ws/src/kr_autonomous_flight/ouster_example/ouster_ros/include/ouster_ros/point_os1.h:38:6:[m[K [01;35m[Kwarning: [m[K‘[01m[Kusing uint32_t = uint32_t[m[K’ is deprecated: use std::uint32_t instead of pcl::uint32_t [[01;35m[K-Wdeprecated-declarations[m[K]
   38 |     ([01;35m[Kuint32_t[m[K, t, t)
      |      [01;35m[K^~~~~~~~[m[K
In file included from [01m[K/usr/include/pcl-1.10/pcl/PCLPointField.h:10[m[K,
                 from [01m[K/usr/include/pcl-1.10/pcl/conversions.h:46[m[K,
                 from [01m[K/opt/ros/noetic/include/pcl_conversions/pcl_conversions.h:44[m[K,
                 from [01m[K/home/rajendra/kr_ws/src/kr_autonomous_flight/ouster_example/ouster_ros/src/os1_ros.cpp:1[m[K:
[01m[K/usr/include/pcl-1.10/pcl/pcl_macros.h:96:9:[m[K [01;36m[Knote: [m[Kdeclared here
   96 |   using [01;36m[Kuint32_t[m[K [[deprecated("use std::uint32_t instead of pcl::uint32_t")]] = std::uint32_t;
      |         [01;36m[K^~~~~~~~[m[K
In file included from [01m[K/usr/include/boost/preprocessor/tuple/elem.hpp:23[m[K,
                 from [01m[K/usr/include/boost/preprocessor/arithmetic/add.hpp:21[m[K,
                 from [01m[K/usr/include/boost/mpl/aux_/preprocessor/def_params_tail.hpp:66[m[K,
                 from [01m[K/usr/include/boost/mpl/aux_/na_spec.hpp:28[m[K,
                 from [01m[K/usr/include/boost/mpl/next_prior.hpp:18[m[K,
                 from [01m[K/usr/include/boost/mpl/next.hpp:17[m[K,
                 from [01m[K/usr/include/boost/mpl/list/aux_/push_front.hpp:18[m[K,
                 from [01m[K/usr/include/boost/mpl/list/list0.hpp:19[m[K,
                 from [01m[K/usr/include/boost/mpl/list/list10.hpp:18[m[K,
                 from [01m[K/usr/include/boost/mpl/list/list20.hpp:18[m[K,
                 from [01m[K/usr/include/boost/mpl/list.hpp:36[m[K,
                 from [01m[K/usr/include/boost/math/policies/policy.hpp:9[m[K,
                 from [01m[K/usr/include/boost/math/policies/error_handling.hpp:21[m[K,
                 from [01m[K/usr/include/boost/math/special_functions/round.hpp:14[m[K,
                 from [01m[K/opt/ros/noetic/include/ros/time.h:58[m[K,
                 from [01m[K/opt/ros/noetic/include/ros/ros.h:38[m[K,
                 from [01m[K/opt/ros/noetic/include/pcl_conversions/pcl_conversions.h:42[m[K,
                 from [01m[K/home/rajendra/kr_ws/src/kr_autonomous_flight/ouster_example/ouster_ros/src/os1_ros.cpp:1[m[K:
[01m[K/home/rajendra/kr_ws/src/kr_autonomous_flight/ouster_example/ouster_ros/include/ouster_ros/point_os1.h:39:6:[m[K [01;35m[Kwarning: [m[K‘[01m[Kusing uint16_t = uint16_t[m[K’ is deprecated: use std::uint16_t instead of pcl::uint16_t [[01;35m[K-Wdeprecated-declarations[m[K]
   39 |     ([01;35m[Kuint16_t[m[K, reflectivity, reflectivity)
      |      [01;35m[K^~~~~~~~[m[K
In file included from [01m[K/usr/include/pcl-1.10/pcl/PCLPointField.h:10[m[K,
                 from [01m[K/usr/include/pcl-1.10/pcl/conversions.h:46[m[K,
                 from [01m[K/opt/ros/noetic/include/pcl_conversions/pcl_conversions.h:44[m[K,
                 from [01m[K/home/rajendra/kr_ws/src/kr_autonomous_flight/ouster_example/ouster_ros/src/os1_ros.cpp:1[m[K:
[01m[K/usr/include/pcl-1.10/pcl/pcl_macros.h:94:9:[m[K [01;36m[Knote: [m[Kdeclared here
   94 |   using [01;36m[Kuint16_t[m[K [[deprecated("use std::uint16_t instead of pcl::uint16_t")]] = std::uint16_t;
      |         [01;36m[K^~~~~~~~[m[K
In file included from [01m[K/usr/include/boost/preprocessor/tuple/elem.hpp:23[m[K,
                 from [01m[K/usr/include/boost/preprocessor/arithmetic/add.hpp:21[m[K,
                 from [01m[K/usr/include/boost/mpl/aux_/preprocessor/def_params_tail.hpp:66[m[K,
                 from [01m[K/usr/include/boost/mpl/aux_/na_spec.hpp:28[m[K,
                 from [01m[K/usr/include/boost/mpl/next_prior.hpp:18[m[K,
                 from [01m[K/usr/include/boost/mpl/next.hpp:17[m[K,
                 from [01m[K/usr/include/boost/mpl/list/aux_/push_front.hpp:18[m[K,
                 from [01m[K/usr/include/boost/mpl/list/list0.hpp:19[m[K,
                 from [01m[K/usr/include/boost/mpl/list/list10.hpp:18[m[K,
                 from [01m[K/usr/include/boost/mpl/list/list20.hpp:18[m[K,
                 from [01m[K/usr/include/boost/mpl/list.hpp:36[m[K,
                 from [01m[K/usr/include/boost/math/policies/policy.hpp:9[m[K,
                 from [01m[K/usr/include/boost/math/policies/error_handling.hpp:21[m[K,
                 from [01m[K/usr/include/boost/math/special_functions/round.hpp:14[m[K,
                 from [01m[K/opt/ros/noetic/include/ros/time.h:58[m[K,
                 from [01m[K/opt/ros/noetic/include/ros/ros.h:38[m[K,
                 from [01m[K/opt/ros/noetic/include/pcl_conversions/pcl_conversions.h:42[m[K,
                 from [01m[K/home/rajendra/kr_ws/src/kr_autonomous_flight/ouster_example/ouster_ros/src/os1_ros.cpp:1[m[K:
[01m[K/home/rajendra/kr_ws/src/kr_autonomous_flight/ouster_example/ouster_ros/include/ouster_ros/point_os1.h:40:6:[m[K [01;35m[Kwarning: [m[K‘[01m[Kusing uint8_t = uint8_t[m[K’ is deprecated: use std::uint8_t instead of pcl::uint8_t [[01;35m[K-Wdeprecated-declarations[m[K]
   40 |     ([01;35m[Kuint8_t[m[K, ring, ring)
      |      [01;35m[K^~~~~~~[m[K
In file included from [01m[K/usr/include/pcl-1.10/pcl/PCLPointField.h:10[m[K,
                 from [01m[K/usr/include/pcl-1.10/pcl/conversions.h:46[m[K,
                 from [01m[K/opt/ros/noetic/include/pcl_conversions/pcl_conversions.h:44[m[K,
                 from [01m[K/home/rajendra/kr_ws/src/kr_autonomous_flight/ouster_example/ouster_ros/src/os1_ros.cpp:1[m[K:
[01m[K/usr/include/pcl-1.10/pcl/pcl_macros.h:92:9:[m[K [01;36m[Knote: [m[Kdeclared here
   92 |   using [01;36m[Kuint8_t[m[K [[deprecated("use std::uint8_t instead of pcl::uint8_t")]] = std::uint8_t;
      |         [01;36m[K^~~~~~~[m[K
In file included from [01m[K/usr/include/boost/preprocessor/tuple/elem.hpp:23[m[K,
                 from [01m[K/usr/include/boost/preprocessor/arithmetic/add.hpp:21[m[K,
                 from [01m[K/usr/include/boost/mpl/aux_/preprocessor/def_params_tail.hpp:66[m[K,
                 from [01m[K/usr/include/boost/mpl/aux_/na_spec.hpp:28[m[K,
                 from [01m[K/usr/include/boost/mpl/next_prior.hpp:18[m[K,
                 from [01m[K/usr/include/boost/mpl/next.hpp:17[m[K,
                 from [01m[K/usr/include/boost/mpl/list/aux_/push_front.hpp:18[m[K,
                 from [01m[K/usr/include/boost/mpl/list/list0.hpp:19[m[K,
                 from [01m[K/usr/include/boost/mpl/list/list10.hpp:18[m[K,
                 from [01m[K/usr/include/boost/mpl/list/list20.hpp:18[m[K,
                 from [01m[K/usr/include/boost/mpl/list.hpp:36[m[K,
                 from [01m[K/usr/include/boost/math/policies/policy.hpp:9[m[K,
                 from [01m[K/usr/include/boost/math/policies/error_handling.hpp:21[m[K,
                 from [01m[K/usr/include/boost/math/special_functions/round.hpp:14[m[K,
                 from [01m[K/opt/ros/noetic/include/ros/time.h:58[m[K,
                 from [01m[K/opt/ros/noetic/include/ros/ros.h:38[m[K,
                 from [01m[K/opt/ros/noetic/include/pcl_conversions/pcl_conversions.h:42[m[K,
                 from [01m[K/home/rajendra/kr_ws/src/kr_autonomous_flight/ouster_example/ouster_ros/src/os1_ros.cpp:1[m[K:
[01m[K/home/rajendra/kr_ws/src/kr_autonomous_flight/ouster_example/ouster_ros/include/ouster_ros/point_os1.h:41:6:[m[K [01;35m[Kwarning: [m[K‘[01m[Kusing uint16_t = uint16_t[m[K’ is deprecated: use std::uint16_t instead of pcl::uint16_t [[01;35m[K-Wdeprecated-declarations[m[K]
   41 |     ([01;35m[Kuint16_t[m[K, noise, noise)
      |      [01;35m[K^~~~~~~~[m[K
In file included from [01m[K/usr/include/pcl-1.10/pcl/PCLPointField.h:10[m[K,
                 from [01m[K/usr/include/pcl-1.10/pcl/conversions.h:46[m[K,
                 from [01m[K/opt/ros/noetic/include/pcl_conversions/pcl_conversions.h:44[m[K,
                 from [01m[K/home/rajendra/kr_ws/src/kr_autonomous_flight/ouster_example/ouster_ros/src/os1_ros.cpp:1[m[K:
[01m[K/usr/include/pcl-1.10/pcl/pcl_macros.h:94:9:[m[K [01;36m[Knote: [m[Kdeclared here
   94 |   using [01;36m[Kuint16_t[m[K [[deprecated("use std::uint16_t instead of pcl::uint16_t")]] = std::uint16_t;
      |         [01;36m[K^~~~~~~~[m[K
In file included from [01m[K/usr/include/boost/preprocessor/tuple/elem.hpp:23[m[K,
                 from [01m[K/usr/include/boost/preprocessor/arithmetic/add.hpp:21[m[K,
                 from [01m[K/usr/include/boost/mpl/aux_/preprocessor/def_params_tail.hpp:66[m[K,
                 from [01m[K/usr/include/boost/mpl/aux_/na_spec.hpp:28[m[K,
                 from [01m[K/usr/include/boost/mpl/next_prior.hpp:18[m[K,
                 from [01m[K/usr/include/boost/mpl/next.hpp:17[m[K,
                 from [01m[K/usr/include/boost/mpl/list/aux_/push_front.hpp:18[m[K,
                 from [01m[K/usr/include/boost/mpl/list/list0.hpp:19[m[K,
                 from [01m[K/usr/include/boost/mpl/list/list10.hpp:18[m[K,
                 from [01m[K/usr/include/boost/mpl/list/list20.hpp:18[m[K,
                 from [01m[K/usr/include/boost/mpl/list.hpp:36[m[K,
                 from [01m[K/usr/include/boost/math/policies/policy.hpp:9[m[K,
                 from [01m[K/usr/include/boost/math/policies/error_handling.hpp:21[m[K,
                 from [01m[K/usr/include/boost/math/special_functions/round.hpp:14[m[K,
                 from [01m[K/opt/ros/noetic/include/ros/time.h:58[m[K,
                 from [01m[K/opt/ros/noetic/include/ros/ros.h:38[m[K,
                 from [01m[K/opt/ros/noetic/include/pcl_conversions/pcl_conversions.h:42[m[K,
                 from [01m[K/home/rajendra/kr_ws/src/kr_autonomous_flight/ouster_example/ouster_ros/src/os1_ros.cpp:1[m[K:
[01m[K/home/rajendra/kr_ws/src/kr_autonomous_flight/ouster_example/ouster_ros/include/ouster_ros/point_os1.h:42:6:[m[K [01;35m[Kwarning: [m[K‘[01m[Kusing uint32_t = uint32_t[m[K’ is deprecated: use std::uint32_t instead of pcl::uint32_t [[01;35m[K-Wdeprecated-declarations[m[K]
   42 |     ([01;35m[Kuint32_t[m[K, range, range)
      |      [01;35m[K^~~~~~~~[m[K
In file included from [01m[K/usr/include/pcl-1.10/pcl/PCLPointField.h:10[m[K,
                 from [01m[K/usr/include/pcl-1.10/pcl/conversions.h:46[m[K,
                 from [01m[K/opt/ros/noetic/include/pcl_conversions/pcl_conversions.h:44[m[K,
                 from [01m[K/home/rajendra/kr_ws/src/kr_autonomous_flight/ouster_example/ouster_ros/src/os1_ros.cpp:1[m[K:
[01m[K/usr/include/pcl-1.10/pcl/pcl_macros.h:96:9:[m[K [01;36m[Knote: [m[Kdeclared here
   96 |   using [01;36m[Kuint32_t[m[K [[deprecated("use std::uint32_t instead of pcl::uint32_t")]] = std::uint32_t;
      |         [01;36m[K^~~~~~~~[m[K
In file included from [01m[K/usr/include/boost/preprocessor/tuple/elem.hpp:23[m[K,
                 from [01m[K/usr/include/boost/preprocessor/arithmetic/add.hpp:21[m[K,
                 from [01m[K/usr/include/boost/mpl/aux_/preprocessor/def_params_tail.hpp:66[m[K,
                 from [01m[K/usr/include/boost/mpl/aux_/na_spec.hpp:28[m[K,
                 from [01m[K/usr/include/boost/mpl/next_prior.hpp:18[m[K,
                 from [01m[K/usr/include/boost/mpl/next.hpp:17[m[K,
                 from [01m[K/usr/include/boost/mpl/list/aux_/push_front.hpp:18[m[K,
                 from [01m[K/usr/include/boost/mpl/list/list0.hpp:19[m[K,
                 from [01m[K/usr/include/boost/mpl/list/list10.hpp:18[m[K,
                 from [01m[K/usr/include/boost/mpl/list/list20.hpp:18[m[K,
                 from [01m[K/usr/include/boost/mpl/list.hpp:36[m[K,
                 from [01m[K/usr/include/boost/math/policies/policy.hpp:9[m[K,
                 from [01m[K/usr/include/boost/math/policies/error_handling.hpp:21[m[K,
                 from [01m[K/usr/include/boost/math/special_functions/round.hpp:14[m[K,
                 from [01m[K/opt/ros/noetic/include/ros/time.h:58[m[K,
                 from [01m[K/opt/ros/noetic/include/ros/ros.h:38[m[K,
                 from [01m[K/opt/ros/noetic/include/pcl_ros/point_cloud.h:4[m[K,
                 from [01m[K/home/rajendra/kr_ws/src/kr_autonomous_flight/ouster_example/ouster_ros/src/viz_node.cpp:8[m[K:
[01m[K/home/rajendra/kr_ws/src/kr_autonomous_flight/ouster_example/ouster_ros/include/ouster_ros/point_os1.h:38:6:[m[K [01;35m[Kwarning: [m[K‘[01m[Kusing uint32_t = uint32_t[m[K’ is deprecated: use std::uint32_t instead of pcl::uint32_t [[01;35m[K-Wdeprecated-declarations[m[K]
   38 |     ([01;35m[Kuint32_t[m[K, t, t)
      |      [01;35m[K^~~~~~~~[m[K
In file included from [01m[K/usr/include/pcl-1.10/pcl/PCLHeader.h:10[m[K,
                 from [01m[K/usr/include/pcl-1.10/pcl/point_cloud.h:47[m[K,
                 from [01m[K/opt/ros/noetic/include/pcl_ros/point_cloud.h:5[m[K,
                 from [01m[K/home/rajendra/kr_ws/src/kr_autonomous_flight/ouster_example/ouster_ros/src/viz_node.cpp:8[m[K:
[01m[K/usr/include/pcl-1.10/pcl/pcl_macros.h:96:9:[m[K [01;36m[Knote: [m[Kdeclared here
   96 |   using [01;36m[Kuint32_t[m[K [[deprecated("use std::uint32_t instead of pcl::uint32_t")]] = std::uint32_t;
      |         [01;36m[K^~~~~~~~[m[K
In file included from [01m[K/usr/include/boost/preprocessor/tuple/elem.hpp:23[m[K,
                 from [01m[K/usr/include/boost/preprocessor/arithmetic/add.hpp:21[m[K,
                 from [01m[K/usr/include/boost/mpl/aux_/preprocessor/def_params_tail.hpp:66[m[K,
                 from [01m[K/usr/include/boost/mpl/aux_/na_spec.hpp:28[m[K,
                 from [01m[K/usr/include/boost/mpl/next_prior.hpp:18[m[K,
                 from [01m[K/usr/include/boost/mpl/next.hpp:17[m[K,
                 from [01m[K/usr/include/boost/mpl/list/aux_/push_front.hpp:18[m[K,
                 from [01m[K/usr/include/boost/mpl/list/list0.hpp:19[m[K,
                 from [01m[K/usr/include/boost/mpl/list/list10.hpp:18[m[K,
                 from [01m[K/usr/include/boost/mpl/list/list20.hpp:18[m[K,
                 from [01m[K/usr/include/boost/mpl/list.hpp:36[m[K,
                 from [01m[K/usr/include/boost/math/policies/policy.hpp:9[m[K,
                 from [01m[K/usr/include/boost/math/policies/error_handling.hpp:21[m[K,
                 from [01m[K/usr/include/boost/math/special_functions/round.hpp:14[m[K,
                 from [01m[K/opt/ros/noetic/include/ros/time.h:58[m[K,
                 from [01m[K/opt/ros/noetic/include/ros/ros.h:38[m[K,
                 from [01m[K/opt/ros/noetic/include/pcl_ros/point_cloud.h:4[m[K,
                 from [01m[K/home/rajendra/kr_ws/src/kr_autonomous_flight/ouster_example/ouster_ros/src/viz_node.cpp:8[m[K:
[01m[K/home/rajendra/kr_ws/src/kr_autonomous_flight/ouster_example/ouster_ros/include/ouster_ros/point_os1.h:39:6:[m[K [01;35m[Kwarning: [m[K‘[01m[Kusing uint16_t = uint16_t[m[K’ is deprecated: use std::uint16_t instead of pcl::uint16_t [[01;35m[K-Wdeprecated-declarations[m[K]
   39 |     ([01;35m[Kuint16_t[m[K, reflectivity, reflectivity)
      |      [01;35m[K^~~~~~~~[m[K
In file included from [01m[K/usr/include/pcl-1.10/pcl/PCLHeader.h:10[m[K,
                 from [01m[K/usr/include/pcl-1.10/pcl/point_cloud.h:47[m[K,
                 from [01m[K/opt/ros/noetic/include/pcl_ros/point_cloud.h:5[m[K,
                 from [01m[K/home/rajendra/kr_ws/src/kr_autonomous_flight/ouster_example/ouster_ros/src/viz_node.cpp:8[m[K:
[01m[K/usr/include/pcl-1.10/pcl/pcl_macros.h:94:9:[m[K [01;36m[Knote: [m[Kdeclared here
   94 |   using [01;36m[Kuint16_t[m[K [[deprecated("use std::uint16_t instead of pcl::uint16_t")]] = std::uint16_t;
      |         [01;36m[K^~~~~~~~[m[K
In file included from [01m[K/usr/include/boost/preprocessor/tuple/elem.hpp:23[m[K,
                 from [01m[K/usr/include/boost/preprocessor/arithmetic/add.hpp:21[m[K,
                 from [01m[K/usr/include/boost/mpl/aux_/preprocessor/def_params_tail.hpp:66[m[K,
                 from [01m[K/usr/include/boost/mpl/aux_/na_spec.hpp:28[m[K,
                 from [01m[K/usr/include/boost/mpl/next_prior.hpp:18[m[K,
                 from [01m[K/usr/include/boost/mpl/next.hpp:17[m[K,
                 from [01m[K/usr/include/boost/mpl/list/aux_/push_front.hpp:18[m[K,
                 from [01m[K/usr/include/boost/mpl/list/list0.hpp:19[m[K,
                 from [01m[K/usr/include/boost/mpl/list/list10.hpp:18[m[K,
                 from [01m[K/usr/include/boost/mpl/list/list20.hpp:18[m[K,
                 from [01m[K/usr/include/boost/mpl/list.hpp:36[m[K,
                 from [01m[K/usr/include/boost/math/policies/policy.hpp:9[m[K,
                 from [01m[K/usr/include/boost/math/policies/error_handling.hpp:21[m[K,
                 from [01m[K/usr/include/boost/math/special_functions/round.hpp:14[m[K,
                 from [01m[K/opt/ros/noetic/include/ros/time.h:58[m[K,
                 from [01m[K/opt/ros/noetic/include/ros/ros.h:38[m[K,
                 from [01m[K/opt/ros/noetic/include/pcl_ros/point_cloud.h:4[m[K,
                 from [01m[K/home/rajendra/kr_ws/src/kr_autonomous_flight/ouster_example/ouster_ros/src/viz_node.cpp:8[m[K:
[01m[K/home/rajendra/kr_ws/src/kr_autonomous_flight/ouster_example/ouster_ros/include/ouster_ros/point_os1.h:40:6:[m[K [01;35m[Kwarning: [m[K‘[01m[Kusing uint8_t = uint8_t[m[K’ is deprecated: use std::uint8_t instead of pcl::uint8_t [[01;35m[K-Wdeprecated-declarations[m[K]
   40 |     ([01;35m[Kuint8_t[m[K, ring, ring)
      |      [01;35m[K^~~~~~~[m[K
In file included from [01m[K/usr/include/pcl-1.10/pcl/PCLHeader.h:10[m[K,
                 from [01m[K/usr/include/pcl-1.10/pcl/point_cloud.h:47[m[K,
                 from [01m[K/opt/ros/noetic/include/pcl_ros/point_cloud.h:5[m[K,
                 from [01m[K/home/rajendra/kr_ws/src/kr_autonomous_flight/ouster_example/ouster_ros/src/viz_node.cpp:8[m[K:
[01m[K/usr/include/pcl-1.10/pcl/pcl_macros.h:92:9:[m[K [01;36m[Knote: [m[Kdeclared here
   92 |   using [01;36m[Kuint8_t[m[K [[deprecated("use std::uint8_t instead of pcl::uint8_t")]] = std::uint8_t;
      |         [01;36m[K^~~~~~~[m[K
In file included from [01m[K/usr/include/boost/preprocessor/tuple/elem.hpp:23[m[K,
                 from [01m[K/usr/include/boost/preprocessor/arithmetic/add.hpp:21[m[K,
                 from [01m[K/usr/include/boost/mpl/aux_/preprocessor/def_params_tail.hpp:66[m[K,
                 from [01m[K/usr/include/boost/mpl/aux_/na_spec.hpp:28[m[K,
                 from [01m[K/usr/include/boost/mpl/next_prior.hpp:18[m[K,
                 from [01m[K/usr/include/boost/mpl/next.hpp:17[m[K,
                 from [01m[K/usr/include/boost/mpl/list/aux_/push_front.hpp:18[m[K,
                 from [01m[K/usr/include/boost/mpl/list/list0.hpp:19[m[K,
                 from [01m[K/usr/include/boost/mpl/list/list10.hpp:18[m[K,
                 from [01m[K/usr/include/boost/mpl/list/list20.hpp:18[m[K,
                 from [01m[K/usr/include/boost/mpl/list.hpp:36[m[K,
                 from [01m[K/usr/include/boost/math/policies/policy.hpp:9[m[K,
                 from [01m[K/usr/include/boost/math/policies/error_handling.hpp:21[m[K,
                 from [01m[K/usr/include/boost/math/special_functions/round.hpp:14[m[K,
                 from [01m[K/opt/ros/noetic/include/ros/time.h:58[m[K,
                 from [01m[K/opt/ros/noetic/include/ros/ros.h:38[m[K,
                 from [01m[K/opt/ros/noetic/include/pcl_ros/point_cloud.h:4[m[K,
                 from [01m[K/home/rajendra/kr_ws/src/kr_autonomous_flight/ouster_example/ouster_ros/src/viz_node.cpp:8[m[K:
[01m[K/home/rajendra/kr_ws/src/kr_autonomous_flight/ouster_example/ouster_ros/include/ouster_ros/point_os1.h:41:6:[m[K [01;35m[Kwarning: [m[K‘[01m[Kusing uint16_t = uint16_t[m[K’ is deprecated: use std::uint16_t instead of pcl::uint16_t [[01;35m[K-Wdeprecated-declarations[m[K]
   41 |     ([01;35m[Kuint16_t[m[K, noise, noise)
      |      [01;35m[K^~~~~~~~[m[K
In file included from [01m[K/usr/include/pcl-1.10/pcl/PCLHeader.h:10[m[K,
                 from [01m[K/usr/include/pcl-1.10/pcl/point_cloud.h:47[m[K,
                 from [01m[K/opt/ros/noetic/include/pcl_ros/point_cloud.h:5[m[K,
                 from [01m[K/home/rajendra/kr_ws/src/kr_autonomous_flight/ouster_example/ouster_ros/src/viz_node.cpp:8[m[K:
[01m[K/usr/include/pcl-1.10/pcl/pcl_macros.h:94:9:[m[K [01;36m[Knote: [m[Kdeclared here
   94 |   using [01;36m[Kuint16_t[m[K [[deprecated("use std::uint16_t instead of pcl::uint16_t")]] = std::uint16_t;
      |         [01;36m[K^~~~~~~~[m[K
In file included from [01m[K/usr/include/boost/preprocessor/tuple/elem.hpp:23[m[K,
                 from [01m[K/usr/include/boost/preprocessor/arithmetic/add.hpp:21[m[K,
                 from [01m[K/usr/include/boost/mpl/aux_/preprocessor/def_params_tail.hpp:66[m[K,
                 from [01m[K/usr/include/boost/mpl/aux_/na_spec.hpp:28[m[K,
                 from [01m[K/usr/include/boost/mpl/next_prior.hpp:18[m[K,
                 from [01m[K/usr/include/boost/mpl/next.hpp:17[m[K,
                 from [01m[K/usr/include/boost/mpl/list/aux_/push_front.hpp:18[m[K,
                 from [01m[K/usr/include/boost/mpl/list/list0.hpp:19[m[K,
                 from [01m[K/usr/include/boost/mpl/list/list10.hpp:18[m[K,
                 from [01m[K/usr/include/boost/mpl/list/list20.hpp:18[m[K,
                 from [01m[K/usr/include/boost/mpl/list.hpp:36[m[K,
                 from [01m[K/usr/include/boost/math/policies/policy.hpp:9[m[K,
                 from [01m[K/usr/include/boost/math/policies/error_handling.hpp:21[m[K,
                 from [01m[K/usr/include/boost/math/special_functions/round.hpp:14[m[K,
                 from [01m[K/opt/ros/noetic/include/ros/time.h:58[m[K,
                 from [01m[K/opt/ros/noetic/include/ros/ros.h:38[m[K,
                 from [01m[K/opt/ros/noetic/include/pcl_ros/point_cloud.h:4[m[K,
                 from [01m[K/home/rajendra/kr_ws/src/kr_autonomous_flight/ouster_example/ouster_ros/src/viz_node.cpp:8[m[K:
[01m[K/home/rajendra/kr_ws/src/kr_autonomous_flight/ouster_example/ouster_ros/include/ouster_ros/point_os1.h:42:6:[m[K [01;35m[Kwarning: [m[K‘[01m[Kusing uint32_t = uint32_t[m[K’ is deprecated: use std::uint32_t instead of pcl::uint32_t [[01;35m[K-Wdeprecated-declarations[m[K]
   42 |     ([01;35m[Kuint32_t[m[K, range, range)
      |      [01;35m[K^~~~~~~~[m[K
In file included from [01m[K/usr/include/pcl-1.10/pcl/PCLHeader.h:10[m[K,
                 from [01m[K/usr/include/pcl-1.10/pcl/point_cloud.h:47[m[K,
                 from [01m[K/opt/ros/noetic/include/pcl_ros/point_cloud.h:5[m[K,
                 from [01m[K/home/rajendra/kr_ws/src/kr_autonomous_flight/ouster_example/ouster_ros/src/viz_node.cpp:8[m[K:
[01m[K/usr/include/pcl-1.10/pcl/pcl_macros.h:96:9:[m[K [01;36m[Knote: [m[Kdeclared here
   96 |   using [01;36m[Kuint32_t[m[K [[deprecated("use std::uint32_t instead of pcl::uint32_t")]] = std::uint32_t;
      |         [01;36m[K^~~~~~~~[m[K
In file included from [01m[K/usr/include/boost/preprocessor/tuple/elem.hpp:23[m[K,
                 from [01m[K/usr/include/boost/preprocessor/arithmetic/add.hpp:21[m[K,
                 from [01m[K/usr/include/boost/mpl/aux_/preprocessor/def_params_tail.hpp:66[m[K,
                 from [01m[K/usr/include/boost/mpl/aux_/na_spec.hpp:28[m[K,
                 from [01m[K/usr/include/boost/mpl/next_prior.hpp:18[m[K,
                 from [01m[K/usr/include/boost/mpl/next.hpp:17[m[K,
                 from [01m[K/usr/include/boost/mpl/list/aux_/push_front.hpp:18[m[K,
                 from [01m[K/usr/include/boost/mpl/list/list0.hpp:19[m[K,
                 from [01m[K/usr/include/boost/mpl/list/list10.hpp:18[m[K,
                 from [01m[K/usr/include/boost/mpl/list/list20.hpp:18[m[K,
                 from [01m[K/usr/include/boost/mpl/list.hpp:36[m[K,
                 from [01m[K/usr/include/boost/math/policies/policy.hpp:9[m[K,
                 from [01m[K/usr/include/boost/math/policies/error_handling.hpp:21[m[K,
                 from [01m[K/usr/include/boost/math/special_functions/round.hpp:14[m[K,
                 from [01m[K/opt/ros/noetic/include/ros/time.h:58[m[K,
                 from [01m[K/opt/ros/noetic/include/ros/console.h:39[m[K,
                 from [01m[K/home/rajendra/kr_ws/src/kr_autonomous_flight/ouster_example/ouster_ros/src/os1_node.cpp:12[m[K:
[01m[K/home/rajendra/kr_ws/src/kr_autonomous_flight/ouster_example/ouster_ros/include/ouster_ros/point_os1.h:38:6:[m[K [01;35m[Kwarning: [m[K‘[01m[Kusing uint32_t = uint32_t[m[K’ is deprecated: use std::uint32_t instead of pcl::uint32_t [[01;35m[K-Wdeprecated-declarations[m[K]
   38 |     ([01;35m[Kuint32_t[m[K, t, t)
      |      [01;35m[K^~~~~~~~[m[K
In file included from [01m[K/usr/include/pcl-1.10/pcl/PCLHeader.h:10[m[K,
                 from [01m[K/usr/include/pcl-1.10/pcl/point_cloud.h:47[m[K,
                 from [01m[K/home/rajendra/kr_ws/src/kr_autonomous_flight/ouster_example/ouster_ros/include/ouster_ros/os1_ros.h:9[m[K,
                 from [01m[K/home/rajendra/kr_ws/src/kr_autonomous_flight/ouster_example/ouster_ros/src/os1_node.cpp:22[m[K:
[01m[K/usr/include/pcl-1.10/pcl/pcl_macros.h:96:9:[m[K [01;36m[Knote: [m[Kdeclared here
   96 |   using [01;36m[Kuint32_t[m[K [[deprecated("use std::uint32_t instead of pcl::uint32_t")]] = std::uint32_t;
      |         [01;36m[K^~~~~~~~[m[K
In file included from [01m[K/usr/include/boost/preprocessor/tuple/elem.hpp:23[m[K,
                 from [01m[K/usr/include/boost/preprocessor/arithmetic/add.hpp:21[m[K,
                 from [01m[K/usr/include/boost/mpl/aux_/preprocessor/def_params_tail.hpp:66[m[K,
                 from [01m[K/usr/include/boost/mpl/aux_/na_spec.hpp:28[m[K,
                 from [01m[K/usr/include/boost/mpl/next_prior.hpp:18[m[K,
                 from [01m[K/usr/include/boost/mpl/next.hpp:17[m[K,
                 from [01m[K/usr/include/boost/mpl/list/aux_/push_front.hpp:18[m[K,
                 from [01m[K/usr/include/boost/mpl/list/list0.hpp:19[m[K,
                 from [01m[K/usr/include/boost/mpl/list/list10.hpp:18[m[K,
                 from [01m[K/usr/include/boost/mpl/list/list20.hpp:18[m[K,
                 from [01m[K/usr/include/boost/mpl/list.hpp:36[m[K,
                 from [01m[K/usr/include/boost/math/policies/policy.hpp:9[m[K,
                 from [01m[K/usr/include/boost/math/policies/error_handling.hpp:21[m[K,
                 from [01m[K/usr/include/boost/math/special_functions/round.hpp:14[m[K,
                 from [01m[K/opt/ros/noetic/include/ros/time.h:58[m[K,
                 from [01m[K/opt/ros/noetic/include/ros/console.h:39[m[K,
                 from [01m[K/home/rajendra/kr_ws/src/kr_autonomous_flight/ouster_example/ouster_ros/src/os1_node.cpp:12[m[K:
[01m[K/home/rajendra/kr_ws/src/kr_autonomous_flight/ouster_example/ouster_ros/include/ouster_ros/point_os1.h:39:6:[m[K [01;35m[Kwarning: [m[K‘[01m[Kusing uint16_t = uint16_t[m[K’ is deprecated: use std::uint16_t instead of pcl::uint16_t [[01;35m[K-Wdeprecated-declarations[m[K]
   39 |     ([01;35m[Kuint16_t[m[K, reflectivity, reflectivity)
      |      [01;35m[K^~~~~~~~[m[K
In file included from [01m[K/usr/include/pcl-1.10/pcl/PCLHeader.h:10[m[K,
                 from [01m[K/usr/include/pcl-1.10/pcl/point_cloud.h:47[m[K,
                 from [01m[K/home/rajendra/kr_ws/src/kr_autonomous_flight/ouster_example/ouster_ros/include/ouster_ros/os1_ros.h:9[m[K,
                 from [01m[K/home/rajendra/kr_ws/src/kr_autonomous_flight/ouster_example/ouster_ros/src/os1_node.cpp:22[m[K:
[01m[K/usr/include/pcl-1.10/pcl/pcl_macros.h:94:9:[m[K [01;36m[Knote: [m[Kdeclared here
   94 |   using [01;36m[Kuint16_t[m[K [[deprecated("use std::uint16_t instead of pcl::uint16_t")]] = std::uint16_t;
      |         [01;36m[K^~~~~~~~[m[K
In file included from [01m[K/usr/include/boost/preprocessor/tuple/elem.hpp:23[m[K,
                 from [01m[K/usr/include/boost/preprocessor/arithmetic/add.hpp:21[m[K,
                 from [01m[K/usr/include/boost/mpl/aux_/preprocessor/def_params_tail.hpp:66[m[K,
                 from [01m[K/usr/include/boost/mpl/aux_/na_spec.hpp:28[m[K,
                 from [01m[K/usr/include/boost/mpl/next_prior.hpp:18[m[K,
                 from [01m[K/usr/include/boost/mpl/next.hpp:17[m[K,
                 from [01m[K/usr/include/boost/mpl/list/aux_/push_front.hpp:18[m[K,
                 from [01m[K/usr/include/boost/mpl/list/list0.hpp:19[m[K,
                 from [01m[K/usr/include/boost/mpl/list/list10.hpp:18[m[K,
                 from [01m[K/usr/include/boost/mpl/list/list20.hpp:18[m[K,
                 from [01m[K/usr/include/boost/mpl/list.hpp:36[m[K,
                 from [01m[K/usr/include/boost/math/policies/policy.hpp:9[m[K,
                 from [01m[K/usr/include/boost/math/policies/error_handling.hpp:21[m[K,
                 from [01m[K/usr/include/boost/math/special_functions/round.hpp:14[m[K,
                 from [01m[K/opt/ros/noetic/include/ros/time.h:58[m[K,
                 from [01m[K/opt/ros/noetic/include/ros/console.h:39[m[K,
                 from [01m[K/home/rajendra/kr_ws/src/kr_autonomous_flight/ouster_example/ouster_ros/src/os1_node.cpp:12[m[K:
[01m[K/home/rajendra/kr_ws/src/kr_autonomous_flight/ouster_example/ouster_ros/include/ouster_ros/point_os1.h:40:6:[m[K [01;35m[Kwarning: [m[K‘[01m[Kusing uint8_t = uint8_t[m[K’ is deprecated: use std::uint8_t instead of pcl::uint8_t [[01;35m[K-Wdeprecated-declarations[m[K]
   40 |     ([01;35m[Kuint8_t[m[K, ring, ring)
      |      [01;35m[K^~~~~~~[m[K
In file included from [01m[K/usr/include/pcl-1.10/pcl/PCLHeader.h:10[m[K,
                 from [01m[K/usr/include/pcl-1.10/pcl/point_cloud.h:47[m[K,
                 from [01m[K/home/rajendra/kr_ws/src/kr_autonomous_flight/ouster_example/ouster_ros/include/ouster_ros/os1_ros.h:9[m[K,
                 from [01m[K/home/rajendra/kr_ws/src/kr_autonomous_flight/ouster_example/ouster_ros/src/os1_node.cpp:22[m[K:
[01m[K/usr/include/pcl-1.10/pcl/pcl_macros.h:92:9:[m[K [01;36m[Knote: [m[Kdeclared here
   92 |   using [01;36m[Kuint8_t[m[K [[deprecated("use std::uint8_t instead of pcl::uint8_t")]] = std::uint8_t;
      |         [01;36m[K^~~~~~~[m[K
In file included from [01m[K/usr/include/boost/preprocessor/tuple/elem.hpp:23[m[K,
                 from [01m[K/usr/include/boost/preprocessor/arithmetic/add.hpp:21[m[K,
                 from [01m[K/usr/include/boost/mpl/aux_/preprocessor/def_params_tail.hpp:66[m[K,
                 from [01m[K/usr/include/boost/mpl/aux_/na_spec.hpp:28[m[K,
                 from [01m[K/usr/include/boost/mpl/next_prior.hpp:18[m[K,
                 from [01m[K/usr/include/boost/mpl/next.hpp:17[m[K,
                 from [01m[K/usr/include/boost/mpl/list/aux_/push_front.hpp:18[m[K,
                 from [01m[K/usr/include/boost/mpl/list/list0.hpp:19[m[K,
                 from [01m[K/usr/include/boost/mpl/list/list10.hpp:18[m[K,
                 from [01m[K/usr/include/boost/mpl/list/list20.hpp:18[m[K,
                 from [01m[K/usr/include/boost/mpl/list.hpp:36[m[K,
                 from [01m[K/usr/include/boost/math/policies/policy.hpp:9[m[K,
                 from [01m[K/usr/include/boost/math/policies/error_handling.hpp:21[m[K,
                 from [01m[K/usr/include/boost/math/special_functions/round.hpp:14[m[K,
                 from [01m[K/opt/ros/noetic/include/ros/time.h:58[m[K,
                 from [01m[K/opt/ros/noetic/include/ros/console.h:39[m[K,
                 from [01m[K/home/rajendra/kr_ws/src/kr_autonomous_flight/ouster_example/ouster_ros/src/os1_node.cpp:12[m[K:
[01m[K/home/rajendra/kr_ws/src/kr_autonomous_flight/ouster_example/ouster_ros/include/ouster_ros/point_os1.h:41:6:[m[K [01;35m[Kwarning: [m[K‘[01m[Kusing uint16_t = uint16_t[m[K’ is deprecated: use std::uint16_t instead of pcl::uint16_t [[01;35m[K-Wdeprecated-declarations[m[K]
   41 |     ([01;35m[Kuint16_t[m[K, noise, noise)
      |      [01;35m[K^~~~~~~~[m[K
In file included from [01m[K/usr/include/pcl-1.10/pcl/PCLHeader.h:10[m[K,
                 from [01m[K/usr/include/pcl-1.10/pcl/point_cloud.h:47[m[K,
                 from [01m[K/home/rajendra/kr_ws/src/kr_autonomous_flight/ouster_example/ouster_ros/include/ouster_ros/os1_ros.h:9[m[K,
                 from [01m[K/home/rajendra/kr_ws/src/kr_autonomous_flight/ouster_example/ouster_ros/src/os1_node.cpp:22[m[K:
[01m[K/usr/include/pcl-1.10/pcl/pcl_macros.h:94:9:[m[K [01;36m[Knote: [m[Kdeclared here
   94 |   using [01;36m[Kuint16_t[m[K [[deprecated("use std::uint16_t instead of pcl::uint16_t")]] = std::uint16_t;
      |         [01;36m[K^~~~~~~~[m[K
In file included from [01m[K/usr/include/boost/preprocessor/tuple/elem.hpp:23[m[K,
                 from [01m[K/usr/include/boost/preprocessor/arithmetic/add.hpp:21[m[K,
                 from [01m[K/usr/include/boost/mpl/aux_/preprocessor/def_params_tail.hpp:66[m[K,
                 from [01m[K/usr/include/boost/mpl/aux_/na_spec.hpp:28[m[K,
                 from [01m[K/usr/include/boost/mpl/next_prior.hpp:18[m[K,
                 from [01m[K/usr/include/boost/mpl/next.hpp:17[m[K,
                 from [01m[K/usr/include/boost/mpl/list/aux_/push_front.hpp:18[m[K,
                 from [01m[K/usr/include/boost/mpl/list/list0.hpp:19[m[K,
                 from [01m[K/usr/include/boost/mpl/list/list10.hpp:18[m[K,
                 from [01m[K/usr/include/boost/mpl/list/list20.hpp:18[m[K,
                 from [01m[K/usr/include/boost/mpl/list.hpp:36[m[K,
                 from [01m[K/usr/include/boost/math/policies/policy.hpp:9[m[K,
                 from [01m[K/usr/include/boost/math/policies/error_handling.hpp:21[m[K,
                 from [01m[K/usr/include/boost/math/special_functions/round.hpp:14[m[K,
                 from [01m[K/opt/ros/noetic/include/ros/time.h:58[m[K,
                 from [01m[K/opt/ros/noetic/include/ros/console.h:39[m[K,
                 from [01m[K/home/rajendra/kr_ws/src/kr_autonomous_flight/ouster_example/ouster_ros/src/os1_node.cpp:12[m[K:
[01m[K/home/rajendra/kr_ws/src/kr_autonomous_flight/ouster_example/ouster_ros/include/ouster_ros/point_os1.h:42:6:[m[K [01;35m[Kwarning: [m[K‘[01m[Kusing uint32_t = uint32_t[m[K’ is deprecated: use std::uint32_t instead of pcl::uint32_t [[01;35m[K-Wdeprecated-declarations[m[K]
   42 |     ([01;35m[Kuint32_t[m[K, range, range)
      |      [01;35m[K^~~~~~~~[m[K
In file included from [01m[K/usr/include/pcl-1.10/pcl/PCLHeader.h:10[m[K,
                 from [01m[K/usr/include/pcl-1.10/pcl/point_cloud.h:47[m[K,
                 from [01m[K/home/rajendra/kr_ws/src/kr_autonomous_flight/ouster_example/ouster_ros/include/ouster_ros/os1_ros.h:9[m[K,
                 from [01m[K/home/rajendra/kr_ws/src/kr_autonomous_flight/ouster_example/ouster_ros/src/os1_node.cpp:22[m[K:
[01m[K/usr/include/pcl-1.10/pcl/pcl_macros.h:96:9:[m[K [01;36m[Knote: [m[Kdeclared here
   96 |   using [01;36m[Kuint32_t[m[K [[deprecated("use std::uint32_t instead of pcl::uint32_t")]] = std::uint32_t;
      |         [01;36m[K^~~~~~~~[m[K
In file included from [01m[K/usr/include/boost/preprocessor/tuple/elem.hpp:23[m[K,
                 from [01m[K/usr/include/boost/preprocessor/arithmetic/add.hpp:21[m[K,
                 from [01m[K/usr/include/boost/mpl/aux_/preprocessor/def_params_tail.hpp:66[m[K,
                 from [01m[K/usr/include/boost/mpl/aux_/na_spec.hpp:28[m[K,
                 from [01m[K/usr/include/boost/mpl/not.hpp:20[m[K,
                 from [01m[K/usr/include/boost/mpl/assert.hpp:17[m[K,
                 from [01m[K/usr/include/pcl-1.10/pcl/point_traits.h:48[m[K,
                 from [01m[K/usr/include/pcl-1.10/pcl/point_cloud.h:50[m[K,
                 from [01m[K/usr/include/pcl-1.10/pcl/conversions.h:49[m[K,
                 from [01m[K/home/rajendra/kr_ws/src/kr_autonomous_flight/ouster_example/ouster_ros/src/img_node.cpp:17[m[K:
[01m[K/home/rajendra/kr_ws/src/kr_autonomous_flight/ouster_example/ouster_ros/include/ouster_ros/point_os1.h:38:6:[m[K [01;35m[Kwarning: [m[K‘[01m[Kusing uint32_t = uint32_t[m[K’ is deprecated: use std::uint32_t instead of pcl::uint32_t [[01;35m[K-Wdeprecated-declarations[m[K]
   38 |     ([01;35m[Kuint32_t[m[K, t, t)
      |      [01;35m[K^~~~~~~~[m[K
In file included from [01m[K/usr/include/pcl-1.10/pcl/PCLPointField.h:10[m[K,
                 from [01m[K/usr/include/pcl-1.10/pcl/conversions.h:46[m[K,
                 from [01m[K/home/rajendra/kr_ws/src/kr_autonomous_flight/ouster_example/ouster_ros/src/img_node.cpp:17[m[K:
[01m[K/usr/include/pcl-1.10/pcl/pcl_macros.h:96:9:[m[K [01;36m[Knote: [m[Kdeclared here
   96 |   using [01;36m[Kuint32_t[m[K [[deprecated("use std::uint32_t instead of pcl::uint32_t")]] = std::uint32_t;
      |         [01;36m[K^~~~~~~~[m[K
In file included from [01m[K/usr/include/boost/preprocessor/tuple/elem.hpp:23[m[K,
                 from [01m[K/usr/include/boost/preprocessor/arithmetic/add.hpp:21[m[K,
                 from [01m[K/usr/include/boost/mpl/aux_/preprocessor/def_params_tail.hpp:66[m[K,
                 from [01m[K/usr/include/boost/mpl/aux_/na_spec.hpp:28[m[K,
                 from [01m[K/usr/include/boost/mpl/not.hpp:20[m[K,
                 from [01m[K/usr/include/boost/mpl/assert.hpp:17[m[K,
                 from [01m[K/usr/include/pcl-1.10/pcl/point_traits.h:48[m[K,
                 from [01m[K/usr/include/pcl-1.10/pcl/point_cloud.h:50[m[K,
                 from [01m[K/usr/include/pcl-1.10/pcl/conversions.h:49[m[K,
                 from [01m[K/home/rajendra/kr_ws/src/kr_autonomous_flight/ouster_example/ouster_ros/src/img_node.cpp:17[m[K:
[01m[K/home/rajendra/kr_ws/src/kr_autonomous_flight/ouster_example/ouster_ros/include/ouster_ros/point_os1.h:39:6:[m[K [01;35m[Kwarning: [m[K‘[01m[Kusing uint16_t = uint16_t[m[K’ is deprecated: use std::uint16_t instead of pcl::uint16_t [[01;35m[K-Wdeprecated-declarations[m[K]
   39 |     ([01;35m[Kuint16_t[m[K, reflectivity, reflectivity)
      |      [01;35m[K^~~~~~~~[m[K
In file included from [01m[K/usr/include/pcl-1.10/pcl/PCLPointField.h:10[m[K,
                 from [01m[K/usr/include/pcl-1.10/pcl/conversions.h:46[m[K,
                 from [01m[K/home/rajendra/kr_ws/src/kr_autonomous_flight/ouster_example/ouster_ros/src/img_node.cpp:17[m[K:
[01m[K/usr/include/pcl-1.10/pcl/pcl_macros.h:94:9:[m[K [01;36m[Knote: [m[Kdeclared here
   94 |   using [01;36m[Kuint16_t[m[K [[deprecated("use std::uint16_t instead of pcl::uint16_t")]] = std::uint16_t;
      |         [01;36m[K^~~~~~~~[m[K
In file included from [01m[K/usr/include/boost/preprocessor/tuple/elem.hpp:23[m[K,
                 from [01m[K/usr/include/boost/preprocessor/arithmetic/add.hpp:21[m[K,
                 from [01m[K/usr/include/boost/mpl/aux_/preprocessor/def_params_tail.hpp:66[m[K,
                 from [01m[K/usr/include/boost/mpl/aux_/na_spec.hpp:28[m[K,
                 from [01m[K/usr/include/boost/mpl/not.hpp:20[m[K,
                 from [01m[K/usr/include/boost/mpl/assert.hpp:17[m[K,
                 from [01m[K/usr/include/pcl-1.10/pcl/point_traits.h:48[m[K,
                 from [01m[K/usr/include/pcl-1.10/pcl/point_cloud.h:50[m[K,
                 from [01m[K/usr/include/pcl-1.10/pcl/conversions.h:49[m[K,
                 from [01m[K/home/rajendra/kr_ws/src/kr_autonomous_flight/ouster_example/ouster_ros/src/img_node.cpp:17[m[K:
[01m[K/home/rajendra/kr_ws/src/kr_autonomous_flight/ouster_example/ouster_ros/include/ouster_ros/point_os1.h:40:6:[m[K [01;35m[Kwarning: [m[K‘[01m[Kusing uint8_t = uint8_t[m[K’ is deprecated: use std::uint8_t instead of pcl::uint8_t [[01;35m[K-Wdeprecated-declarations[m[K]
   40 |     ([01;35m[Kuint8_t[m[K, ring, ring)
      |      [01;35m[K^~~~~~~[m[K
In file included from [01m[K/usr/include/pcl-1.10/pcl/PCLPointField.h:10[m[K,
                 from [01m[K/usr/include/pcl-1.10/pcl/conversions.h:46[m[K,
                 from [01m[K/home/rajendra/kr_ws/src/kr_autonomous_flight/ouster_example/ouster_ros/src/img_node.cpp:17[m[K:
[01m[K/usr/include/pcl-1.10/pcl/pcl_macros.h:92:9:[m[K [01;36m[Knote: [m[Kdeclared here
   92 |   using [01;36m[Kuint8_t[m[K [[deprecated("use std::uint8_t instead of pcl::uint8_t")]] = std::uint8_t;
      |         [01;36m[K^~~~~~~[m[K
In file included from [01m[K/usr/include/boost/preprocessor/tuple/elem.hpp:23[m[K,
                 from [01m[K/usr/include/boost/preprocessor/arithmetic/add.hpp:21[m[K,
                 from [01m[K/usr/include/boost/mpl/aux_/preprocessor/def_params_tail.hpp:66[m[K,
                 from [01m[K/usr/include/boost/mpl/aux_/na_spec.hpp:28[m[K,
                 from [01m[K/usr/include/boost/mpl/not.hpp:20[m[K,
                 from [01m[K/usr/include/boost/mpl/assert.hpp:17[m[K,
                 from [01m[K/usr/include/pcl-1.10/pcl/point_traits.h:48[m[K,
                 from [01m[K/usr/include/pcl-1.10/pcl/point_cloud.h:50[m[K,
                 from [01m[K/usr/include/pcl-1.10/pcl/conversions.h:49[m[K,
                 from [01m[K/home/rajendra/kr_ws/src/kr_autonomous_flight/ouster_example/ouster_ros/src/img_node.cpp:17[m[K:
[01m[K/home/rajendra/kr_ws/src/kr_autonomous_flight/ouster_example/ouster_ros/include/ouster_ros/point_os1.h:41:6:[m[K [01;35m[Kwarning: [m[K‘[01m[Kusing uint16_t = uint16_t[m[K’ is deprecated: use std::uint16_t instead of pcl::uint16_t [[01;35m[K-Wdeprecated-declarations[m[K]
   41 |     ([01;35m[Kuint16_t[m[K, noise, noise)
      |      [01;35m[K^~~~~~~~[m[K
In file included from [01m[K/usr/include/pcl-1.10/pcl/PCLPointField.h:10[m[K,
                 from [01m[K/usr/include/pcl-1.10/pcl/conversions.h:46[m[K,
                 from [01m[K/home/rajendra/kr_ws/src/kr_autonomous_flight/ouster_example/ouster_ros/src/img_node.cpp:17[m[K:
[01m[K/usr/include/pcl-1.10/pcl/pcl_macros.h:94:9:[m[K [01;36m[Knote: [m[Kdeclared here
   94 |   using [01;36m[Kuint16_t[m[K [[deprecated("use std::uint16_t instead of pcl::uint16_t")]] = std::uint16_t;
      |         [01;36m[K^~~~~~~~[m[K
In file included from [01m[K/usr/include/boost/preprocessor/tuple/elem.hpp:23[m[K,
                 from [01m[K/usr/include/boost/preprocessor/arithmetic/add.hpp:21[m[K,
                 from [01m[K/usr/include/boost/mpl/aux_/preprocessor/def_params_tail.hpp:66[m[K,
                 from [01m[K/usr/include/boost/mpl/aux_/na_spec.hpp:28[m[K,
                 from [01m[K/usr/include/boost/mpl/not.hpp:20[m[K,
                 from [01m[K/usr/include/boost/mpl/assert.hpp:17[m[K,
                 from [01m[K/usr/include/pcl-1.10/pcl/point_traits.h:48[m[K,
                 from [01m[K/usr/include/pcl-1.10/pcl/point_cloud.h:50[m[K,
                 from [01m[K/usr/include/pcl-1.10/pcl/conversions.h:49[m[K,
                 from [01m[K/home/rajendra/kr_ws/src/kr_autonomous_flight/ouster_example/ouster_ros/src/img_node.cpp:17[m[K:
[01m[K/home/rajendra/kr_ws/src/kr_autonomous_flight/ouster_example/ouster_ros/include/ouster_ros/point_os1.h:42:6:[m[K [01;35m[Kwarning: [m[K‘[01m[Kusing uint32_t = uint32_t[m[K’ is deprecated: use std::uint32_t instead of pcl::uint32_t [[01;35m[K-Wdeprecated-declarations[m[K]
   42 |     ([01;35m[Kuint32_t[m[K, range, range)
      |      [01;35m[K^~~~~~~~[m[K
In file included from [01m[K/usr/include/pcl-1.10/pcl/PCLPointField.h:10[m[K,
                 from [01m[K/usr/include/pcl-1.10/pcl/conversions.h:46[m[K,
                 from [01m[K/home/rajendra/kr_ws/src/kr_autonomous_flight/ouster_example/ouster_ros/src/img_node.cpp:17[m[K:
[01m[K/usr/include/pcl-1.10/pcl/pcl_macros.h:96:9:[m[K [01;36m[Knote: [m[Kdeclared here
   96 |   using [01;36m[Kuint32_t[m[K [[deprecated("use std::uint32_t instead of pcl::uint32_t")]] = std::uint32_t;
      |         [01;36m[K^~~~~~~~[m[K
In file included from [01m[K/usr/include/boost/preprocessor/tuple/elem.hpp:23[m[K,
                 from [01m[K/usr/include/boost/preprocessor/arithmetic/add.hpp:21[m[K,
                 from [01m[K/usr/include/boost/mpl/aux_/preprocessor/def_params_tail.hpp:66[m[K,
                 from [01m[K/usr/include/boost/mpl/aux_/na_spec.hpp:28[m[K,
                 from [01m[K/usr/include/boost/mpl/next_prior.hpp:18[m[K,
                 from [01m[K/usr/include/boost/mpl/next.hpp:17[m[K,
                 from [01m[K/usr/include/boost/mpl/list/aux_/push_front.hpp:18[m[K,
                 from [01m[K/usr/include/boost/mpl/list/list0.hpp:19[m[K,
                 from [01m[K/usr/include/boost/mpl/list/list10.hpp:18[m[K,
                 from [01m[K/usr/include/boost/mpl/list/list20.hpp:18[m[K,
                 from [01m[K/usr/include/boost/mpl/list.hpp:36[m[K,
                 from [01m[K/usr/include/boost/math/policies/policy.hpp:9[m[K,
                 from [01m[K/usr/include/boost/math/policies/error_handling.hpp:21[m[K,
                 from [01m[K/usr/include/boost/math/special_functions/round.hpp:14[m[K,
                 from [01m[K/opt/ros/noetic/include/ros/time.h:58[m[K,
                 from [01m[K/opt/ros/noetic/include/ros/console.h:39[m[K,
                 from [01m[K/home/rajendra/kr_ws/src/kr_autonomous_flight/ouster_example/ouster_ros/src/os1_cloud_node.cpp:6[m[K:
[01m[K/home/rajendra/kr_ws/src/kr_autonomous_flight/ouster_example/ouster_ros/include/ouster_ros/point_os1.h:38:6:[m[K [01;35m[Kwarning: [m[K‘[01m[Kusing uint32_t = uint32_t[m[K’ is deprecated: use std::uint32_t instead of pcl::uint32_t [[01;35m[K-Wdeprecated-declarations[m[K]
   38 |     ([01;35m[Kuint32_t[m[K, t, t)
      |      [01;35m[K^~~~~~~~[m[K
In file included from [01m[K/usr/include/pcl-1.10/pcl/PCLHeader.h:10[m[K,
                 from [01m[K/usr/include/pcl-1.10/pcl/point_cloud.h:47[m[K,
                 from [01m[K/home/rajendra/kr_ws/src/kr_autonomous_flight/ouster_example/ouster_ros/include/ouster_ros/os1_ros.h:9[m[K,
                 from [01m[K/home/rajendra/kr_ws/src/kr_autonomous_flight/ouster_example/ouster_ros/src/os1_cloud_node.cpp:18[m[K:
[01m[K/usr/include/pcl-1.10/pcl/pcl_macros.h:96:9:[m[K [01;36m[Knote: [m[Kdeclared here
   96 |   using [01;36m[Kuint32_t[m[K [[deprecated("use std::uint32_t instead of pcl::uint32_t")]] = std::uint32_t;
      |         [01;36m[K^~~~~~~~[m[K
In file included from [01m[K/usr/include/boost/preprocessor/tuple/elem.hpp:23[m[K,
                 from [01m[K/usr/include/boost/preprocessor/arithmetic/add.hpp:21[m[K,
                 from [01m[K/usr/include/boost/mpl/aux_/preprocessor/def_params_tail.hpp:66[m[K,
                 from [01m[K/usr/include/boost/mpl/aux_/na_spec.hpp:28[m[K,
                 from [01m[K/usr/include/boost/mpl/next_prior.hpp:18[m[K,
                 from [01m[K/usr/include/boost/mpl/next.hpp:17[m[K,
                 from [01m[K/usr/include/boost/mpl/list/aux_/push_front.hpp:18[m[K,
                 from [01m[K/usr/include/boost/mpl/list/list0.hpp:19[m[K,
                 from [01m[K/usr/include/boost/mpl/list/list10.hpp:18[m[K,
                 from [01m[K/usr/include/boost/mpl/list/list20.hpp:18[m[K,
                 from [01m[K/usr/include/boost/mpl/list.hpp:36[m[K,
                 from [01m[K/usr/include/boost/math/policies/policy.hpp:9[m[K,
                 from [01m[K/usr/include/boost/math/policies/error_handling.hpp:21[m[K,
                 from [01m[K/usr/include/boost/math/special_functions/round.hpp:14[m[K,
                 from [01m[K/opt/ros/noetic/include/ros/time.h:58[m[K,
                 from [01m[K/opt/ros/noetic/include/ros/console.h:39[m[K,
                 from [01m[K/home/rajendra/kr_ws/src/kr_autonomous_flight/ouster_example/ouster_ros/src/os1_cloud_node.cpp:6[m[K:
[01m[K/home/rajendra/kr_ws/src/kr_autonomous_flight/ouster_example/ouster_ros/include/ouster_ros/point_os1.h:39:6:[m[K [01;35m[Kwarning: [m[K‘[01m[Kusing uint16_t = uint16_t[m[K’ is deprecated: use std::uint16_t instead of pcl::uint16_t [[01;35m[K-Wdeprecated-declarations[m[K]
   39 |     ([01;35m[Kuint16_t[m[K, reflectivity, reflectivity)
      |      [01;35m[K^~~~~~~~[m[K
In file included from [01m[K/usr/include/pcl-1.10/pcl/PCLHeader.h:10[m[K,
                 from [01m[K/usr/include/pcl-1.10/pcl/point_cloud.h:47[m[K,
                 from [01m[K/home/rajendra/kr_ws/src/kr_autonomous_flight/ouster_example/ouster_ros/include/ouster_ros/os1_ros.h:9[m[K,
                 from [01m[K/home/rajendra/kr_ws/src/kr_autonomous_flight/ouster_example/ouster_ros/src/os1_cloud_node.cpp:18[m[K:
[01m[K/usr/include/pcl-1.10/pcl/pcl_macros.h:94:9:[m[K [01;36m[Knote: [m[Kdeclared here
   94 |   using [01;36m[Kuint16_t[m[K [[deprecated("use std::uint16_t instead of pcl::uint16_t")]] = std::uint16_t;
      |         [01;36m[K^~~~~~~~[m[K
In file included from [01m[K/usr/include/boost/preprocessor/tuple/elem.hpp:23[m[K,
                 from [01m[K/usr/include/boost/preprocessor/arithmetic/add.hpp:21[m[K,
                 from [01m[K/usr/include/boost/mpl/aux_/preprocessor/def_params_tail.hpp:66[m[K,
                 from [01m[K/usr/include/boost/mpl/aux_/na_spec.hpp:28[m[K,
                 from [01m[K/usr/include/boost/mpl/next_prior.hpp:18[m[K,
                 from [01m[K/usr/include/boost/mpl/next.hpp:17[m[K,
                 from [01m[K/usr/include/boost/mpl/list/aux_/push_front.hpp:18[m[K,
                 from [01m[K/usr/include/boost/mpl/list/list0.hpp:19[m[K,
                 from [01m[K/usr/include/boost/mpl/list/list10.hpp:18[m[K,
                 from [01m[K/usr/include/boost/mpl/list/list20.hpp:18[m[K,
                 from [01m[K/usr/include/boost/mpl/list.hpp:36[m[K,
                 from [01m[K/usr/include/boost/math/policies/policy.hpp:9[m[K,
                 from [01m[K/usr/include/boost/math/policies/error_handling.hpp:21[m[K,
                 from [01m[K/usr/include/boost/math/special_functions/round.hpp:14[m[K,
                 from [01m[K/opt/ros/noetic/include/ros/time.h:58[m[K,
                 from [01m[K/opt/ros/noetic/include/ros/console.h:39[m[K,
                 from [01m[K/home/rajendra/kr_ws/src/kr_autonomous_flight/ouster_example/ouster_ros/src/os1_cloud_node.cpp:6[m[K:
[01m[K/home/rajendra/kr_ws/src/kr_autonomous_flight/ouster_example/ouster_ros/include/ouster_ros/point_os1.h:40:6:[m[K [01;35m[Kwarning: [m[K‘[01m[Kusing uint8_t = uint8_t[m[K’ is deprecated: use std::uint8_t instead of pcl::uint8_t [[01;35m[K-Wdeprecated-declarations[m[K]
   40 |     ([01;35m[Kuint8_t[m[K, ring, ring)
      |      [01;35m[K^~~~~~~[m[K
In file included from [01m[K/usr/include/pcl-1.10/pcl/PCLHeader.h:10[m[K,
                 from [01m[K/usr/include/pcl-1.10/pcl/point_cloud.h:47[m[K,
                 from [01m[K/home/rajendra/kr_ws/src/kr_autonomous_flight/ouster_example/ouster_ros/include/ouster_ros/os1_ros.h:9[m[K,
                 from [01m[K/home/rajendra/kr_ws/src/kr_autonomous_flight/ouster_example/ouster_ros/src/os1_cloud_node.cpp:18[m[K:
[01m[K/usr/include/pcl-1.10/pcl/pcl_macros.h:92:9:[m[K [01;36m[Knote: [m[Kdeclared here
   92 |   using [01;36m[Kuint8_t[m[K [[deprecated("use std::uint8_t instead of pcl::uint8_t")]] = std::uint8_t;
      |         [01;36m[K^~~~~~~[m[K
In file included from [01m[K/usr/include/boost/preprocessor/tuple/elem.hpp:23[m[K,
                 from [01m[K/usr/include/boost/preprocessor/arithmetic/add.hpp:21[m[K,
                 from [01m[K/usr/include/boost/mpl/aux_/preprocessor/def_params_tail.hpp:66[m[K,
                 from [01m[K/usr/include/boost/mpl/aux_/na_spec.hpp:28[m[K,
                 from [01m[K/usr/include/boost/mpl/next_prior.hpp:18[m[K,
                 from [01m[K/usr/include/boost/mpl/next.hpp:17[m[K,
                 from [01m[K/usr/include/boost/mpl/list/aux_/push_front.hpp:18[m[K,
                 from [01m[K/usr/include/boost/mpl/list/list0.hpp:19[m[K,
                 from [01m[K/usr/include/boost/mpl/list/list10.hpp:18[m[K,
                 from [01m[K/usr/include/boost/mpl/list/list20.hpp:18[m[K,
                 from [01m[K/usr/include/boost/mpl/list.hpp:36[m[K,
                 from [01m[K/usr/include/boost/math/policies/policy.hpp:9[m[K,
                 from [01m[K/usr/include/boost/math/policies/error_handling.hpp:21[m[K,
                 from [01m[K/usr/include/boost/math/special_functions/round.hpp:14[m[K,
                 from [01m[K/opt/ros/noetic/include/ros/time.h:58[m[K,
                 from [01m[K/opt/ros/noetic/include/ros/console.h:39[m[K,
                 from [01m[K/home/rajendra/kr_ws/src/kr_autonomous_flight/ouster_example/ouster_ros/src/os1_cloud_node.cpp:6[m[K:
[01m[K/home/rajendra/kr_ws/src/kr_autonomous_flight/ouster_example/ouster_ros/include/ouster_ros/point_os1.h:41:6:[m[K [01;35m[Kwarning: [m[K‘[01m[Kusing uint16_t = uint16_t[m[K’ is deprecated: use std::uint16_t instead of pcl::uint16_t [[01;35m[K-Wdeprecated-declarations[m[K]
   41 |     ([01;35m[Kuint16_t[m[K, noise, noise)
      |      [01;35m[K^~~~~~~~[m[K
In file included from [01m[K/usr/include/pcl-1.10/pcl/PCLHeader.h:10[m[K,
                 from [01m[K/usr/include/pcl-1.10/pcl/point_cloud.h:47[m[K,
                 from [01m[K/home/rajendra/kr_ws/src/kr_autonomous_flight/ouster_example/ouster_ros/include/ouster_ros/os1_ros.h:9[m[K,
                 from [01m[K/home/rajendra/kr_ws/src/kr_autonomous_flight/ouster_example/ouster_ros/src/os1_cloud_node.cpp:18[m[K:
[01m[K/usr/include/pcl-1.10/pcl/pcl_macros.h:94:9:[m[K [01;36m[Knote: [m[Kdeclared here
   94 |   using [01;36m[Kuint16_t[m[K [[deprecated("use std::uint16_t instead of pcl::uint16_t")]] = std::uint16_t;
      |         [01;36m[K^~~~~~~~[m[K
In file included from [01m[K/usr/include/boost/preprocessor/tuple/elem.hpp:23[m[K,
                 from [01m[K/usr/include/boost/preprocessor/arithmetic/add.hpp:21[m[K,
                 from [01m[K/usr/include/boost/mpl/aux_/preprocessor/def_params_tail.hpp:66[m[K,
                 from [01m[K/usr/include/boost/mpl/aux_/na_spec.hpp:28[m[K,
                 from [01m[K/usr/include/boost/mpl/next_prior.hpp:18[m[K,
                 from [01m[K/usr/include/boost/mpl/next.hpp:17[m[K,
                 from [01m[K/usr/include/boost/mpl/list/aux_/push_front.hpp:18[m[K,
                 from [01m[K/usr/include/boost/mpl/list/list0.hpp:19[m[K,
                 from [01m[K/usr/include/boost/mpl/list/list10.hpp:18[m[K,
                 from [01m[K/usr/include/boost/mpl/list/list20.hpp:18[m[K,
                 from [01m[K/usr/include/boost/mpl/list.hpp:36[m[K,
                 from [01m[K/usr/include/boost/math/policies/policy.hpp:9[m[K,
                 from [01m[K/usr/include/boost/math/policies/error_handling.hpp:21[m[K,
                 from [01m[K/usr/include/boost/math/special_functions/round.hpp:14[m[K,
                 from [01m[K/opt/ros/noetic/include/ros/time.h:58[m[K,
                 from [01m[K/opt/ros/noetic/include/ros/console.h:39[m[K,
                 from [01m[K/home/rajendra/kr_ws/src/kr_autonomous_flight/ouster_example/ouster_ros/src/os1_cloud_node.cpp:6[m[K:
[01m[K/home/rajendra/kr_ws/src/kr_autonomous_flight/ouster_example/ouster_ros/include/ouster_ros/point_os1.h:42:6:[m[K [01;35m[Kwarning: [m[K‘[01m[Kusing uint32_t = uint32_t[m[K’ is deprecated: use std::uint32_t instead of pcl::uint32_t [[01;35m[K-Wdeprecated-declarations[m[K]
   42 |     ([01;35m[Kuint32_t[m[K, range, range)
      |      [01;35m[K^~~~~~~~[m[K
In file included from [01m[K/usr/include/pcl-1.10/pcl/PCLHeader.h:10[m[K,
                 from [01m[K/usr/include/pcl-1.10/pcl/point_cloud.h:47[m[K,
                 from [01m[K/home/rajendra/kr_ws/src/kr_autonomous_flight/ouster_example/ouster_ros/include/ouster_ros/os1_ros.h:9[m[K,
                 from [01m[K/home/rajendra/kr_ws/src/kr_autonomous_flight/ouster_example/ouster_ros/src/os1_cloud_node.cpp:18[m[K:
[01m[K/usr/include/pcl-1.10/pcl/pcl_macros.h:96:9:[m[K [01;36m[Knote: [m[Kdeclared here
   96 |   using [01;36m[Kuint32_t[m[K [[deprecated("use std::uint32_t instead of pcl::uint32_t")]] = std::uint32_t;
      |         [01;36m[K^~~~~~~~[m[K
