Symlinking /home/rajendra/kr_ws/devel/share/kr_mav_msgs/cmake/kr_mav_msgs-msg-paths.cmake
Symlinking /home/rajendra/kr_ws/devel/share/kr_mav_msgs/cmake/kr_mav_msgs-msg-extras.cmake
Symlinking /home/rajendra/kr_ws/devel/share/kr_mav_msgs/cmake/kr_mav_msgsConfig-version.cmake
Symlinking /home/rajendra/kr_ws/devel/share/kr_mav_msgs/cmake/kr_mav_msgsConfig.cmake
Symlinking /home/rajendra/kr_ws/devel/share/roseus/ros/kr_mav_msgs/manifest.l
Symlinking /home/rajendra/kr_ws/devel/share/roseus/ros/kr_mav_msgs/msg/OutputData.l
Symlinking /home/rajendra/kr_ws/devel/share/roseus/ros/kr_mav_msgs/msg/SO3Command.l
Symlinking /home/rajendra/kr_ws/devel/share/roseus/ros/kr_mav_msgs/msg/StatusData.l
Symlinking /home/rajendra/kr_ws/devel/share/roseus/ros/kr_mav_msgs/msg/PositionCommand.l
Symlinking /home/rajendra/kr_ws/devel/share/roseus/ros/kr_mav_msgs/msg/Serial.l
Symlinking /home/rajendra/kr_ws/devel/share/roseus/ros/kr_mav_msgs/msg/TRPYCommand.l
Symlinking /home/rajendra/kr_ws/devel/share/roseus/ros/kr_mav_msgs/msg/PWMCommand.l
Symlinking /home/rajendra/kr_ws/devel/share/roseus/ros/kr_mav_msgs/msg/Corrections.l
Symlinking /home/rajendra/kr_ws/devel/share/roseus/ros/kr_mav_msgs/msg/MotorRPM.l
Symlinking /home/rajendra/kr_ws/devel/share/roseus/ros/kr_mav_msgs/msg/AuxCommand.l
Symlinking /home/rajendra/kr_ws/devel/share/gennodejs/ros/kr_mav_msgs/_index.js
Symlinking /home/rajendra/kr_ws/devel/share/gennodejs/ros/kr_mav_msgs/msg/OutputData.js
Symlinking /home/rajendra/kr_ws/devel/share/gennodejs/ros/kr_mav_msgs/msg/PositionCommand.js
Symlinking /home/rajendra/kr_ws/devel/share/gennodejs/ros/kr_mav_msgs/msg/Serial.js
Symlinking /home/rajendra/kr_ws/devel/share/gennodejs/ros/kr_mav_msgs/msg/SO3Command.js
Symlinking /home/rajendra/kr_ws/devel/share/gennodejs/ros/kr_mav_msgs/msg/_index.js
Symlinking /home/rajendra/kr_ws/devel/share/gennodejs/ros/kr_mav_msgs/msg/MotorRPM.js
Symlinking /home/rajendra/kr_ws/devel/share/gennodejs/ros/kr_mav_msgs/msg/Corrections.js
Symlinking /home/rajendra/kr_ws/devel/share/gennodejs/ros/kr_mav_msgs/msg/PWMCommand.js
Symlinking /home/rajendra/kr_ws/devel/share/gennodejs/ros/kr_mav_msgs/msg/AuxCommand.js
Symlinking /home/rajendra/kr_ws/devel/share/gennodejs/ros/kr_mav_msgs/msg/StatusData.js
Symlinking /home/rajendra/kr_ws/devel/share/gennodejs/ros/kr_mav_msgs/msg/TRPYCommand.js
Symlinking /home/rajendra/kr_ws/devel/share/common-lisp/ros/kr_mav_msgs/msg/AuxCommand.lisp
Symlinking /home/rajendra/kr_ws/devel/share/common-lisp/ros/kr_mav_msgs/msg/MotorRPM.lisp
Symlinking /home/rajendra/kr_ws/devel/share/common-lisp/ros/kr_mav_msgs/msg/PositionCommand.lisp
Symlinking /home/rajendra/kr_ws/devel/share/common-lisp/ros/kr_mav_msgs/msg/_package_Corrections.lisp
Symlinking /home/rajendra/kr_ws/devel/share/common-lisp/ros/kr_mav_msgs/msg/StatusData.lisp
Symlinking /home/rajendra/kr_ws/devel/share/common-lisp/ros/kr_mav_msgs/msg/_package_StatusData.lisp
Symlinking /home/rajendra/kr_ws/devel/share/common-lisp/ros/kr_mav_msgs/msg/_package_Serial.lisp
Symlinking /home/rajendra/kr_ws/devel/share/common-lisp/ros/kr_mav_msgs/msg/_package_PositionCommand.lisp
Symlinking /home/rajendra/kr_ws/devel/share/common-lisp/ros/kr_mav_msgs/msg/TRPYCommand.lisp
Symlinking /home/rajendra/kr_ws/devel/share/common-lisp/ros/kr_mav_msgs/msg/_package_AuxCommand.lisp
Symlinking /home/rajendra/kr_ws/devel/share/common-lisp/ros/kr_mav_msgs/msg/_package_MotorRPM.lisp
Symlinking /home/rajendra/kr_ws/devel/share/common-lisp/ros/kr_mav_msgs/msg/PWMCommand.lisp
Symlinking /home/rajendra/kr_ws/devel/share/common-lisp/ros/kr_mav_msgs/msg/_package.lisp
Symlinking /home/rajendra/kr_ws/devel/share/common-lisp/ros/kr_mav_msgs/msg/kr_mav_msgs-msg.asd
Symlinking /home/rajendra/kr_ws/devel/share/common-lisp/ros/kr_mav_msgs/msg/_package_PWMCommand.lisp
Symlinking /home/rajendra/kr_ws/devel/share/common-lisp/ros/kr_mav_msgs/msg/_package_TRPYCommand.lisp
Symlinking /home/rajendra/kr_ws/devel/share/common-lisp/ros/kr_mav_msgs/msg/_package_SO3Command.lisp
Symlinking /home/rajendra/kr_ws/devel/share/common-lisp/ros/kr_mav_msgs/msg/_package_OutputData.lisp
Symlinking /home/rajendra/kr_ws/devel/share/common-lisp/ros/kr_mav_msgs/msg/SO3Command.lisp
Symlinking /home/rajendra/kr_ws/devel/share/common-lisp/ros/kr_mav_msgs/msg/OutputData.lisp
Symlinking /home/rajendra/kr_ws/devel/share/common-lisp/ros/kr_mav_msgs/msg/Serial.lisp
Symlinking /home/rajendra/kr_ws/devel/share/common-lisp/ros/kr_mav_msgs/msg/Corrections.lisp
Symlinking /home/rajendra/kr_ws/devel/include/kr_mav_msgs/MotorRPM.h
Symlinking /home/rajendra/kr_ws/devel/include/kr_mav_msgs/PWMCommand.h
Symlinking /home/rajendra/kr_ws/devel/include/kr_mav_msgs/Corrections.h
Symlinking /home/rajendra/kr_ws/devel/include/kr_mav_msgs/TRPYCommand.h
Symlinking /home/rajendra/kr_ws/devel/include/kr_mav_msgs/SO3Command.h
Symlinking /home/rajendra/kr_ws/devel/include/kr_mav_msgs/PositionCommand.h
Symlinking /home/rajendra/kr_ws/devel/include/kr_mav_msgs/Serial.h
Symlinking /home/rajendra/kr_ws/devel/include/kr_mav_msgs/StatusData.h
Symlinking /home/rajendra/kr_ws/devel/include/kr_mav_msgs/OutputData.h
Symlinking /home/rajendra/kr_ws/devel/include/kr_mav_msgs/AuxCommand.h
Symlinking /home/rajendra/kr_ws/devel/lib/python3/dist-packages/kr_mav_msgs/__init__.py
Symlinking /home/rajendra/kr_ws/devel/lib/python3/dist-packages/kr_mav_msgs/msg/_PWMCommand.py
Symlinking /home/rajendra/kr_ws/devel/lib/python3/dist-packages/kr_mav_msgs/msg/__init__.py
Symlinking /home/rajendra/kr_ws/devel/lib/python3/dist-packages/kr_mav_msgs/msg/_OutputData.py
Symlinking /home/rajendra/kr_ws/devel/lib/python3/dist-packages/kr_mav_msgs/msg/_AuxCommand.py
Symlinking /home/rajendra/kr_ws/devel/lib/python3/dist-packages/kr_mav_msgs/msg/_SO3Command.py
Symlinking /home/rajendra/kr_ws/devel/lib/python3/dist-packages/kr_mav_msgs/msg/_MotorRPM.py
Symlinking /home/rajendra/kr_ws/devel/lib/python3/dist-packages/kr_mav_msgs/msg/_Corrections.py
Symlinking /home/rajendra/kr_ws/devel/lib/python3/dist-packages/kr_mav_msgs/msg/_Serial.py
Symlinking /home/rajendra/kr_ws/devel/lib/python3/dist-packages/kr_mav_msgs/msg/_StatusData.py
Symlinking /home/rajendra/kr_ws/devel/lib/python3/dist-packages/kr_mav_msgs/msg/_PositionCommand.py
Symlinking /home/rajendra/kr_ws/devel/lib/python3/dist-packages/kr_mav_msgs/msg/_TRPYCommand.py
Symlinking /home/rajendra/kr_ws/devel/lib/pkgconfig/kr_mav_msgs.pc
