[35m[1mScanning dependencies of target planning_ros_utils_autogen[0m
[  5%] [34m[1mAutomatic MOC for target planning_ros_utils[0m
[  5%] Built target planning_ros_utils_autogen
[35m[1mScanning dependencies of target planning_ros_utils[0m
[ 10%] [32mBuilding CXX object CMakeFiles/planning_ros_utils.dir/planning_ros_utils_autogen/mocs_compilation.cpp.o[0m
[ 15%] [32mBuilding CXX object CMakeFiles/planning_ros_utils.dir/src/data_ros_utils.cpp.o[0m
[ 20%] [32mBuilding CXX object CMakeFiles/planning_ros_utils.dir/src/primitive_ros_utils.cpp.o[0m
[ 25%] [32m[1mLinking CXX shared library /home/rajendra/kr_ws/devel/.private/planning_ros_utils/lib/libplanning_ros_utils.so[0m
[ 25%] Built target planning_ros_utils
[35m[1mScanning dependencies of target planning_rviz_plugins_autogen[0m
[ 30%] [34m[1mAutomatic MOC for target planning_rviz_plugins[0m
[ 30%] Built target planning_rviz_plugins_autogen
[35m[1mScanning dependencies of target planning_rviz_plugins[0m
[ 35%] [32mBuilding CXX object CMakeFiles/planning_rviz_plugins.dir/planning_rviz_plugins_autogen/mocs_compilation.cpp.o[0m
[ 45%] [32mBuilding CXX object CMakeFiles/planning_rviz_plugins.dir/src/planning_rviz_plugins/primitive_visual.cpp.o[0m
[ 40%] [32mBuilding CXX object CMakeFiles/planning_rviz_plugins.dir/src/planning_rviz_plugins/bound_visual.cpp.o[0m
[ 50%] [32mBuilding CXX object CMakeFiles/planning_rviz_plugins.dir/src/planning_rviz_plugins/trajectory_visual.cpp.o[0m
[ 55%] [32mBuilding CXX object CMakeFiles/planning_rviz_plugins.dir/src/planning_rviz_plugins/path_visual.cpp.o[0m
[ 60%] [32mBuilding CXX object CMakeFiles/planning_rviz_plugins.dir/src/planning_rviz_plugins/mesh_visual.cpp.o[0m
[ 65%] [32mBuilding CXX object CMakeFiles/planning_rviz_plugins.dir/src/planning_rviz_plugins/map_display.cpp.o[0m
[ 70%] [32mBuilding CXX object CMakeFiles/planning_rviz_plugins.dir/src/planning_rviz_plugins/path_display.cpp.o[0m
[ 75%] [32mBuilding CXX object CMakeFiles/planning_rviz_plugins.dir/src/planning_rviz_plugins/path_array_display.cpp.o[0m
[ 80%] [32mBuilding CXX object CMakeFiles/planning_rviz_plugins.dir/src/planning_rviz_plugins/primitive_array_display.cpp.o[0m
[ 85%] [32mBuilding CXX object CMakeFiles/planning_rviz_plugins.dir/src/planning_rviz_plugins/trajectory_display.cpp.o[0m
[ 90%] [32mBuilding CXX object CMakeFiles/planning_rviz_plugins.dir/src/planning_rviz_plugins/spline_trajectory_display.cpp.o[0m
[ 95%] [32mBuilding CXX object CMakeFiles/planning_rviz_plugins.dir/src/planning_rviz_plugins/spline_trajectory_visual.cpp.o[0m
[100%] [32m[1mLinking CXX shared library /home/rajendra/kr_ws/devel/.private/planning_ros_utils/lib/libplanning_rviz_plugins.so[0m
[100%] Built target planning_rviz_plugins
