Symlinking /home/rajendra/kr_ws/devel/share/smach_msgs/cmake/smach_msgsConfig.cmake
Symlinking /home/rajendra/kr_ws/devel/share/smach_msgs/cmake/smach_msgsConfig-version.cmake
Symlinking /home/rajendra/kr_ws/devel/share/smach_msgs/cmake/smach_msgs-msg-extras.cmake
Symlinking /home/rajendra/kr_ws/devel/share/smach_msgs/cmake/smach_msgs-msg-paths.cmake
Symlinking /home/rajendra/kr_ws/devel/share/roseus/ros/smach_msgs/manifest.l
Symlinking /home/rajendra/kr_ws/devel/share/roseus/ros/smach_msgs/msg/SmachContainerInitialStatusCmd.l
Symlinking /home/rajendra/kr_ws/devel/share/roseus/ros/smach_msgs/msg/SmachContainerStatus.l
Symlinking /home/rajendra/kr_ws/devel/share/roseus/ros/smach_msgs/msg/SmachContainerStructure.l
Symlinking /home/rajendra/kr_ws/devel/share/gennodejs/ros/smach_msgs/_index.js
Symlinking /home/rajendra/kr_ws/devel/share/gennodejs/ros/smach_msgs/msg/SmachContainerStatus.js
Symlinking /home/rajendra/kr_ws/devel/share/gennodejs/ros/smach_msgs/msg/SmachContainerStructure.js
Symlinking /home/rajendra/kr_ws/devel/share/gennodejs/ros/smach_msgs/msg/SmachContainerInitialStatusCmd.js
Symlinking /home/rajendra/kr_ws/devel/share/gennodejs/ros/smach_msgs/msg/_index.js
Symlinking /home/rajendra/kr_ws/devel/share/common-lisp/ros/smach_msgs/msg/SmachContainerStructure.lisp
Symlinking /home/rajendra/kr_ws/devel/share/common-lisp/ros/smach_msgs/msg/smach_msgs-msg.asd
Symlinking /home/rajendra/kr_ws/devel/share/common-lisp/ros/smach_msgs/msg/_package_SmachContainerInitialStatusCmd.lisp
Symlinking /home/rajendra/kr_ws/devel/share/common-lisp/ros/smach_msgs/msg/_package_SmachContainerStatus.lisp
Symlinking /home/rajendra/kr_ws/devel/share/common-lisp/ros/smach_msgs/msg/_package_SmachContainerStructure.lisp
Symlinking /home/rajendra/kr_ws/devel/share/common-lisp/ros/smach_msgs/msg/SmachContainerInitialStatusCmd.lisp
Symlinking /home/rajendra/kr_ws/devel/share/common-lisp/ros/smach_msgs/msg/_package.lisp
Symlinking /home/rajendra/kr_ws/devel/share/common-lisp/ros/smach_msgs/msg/SmachContainerStatus.lisp
Symlinking /home/rajendra/kr_ws/devel/include/smach_msgs/SmachContainerStructure.h
Symlinking /home/rajendra/kr_ws/devel/include/smach_msgs/SmachContainerStatus.h
Symlinking /home/rajendra/kr_ws/devel/include/smach_msgs/SmachContainerInitialStatusCmd.h
Symlinking /home/rajendra/kr_ws/devel/lib/python3/dist-packages/smach_msgs/__init__.py
Symlinking /home/rajendra/kr_ws/devel/lib/python3/dist-packages/smach_msgs/msg/__init__.py
Symlinking /home/rajendra/kr_ws/devel/lib/python3/dist-packages/smach_msgs/msg/_SmachContainerStatus.py
Symlinking /home/rajendra/kr_ws/devel/lib/python3/dist-packages/smach_msgs/msg/_SmachContainerStructure.py
Symlinking /home/rajendra/kr_ws/devel/lib/python3/dist-packages/smach_msgs/msg/_SmachContainerInitialStatusCmd.py
Symlinking /home/rajendra/kr_ws/devel/lib/pkgconfig/smach_msgs.pc
