Linked: (/home/rajendra/kr_ws/devel/.private/planning_ros_msgs/share/planning_ros_msgs/cmake/planning_ros_msgsConfig-version.cmake, /home/rajendra/kr_ws/devel/share/planning_ros_msgs/cmake/planning_ros_msgsConfig-version.cmake)
Linked: (/home/rajendra/kr_ws/devel/.private/planning_ros_msgs/share/planning_ros_msgs/cmake/planning_ros_msgsConfig.cmake, /home/rajendra/kr_ws/devel/share/planning_ros_msgs/cmake/planning_ros_msgsConfig.cmake)
Linked: (/home/rajendra/kr_ws/devel/.private/planning_ros_msgs/share/planning_ros_msgs/cmake/planning_ros_msgs-msg-paths.cmake, /home/rajendra/kr_ws/devel/share/planning_ros_msgs/cmake/planning_ros_msgs-msg-paths.cmake)
Linked: (/home/rajendra/kr_ws/devel/.private/planning_ros_msgs/share/planning_ros_msgs/cmake/planning_ros_msgs-msg-extras.cmake, /home/rajendra/kr_ws/devel/share/planning_ros_msgs/cmake/planning_ros_msgs-msg-extras.cmake)
Linked: (/home/rajendra/kr_ws/devel/.private/planning_ros_msgs/share/planning_ros_msgs/msg/PlanPathFeedback.msg, /home/rajendra/kr_ws/devel/share/planning_ros_msgs/msg/PlanPathFeedback.msg)
Linked: (/home/rajendra/kr_ws/devel/.private/planning_ros_msgs/share/planning_ros_msgs/msg/PlanTwoPointAction.msg, /home/rajendra/kr_ws/devel/share/planning_ros_msgs/msg/PlanTwoPointAction.msg)
Linked: (/home/rajendra/kr_ws/devel/.private/planning_ros_msgs/share/planning_ros_msgs/msg/PlanPathActionGoal.msg, /home/rajendra/kr_ws/devel/share/planning_ros_msgs/msg/PlanPathActionGoal.msg)
Linked: (/home/rajendra/kr_ws/devel/.private/planning_ros_msgs/share/planning_ros_msgs/msg/PlanTwoPointFeedback.msg, /home/rajendra/kr_ws/devel/share/planning_ros_msgs/msg/PlanTwoPointFeedback.msg)
Linked: (/home/rajendra/kr_ws/devel/.private/planning_ros_msgs/share/planning_ros_msgs/msg/PlanTwoPointActionGoal.msg, /home/rajendra/kr_ws/devel/share/planning_ros_msgs/msg/PlanTwoPointActionGoal.msg)
Linked: (/home/rajendra/kr_ws/devel/.private/planning_ros_msgs/share/planning_ros_msgs/msg/PlanPathActionFeedback.msg, /home/rajendra/kr_ws/devel/share/planning_ros_msgs/msg/PlanPathActionFeedback.msg)
Linked: (/home/rajendra/kr_ws/devel/.private/planning_ros_msgs/share/planning_ros_msgs/msg/PlanPathAction.msg, /home/rajendra/kr_ws/devel/share/planning_ros_msgs/msg/PlanPathAction.msg)
Linked: (/home/rajendra/kr_ws/devel/.private/planning_ros_msgs/share/planning_ros_msgs/msg/PlanPathResult.msg, /home/rajendra/kr_ws/devel/share/planning_ros_msgs/msg/PlanPathResult.msg)
Linked: (/home/rajendra/kr_ws/devel/.private/planning_ros_msgs/share/planning_ros_msgs/msg/PlanTwoPointActionFeedback.msg, /home/rajendra/kr_ws/devel/share/planning_ros_msgs/msg/PlanTwoPointActionFeedback.msg)
Linked: (/home/rajendra/kr_ws/devel/.private/planning_ros_msgs/share/planning_ros_msgs/msg/PlanPathGoal.msg, /home/rajendra/kr_ws/devel/share/planning_ros_msgs/msg/PlanPathGoal.msg)
Linked: (/home/rajendra/kr_ws/devel/.private/planning_ros_msgs/share/planning_ros_msgs/msg/PlanTwoPointActionResult.msg, /home/rajendra/kr_ws/devel/share/planning_ros_msgs/msg/PlanTwoPointActionResult.msg)
Linked: (/home/rajendra/kr_ws/devel/.private/planning_ros_msgs/share/planning_ros_msgs/msg/PlanTwoPointGoal.msg, /home/rajendra/kr_ws/devel/share/planning_ros_msgs/msg/PlanTwoPointGoal.msg)
Linked: (/home/rajendra/kr_ws/devel/.private/planning_ros_msgs/share/planning_ros_msgs/msg/PlanPathActionResult.msg, /home/rajendra/kr_ws/devel/share/planning_ros_msgs/msg/PlanPathActionResult.msg)
Linked: (/home/rajendra/kr_ws/devel/.private/planning_ros_msgs/share/planning_ros_msgs/msg/PlanTwoPointResult.msg, /home/rajendra/kr_ws/devel/share/planning_ros_msgs/msg/PlanTwoPointResult.msg)
Linked: (/home/rajendra/kr_ws/devel/.private/planning_ros_msgs/share/roseus/ros/planning_ros_msgs/manifest.l, /home/rajendra/kr_ws/devel/share/roseus/ros/planning_ros_msgs/manifest.l)
Linked: (/home/rajendra/kr_ws/devel/.private/planning_ros_msgs/share/roseus/ros/planning_ros_msgs/msg/PlanPathGoal.l, /home/rajendra/kr_ws/devel/share/roseus/ros/planning_ros_msgs/msg/PlanPathGoal.l)
Linked: (/home/rajendra/kr_ws/devel/.private/planning_ros_msgs/share/roseus/ros/planning_ros_msgs/msg/StateTransition.l, /home/rajendra/kr_ws/devel/share/roseus/ros/planning_ros_msgs/msg/StateTransition.l)
Linked: (/home/rajendra/kr_ws/devel/.private/planning_ros_msgs/share/roseus/ros/planning_ros_msgs/msg/PlanTwoPointGoal.l, /home/rajendra/kr_ws/devel/share/roseus/ros/planning_ros_msgs/msg/PlanTwoPointGoal.l)
Linked: (/home/rajendra/kr_ws/devel/.private/planning_ros_msgs/share/roseus/ros/planning_ros_msgs/msg/PlanPathAction.l, /home/rajendra/kr_ws/devel/share/roseus/ros/planning_ros_msgs/msg/PlanPathAction.l)
Linked: (/home/rajendra/kr_ws/devel/.private/planning_ros_msgs/share/roseus/ros/planning_ros_msgs/msg/PlanTwoPointActionGoal.l, /home/rajendra/kr_ws/devel/share/roseus/ros/planning_ros_msgs/msg/PlanTwoPointActionGoal.l)
Linked: (/home/rajendra/kr_ws/devel/.private/planning_ros_msgs/share/roseus/ros/planning_ros_msgs/msg/PlanTwoPointFeedback.l, /home/rajendra/kr_ws/devel/share/roseus/ros/planning_ros_msgs/msg/PlanTwoPointFeedback.l)
Linked: (/home/rajendra/kr_ws/devel/.private/planning_ros_msgs/share/roseus/ros/planning_ros_msgs/msg/PrimitiveArray.l, /home/rajendra/kr_ws/devel/share/roseus/ros/planning_ros_msgs/msg/PrimitiveArray.l)
Linked: (/home/rajendra/kr_ws/devel/.private/planning_ros_msgs/share/roseus/ros/planning_ros_msgs/msg/Polynomial.l, /home/rajendra/kr_ws/devel/share/roseus/ros/planning_ros_msgs/msg/Polynomial.l)
Linked: (/home/rajendra/kr_ws/devel/.private/planning_ros_msgs/share/roseus/ros/planning_ros_msgs/msg/Primitive.l, /home/rajendra/kr_ws/devel/share/roseus/ros/planning_ros_msgs/msg/Primitive.l)
Linked: (/home/rajendra/kr_ws/devel/.private/planning_ros_msgs/share/roseus/ros/planning_ros_msgs/msg/PlanPathActionGoal.l, /home/rajendra/kr_ws/devel/share/roseus/ros/planning_ros_msgs/msg/PlanPathActionGoal.l)
Linked: (/home/rajendra/kr_ws/devel/.private/planning_ros_msgs/share/roseus/ros/planning_ros_msgs/msg/PathArray.l, /home/rajendra/kr_ws/devel/share/roseus/ros/planning_ros_msgs/msg/PathArray.l)
Linked: (/home/rajendra/kr_ws/devel/.private/planning_ros_msgs/share/roseus/ros/planning_ros_msgs/msg/Trajectory.l, /home/rajendra/kr_ws/devel/share/roseus/ros/planning_ros_msgs/msg/Trajectory.l)
Linked: (/home/rajendra/kr_ws/devel/.private/planning_ros_msgs/share/roseus/ros/planning_ros_msgs/msg/PlanPathFeedback.l, /home/rajendra/kr_ws/devel/share/roseus/ros/planning_ros_msgs/msg/PlanPathFeedback.l)
Linked: (/home/rajendra/kr_ws/devel/.private/planning_ros_msgs/share/roseus/ros/planning_ros_msgs/msg/LambdaSeg.l, /home/rajendra/kr_ws/devel/share/roseus/ros/planning_ros_msgs/msg/LambdaSeg.l)
Linked: (/home/rajendra/kr_ws/devel/.private/planning_ros_msgs/share/roseus/ros/planning_ros_msgs/msg/Log.l, /home/rajendra/kr_ws/devel/share/roseus/ros/planning_ros_msgs/msg/Log.l)
Linked: (/home/rajendra/kr_ws/devel/.private/planning_ros_msgs/share/roseus/ros/planning_ros_msgs/msg/PlanTwoPointActionFeedback.l, /home/rajendra/kr_ws/devel/share/roseus/ros/planning_ros_msgs/msg/PlanTwoPointActionFeedback.l)
Linked: (/home/rajendra/kr_ws/devel/.private/planning_ros_msgs/share/roseus/ros/planning_ros_msgs/msg/PlanTwoPointActionResult.l, /home/rajendra/kr_ws/devel/share/roseus/ros/planning_ros_msgs/msg/PlanTwoPointActionResult.l)
Linked: (/home/rajendra/kr_ws/devel/.private/planning_ros_msgs/share/roseus/ros/planning_ros_msgs/msg/TrajectoryCommand.l, /home/rajendra/kr_ws/devel/share/roseus/ros/planning_ros_msgs/msg/TrajectoryCommand.l)
Linked: (/home/rajendra/kr_ws/devel/.private/planning_ros_msgs/share/roseus/ros/planning_ros_msgs/msg/PlanPathActionFeedback.l, /home/rajendra/kr_ws/devel/share/roseus/ros/planning_ros_msgs/msg/PlanPathActionFeedback.l)
Linked: (/home/rajendra/kr_ws/devel/.private/planning_ros_msgs/share/roseus/ros/planning_ros_msgs/msg/PlanPathResult.l, /home/rajendra/kr_ws/devel/share/roseus/ros/planning_ros_msgs/msg/PlanPathResult.l)
Linked: (/home/rajendra/kr_ws/devel/.private/planning_ros_msgs/share/roseus/ros/planning_ros_msgs/msg/PlanTwoPointAction.l, /home/rajendra/kr_ws/devel/share/roseus/ros/planning_ros_msgs/msg/PlanTwoPointAction.l)
Linked: (/home/rajendra/kr_ws/devel/.private/planning_ros_msgs/share/roseus/ros/planning_ros_msgs/msg/Spline.l, /home/rajendra/kr_ws/devel/share/roseus/ros/planning_ros_msgs/msg/Spline.l)
Linked: (/home/rajendra/kr_ws/devel/.private/planning_ros_msgs/share/roseus/ros/planning_ros_msgs/msg/SplineTrajectory.l, /home/rajendra/kr_ws/devel/share/roseus/ros/planning_ros_msgs/msg/SplineTrajectory.l)
Linked: (/home/rajendra/kr_ws/devel/.private/planning_ros_msgs/share/roseus/ros/planning_ros_msgs/msg/PlanTwoPointResult.l, /home/rajendra/kr_ws/devel/share/roseus/ros/planning_ros_msgs/msg/PlanTwoPointResult.l)
Linked: (/home/rajendra/kr_ws/devel/.private/planning_ros_msgs/share/roseus/ros/planning_ros_msgs/msg/Path.l, /home/rajendra/kr_ws/devel/share/roseus/ros/planning_ros_msgs/msg/Path.l)
Linked: (/home/rajendra/kr_ws/devel/.private/planning_ros_msgs/share/roseus/ros/planning_ros_msgs/msg/PlanPathActionResult.l, /home/rajendra/kr_ws/devel/share/roseus/ros/planning_ros_msgs/msg/PlanPathActionResult.l)
Linked: (/home/rajendra/kr_ws/devel/.private/planning_ros_msgs/share/roseus/ros/planning_ros_msgs/msg/VoxelMap.l, /home/rajendra/kr_ws/devel/share/roseus/ros/planning_ros_msgs/msg/VoxelMap.l)
Linked: (/home/rajendra/kr_ws/devel/.private/planning_ros_msgs/share/gennodejs/ros/planning_ros_msgs/_index.js, /home/rajendra/kr_ws/devel/share/gennodejs/ros/planning_ros_msgs/_index.js)
Linked: (/home/rajendra/kr_ws/devel/.private/planning_ros_msgs/share/gennodejs/ros/planning_ros_msgs/msg/Polynomial.js, /home/rajendra/kr_ws/devel/share/gennodejs/ros/planning_ros_msgs/msg/Polynomial.js)
Linked: (/home/rajendra/kr_ws/devel/.private/planning_ros_msgs/share/gennodejs/ros/planning_ros_msgs/msg/PlanPathActionFeedback.js, /home/rajendra/kr_ws/devel/share/gennodejs/ros/planning_ros_msgs/msg/PlanPathActionFeedback.js)
Linked: (/home/rajendra/kr_ws/devel/.private/planning_ros_msgs/share/gennodejs/ros/planning_ros_msgs/msg/Primitive.js, /home/rajendra/kr_ws/devel/share/gennodejs/ros/planning_ros_msgs/msg/Primitive.js)
Linked: (/home/rajendra/kr_ws/devel/.private/planning_ros_msgs/share/gennodejs/ros/planning_ros_msgs/msg/SplineTrajectory.js, /home/rajendra/kr_ws/devel/share/gennodejs/ros/planning_ros_msgs/msg/SplineTrajectory.js)
Linked: (/home/rajendra/kr_ws/devel/.private/planning_ros_msgs/share/gennodejs/ros/planning_ros_msgs/msg/PlanTwoPointAction.js, /home/rajendra/kr_ws/devel/share/gennodejs/ros/planning_ros_msgs/msg/PlanTwoPointAction.js)
Linked: (/home/rajendra/kr_ws/devel/.private/planning_ros_msgs/share/gennodejs/ros/planning_ros_msgs/msg/Path.js, /home/rajendra/kr_ws/devel/share/gennodejs/ros/planning_ros_msgs/msg/Path.js)
Linked: (/home/rajendra/kr_ws/devel/.private/planning_ros_msgs/share/gennodejs/ros/planning_ros_msgs/msg/VoxelMap.js, /home/rajendra/kr_ws/devel/share/gennodejs/ros/planning_ros_msgs/msg/VoxelMap.js)
Linked: (/home/rajendra/kr_ws/devel/.private/planning_ros_msgs/share/gennodejs/ros/planning_ros_msgs/msg/PlanPathAction.js, /home/rajendra/kr_ws/devel/share/gennodejs/ros/planning_ros_msgs/msg/PlanPathAction.js)
Linked: (/home/rajendra/kr_ws/devel/.private/planning_ros_msgs/share/gennodejs/ros/planning_ros_msgs/msg/PlanPathActionGoal.js, /home/rajendra/kr_ws/devel/share/gennodejs/ros/planning_ros_msgs/msg/PlanPathActionGoal.js)
Linked: (/home/rajendra/kr_ws/devel/.private/planning_ros_msgs/share/gennodejs/ros/planning_ros_msgs/msg/Spline.js, /home/rajendra/kr_ws/devel/share/gennodejs/ros/planning_ros_msgs/msg/Spline.js)
Linked: (/home/rajendra/kr_ws/devel/.private/planning_ros_msgs/share/gennodejs/ros/planning_ros_msgs/msg/PlanTwoPointActionGoal.js, /home/rajendra/kr_ws/devel/share/gennodejs/ros/planning_ros_msgs/msg/PlanTwoPointActionGoal.js)
Linked: (/home/rajendra/kr_ws/devel/.private/planning_ros_msgs/share/gennodejs/ros/planning_ros_msgs/msg/PlanPathFeedback.js, /home/rajendra/kr_ws/devel/share/gennodejs/ros/planning_ros_msgs/msg/PlanPathFeedback.js)
Linked: (/home/rajendra/kr_ws/devel/.private/planning_ros_msgs/share/gennodejs/ros/planning_ros_msgs/msg/PlanTwoPointActionFeedback.js, /home/rajendra/kr_ws/devel/share/gennodejs/ros/planning_ros_msgs/msg/PlanTwoPointActionFeedback.js)
Linked: (/home/rajendra/kr_ws/devel/.private/planning_ros_msgs/share/gennodejs/ros/planning_ros_msgs/msg/StateTransition.js, /home/rajendra/kr_ws/devel/share/gennodejs/ros/planning_ros_msgs/msg/StateTransition.js)
Linked: (/home/rajendra/kr_ws/devel/.private/planning_ros_msgs/share/gennodejs/ros/planning_ros_msgs/msg/LambdaSeg.js, /home/rajendra/kr_ws/devel/share/gennodejs/ros/planning_ros_msgs/msg/LambdaSeg.js)
Linked: (/home/rajendra/kr_ws/devel/.private/planning_ros_msgs/share/gennodejs/ros/planning_ros_msgs/msg/Trajectory.js, /home/rajendra/kr_ws/devel/share/gennodejs/ros/planning_ros_msgs/msg/Trajectory.js)
Linked: (/home/rajendra/kr_ws/devel/.private/planning_ros_msgs/share/gennodejs/ros/planning_ros_msgs/msg/_index.js, /home/rajendra/kr_ws/devel/share/gennodejs/ros/planning_ros_msgs/msg/_index.js)
Linked: (/home/rajendra/kr_ws/devel/.private/planning_ros_msgs/share/gennodejs/ros/planning_ros_msgs/msg/PlanPathGoal.js, /home/rajendra/kr_ws/devel/share/gennodejs/ros/planning_ros_msgs/msg/PlanPathGoal.js)
Linked: (/home/rajendra/kr_ws/devel/.private/planning_ros_msgs/share/gennodejs/ros/planning_ros_msgs/msg/PlanPathActionResult.js, /home/rajendra/kr_ws/devel/share/gennodejs/ros/planning_ros_msgs/msg/PlanPathActionResult.js)
Linked: (/home/rajendra/kr_ws/devel/.private/planning_ros_msgs/share/gennodejs/ros/planning_ros_msgs/msg/PlanTwoPointFeedback.js, /home/rajendra/kr_ws/devel/share/gennodejs/ros/planning_ros_msgs/msg/PlanTwoPointFeedback.js)
Linked: (/home/rajendra/kr_ws/devel/.private/planning_ros_msgs/share/gennodejs/ros/planning_ros_msgs/msg/PrimitiveArray.js, /home/rajendra/kr_ws/devel/share/gennodejs/ros/planning_ros_msgs/msg/PrimitiveArray.js)
Linked: (/home/rajendra/kr_ws/devel/.private/planning_ros_msgs/share/gennodejs/ros/planning_ros_msgs/msg/TrajectoryCommand.js, /home/rajendra/kr_ws/devel/share/gennodejs/ros/planning_ros_msgs/msg/TrajectoryCommand.js)
Linked: (/home/rajendra/kr_ws/devel/.private/planning_ros_msgs/share/gennodejs/ros/planning_ros_msgs/msg/PathArray.js, /home/rajendra/kr_ws/devel/share/gennodejs/ros/planning_ros_msgs/msg/PathArray.js)
Linked: (/home/rajendra/kr_ws/devel/.private/planning_ros_msgs/share/gennodejs/ros/planning_ros_msgs/msg/PlanTwoPointResult.js, /home/rajendra/kr_ws/devel/share/gennodejs/ros/planning_ros_msgs/msg/PlanTwoPointResult.js)
Linked: (/home/rajendra/kr_ws/devel/.private/planning_ros_msgs/share/gennodejs/ros/planning_ros_msgs/msg/Log.js, /home/rajendra/kr_ws/devel/share/gennodejs/ros/planning_ros_msgs/msg/Log.js)
Linked: (/home/rajendra/kr_ws/devel/.private/planning_ros_msgs/share/gennodejs/ros/planning_ros_msgs/msg/PlanTwoPointActionResult.js, /home/rajendra/kr_ws/devel/share/gennodejs/ros/planning_ros_msgs/msg/PlanTwoPointActionResult.js)
Linked: (/home/rajendra/kr_ws/devel/.private/planning_ros_msgs/share/gennodejs/ros/planning_ros_msgs/msg/PlanTwoPointGoal.js, /home/rajendra/kr_ws/devel/share/gennodejs/ros/planning_ros_msgs/msg/PlanTwoPointGoal.js)
Linked: (/home/rajendra/kr_ws/devel/.private/planning_ros_msgs/share/gennodejs/ros/planning_ros_msgs/msg/PlanPathResult.js, /home/rajendra/kr_ws/devel/share/gennodejs/ros/planning_ros_msgs/msg/PlanPathResult.js)
Linked: (/home/rajendra/kr_ws/devel/.private/planning_ros_msgs/share/common-lisp/ros/planning_ros_msgs/msg/PlanTwoPointResult.lisp, /home/rajendra/kr_ws/devel/share/common-lisp/ros/planning_ros_msgs/msg/PlanTwoPointResult.lisp)
Linked: (/home/rajendra/kr_ws/devel/.private/planning_ros_msgs/share/common-lisp/ros/planning_ros_msgs/msg/Primitive.lisp, /home/rajendra/kr_ws/devel/share/common-lisp/ros/planning_ros_msgs/msg/Primitive.lisp)
Linked: (/home/rajendra/kr_ws/devel/.private/planning_ros_msgs/share/common-lisp/ros/planning_ros_msgs/msg/PlanTwoPointAction.lisp, /home/rajendra/kr_ws/devel/share/common-lisp/ros/planning_ros_msgs/msg/PlanTwoPointAction.lisp)
Linked: (/home/rajendra/kr_ws/devel/.private/planning_ros_msgs/share/common-lisp/ros/planning_ros_msgs/msg/Polynomial.lisp, /home/rajendra/kr_ws/devel/share/common-lisp/ros/planning_ros_msgs/msg/Polynomial.lisp)
Linked: (/home/rajendra/kr_ws/devel/.private/planning_ros_msgs/share/common-lisp/ros/planning_ros_msgs/msg/_package_PathArray.lisp, /home/rajendra/kr_ws/devel/share/common-lisp/ros/planning_ros_msgs/msg/_package_PathArray.lisp)
Linked: (/home/rajendra/kr_ws/devel/.private/planning_ros_msgs/share/common-lisp/ros/planning_ros_msgs/msg/_package_SplineTrajectory.lisp, /home/rajendra/kr_ws/devel/share/common-lisp/ros/planning_ros_msgs/msg/_package_SplineTrajectory.lisp)
Linked: (/home/rajendra/kr_ws/devel/.private/planning_ros_msgs/share/common-lisp/ros/planning_ros_msgs/msg/PlanTwoPointActionFeedback.lisp, /home/rajendra/kr_ws/devel/share/common-lisp/ros/planning_ros_msgs/msg/PlanTwoPointActionFeedback.lisp)
Linked: (/home/rajendra/kr_ws/devel/.private/planning_ros_msgs/share/common-lisp/ros/planning_ros_msgs/msg/_package_PlanTwoPointActionResult.lisp, /home/rajendra/kr_ws/devel/share/common-lisp/ros/planning_ros_msgs/msg/_package_PlanTwoPointActionResult.lisp)
Linked: (/home/rajendra/kr_ws/devel/.private/planning_ros_msgs/share/common-lisp/ros/planning_ros_msgs/msg/PlanPathActionGoal.lisp, /home/rajendra/kr_ws/devel/share/common-lisp/ros/planning_ros_msgs/msg/PlanPathActionGoal.lisp)
Linked: (/home/rajendra/kr_ws/devel/.private/planning_ros_msgs/share/common-lisp/ros/planning_ros_msgs/msg/PlanTwoPointFeedback.lisp, /home/rajendra/kr_ws/devel/share/common-lisp/ros/planning_ros_msgs/msg/PlanTwoPointFeedback.lisp)
Linked: (/home/rajendra/kr_ws/devel/.private/planning_ros_msgs/share/common-lisp/ros/planning_ros_msgs/msg/_package_Path.lisp, /home/rajendra/kr_ws/devel/share/common-lisp/ros/planning_ros_msgs/msg/_package_Path.lisp)
Linked: (/home/rajendra/kr_ws/devel/.private/planning_ros_msgs/share/common-lisp/ros/planning_ros_msgs/msg/PlanPathFeedback.lisp, /home/rajendra/kr_ws/devel/share/common-lisp/ros/planning_ros_msgs/msg/PlanPathFeedback.lisp)
Linked: (/home/rajendra/kr_ws/devel/.private/planning_ros_msgs/share/common-lisp/ros/planning_ros_msgs/msg/PlanPathAction.lisp, /home/rajendra/kr_ws/devel/share/common-lisp/ros/planning_ros_msgs/msg/PlanPathAction.lisp)
Linked: (/home/rajendra/kr_ws/devel/.private/planning_ros_msgs/share/common-lisp/ros/planning_ros_msgs/msg/planning_ros_msgs-msg.asd, /home/rajendra/kr_ws/devel/share/common-lisp/ros/planning_ros_msgs/msg/planning_ros_msgs-msg.asd)
Linked: (/home/rajendra/kr_ws/devel/.private/planning_ros_msgs/share/common-lisp/ros/planning_ros_msgs/msg/_package_Spline.lisp, /home/rajendra/kr_ws/devel/share/common-lisp/ros/planning_ros_msgs/msg/_package_Spline.lisp)
Linked: (/home/rajendra/kr_ws/devel/.private/planning_ros_msgs/share/common-lisp/ros/planning_ros_msgs/msg/_package_Polynomial.lisp, /home/rajendra/kr_ws/devel/share/common-lisp/ros/planning_ros_msgs/msg/_package_Polynomial.lisp)
Linked: (/home/rajendra/kr_ws/devel/.private/planning_ros_msgs/share/common-lisp/ros/planning_ros_msgs/msg/_package_PlanTwoPointActionFeedback.lisp, /home/rajendra/kr_ws/devel/share/common-lisp/ros/planning_ros_msgs/msg/_package_PlanTwoPointActionFeedback.lisp)
Linked: (/home/rajendra/kr_ws/devel/.private/planning_ros_msgs/share/common-lisp/ros/planning_ros_msgs/msg/_package_PlanPathAction.lisp, /home/rajendra/kr_ws/devel/share/common-lisp/ros/planning_ros_msgs/msg/_package_PlanPathAction.lisp)
Linked: (/home/rajendra/kr_ws/devel/.private/planning_ros_msgs/share/common-lisp/ros/planning_ros_msgs/msg/_package_PlanPathActionFeedback.lisp, /home/rajendra/kr_ws/devel/share/common-lisp/ros/planning_ros_msgs/msg/_package_PlanPathActionFeedback.lisp)
Linked: (/home/rajendra/kr_ws/devel/.private/planning_ros_msgs/share/common-lisp/ros/planning_ros_msgs/msg/_package_Trajectory.lisp, /home/rajendra/kr_ws/devel/share/common-lisp/ros/planning_ros_msgs/msg/_package_Trajectory.lisp)
Linked: (/home/rajendra/kr_ws/devel/.private/planning_ros_msgs/share/common-lisp/ros/planning_ros_msgs/msg/LambdaSeg.lisp, /home/rajendra/kr_ws/devel/share/common-lisp/ros/planning_ros_msgs/msg/LambdaSeg.lisp)
Linked: (/home/rajendra/kr_ws/devel/.private/planning_ros_msgs/share/common-lisp/ros/planning_ros_msgs/msg/_package_TrajectoryCommand.lisp, /home/rajendra/kr_ws/devel/share/common-lisp/ros/planning_ros_msgs/msg/_package_TrajectoryCommand.lisp)
Linked: (/home/rajendra/kr_ws/devel/.private/planning_ros_msgs/share/common-lisp/ros/planning_ros_msgs/msg/_package_PlanPathFeedback.lisp, /home/rajendra/kr_ws/devel/share/common-lisp/ros/planning_ros_msgs/msg/_package_PlanPathFeedback.lisp)
Linked: (/home/rajendra/kr_ws/devel/.private/planning_ros_msgs/share/common-lisp/ros/planning_ros_msgs/msg/_package_PlanTwoPointGoal.lisp, /home/rajendra/kr_ws/devel/share/common-lisp/ros/planning_ros_msgs/msg/_package_PlanTwoPointGoal.lisp)
Linked: (/home/rajendra/kr_ws/devel/.private/planning_ros_msgs/share/common-lisp/ros/planning_ros_msgs/msg/Trajectory.lisp, /home/rajendra/kr_ws/devel/share/common-lisp/ros/planning_ros_msgs/msg/Trajectory.lisp)
Linked: (/home/rajendra/kr_ws/devel/.private/planning_ros_msgs/share/common-lisp/ros/planning_ros_msgs/msg/_package_PlanPathActionGoal.lisp, /home/rajendra/kr_ws/devel/share/common-lisp/ros/planning_ros_msgs/msg/_package_PlanPathActionGoal.lisp)
Linked: (/home/rajendra/kr_ws/devel/.private/planning_ros_msgs/share/common-lisp/ros/planning_ros_msgs/msg/_package_PlanPathGoal.lisp, /home/rajendra/kr_ws/devel/share/common-lisp/ros/planning_ros_msgs/msg/_package_PlanPathGoal.lisp)
Linked: (/home/rajendra/kr_ws/devel/.private/planning_ros_msgs/share/common-lisp/ros/planning_ros_msgs/msg/_package.lisp, /home/rajendra/kr_ws/devel/share/common-lisp/ros/planning_ros_msgs/msg/_package.lisp)
Linked: (/home/rajendra/kr_ws/devel/.private/planning_ros_msgs/share/common-lisp/ros/planning_ros_msgs/msg/_package_PlanTwoPointAction.lisp, /home/rajendra/kr_ws/devel/share/common-lisp/ros/planning_ros_msgs/msg/_package_PlanTwoPointAction.lisp)
Linked: (/home/rajendra/kr_ws/devel/.private/planning_ros_msgs/share/common-lisp/ros/planning_ros_msgs/msg/_package_PlanTwoPointResult.lisp, /home/rajendra/kr_ws/devel/share/common-lisp/ros/planning_ros_msgs/msg/_package_PlanTwoPointResult.lisp)
Linked: (/home/rajendra/kr_ws/devel/.private/planning_ros_msgs/share/common-lisp/ros/planning_ros_msgs/msg/_package_PlanTwoPointActionGoal.lisp, /home/rajendra/kr_ws/devel/share/common-lisp/ros/planning_ros_msgs/msg/_package_PlanTwoPointActionGoal.lisp)
Linked: (/home/rajendra/kr_ws/devel/.private/planning_ros_msgs/share/common-lisp/ros/planning_ros_msgs/msg/_package_LambdaSeg.lisp, /home/rajendra/kr_ws/devel/share/common-lisp/ros/planning_ros_msgs/msg/_package_LambdaSeg.lisp)
Linked: (/home/rajendra/kr_ws/devel/.private/planning_ros_msgs/share/common-lisp/ros/planning_ros_msgs/msg/_package_PlanPathActionResult.lisp, /home/rajendra/kr_ws/devel/share/common-lisp/ros/planning_ros_msgs/msg/_package_PlanPathActionResult.lisp)
Linked: (/home/rajendra/kr_ws/devel/.private/planning_ros_msgs/share/common-lisp/ros/planning_ros_msgs/msg/PlanTwoPointActionGoal.lisp, /home/rajendra/kr_ws/devel/share/common-lisp/ros/planning_ros_msgs/msg/PlanTwoPointActionGoal.lisp)
Linked: (/home/rajendra/kr_ws/devel/.private/planning_ros_msgs/share/common-lisp/ros/planning_ros_msgs/msg/_package_Primitive.lisp, /home/rajendra/kr_ws/devel/share/common-lisp/ros/planning_ros_msgs/msg/_package_Primitive.lisp)
Linked: (/home/rajendra/kr_ws/devel/.private/planning_ros_msgs/share/common-lisp/ros/planning_ros_msgs/msg/PlanPathGoal.lisp, /home/rajendra/kr_ws/devel/share/common-lisp/ros/planning_ros_msgs/msg/PlanPathGoal.lisp)
Linked: (/home/rajendra/kr_ws/devel/.private/planning_ros_msgs/share/common-lisp/ros/planning_ros_msgs/msg/PlanTwoPointGoal.lisp, /home/rajendra/kr_ws/devel/share/common-lisp/ros/planning_ros_msgs/msg/PlanTwoPointGoal.lisp)
Linked: (/home/rajendra/kr_ws/devel/.private/planning_ros_msgs/share/common-lisp/ros/planning_ros_msgs/msg/VoxelMap.lisp, /home/rajendra/kr_ws/devel/share/common-lisp/ros/planning_ros_msgs/msg/VoxelMap.lisp)
Linked: (/home/rajendra/kr_ws/devel/.private/planning_ros_msgs/share/common-lisp/ros/planning_ros_msgs/msg/Path.lisp, /home/rajendra/kr_ws/devel/share/common-lisp/ros/planning_ros_msgs/msg/Path.lisp)
Linked: (/home/rajendra/kr_ws/devel/.private/planning_ros_msgs/share/common-lisp/ros/planning_ros_msgs/msg/_package_PrimitiveArray.lisp, /home/rajendra/kr_ws/devel/share/common-lisp/ros/planning_ros_msgs/msg/_package_PrimitiveArray.lisp)
Linked: (/home/rajendra/kr_ws/devel/.private/planning_ros_msgs/share/common-lisp/ros/planning_ros_msgs/msg/Log.lisp, /home/rajendra/kr_ws/devel/share/common-lisp/ros/planning_ros_msgs/msg/Log.lisp)
Linked: (/home/rajendra/kr_ws/devel/.private/planning_ros_msgs/share/common-lisp/ros/planning_ros_msgs/msg/TrajectoryCommand.lisp, /home/rajendra/kr_ws/devel/share/common-lisp/ros/planning_ros_msgs/msg/TrajectoryCommand.lisp)
Linked: (/home/rajendra/kr_ws/devel/.private/planning_ros_msgs/share/common-lisp/ros/planning_ros_msgs/msg/PrimitiveArray.lisp, /home/rajendra/kr_ws/devel/share/common-lisp/ros/planning_ros_msgs/msg/PrimitiveArray.lisp)
Linked: (/home/rajendra/kr_ws/devel/.private/planning_ros_msgs/share/common-lisp/ros/planning_ros_msgs/msg/PlanPathActionFeedback.lisp, /home/rajendra/kr_ws/devel/share/common-lisp/ros/planning_ros_msgs/msg/PlanPathActionFeedback.lisp)
Linked: (/home/rajendra/kr_ws/devel/.private/planning_ros_msgs/share/common-lisp/ros/planning_ros_msgs/msg/SplineTrajectory.lisp, /home/rajendra/kr_ws/devel/share/common-lisp/ros/planning_ros_msgs/msg/SplineTrajectory.lisp)
Linked: (/home/rajendra/kr_ws/devel/.private/planning_ros_msgs/share/common-lisp/ros/planning_ros_msgs/msg/_package_Log.lisp, /home/rajendra/kr_ws/devel/share/common-lisp/ros/planning_ros_msgs/msg/_package_Log.lisp)
Linked: (/home/rajendra/kr_ws/devel/.private/planning_ros_msgs/share/common-lisp/ros/planning_ros_msgs/msg/PlanTwoPointActionResult.lisp, /home/rajendra/kr_ws/devel/share/common-lisp/ros/planning_ros_msgs/msg/PlanTwoPointActionResult.lisp)
Linked: (/home/rajendra/kr_ws/devel/.private/planning_ros_msgs/share/common-lisp/ros/planning_ros_msgs/msg/PlanPathActionResult.lisp, /home/rajendra/kr_ws/devel/share/common-lisp/ros/planning_ros_msgs/msg/PlanPathActionResult.lisp)
Linked: (/home/rajendra/kr_ws/devel/.private/planning_ros_msgs/share/common-lisp/ros/planning_ros_msgs/msg/Spline.lisp, /home/rajendra/kr_ws/devel/share/common-lisp/ros/planning_ros_msgs/msg/Spline.lisp)
Linked: (/home/rajendra/kr_ws/devel/.private/planning_ros_msgs/share/common-lisp/ros/planning_ros_msgs/msg/_package_VoxelMap.lisp, /home/rajendra/kr_ws/devel/share/common-lisp/ros/planning_ros_msgs/msg/_package_VoxelMap.lisp)
Linked: (/home/rajendra/kr_ws/devel/.private/planning_ros_msgs/share/common-lisp/ros/planning_ros_msgs/msg/_package_PlanTwoPointFeedback.lisp, /home/rajendra/kr_ws/devel/share/common-lisp/ros/planning_ros_msgs/msg/_package_PlanTwoPointFeedback.lisp)
Linked: (/home/rajendra/kr_ws/devel/.private/planning_ros_msgs/share/common-lisp/ros/planning_ros_msgs/msg/_package_StateTransition.lisp, /home/rajendra/kr_ws/devel/share/common-lisp/ros/planning_ros_msgs/msg/_package_StateTransition.lisp)
Linked: (/home/rajendra/kr_ws/devel/.private/planning_ros_msgs/share/common-lisp/ros/planning_ros_msgs/msg/StateTransition.lisp, /home/rajendra/kr_ws/devel/share/common-lisp/ros/planning_ros_msgs/msg/StateTransition.lisp)
Linked: (/home/rajendra/kr_ws/devel/.private/planning_ros_msgs/share/common-lisp/ros/planning_ros_msgs/msg/PathArray.lisp, /home/rajendra/kr_ws/devel/share/common-lisp/ros/planning_ros_msgs/msg/PathArray.lisp)
Linked: (/home/rajendra/kr_ws/devel/.private/planning_ros_msgs/share/common-lisp/ros/planning_ros_msgs/msg/PlanPathResult.lisp, /home/rajendra/kr_ws/devel/share/common-lisp/ros/planning_ros_msgs/msg/PlanPathResult.lisp)
Linked: (/home/rajendra/kr_ws/devel/.private/planning_ros_msgs/share/common-lisp/ros/planning_ros_msgs/msg/_package_PlanPathResult.lisp, /home/rajendra/kr_ws/devel/share/common-lisp/ros/planning_ros_msgs/msg/_package_PlanPathResult.lisp)
Linked: (/home/rajendra/kr_ws/devel/.private/planning_ros_msgs/include/planning_ros_msgs/PlanTwoPointActionFeedback.h, /home/rajendra/kr_ws/devel/include/planning_ros_msgs/PlanTwoPointActionFeedback.h)
Linked: (/home/rajendra/kr_ws/devel/.private/planning_ros_msgs/include/planning_ros_msgs/PlanPathResult.h, /home/rajendra/kr_ws/devel/include/planning_ros_msgs/PlanPathResult.h)
Linked: (/home/rajendra/kr_ws/devel/.private/planning_ros_msgs/include/planning_ros_msgs/Path.h, /home/rajendra/kr_ws/devel/include/planning_ros_msgs/Path.h)
Linked: (/home/rajendra/kr_ws/devel/.private/planning_ros_msgs/include/planning_ros_msgs/SplineTrajectory.h, /home/rajendra/kr_ws/devel/include/planning_ros_msgs/SplineTrajectory.h)
Linked: (/home/rajendra/kr_ws/devel/.private/planning_ros_msgs/include/planning_ros_msgs/PlanTwoPointResult.h, /home/rajendra/kr_ws/devel/include/planning_ros_msgs/PlanTwoPointResult.h)
Linked: (/home/rajendra/kr_ws/devel/.private/planning_ros_msgs/include/planning_ros_msgs/Spline.h, /home/rajendra/kr_ws/devel/include/planning_ros_msgs/Spline.h)
Linked: (/home/rajendra/kr_ws/devel/.private/planning_ros_msgs/include/planning_ros_msgs/TrajectoryCommand.h, /home/rajendra/kr_ws/devel/include/planning_ros_msgs/TrajectoryCommand.h)
Linked: (/home/rajendra/kr_ws/devel/.private/planning_ros_msgs/include/planning_ros_msgs/PathArray.h, /home/rajendra/kr_ws/devel/include/planning_ros_msgs/PathArray.h)
Linked: (/home/rajendra/kr_ws/devel/.private/planning_ros_msgs/include/planning_ros_msgs/PlanTwoPointActionResult.h, /home/rajendra/kr_ws/devel/include/planning_ros_msgs/PlanTwoPointActionResult.h)
Linked: (/home/rajendra/kr_ws/devel/.private/planning_ros_msgs/include/planning_ros_msgs/VoxelMap.h, /home/rajendra/kr_ws/devel/include/planning_ros_msgs/VoxelMap.h)
Linked: (/home/rajendra/kr_ws/devel/.private/planning_ros_msgs/include/planning_ros_msgs/PlanTwoPointActionGoal.h, /home/rajendra/kr_ws/devel/include/planning_ros_msgs/PlanTwoPointActionGoal.h)
Linked: (/home/rajendra/kr_ws/devel/.private/planning_ros_msgs/include/planning_ros_msgs/Primitive.h, /home/rajendra/kr_ws/devel/include/planning_ros_msgs/Primitive.h)
Linked: (/home/rajendra/kr_ws/devel/.private/planning_ros_msgs/include/planning_ros_msgs/LambdaSeg.h, /home/rajendra/kr_ws/devel/include/planning_ros_msgs/LambdaSeg.h)
Linked: (/home/rajendra/kr_ws/devel/.private/planning_ros_msgs/include/planning_ros_msgs/PlanTwoPointAction.h, /home/rajendra/kr_ws/devel/include/planning_ros_msgs/PlanTwoPointAction.h)
Linked: (/home/rajendra/kr_ws/devel/.private/planning_ros_msgs/include/planning_ros_msgs/Trajectory.h, /home/rajendra/kr_ws/devel/include/planning_ros_msgs/Trajectory.h)
Linked: (/home/rajendra/kr_ws/devel/.private/planning_ros_msgs/include/planning_ros_msgs/PlanPathGoal.h, /home/rajendra/kr_ws/devel/include/planning_ros_msgs/PlanPathGoal.h)
Linked: (/home/rajendra/kr_ws/devel/.private/planning_ros_msgs/include/planning_ros_msgs/PlanPathAction.h, /home/rajendra/kr_ws/devel/include/planning_ros_msgs/PlanPathAction.h)
Linked: (/home/rajendra/kr_ws/devel/.private/planning_ros_msgs/include/planning_ros_msgs/Log.h, /home/rajendra/kr_ws/devel/include/planning_ros_msgs/Log.h)
Linked: (/home/rajendra/kr_ws/devel/.private/planning_ros_msgs/include/planning_ros_msgs/PlanPathActionResult.h, /home/rajendra/kr_ws/devel/include/planning_ros_msgs/PlanPathActionResult.h)
Linked: (/home/rajendra/kr_ws/devel/.private/planning_ros_msgs/include/planning_ros_msgs/PlanPathActionFeedback.h, /home/rajendra/kr_ws/devel/include/planning_ros_msgs/PlanPathActionFeedback.h)
Linked: (/home/rajendra/kr_ws/devel/.private/planning_ros_msgs/include/planning_ros_msgs/PlanTwoPointFeedback.h, /home/rajendra/kr_ws/devel/include/planning_ros_msgs/PlanTwoPointFeedback.h)
Linked: (/home/rajendra/kr_ws/devel/.private/planning_ros_msgs/include/planning_ros_msgs/PlanPathActionGoal.h, /home/rajendra/kr_ws/devel/include/planning_ros_msgs/PlanPathActionGoal.h)
Linked: (/home/rajendra/kr_ws/devel/.private/planning_ros_msgs/include/planning_ros_msgs/PrimitiveArray.h, /home/rajendra/kr_ws/devel/include/planning_ros_msgs/PrimitiveArray.h)
Linked: (/home/rajendra/kr_ws/devel/.private/planning_ros_msgs/include/planning_ros_msgs/PlanPathFeedback.h, /home/rajendra/kr_ws/devel/include/planning_ros_msgs/PlanPathFeedback.h)
Linked: (/home/rajendra/kr_ws/devel/.private/planning_ros_msgs/include/planning_ros_msgs/Polynomial.h, /home/rajendra/kr_ws/devel/include/planning_ros_msgs/Polynomial.h)
Linked: (/home/rajendra/kr_ws/devel/.private/planning_ros_msgs/include/planning_ros_msgs/StateTransition.h, /home/rajendra/kr_ws/devel/include/planning_ros_msgs/StateTransition.h)
Linked: (/home/rajendra/kr_ws/devel/.private/planning_ros_msgs/include/planning_ros_msgs/PlanTwoPointGoal.h, /home/rajendra/kr_ws/devel/include/planning_ros_msgs/PlanTwoPointGoal.h)
Linked: (/home/rajendra/kr_ws/devel/.private/planning_ros_msgs/lib/python3/dist-packages/planning_ros_msgs/__init__.py, /home/rajendra/kr_ws/devel/lib/python3/dist-packages/planning_ros_msgs/__init__.py)
Linked: (/home/rajendra/kr_ws/devel/.private/planning_ros_msgs/lib/python3/dist-packages/planning_ros_msgs/msg/_TrajectoryCommand.py, /home/rajendra/kr_ws/devel/lib/python3/dist-packages/planning_ros_msgs/msg/_TrajectoryCommand.py)
Linked: (/home/rajendra/kr_ws/devel/.private/planning_ros_msgs/lib/python3/dist-packages/planning_ros_msgs/msg/_PlanTwoPointActionFeedback.py, /home/rajendra/kr_ws/devel/lib/python3/dist-packages/planning_ros_msgs/msg/_PlanTwoPointActionFeedback.py)
Linked: (/home/rajendra/kr_ws/devel/.private/planning_ros_msgs/lib/python3/dist-packages/planning_ros_msgs/msg/_Path.py, /home/rajendra/kr_ws/devel/lib/python3/dist-packages/planning_ros_msgs/msg/_Path.py)
Linked: (/home/rajendra/kr_ws/devel/.private/planning_ros_msgs/lib/python3/dist-packages/planning_ros_msgs/msg/_Spline.py, /home/rajendra/kr_ws/devel/lib/python3/dist-packages/planning_ros_msgs/msg/_Spline.py)
Linked: (/home/rajendra/kr_ws/devel/.private/planning_ros_msgs/lib/python3/dist-packages/planning_ros_msgs/msg/_PlanTwoPointActionGoal.py, /home/rajendra/kr_ws/devel/lib/python3/dist-packages/planning_ros_msgs/msg/_PlanTwoPointActionGoal.py)
Linked: (/home/rajendra/kr_ws/devel/.private/planning_ros_msgs/lib/python3/dist-packages/planning_ros_msgs/msg/__init__.py, /home/rajendra/kr_ws/devel/lib/python3/dist-packages/planning_ros_msgs/msg/__init__.py)
Linked: (/home/rajendra/kr_ws/devel/.private/planning_ros_msgs/lib/python3/dist-packages/planning_ros_msgs/msg/_SplineTrajectory.py, /home/rajendra/kr_ws/devel/lib/python3/dist-packages/planning_ros_msgs/msg/_SplineTrajectory.py)
Linked: (/home/rajendra/kr_ws/devel/.private/planning_ros_msgs/lib/python3/dist-packages/planning_ros_msgs/msg/_PlanPathActionGoal.py, /home/rajendra/kr_ws/devel/lib/python3/dist-packages/planning_ros_msgs/msg/_PlanPathActionGoal.py)
Linked: (/home/rajendra/kr_ws/devel/.private/planning_ros_msgs/lib/python3/dist-packages/planning_ros_msgs/msg/_PlanTwoPointFeedback.py, /home/rajendra/kr_ws/devel/lib/python3/dist-packages/planning_ros_msgs/msg/_PlanTwoPointFeedback.py)
Linked: (/home/rajendra/kr_ws/devel/.private/planning_ros_msgs/lib/python3/dist-packages/planning_ros_msgs/msg/_PrimitiveArray.py, /home/rajendra/kr_ws/devel/lib/python3/dist-packages/planning_ros_msgs/msg/_PrimitiveArray.py)
Linked: (/home/rajendra/kr_ws/devel/.private/planning_ros_msgs/lib/python3/dist-packages/planning_ros_msgs/msg/_Trajectory.py, /home/rajendra/kr_ws/devel/lib/python3/dist-packages/planning_ros_msgs/msg/_Trajectory.py)
Linked: (/home/rajendra/kr_ws/devel/.private/planning_ros_msgs/lib/python3/dist-packages/planning_ros_msgs/msg/_PlanTwoPointGoal.py, /home/rajendra/kr_ws/devel/lib/python3/dist-packages/planning_ros_msgs/msg/_PlanTwoPointGoal.py)
Linked: (/home/rajendra/kr_ws/devel/.private/planning_ros_msgs/lib/python3/dist-packages/planning_ros_msgs/msg/_PlanPathGoal.py, /home/rajendra/kr_ws/devel/lib/python3/dist-packages/planning_ros_msgs/msg/_PlanPathGoal.py)
Linked: (/home/rajendra/kr_ws/devel/.private/planning_ros_msgs/lib/python3/dist-packages/planning_ros_msgs/msg/_PlanPathActionFeedback.py, /home/rajendra/kr_ws/devel/lib/python3/dist-packages/planning_ros_msgs/msg/_PlanPathActionFeedback.py)
Linked: (/home/rajendra/kr_ws/devel/.private/planning_ros_msgs/lib/python3/dist-packages/planning_ros_msgs/msg/_Log.py, /home/rajendra/kr_ws/devel/lib/python3/dist-packages/planning_ros_msgs/msg/_Log.py)
Linked: (/home/rajendra/kr_ws/devel/.private/planning_ros_msgs/lib/python3/dist-packages/planning_ros_msgs/msg/_PlanPathFeedback.py, /home/rajendra/kr_ws/devel/lib/python3/dist-packages/planning_ros_msgs/msg/_PlanPathFeedback.py)
Linked: (/home/rajendra/kr_ws/devel/.private/planning_ros_msgs/lib/python3/dist-packages/planning_ros_msgs/msg/_PlanPathAction.py, /home/rajendra/kr_ws/devel/lib/python3/dist-packages/planning_ros_msgs/msg/_PlanPathAction.py)
Linked: (/home/rajendra/kr_ws/devel/.private/planning_ros_msgs/lib/python3/dist-packages/planning_ros_msgs/msg/_StateTransition.py, /home/rajendra/kr_ws/devel/lib/python3/dist-packages/planning_ros_msgs/msg/_StateTransition.py)
Linked: (/home/rajendra/kr_ws/devel/.private/planning_ros_msgs/lib/python3/dist-packages/planning_ros_msgs/msg/_PlanTwoPointResult.py, /home/rajendra/kr_ws/devel/lib/python3/dist-packages/planning_ros_msgs/msg/_PlanTwoPointResult.py)
Linked: (/home/rajendra/kr_ws/devel/.private/planning_ros_msgs/lib/python3/dist-packages/planning_ros_msgs/msg/_PlanPathResult.py, /home/rajendra/kr_ws/devel/lib/python3/dist-packages/planning_ros_msgs/msg/_PlanPathResult.py)
Linked: (/home/rajendra/kr_ws/devel/.private/planning_ros_msgs/lib/python3/dist-packages/planning_ros_msgs/msg/_Polynomial.py, /home/rajendra/kr_ws/devel/lib/python3/dist-packages/planning_ros_msgs/msg/_Polynomial.py)
Linked: (/home/rajendra/kr_ws/devel/.private/planning_ros_msgs/lib/python3/dist-packages/planning_ros_msgs/msg/_Primitive.py, /home/rajendra/kr_ws/devel/lib/python3/dist-packages/planning_ros_msgs/msg/_Primitive.py)
Linked: (/home/rajendra/kr_ws/devel/.private/planning_ros_msgs/lib/python3/dist-packages/planning_ros_msgs/msg/_PlanTwoPointAction.py, /home/rajendra/kr_ws/devel/lib/python3/dist-packages/planning_ros_msgs/msg/_PlanTwoPointAction.py)
Linked: (/home/rajendra/kr_ws/devel/.private/planning_ros_msgs/lib/python3/dist-packages/planning_ros_msgs/msg/_LambdaSeg.py, /home/rajendra/kr_ws/devel/lib/python3/dist-packages/planning_ros_msgs/msg/_LambdaSeg.py)
Linked: (/home/rajendra/kr_ws/devel/.private/planning_ros_msgs/lib/python3/dist-packages/planning_ros_msgs/msg/_VoxelMap.py, /home/rajendra/kr_ws/devel/lib/python3/dist-packages/planning_ros_msgs/msg/_VoxelMap.py)
Linked: (/home/rajendra/kr_ws/devel/.private/planning_ros_msgs/lib/python3/dist-packages/planning_ros_msgs/msg/_PathArray.py, /home/rajendra/kr_ws/devel/lib/python3/dist-packages/planning_ros_msgs/msg/_PathArray.py)
Linked: (/home/rajendra/kr_ws/devel/.private/planning_ros_msgs/lib/python3/dist-packages/planning_ros_msgs/msg/_PlanTwoPointActionResult.py, /home/rajendra/kr_ws/devel/lib/python3/dist-packages/planning_ros_msgs/msg/_PlanTwoPointActionResult.py)
Linked: (/home/rajendra/kr_ws/devel/.private/planning_ros_msgs/lib/python3/dist-packages/planning_ros_msgs/msg/_PlanPathActionResult.py, /home/rajendra/kr_ws/devel/lib/python3/dist-packages/planning_ros_msgs/msg/_PlanPathActionResult.py)
Linked: (/home/rajendra/kr_ws/devel/.private/planning_ros_msgs/lib/pkgconfig/planning_ros_msgs.pc, /home/rajendra/kr_ws/devel/lib/pkgconfig/planning_ros_msgs.pc)
