[35m[1mScanning dependencies of target _planning_ros_msgs_generate_messages_check_deps_Polynomial[0m
[  0%] Built target _planning_ros_msgs_generate_messages_check_deps_Polynomial
[35m[1mScanning dependencies of target _planning_ros_msgs_generate_messages_check_deps_Primitive[0m
[  0%] Built target _planning_ros_msgs_generate_messages_check_deps_Primitive
[35m[1mScanning dependencies of target _planning_ros_msgs_generate_messages_check_deps_PlanTwoPointActionResult[0m
[  0%] Built target _planning_ros_msgs_generate_messages_check_deps_PlanTwoPointActionResult
[35m[1mScanning dependencies of target _planning_ros_msgs_generate_messages_check_deps_PlanTwoPointActionFeedback[0m
[  0%] Built target _planning_ros_msgs_generate_messages_check_deps_PlanTwoPointActionFeedback
[35m[1mScanning dependencies of target _planning_ros_msgs_generate_messages_check_deps_Path[0m
[  0%] Built target _planning_ros_msgs_generate_messages_check_deps_Path
[35m[1mScanning dependencies of target _planning_ros_msgs_generate_messages_check_deps_PlanPathFeedback[0m
[  0%] Built target _planning_ros_msgs_generate_messages_check_deps_PlanPathFeedback
[35m[1mScanning dependencies of target _planning_ros_msgs_generate_messages_check_deps_PlanTwoPointAction[0m
[  0%] Built target _planning_ros_msgs_generate_messages_check_deps_PlanTwoPointAction
[35m[1mScanning dependencies of target _planning_ros_msgs_generate_messages_check_deps_LambdaSeg[0m
[  0%] Built target _planning_ros_msgs_generate_messages_check_deps_LambdaSeg
[35m[1mScanning dependencies of target geometry_msgs_generate_messages_nodejs[0m
[  0%] Built target geometry_msgs_generate_messages_nodejs
[35m[1mScanning dependencies of target actionlib_msgs_generate_messages_nodejs[0m
[  0%] Built target actionlib_msgs_generate_messages_nodejs
[35m[1mScanning dependencies of target _planning_ros_msgs_generate_messages_check_deps_PlanPathGoal[0m
[  0%] Built target _planning_ros_msgs_generate_messages_check_deps_PlanPathGoal
[35m[1mScanning dependencies of target _planning_ros_msgs_generate_messages_check_deps_PrimitiveArray[0m
[  0%] Built target _planning_ros_msgs_generate_messages_check_deps_PrimitiveArray
[35m[1mScanning dependencies of target _planning_ros_msgs_generate_messages_check_deps_PathArray[0m
[  0%] Built target _planning_ros_msgs_generate_messages_check_deps_PathArray
[35m[1mScanning dependencies of target _planning_ros_msgs_generate_messages_check_deps_Spline[0m
[  0%] Built target _planning_ros_msgs_generate_messages_check_deps_Spline
[35m[1mScanning dependencies of target _planning_ros_msgs_generate_messages_check_deps_SplineTrajectory[0m
[  0%] Built target _planning_ros_msgs_generate_messages_check_deps_SplineTrajectory
[35m[1mScanning dependencies of target _planning_ros_msgs_generate_messages_check_deps_Trajectory[0m
[  0%] Built target _planning_ros_msgs_generate_messages_check_deps_Trajectory
[35m[1mScanning dependencies of target _planning_ros_msgs_generate_messages_check_deps_TrajectoryCommand[0m
[  0%] Built target _planning_ros_msgs_generate_messages_check_deps_TrajectoryCommand
[35m[1mScanning dependencies of target nav_msgs_generate_messages_nodejs[0m
[  0%] Built target nav_msgs_generate_messages_nodejs
[35m[1mScanning dependencies of target _planning_ros_msgs_generate_messages_check_deps_StateTransition[0m
[  0%] Built target _planning_ros_msgs_generate_messages_check_deps_StateTransition
[35m[1mScanning dependencies of target _planning_ros_msgs_generate_messages_check_deps_VoxelMap[0m
[  0%] Built target _planning_ros_msgs_generate_messages_check_deps_VoxelMap
[35m[1mScanning dependencies of target _planning_ros_msgs_generate_messages_check_deps_PlanPathActionGoal[0m
[  0%] Built target _planning_ros_msgs_generate_messages_check_deps_PlanPathActionGoal
[35m[1mScanning dependencies of target _planning_ros_msgs_generate_messages_check_deps_PlanPathAction[0m
[  0%] Built target _planning_ros_msgs_generate_messages_check_deps_PlanPathAction
[35m[1mScanning dependencies of target _planning_ros_msgs_generate_messages_check_deps_PlanPathActionResult[0m
[  0%] Built target _planning_ros_msgs_generate_messages_check_deps_PlanPathActionResult
[35m[1mScanning dependencies of target _planning_ros_msgs_generate_messages_check_deps_PlanPathActionFeedback[0m
[  0%] Built target _planning_ros_msgs_generate_messages_check_deps_PlanPathActionFeedback
[35m[1mScanning dependencies of target _planning_ros_msgs_generate_messages_check_deps_Log[0m
[  0%] Built target _planning_ros_msgs_generate_messages_check_deps_Log
[35m[1mScanning dependencies of target _planning_ros_msgs_generate_messages_check_deps_PlanPathResult[0m
[  0%] Built target _planning_ros_msgs_generate_messages_check_deps_PlanPathResult
[35m[1mScanning dependencies of target _planning_ros_msgs_generate_messages_check_deps_PlanTwoPointResult[0m
[  0%] Built target _planning_ros_msgs_generate_messages_check_deps_PlanTwoPointResult
[35m[1mScanning dependencies of target _planning_ros_msgs_generate_messages_check_deps_PlanTwoPointActionGoal[0m
[  0%] Built target _planning_ros_msgs_generate_messages_check_deps_PlanTwoPointActionGoal
[35m[1mScanning dependencies of target _planning_ros_msgs_generate_messages_check_deps_PlanTwoPointGoal[0m
[  0%] Built target _planning_ros_msgs_generate_messages_check_deps_PlanTwoPointGoal
[35m[1mScanning dependencies of target _planning_ros_msgs_generate_messages_check_deps_PlanTwoPointFeedback[0m
[  0%] Built target _planning_ros_msgs_generate_messages_check_deps_PlanTwoPointFeedback
[35m[1mScanning dependencies of target actionlib_msgs_generate_messages_py[0m
[  0%] Built target actionlib_msgs_generate_messages_py
[35m[1mScanning dependencies of target geometry_msgs_generate_messages_py[0m
[  0%] Built target geometry_msgs_generate_messages_py
[35m[1mScanning dependencies of target nav_msgs_generate_messages_py[0m
[  0%] Built target nav_msgs_generate_messages_py
[35m[1mScanning dependencies of target nav_msgs_generate_messages_cpp[0m
[  0%] Built target nav_msgs_generate_messages_cpp
[35m[1mScanning dependencies of target geometry_msgs_generate_messages_cpp[0m
[  0%] Built target geometry_msgs_generate_messages_cpp
[35m[1mScanning dependencies of target actionlib_msgs_generate_messages_cpp[0m
[  0%] Built target actionlib_msgs_generate_messages_cpp
[35m[1mScanning dependencies of target nav_msgs_generate_messages_eus[0m
[  0%] Built target nav_msgs_generate_messages_eus
[35m[1mScanning dependencies of target actionlib_msgs_generate_messages_eus[0m
[  0%] Built target actionlib_msgs_generate_messages_eus
[35m[1mScanning dependencies of target geometry_msgs_generate_messages_eus[0m
[  0%] Built target geometry_msgs_generate_messages_eus
[35m[1mScanning dependencies of target actionlib_msgs_generate_messages_lisp[0m
[  0%] Built target actionlib_msgs_generate_messages_lisp
[35m[1mScanning dependencies of target nav_msgs_generate_messages_lisp[0m
[  0%] Built target nav_msgs_generate_messages_lisp
[35m[1mScanning dependencies of target geometry_msgs_generate_messages_lisp[0m
[  0%] Built target geometry_msgs_generate_messages_lisp
[35m[1mScanning dependencies of target planning_ros_msgs_generate_messages_nodejs[0m
[  0%] [34m[1mGenerating Javascript code from planning_ros_msgs/LambdaSeg.msg[0m
[  1%] [34m[1mGenerating Javascript code from planning_ros_msgs/Log.msg[0m
[  2%] [34m[1mGenerating Javascript code from planning_ros_msgs/Path.msg[0m
[  2%] [34m[1mGenerating Javascript code from planning_ros_msgs/PathArray.msg[0m
[  3%] [34m[1mGenerating Javascript code from planning_ros_msgs/Polynomial.msg[0m
[  4%] [34m[1mGenerating Javascript code from planning_ros_msgs/Primitive.msg[0m
[  4%] [34m[1mGenerating Javascript code from planning_ros_msgs/PrimitiveArray.msg[0m
[  5%] [34m[1mGenerating Javascript code from planning_ros_msgs/Spline.msg[0m
[  6%] [34m[1mGenerating Javascript code from planning_ros_msgs/SplineTrajectory.msg[0m
[  6%] [34m[1mGenerating Javascript code from planning_ros_msgs/Trajectory.msg[0m
[  7%] [34m[1mGenerating Javascript code from planning_ros_msgs/TrajectoryCommand.msg[0m
[  8%] [34m[1mGenerating Javascript code from planning_ros_msgs/StateTransition.msg[0m
[  9%] [34m[1mGenerating Javascript code from planning_ros_msgs/VoxelMap.msg[0m
[  9%] [34m[1mGenerating Javascript code from planning_ros_msgs/PlanPathAction.msg[0m
[ 10%] [34m[1mGenerating Javascript code from planning_ros_msgs/PlanPathActionGoal.msg[0m
[ 11%] [34m[1mGenerating Javascript code from planning_ros_msgs/PlanPathActionResult.msg[0m
[ 11%] [34m[1mGenerating Javascript code from planning_ros_msgs/PlanPathActionFeedback.msg[0m
[ 12%] [34m[1mGenerating Javascript code from planning_ros_msgs/PlanPathGoal.msg[0m
[ 13%] [34m[1mGenerating Javascript code from planning_ros_msgs/PlanPathResult.msg[0m
[ 13%] [34m[1mGenerating Javascript code from planning_ros_msgs/PlanPathFeedback.msg[0m
[ 14%] [34m[1mGenerating Javascript code from planning_ros_msgs/PlanTwoPointAction.msg[0m
[ 15%] [34m[1mGenerating Javascript code from planning_ros_msgs/PlanTwoPointActionGoal.msg[0m
[ 15%] [34m[1mGenerating Javascript code from planning_ros_msgs/PlanTwoPointActionResult.msg[0m
[ 16%] [34m[1mGenerating Javascript code from planning_ros_msgs/PlanTwoPointActionFeedback.msg[0m
[ 17%] [34m[1mGenerating Javascript code from planning_ros_msgs/PlanTwoPointGoal.msg[0m
[ 18%] [34m[1mGenerating Javascript code from planning_ros_msgs/PlanTwoPointResult.msg[0m
[ 18%] [34m[1mGenerating Javascript code from planning_ros_msgs/PlanTwoPointFeedback.msg[0m
[ 18%] Built target planning_ros_msgs_generate_messages_nodejs
[35m[1mScanning dependencies of target planning_ros_msgs_generate_messages_py[0m
[ 20%] [34m[1mGenerating Python from MSG planning_ros_msgs/LambdaSeg[0m
[ 21%] [34m[1mGenerating Python from MSG planning_ros_msgs/Log[0m
[ 21%] [34m[1mGenerating Python from MSG planning_ros_msgs/Path[0m
[ 22%] [34m[1mGenerating Python from MSG planning_ros_msgs/PathArray[0m
[ 23%] [34m[1mGenerating Python from MSG planning_ros_msgs/Polynomial[0m
[ 23%] [34m[1mGenerating Python from MSG planning_ros_msgs/Primitive[0m
[ 24%] [34m[1mGenerating Python from MSG planning_ros_msgs/PrimitiveArray[0m
[ 25%] [34m[1mGenerating Python from MSG planning_ros_msgs/Spline[0m
[ 25%] [34m[1mGenerating Python from MSG planning_ros_msgs/SplineTrajectory[0m
[ 26%] [34m[1mGenerating Python from MSG planning_ros_msgs/Trajectory[0m
[ 27%] [34m[1mGenerating Python from MSG planning_ros_msgs/TrajectoryCommand[0m
[35m[1mScanning dependencies of target planning_ros_msgs_generate_messages_cpp[0m
[ 28%] [34m[1mGenerating C++ code from planning_ros_msgs/LambdaSeg.msg[0m
[ 28%] [34m[1mGenerating Python from MSG planning_ros_msgs/StateTransition[0m
[ 28%] [34m[1mGenerating C++ code from planning_ros_msgs/Log.msg[0m
[ 29%] [34m[1mGenerating Python from MSG planning_ros_msgs/VoxelMap[0m
[ 30%] [34m[1mGenerating C++ code from planning_ros_msgs/Path.msg[0m
[ 31%] [34m[1mGenerating Python from MSG planning_ros_msgs/PlanPathAction[0m
[ 32%] [34m[1mGenerating C++ code from planning_ros_msgs/PathArray.msg[0m
[ 32%] [34m[1mGenerating C++ code from planning_ros_msgs/Polynomial.msg[0m
[ 33%] [34m[1mGenerating Python from MSG planning_ros_msgs/PlanPathActionGoal[0m
[ 34%] [34m[1mGenerating C++ code from planning_ros_msgs/Primitive.msg[0m
[ 34%] [34m[1mGenerating Python from MSG planning_ros_msgs/PlanPathActionResult[0m
[ 35%] [34m[1mGenerating C++ code from planning_ros_msgs/PrimitiveArray.msg[0m
[ 36%] [34m[1mGenerating C++ code from planning_ros_msgs/Spline.msg[0m
[ 37%] [34m[1mGenerating Python from MSG planning_ros_msgs/PlanPathActionFeedback[0m
[ 37%] [34m[1mGenerating C++ code from planning_ros_msgs/SplineTrajectory.msg[0m
[ 38%] [34m[1mGenerating Python from MSG planning_ros_msgs/PlanPathGoal[0m
[ 40%] [34m[1mGenerating C++ code from planning_ros_msgs/Trajectory.msg[0m
[ 41%] [34m[1mGenerating C++ code from planning_ros_msgs/TrajectoryCommand.msg[0m
[ 41%] [34m[1mGenerating Python from MSG planning_ros_msgs/PlanPathResult[0m
[ 41%] [34m[1mGenerating C++ code from planning_ros_msgs/StateTransition.msg[0m
[ 42%] [34m[1mGenerating Python from MSG planning_ros_msgs/PlanPathFeedback[0m
[ 43%] [34m[1mGenerating C++ code from planning_ros_msgs/VoxelMap.msg[0m
[ 44%] [34m[1mGenerating Python from MSG planning_ros_msgs/PlanTwoPointAction[0m
[ 45%] [34m[1mGenerating C++ code from planning_ros_msgs/PlanPathAction.msg[0m
[ 45%] [34m[1mGenerating C++ code from planning_ros_msgs/PlanPathActionGoal.msg[0m
[ 45%] [34m[1mGenerating Python from MSG planning_ros_msgs/PlanTwoPointActionGoal[0m
[ 46%] [34m[1mGenerating C++ code from planning_ros_msgs/PlanPathActionResult.msg[0m
[ 47%] [34m[1mGenerating Python from MSG planning_ros_msgs/PlanTwoPointActionResult[0m
[ 48%] [34m[1mGenerating C++ code from planning_ros_msgs/PlanPathActionFeedback.msg[0m
[ 48%] [34m[1mGenerating C++ code from planning_ros_msgs/PlanPathGoal.msg[0m
[ 49%] [34m[1mGenerating Python from MSG planning_ros_msgs/PlanTwoPointActionFeedback[0m
[ 50%] [34m[1mGenerating C++ code from planning_ros_msgs/PlanPathResult.msg[0m
[ 50%] [34m[1mGenerating Python from MSG planning_ros_msgs/PlanTwoPointGoal[0m
[ 51%] [34m[1mGenerating C++ code from planning_ros_msgs/PlanPathFeedback.msg[0m
[ 52%] [34m[1mGenerating Python from MSG planning_ros_msgs/PlanTwoPointResult[0m
[ 53%] [34m[1mGenerating C++ code from planning_ros_msgs/PlanTwoPointAction.msg[0m
[ 53%] [34m[1mGenerating C++ code from planning_ros_msgs/PlanTwoPointActionGoal.msg[0m
[ 54%] [34m[1mGenerating Python from MSG planning_ros_msgs/PlanTwoPointFeedback[0m
[ 55%] [34m[1mGenerating C++ code from planning_ros_msgs/PlanTwoPointActionResult.msg[0m
[ 56%] [34m[1mGenerating Python msg __init__.py for planning_ros_msgs[0m
[ 57%] [34m[1mGenerating C++ code from planning_ros_msgs/PlanTwoPointActionFeedback.msg[0m
[ 57%] Built target planning_ros_msgs_generate_messages_py
[ 57%] [34m[1mGenerating C++ code from planning_ros_msgs/PlanTwoPointGoal.msg[0m
[ 58%] [34m[1mGenerating C++ code from planning_ros_msgs/PlanTwoPointResult.msg[0m
[ 60%] [34m[1mGenerating C++ code from planning_ros_msgs/PlanTwoPointFeedback.msg[0m
[ 60%] Built target planning_ros_msgs_generate_messages_cpp
[35m[1mScanning dependencies of target planning_ros_msgs_generate_messages_eus[0m
[ 60%] [34m[1mGenerating EusLisp code from planning_ros_msgs/LambdaSeg.msg[0m
[ 61%] [34m[1mGenerating EusLisp code from planning_ros_msgs/Log.msg[0m
[ 62%] [34m[1mGenerating EusLisp code from planning_ros_msgs/Path.msg[0m
[ 62%] [34m[1mGenerating EusLisp code from planning_ros_msgs/PathArray.msg[0m
[ 63%] [34m[1mGenerating EusLisp code from planning_ros_msgs/Polynomial.msg[0m
[ 64%] [34m[1mGenerating EusLisp code from planning_ros_msgs/Primitive.msg[0m
[ 64%] [34m[1mGenerating EusLisp code from planning_ros_msgs/PrimitiveArray.msg[0m
[ 65%] [34m[1mGenerating EusLisp code from planning_ros_msgs/Spline.msg[0m
[ 66%] [34m[1mGenerating EusLisp code from planning_ros_msgs/SplineTrajectory.msg[0m
[ 67%] [34m[1mGenerating EusLisp code from planning_ros_msgs/Trajectory.msg[0m
[ 67%] [34m[1mGenerating EusLisp code from planning_ros_msgs/TrajectoryCommand.msg[0m
[ 68%] [34m[1mGenerating EusLisp code from planning_ros_msgs/StateTransition.msg[0m
[ 69%] [34m[1mGenerating EusLisp code from planning_ros_msgs/VoxelMap.msg[0m
[ 69%] [34m[1mGenerating EusLisp code from planning_ros_msgs/PlanPathAction.msg[0m
[ 70%] [34m[1mGenerating EusLisp code from planning_ros_msgs/PlanPathActionGoal.msg[0m
[ 71%] [34m[1mGenerating EusLisp code from planning_ros_msgs/PlanPathActionResult.msg[0m
[ 71%] [34m[1mGenerating EusLisp code from planning_ros_msgs/PlanPathActionFeedback.msg[0m
[ 72%] [34m[1mGenerating EusLisp code from planning_ros_msgs/PlanPathGoal.msg[0m
[ 73%] [34m[1mGenerating EusLisp code from planning_ros_msgs/PlanPathResult.msg[0m
[ 73%] [34m[1mGenerating EusLisp code from planning_ros_msgs/PlanPathFeedback.msg[0m
[ 74%] [34m[1mGenerating EusLisp code from planning_ros_msgs/PlanTwoPointAction.msg[0m
[ 75%] [34m[1mGenerating EusLisp code from planning_ros_msgs/PlanTwoPointActionGoal.msg[0m
[ 76%] [34m[1mGenerating EusLisp code from planning_ros_msgs/PlanTwoPointActionResult.msg[0m
[ 76%] [34m[1mGenerating EusLisp code from planning_ros_msgs/PlanTwoPointActionFeedback.msg[0m
[ 77%] [34m[1mGenerating EusLisp code from planning_ros_msgs/PlanTwoPointGoal.msg[0m
[ 78%] [34m[1mGenerating EusLisp code from planning_ros_msgs/PlanTwoPointResult.msg[0m
[ 78%] [34m[1mGenerating EusLisp code from planning_ros_msgs/PlanTwoPointFeedback.msg[0m
[ 80%] [34m[1mGenerating EusLisp manifest code for planning_ros_msgs[0m
[ 80%] Built target planning_ros_msgs_generate_messages_eus
[35m[1mScanning dependencies of target planning_ros_msgs_generate_messages_lisp[0m
[ 81%] [34m[1mGenerating Lisp code from planning_ros_msgs/LambdaSeg.msg[0m
[ 81%] [34m[1mGenerating Lisp code from planning_ros_msgs/Log.msg[0m
[ 82%] [34m[1mGenerating Lisp code from planning_ros_msgs/Path.msg[0m
[ 83%] [34m[1mGenerating Lisp code from planning_ros_msgs/PathArray.msg[0m
[ 83%] [34m[1mGenerating Lisp code from planning_ros_msgs/Polynomial.msg[0m
[ 84%] [34m[1mGenerating Lisp code from planning_ros_msgs/Primitive.msg[0m
[ 85%] [34m[1mGenerating Lisp code from planning_ros_msgs/PrimitiveArray.msg[0m
[ 85%] [34m[1mGenerating Lisp code from planning_ros_msgs/Spline.msg[0m
[ 86%] [34m[1mGenerating Lisp code from planning_ros_msgs/SplineTrajectory.msg[0m
[ 87%] [34m[1mGenerating Lisp code from planning_ros_msgs/Trajectory.msg[0m
[ 88%] [34m[1mGenerating Lisp code from planning_ros_msgs/TrajectoryCommand.msg[0m
[ 88%] [34m[1mGenerating Lisp code from planning_ros_msgs/StateTransition.msg[0m
[ 89%] [34m[1mGenerating Lisp code from planning_ros_msgs/VoxelMap.msg[0m
[ 90%] [34m[1mGenerating Lisp code from planning_ros_msgs/PlanPathAction.msg[0m
[ 90%] [34m[1mGenerating Lisp code from planning_ros_msgs/PlanPathActionGoal.msg[0m
[ 91%] [34m[1mGenerating Lisp code from planning_ros_msgs/PlanPathActionResult.msg[0m
[ 92%] [34m[1mGenerating Lisp code from planning_ros_msgs/PlanPathActionFeedback.msg[0m
[ 92%] [34m[1mGenerating Lisp code from planning_ros_msgs/PlanPathGoal.msg[0m
[ 93%] [34m[1mGenerating Lisp code from planning_ros_msgs/PlanPathResult.msg[0m
[ 94%] [34m[1mGenerating Lisp code from planning_ros_msgs/PlanPathFeedback.msg[0m
[ 94%] [34m[1mGenerating Lisp code from planning_ros_msgs/PlanTwoPointAction.msg[0m
[ 95%] [34m[1mGenerating Lisp code from planning_ros_msgs/PlanTwoPointActionGoal.msg[0m
[ 96%] [34m[1mGenerating Lisp code from planning_ros_msgs/PlanTwoPointActionResult.msg[0m
[ 97%] [34m[1mGenerating Lisp code from planning_ros_msgs/PlanTwoPointActionFeedback.msg[0m
[ 97%] [34m[1mGenerating Lisp code from planning_ros_msgs/PlanTwoPointGoal.msg[0m
[ 98%] [34m[1mGenerating Lisp code from planning_ros_msgs/PlanTwoPointResult.msg[0m
[100%] [34m[1mGenerating Lisp code from planning_ros_msgs/PlanTwoPointFeedback.msg[0m
[100%] Built target planning_ros_msgs_generate_messages_lisp
[35m[1mScanning dependencies of target planning_ros_msgs_generate_messages[0m
[100%] Built target planning_ros_msgs_generate_messages
