[  0%] Built target _planning_ros_msgs_generate_messages_check_deps_Polynomial
[  0%] Built target _planning_ros_msgs_generate_messages_check_deps_Primitive
[  0%] Built target _planning_ros_msgs_generate_messages_check_deps_PlanTwoPointActionResult
[  0%] Built target _planning_ros_msgs_generate_messages_check_deps_PlanTwoPointActionFeedback
[  0%] Built target _planning_ros_msgs_generate_messages_check_deps_Path
[  0%] Built target _planning_ros_msgs_generate_messages_check_deps_PlanPathFeedback
[  0%] Built target _planning_ros_msgs_generate_messages_check_deps_PlanTwoPointAction
[  0%] Built target geometry_msgs_generate_messages_nodejs
[  0%] Built target _planning_ros_msgs_generate_messages_check_deps_LambdaSeg
[  0%] Built target actionlib_msgs_generate_messages_nodejs
[  0%] Built target _planning_ros_msgs_generate_messages_check_deps_PlanPathGoal
[  0%] Built target _planning_ros_msgs_generate_messages_check_deps_PrimitiveArray
[  0%] Built target _planning_ros_msgs_generate_messages_check_deps_PathArray
[  0%] Built target _planning_ros_msgs_generate_messages_check_deps_Spline
[  0%] Built target _planning_ros_msgs_generate_messages_check_deps_SplineTrajectory
[  0%] Built target _planning_ros_msgs_generate_messages_check_deps_Trajectory
[  0%] Built target nav_msgs_generate_messages_nodejs
[  0%] Built target _planning_ros_msgs_generate_messages_check_deps_TrajectoryCommand
[  0%] Built target _planning_ros_msgs_generate_messages_check_deps_StateTransition
[  0%] Built target _planning_ros_msgs_generate_messages_check_deps_VoxelMap
[  0%] Built target _planning_ros_msgs_generate_messages_check_deps_PlanPathActionGoal
[  0%] Built target _planning_ros_msgs_generate_messages_check_deps_PlanPathAction
[  0%] Built target _planning_ros_msgs_generate_messages_check_deps_PlanPathActionResult
[  0%] Built target _planning_ros_msgs_generate_messages_check_deps_PlanPathActionFeedback
[  0%] Built target _planning_ros_msgs_generate_messages_check_deps_Log
[  0%] Built target _planning_ros_msgs_generate_messages_check_deps_PlanPathResult
[  0%] Built target _planning_ros_msgs_generate_messages_check_deps_PlanTwoPointActionGoal
[  0%] Built target _planning_ros_msgs_generate_messages_check_deps_PlanTwoPointResult
[  0%] Built target actionlib_msgs_generate_messages_py
[  0%] Built target nav_msgs_generate_messages_py
[  0%] Built target geometry_msgs_generate_messages_py
[  0%] Built target nav_msgs_generate_messages_cpp
[  0%] Built target _planning_ros_msgs_generate_messages_check_deps_PlanTwoPointGoal
[  0%] Built target actionlib_msgs_generate_messages_cpp
[  0%] Built target geometry_msgs_generate_messages_cpp
[  0%] Built target nav_msgs_generate_messages_eus
[  0%] Built target actionlib_msgs_generate_messages_eus
[  0%] Built target geometry_msgs_generate_messages_eus
[  0%] Built target nav_msgs_generate_messages_lisp
[  0%] Built target actionlib_msgs_generate_messages_lisp
[  0%] Built target _planning_ros_msgs_generate_messages_check_deps_PlanTwoPointFeedback
[  0%] Built target geometry_msgs_generate_messages_lisp
[ 36%] Built target planning_ros_msgs_generate_messages_nodejs
[ 40%] Built target planning_ros_msgs_generate_messages_py
[ 60%] Built target planning_ros_msgs_generate_messages_cpp
[ 80%] Built target planning_ros_msgs_generate_messages_eus
[100%] Built target planning_ros_msgs_generate_messages_lisp
[100%] Built target planning_ros_msgs_generate_messages
