Symlinking /home/rajendra/kr_ws/devel/share/planning_ros_msgs/cmake/planning_ros_msgsConfig-version.cmake
Symlinking /home/rajendra/kr_ws/devel/share/planning_ros_msgs/cmake/planning_ros_msgsConfig.cmake
Symlinking /home/rajendra/kr_ws/devel/share/planning_ros_msgs/cmake/planning_ros_msgs-msg-paths.cmake
Symlinking /home/rajendra/kr_ws/devel/share/planning_ros_msgs/cmake/planning_ros_msgs-msg-extras.cmake
Symlinking /home/rajendra/kr_ws/devel/share/planning_ros_msgs/msg/PlanPathFeedback.msg
Symlinking /home/rajendra/kr_ws/devel/share/planning_ros_msgs/msg/PlanTwoPointAction.msg
Symlinking /home/rajendra/kr_ws/devel/share/planning_ros_msgs/msg/PlanPathActionGoal.msg
Symlinking /home/rajendra/kr_ws/devel/share/planning_ros_msgs/msg/PlanTwoPointFeedback.msg
Symlinking /home/rajendra/kr_ws/devel/share/planning_ros_msgs/msg/PlanTwoPointActionGoal.msg
Symlinking /home/rajendra/kr_ws/devel/share/planning_ros_msgs/msg/PlanPathActionFeedback.msg
Symlinking /home/rajendra/kr_ws/devel/share/planning_ros_msgs/msg/PlanPathAction.msg
Symlinking /home/rajendra/kr_ws/devel/share/planning_ros_msgs/msg/PlanPathResult.msg
Symlinking /home/rajendra/kr_ws/devel/share/planning_ros_msgs/msg/PlanTwoPointActionFeedback.msg
Symlinking /home/rajendra/kr_ws/devel/share/planning_ros_msgs/msg/PlanPathGoal.msg
Symlinking /home/rajendra/kr_ws/devel/share/planning_ros_msgs/msg/PlanTwoPointActionResult.msg
Symlinking /home/rajendra/kr_ws/devel/share/planning_ros_msgs/msg/PlanTwoPointGoal.msg
Symlinking /home/rajendra/kr_ws/devel/share/planning_ros_msgs/msg/PlanPathActionResult.msg
Symlinking /home/rajendra/kr_ws/devel/share/planning_ros_msgs/msg/PlanTwoPointResult.msg
Symlinking /home/rajendra/kr_ws/devel/share/roseus/ros/planning_ros_msgs/manifest.l
Symlinking /home/rajendra/kr_ws/devel/share/roseus/ros/planning_ros_msgs/msg/PlanPathGoal.l
Symlinking /home/rajendra/kr_ws/devel/share/roseus/ros/planning_ros_msgs/msg/StateTransition.l
Symlinking /home/rajendra/kr_ws/devel/share/roseus/ros/planning_ros_msgs/msg/PlanTwoPointGoal.l
Symlinking /home/rajendra/kr_ws/devel/share/roseus/ros/planning_ros_msgs/msg/PlanPathAction.l
Symlinking /home/rajendra/kr_ws/devel/share/roseus/ros/planning_ros_msgs/msg/PlanTwoPointActionGoal.l
Symlinking /home/rajendra/kr_ws/devel/share/roseus/ros/planning_ros_msgs/msg/PlanTwoPointFeedback.l
Symlinking /home/rajendra/kr_ws/devel/share/roseus/ros/planning_ros_msgs/msg/PrimitiveArray.l
Symlinking /home/rajendra/kr_ws/devel/share/roseus/ros/planning_ros_msgs/msg/Polynomial.l
Symlinking /home/rajendra/kr_ws/devel/share/roseus/ros/planning_ros_msgs/msg/Primitive.l
Symlinking /home/rajendra/kr_ws/devel/share/roseus/ros/planning_ros_msgs/msg/PlanPathActionGoal.l
Symlinking /home/rajendra/kr_ws/devel/share/roseus/ros/planning_ros_msgs/msg/PathArray.l
Symlinking /home/rajendra/kr_ws/devel/share/roseus/ros/planning_ros_msgs/msg/Trajectory.l
Symlinking /home/rajendra/kr_ws/devel/share/roseus/ros/planning_ros_msgs/msg/PlanPathFeedback.l
Symlinking /home/rajendra/kr_ws/devel/share/roseus/ros/planning_ros_msgs/msg/LambdaSeg.l
Symlinking /home/rajendra/kr_ws/devel/share/roseus/ros/planning_ros_msgs/msg/Log.l
Symlinking /home/rajendra/kr_ws/devel/share/roseus/ros/planning_ros_msgs/msg/PlanTwoPointActionFeedback.l
Symlinking /home/rajendra/kr_ws/devel/share/roseus/ros/planning_ros_msgs/msg/PlanTwoPointActionResult.l
Symlinking /home/rajendra/kr_ws/devel/share/roseus/ros/planning_ros_msgs/msg/TrajectoryCommand.l
Symlinking /home/rajendra/kr_ws/devel/share/roseus/ros/planning_ros_msgs/msg/PlanPathActionFeedback.l
Symlinking /home/rajendra/kr_ws/devel/share/roseus/ros/planning_ros_msgs/msg/PlanPathResult.l
Symlinking /home/rajendra/kr_ws/devel/share/roseus/ros/planning_ros_msgs/msg/PlanTwoPointAction.l
Symlinking /home/rajendra/kr_ws/devel/share/roseus/ros/planning_ros_msgs/msg/Spline.l
Symlinking /home/rajendra/kr_ws/devel/share/roseus/ros/planning_ros_msgs/msg/SplineTrajectory.l
Symlinking /home/rajendra/kr_ws/devel/share/roseus/ros/planning_ros_msgs/msg/PlanTwoPointResult.l
Symlinking /home/rajendra/kr_ws/devel/share/roseus/ros/planning_ros_msgs/msg/Path.l
Symlinking /home/rajendra/kr_ws/devel/share/roseus/ros/planning_ros_msgs/msg/PlanPathActionResult.l
Symlinking /home/rajendra/kr_ws/devel/share/roseus/ros/planning_ros_msgs/msg/VoxelMap.l
Symlinking /home/rajendra/kr_ws/devel/share/gennodejs/ros/planning_ros_msgs/_index.js
Symlinking /home/rajendra/kr_ws/devel/share/gennodejs/ros/planning_ros_msgs/msg/Polynomial.js
Symlinking /home/rajendra/kr_ws/devel/share/gennodejs/ros/planning_ros_msgs/msg/PlanPathActionFeedback.js
Symlinking /home/rajendra/kr_ws/devel/share/gennodejs/ros/planning_ros_msgs/msg/Primitive.js
Symlinking /home/rajendra/kr_ws/devel/share/gennodejs/ros/planning_ros_msgs/msg/SplineTrajectory.js
Symlinking /home/rajendra/kr_ws/devel/share/gennodejs/ros/planning_ros_msgs/msg/PlanTwoPointAction.js
Symlinking /home/rajendra/kr_ws/devel/share/gennodejs/ros/planning_ros_msgs/msg/Path.js
Symlinking /home/rajendra/kr_ws/devel/share/gennodejs/ros/planning_ros_msgs/msg/VoxelMap.js
Symlinking /home/rajendra/kr_ws/devel/share/gennodejs/ros/planning_ros_msgs/msg/PlanPathAction.js
Symlinking /home/rajendra/kr_ws/devel/share/gennodejs/ros/planning_ros_msgs/msg/PlanPathActionGoal.js
Symlinking /home/rajendra/kr_ws/devel/share/gennodejs/ros/planning_ros_msgs/msg/Spline.js
Symlinking /home/rajendra/kr_ws/devel/share/gennodejs/ros/planning_ros_msgs/msg/PlanTwoPointActionGoal.js
Symlinking /home/rajendra/kr_ws/devel/share/gennodejs/ros/planning_ros_msgs/msg/PlanPathFeedback.js
Symlinking /home/rajendra/kr_ws/devel/share/gennodejs/ros/planning_ros_msgs/msg/PlanTwoPointActionFeedback.js
Symlinking /home/rajendra/kr_ws/devel/share/gennodejs/ros/planning_ros_msgs/msg/StateTransition.js
Symlinking /home/rajendra/kr_ws/devel/share/gennodejs/ros/planning_ros_msgs/msg/LambdaSeg.js
Symlinking /home/rajendra/kr_ws/devel/share/gennodejs/ros/planning_ros_msgs/msg/Trajectory.js
Symlinking /home/rajendra/kr_ws/devel/share/gennodejs/ros/planning_ros_msgs/msg/_index.js
Symlinking /home/rajendra/kr_ws/devel/share/gennodejs/ros/planning_ros_msgs/msg/PlanPathGoal.js
Symlinking /home/rajendra/kr_ws/devel/share/gennodejs/ros/planning_ros_msgs/msg/PlanPathActionResult.js
Symlinking /home/rajendra/kr_ws/devel/share/gennodejs/ros/planning_ros_msgs/msg/PlanTwoPointFeedback.js
Symlinking /home/rajendra/kr_ws/devel/share/gennodejs/ros/planning_ros_msgs/msg/PrimitiveArray.js
Symlinking /home/rajendra/kr_ws/devel/share/gennodejs/ros/planning_ros_msgs/msg/TrajectoryCommand.js
Symlinking /home/rajendra/kr_ws/devel/share/gennodejs/ros/planning_ros_msgs/msg/PathArray.js
Symlinking /home/rajendra/kr_ws/devel/share/gennodejs/ros/planning_ros_msgs/msg/PlanTwoPointResult.js
Symlinking /home/rajendra/kr_ws/devel/share/gennodejs/ros/planning_ros_msgs/msg/Log.js
Symlinking /home/rajendra/kr_ws/devel/share/gennodejs/ros/planning_ros_msgs/msg/PlanTwoPointActionResult.js
Symlinking /home/rajendra/kr_ws/devel/share/gennodejs/ros/planning_ros_msgs/msg/PlanTwoPointGoal.js
Symlinking /home/rajendra/kr_ws/devel/share/gennodejs/ros/planning_ros_msgs/msg/PlanPathResult.js
Symlinking /home/rajendra/kr_ws/devel/share/common-lisp/ros/planning_ros_msgs/msg/PlanTwoPointResult.lisp
Symlinking /home/rajendra/kr_ws/devel/share/common-lisp/ros/planning_ros_msgs/msg/Primitive.lisp
Symlinking /home/rajendra/kr_ws/devel/share/common-lisp/ros/planning_ros_msgs/msg/PlanTwoPointAction.lisp
Symlinking /home/rajendra/kr_ws/devel/share/common-lisp/ros/planning_ros_msgs/msg/Polynomial.lisp
Symlinking /home/rajendra/kr_ws/devel/share/common-lisp/ros/planning_ros_msgs/msg/_package_PathArray.lisp
Symlinking /home/rajendra/kr_ws/devel/share/common-lisp/ros/planning_ros_msgs/msg/_package_SplineTrajectory.lisp
Symlinking /home/rajendra/kr_ws/devel/share/common-lisp/ros/planning_ros_msgs/msg/PlanTwoPointActionFeedback.lisp
Symlinking /home/rajendra/kr_ws/devel/share/common-lisp/ros/planning_ros_msgs/msg/_package_PlanTwoPointActionResult.lisp
Symlinking /home/rajendra/kr_ws/devel/share/common-lisp/ros/planning_ros_msgs/msg/PlanPathActionGoal.lisp
Symlinking /home/rajendra/kr_ws/devel/share/common-lisp/ros/planning_ros_msgs/msg/PlanTwoPointFeedback.lisp
Symlinking /home/rajendra/kr_ws/devel/share/common-lisp/ros/planning_ros_msgs/msg/_package_Path.lisp
Symlinking /home/rajendra/kr_ws/devel/share/common-lisp/ros/planning_ros_msgs/msg/PlanPathFeedback.lisp
Symlinking /home/rajendra/kr_ws/devel/share/common-lisp/ros/planning_ros_msgs/msg/PlanPathAction.lisp
Symlinking /home/rajendra/kr_ws/devel/share/common-lisp/ros/planning_ros_msgs/msg/planning_ros_msgs-msg.asd
Symlinking /home/rajendra/kr_ws/devel/share/common-lisp/ros/planning_ros_msgs/msg/_package_Spline.lisp
Symlinking /home/rajendra/kr_ws/devel/share/common-lisp/ros/planning_ros_msgs/msg/_package_Polynomial.lisp
Symlinking /home/rajendra/kr_ws/devel/share/common-lisp/ros/planning_ros_msgs/msg/_package_PlanTwoPointActionFeedback.lisp
Symlinking /home/rajendra/kr_ws/devel/share/common-lisp/ros/planning_ros_msgs/msg/_package_PlanPathAction.lisp
Symlinking /home/rajendra/kr_ws/devel/share/common-lisp/ros/planning_ros_msgs/msg/_package_PlanPathActionFeedback.lisp
Symlinking /home/rajendra/kr_ws/devel/share/common-lisp/ros/planning_ros_msgs/msg/_package_Trajectory.lisp
Symlinking /home/rajendra/kr_ws/devel/share/common-lisp/ros/planning_ros_msgs/msg/LambdaSeg.lisp
Symlinking /home/rajendra/kr_ws/devel/share/common-lisp/ros/planning_ros_msgs/msg/_package_TrajectoryCommand.lisp
Symlinking /home/rajendra/kr_ws/devel/share/common-lisp/ros/planning_ros_msgs/msg/_package_PlanPathFeedback.lisp
Symlinking /home/rajendra/kr_ws/devel/share/common-lisp/ros/planning_ros_msgs/msg/_package_PlanTwoPointGoal.lisp
Symlinking /home/rajendra/kr_ws/devel/share/common-lisp/ros/planning_ros_msgs/msg/Trajectory.lisp
Symlinking /home/rajendra/kr_ws/devel/share/common-lisp/ros/planning_ros_msgs/msg/_package_PlanPathActionGoal.lisp
Symlinking /home/rajendra/kr_ws/devel/share/common-lisp/ros/planning_ros_msgs/msg/_package_PlanPathGoal.lisp
Symlinking /home/rajendra/kr_ws/devel/share/common-lisp/ros/planning_ros_msgs/msg/_package.lisp
Symlinking /home/rajendra/kr_ws/devel/share/common-lisp/ros/planning_ros_msgs/msg/_package_PlanTwoPointAction.lisp
Symlinking /home/rajendra/kr_ws/devel/share/common-lisp/ros/planning_ros_msgs/msg/_package_PlanTwoPointResult.lisp
Symlinking /home/rajendra/kr_ws/devel/share/common-lisp/ros/planning_ros_msgs/msg/_package_PlanTwoPointActionGoal.lisp
Symlinking /home/rajendra/kr_ws/devel/share/common-lisp/ros/planning_ros_msgs/msg/_package_LambdaSeg.lisp
Symlinking /home/rajendra/kr_ws/devel/share/common-lisp/ros/planning_ros_msgs/msg/_package_PlanPathActionResult.lisp
Symlinking /home/rajendra/kr_ws/devel/share/common-lisp/ros/planning_ros_msgs/msg/PlanTwoPointActionGoal.lisp
Symlinking /home/rajendra/kr_ws/devel/share/common-lisp/ros/planning_ros_msgs/msg/_package_Primitive.lisp
Symlinking /home/rajendra/kr_ws/devel/share/common-lisp/ros/planning_ros_msgs/msg/PlanPathGoal.lisp
Symlinking /home/rajendra/kr_ws/devel/share/common-lisp/ros/planning_ros_msgs/msg/PlanTwoPointGoal.lisp
Symlinking /home/rajendra/kr_ws/devel/share/common-lisp/ros/planning_ros_msgs/msg/VoxelMap.lisp
Symlinking /home/rajendra/kr_ws/devel/share/common-lisp/ros/planning_ros_msgs/msg/Path.lisp
Symlinking /home/rajendra/kr_ws/devel/share/common-lisp/ros/planning_ros_msgs/msg/_package_PrimitiveArray.lisp
Symlinking /home/rajendra/kr_ws/devel/share/common-lisp/ros/planning_ros_msgs/msg/Log.lisp
Symlinking /home/rajendra/kr_ws/devel/share/common-lisp/ros/planning_ros_msgs/msg/TrajectoryCommand.lisp
Symlinking /home/rajendra/kr_ws/devel/share/common-lisp/ros/planning_ros_msgs/msg/PrimitiveArray.lisp
Symlinking /home/rajendra/kr_ws/devel/share/common-lisp/ros/planning_ros_msgs/msg/PlanPathActionFeedback.lisp
Symlinking /home/rajendra/kr_ws/devel/share/common-lisp/ros/planning_ros_msgs/msg/SplineTrajectory.lisp
Symlinking /home/rajendra/kr_ws/devel/share/common-lisp/ros/planning_ros_msgs/msg/_package_Log.lisp
Symlinking /home/rajendra/kr_ws/devel/share/common-lisp/ros/planning_ros_msgs/msg/PlanTwoPointActionResult.lisp
Symlinking /home/rajendra/kr_ws/devel/share/common-lisp/ros/planning_ros_msgs/msg/PlanPathActionResult.lisp
Symlinking /home/rajendra/kr_ws/devel/share/common-lisp/ros/planning_ros_msgs/msg/Spline.lisp
Symlinking /home/rajendra/kr_ws/devel/share/common-lisp/ros/planning_ros_msgs/msg/_package_VoxelMap.lisp
Symlinking /home/rajendra/kr_ws/devel/share/common-lisp/ros/planning_ros_msgs/msg/_package_PlanTwoPointFeedback.lisp
Symlinking /home/rajendra/kr_ws/devel/share/common-lisp/ros/planning_ros_msgs/msg/_package_StateTransition.lisp
Symlinking /home/rajendra/kr_ws/devel/share/common-lisp/ros/planning_ros_msgs/msg/StateTransition.lisp
Symlinking /home/rajendra/kr_ws/devel/share/common-lisp/ros/planning_ros_msgs/msg/PathArray.lisp
Symlinking /home/rajendra/kr_ws/devel/share/common-lisp/ros/planning_ros_msgs/msg/PlanPathResult.lisp
Symlinking /home/rajendra/kr_ws/devel/share/common-lisp/ros/planning_ros_msgs/msg/_package_PlanPathResult.lisp
Symlinking /home/rajendra/kr_ws/devel/include/planning_ros_msgs/PlanTwoPointActionFeedback.h
Symlinking /home/rajendra/kr_ws/devel/include/planning_ros_msgs/PlanPathResult.h
Symlinking /home/rajendra/kr_ws/devel/include/planning_ros_msgs/Path.h
Symlinking /home/rajendra/kr_ws/devel/include/planning_ros_msgs/SplineTrajectory.h
Symlinking /home/rajendra/kr_ws/devel/include/planning_ros_msgs/PlanTwoPointResult.h
Symlinking /home/rajendra/kr_ws/devel/include/planning_ros_msgs/Spline.h
Symlinking /home/rajendra/kr_ws/devel/include/planning_ros_msgs/TrajectoryCommand.h
Symlinking /home/rajendra/kr_ws/devel/include/planning_ros_msgs/PathArray.h
Symlinking /home/rajendra/kr_ws/devel/include/planning_ros_msgs/PlanTwoPointActionResult.h
Symlinking /home/rajendra/kr_ws/devel/include/planning_ros_msgs/VoxelMap.h
Symlinking /home/rajendra/kr_ws/devel/include/planning_ros_msgs/PlanTwoPointActionGoal.h
Symlinking /home/rajendra/kr_ws/devel/include/planning_ros_msgs/Primitive.h
Symlinking /home/rajendra/kr_ws/devel/include/planning_ros_msgs/LambdaSeg.h
Symlinking /home/rajendra/kr_ws/devel/include/planning_ros_msgs/PlanTwoPointAction.h
Symlinking /home/rajendra/kr_ws/devel/include/planning_ros_msgs/Trajectory.h
Symlinking /home/rajendra/kr_ws/devel/include/planning_ros_msgs/PlanPathGoal.h
Symlinking /home/rajendra/kr_ws/devel/include/planning_ros_msgs/PlanPathAction.h
Symlinking /home/rajendra/kr_ws/devel/include/planning_ros_msgs/Log.h
Symlinking /home/rajendra/kr_ws/devel/include/planning_ros_msgs/PlanPathActionResult.h
Symlinking /home/rajendra/kr_ws/devel/include/planning_ros_msgs/PlanPathActionFeedback.h
Symlinking /home/rajendra/kr_ws/devel/include/planning_ros_msgs/PlanTwoPointFeedback.h
Symlinking /home/rajendra/kr_ws/devel/include/planning_ros_msgs/PlanPathActionGoal.h
Symlinking /home/rajendra/kr_ws/devel/include/planning_ros_msgs/PrimitiveArray.h
Symlinking /home/rajendra/kr_ws/devel/include/planning_ros_msgs/PlanPathFeedback.h
Symlinking /home/rajendra/kr_ws/devel/include/planning_ros_msgs/Polynomial.h
Symlinking /home/rajendra/kr_ws/devel/include/planning_ros_msgs/StateTransition.h
Symlinking /home/rajendra/kr_ws/devel/include/planning_ros_msgs/PlanTwoPointGoal.h
Symlinking /home/rajendra/kr_ws/devel/lib/python3/dist-packages/planning_ros_msgs/__init__.py
Symlinking /home/rajendra/kr_ws/devel/lib/python3/dist-packages/planning_ros_msgs/msg/_TrajectoryCommand.py
Symlinking /home/rajendra/kr_ws/devel/lib/python3/dist-packages/planning_ros_msgs/msg/_PlanTwoPointActionFeedback.py
Symlinking /home/rajendra/kr_ws/devel/lib/python3/dist-packages/planning_ros_msgs/msg/_Path.py
Symlinking /home/rajendra/kr_ws/devel/lib/python3/dist-packages/planning_ros_msgs/msg/_Spline.py
Symlinking /home/rajendra/kr_ws/devel/lib/python3/dist-packages/planning_ros_msgs/msg/_PlanTwoPointActionGoal.py
Symlinking /home/rajendra/kr_ws/devel/lib/python3/dist-packages/planning_ros_msgs/msg/__init__.py
Symlinking /home/rajendra/kr_ws/devel/lib/python3/dist-packages/planning_ros_msgs/msg/_SplineTrajectory.py
Symlinking /home/rajendra/kr_ws/devel/lib/python3/dist-packages/planning_ros_msgs/msg/_PlanPathActionGoal.py
Symlinking /home/rajendra/kr_ws/devel/lib/python3/dist-packages/planning_ros_msgs/msg/_PlanTwoPointFeedback.py
Symlinking /home/rajendra/kr_ws/devel/lib/python3/dist-packages/planning_ros_msgs/msg/_PrimitiveArray.py
Symlinking /home/rajendra/kr_ws/devel/lib/python3/dist-packages/planning_ros_msgs/msg/_Trajectory.py
Symlinking /home/rajendra/kr_ws/devel/lib/python3/dist-packages/planning_ros_msgs/msg/_PlanTwoPointGoal.py
Symlinking /home/rajendra/kr_ws/devel/lib/python3/dist-packages/planning_ros_msgs/msg/_PlanPathGoal.py
Symlinking /home/rajendra/kr_ws/devel/lib/python3/dist-packages/planning_ros_msgs/msg/_PlanPathActionFeedback.py
Symlinking /home/rajendra/kr_ws/devel/lib/python3/dist-packages/planning_ros_msgs/msg/_Log.py
Symlinking /home/rajendra/kr_ws/devel/lib/python3/dist-packages/planning_ros_msgs/msg/_PlanPathFeedback.py
Symlinking /home/rajendra/kr_ws/devel/lib/python3/dist-packages/planning_ros_msgs/msg/_PlanPathAction.py
Symlinking /home/rajendra/kr_ws/devel/lib/python3/dist-packages/planning_ros_msgs/msg/_StateTransition.py
Symlinking /home/rajendra/kr_ws/devel/lib/python3/dist-packages/planning_ros_msgs/msg/_PlanTwoPointResult.py
Symlinking /home/rajendra/kr_ws/devel/lib/python3/dist-packages/planning_ros_msgs/msg/_PlanPathResult.py
Symlinking /home/rajendra/kr_ws/devel/lib/python3/dist-packages/planning_ros_msgs/msg/_Polynomial.py
Symlinking /home/rajendra/kr_ws/devel/lib/python3/dist-packages/planning_ros_msgs/msg/_Primitive.py
Symlinking /home/rajendra/kr_ws/devel/lib/python3/dist-packages/planning_ros_msgs/msg/_PlanTwoPointAction.py
Symlinking /home/rajendra/kr_ws/devel/lib/python3/dist-packages/planning_ros_msgs/msg/_LambdaSeg.py
Symlinking /home/rajendra/kr_ws/devel/lib/python3/dist-packages/planning_ros_msgs/msg/_VoxelMap.py
Symlinking /home/rajendra/kr_ws/devel/lib/python3/dist-packages/planning_ros_msgs/msg/_PathArray.py
Symlinking /home/rajendra/kr_ws/devel/lib/python3/dist-packages/planning_ros_msgs/msg/_PlanTwoPointActionResult.py
Symlinking /home/rajendra/kr_ws/devel/lib/python3/dist-packages/planning_ros_msgs/msg/_PlanPathActionResult.py
Symlinking /home/rajendra/kr_ws/devel/lib/pkgconfig/planning_ros_msgs.pc
