[  0%] Built target dynamic_reconfigure_generate_messages_lisp
[  0%] Built target nav_msgs_generate_messages_lisp
[  0%] Built target nav_msgs_generate_messages_eus
[  0%] Built target nav_msgs_generate_messages_cpp
[  0%] Built target planning_ros_msgs_generate_messages_py
[  0%] Built target planning_ros_msgs_generate_messages_eus
[  0%] Built target topic_tools_generate_messages_nodejs
[  0%] Built target topic_tools_generate_messages_eus
[  0%] Built target topic_tools_generate_messages_cpp
[  0%] Built target topic_tools_generate_messages_lisp
[  0%] Built target std_srvs_generate_messages_lisp
[  0%] Built target std_srvs_generate_messages_eus
[  0%] Built target pcl_msgs_generate_messages_py
[  0%] Built target pcl_msgs_generate_messages_nodejs
[  0%] Built target pcl_msgs_generate_messages_lisp
[  0%] Built target pcl_msgs_generate_messages_eus
[  0%] Built target pcl_msgs_generate_messages_cpp
[  0%] Built target bond_generate_messages_py
[  0%] Built target bond_generate_messages_nodejs
[  0%] Built target bond_generate_messages_lisp
[  0%] Built target bond_generate_messages_eus
[  0%] Built target std_srvs_generate_messages_nodejs
[  0%] Built target nodelet_generate_messages_nodejs
[  0%] Built target nodelet_generate_messages_py
[  0%] Built target actionlib_generate_messages_nodejs
[  0%] Built target nodelet_generate_messages_eus
[  0%] Built target actionlib_msgs_generate_messages_py
[  0%] Built target actionlib_msgs_generate_messages_cpp
[  0%] Built target rosgraph_msgs_generate_messages_nodejs
[  0%] Built target planning_ros_msgs_generate_messages_lisp
[  0%] Built target actionlib_generate_messages_cpp
[  0%] Built target std_msgs_generate_messages_py
[  0%] Built target nodelet_generate_messages_lisp
[  0%] Built target std_msgs_generate_messages_nodejs
[  0%] Built target geometry_msgs_generate_messages_eus
[  0%] Built target actionlib_generate_messages_lisp
[  0%] Built target std_msgs_generate_messages_cpp
[  0%] Built target std_msgs_generate_messages_lisp
[  0%] Built target roscpp_generate_messages_lisp
[ 14%] Built target action_planner_gencfg
[ 14%] Built target std_srvs_generate_messages_cpp
[ 14%] Built target dynamic_reconfigure_generate_messages_py
[ 14%] Built target actionlib_msgs_generate_messages_eus
[ 14%] Built target tf_generate_messages_eus
[ 14%] Built target rosgraph_msgs_generate_messages_lisp
[ 14%] Built target roscpp_generate_messages_py
[ 14%] Built target topic_tools_generate_messages_py
[ 14%] Built target rosgraph_msgs_generate_messages_py
[ 14%] Built target roscpp_generate_messages_cpp
[ 14%] Built target rosgraph_msgs_generate_messages_cpp
[ 14%] Built target roscpp_generate_messages_eus
[ 14%] Built target actionlib_generate_messages_eus
[ 14%] Built target roscpp_generate_messages_nodejs
[ 14%] Built target std_srvs_generate_messages_py
[ 14%] Built target rosgraph_msgs_generate_messages_eus
[ 14%] Built target pcl_ros_gencfg
[ 14%] Built target actionlib_msgs_generate_messages_lisp
[ 14%] Built target tf_generate_messages_py
[ 14%] Built target std_msgs_generate_messages_eus
[ 14%] Built target actionlib_msgs_generate_messages_nodejs
[ 14%] Built target actionlib_generate_messages_py
[ 14%] Built target geometry_msgs_generate_messages_cpp
[ 14%] Built target tf_generate_messages_cpp
[ 14%] Built target geometry_msgs_generate_messages_lisp
[ 42%] Built target action_planner
[ 42%] Built target sensor_msgs_generate_messages_py
[ 42%] Built target tf2_msgs_generate_messages_eus
[ 42%] Built target geometry_msgs_generate_messages_py
[ 42%] Built target tf2_msgs_generate_messages_lisp
[ 42%] Built target tf2_msgs_generate_messages_nodejs
[ 42%] Built target nav_msgs_generate_messages_py
[ 42%] Built target tf_generate_messages_lisp
[ 42%] Built target planning_ros_msgs_generate_messages_nodejs
[ 42%] Built target dynamic_reconfigure_generate_messages_cpp
[ 42%] Built target tf_generate_messages_nodejs
[ 42%] Built target sensor_msgs_generate_messages_cpp
[ 42%] Built target bond_generate_messages_cpp
[ 42%] Built target nav_msgs_generate_messages_nodejs
[ 42%] Built target tf2_msgs_generate_messages_py
[ 42%] Built target dynamic_reconfigure_generate_messages_nodejs
[ 42%] Built target planning_ros_msgs_generate_messages_cpp
[ 42%] Built target nodelet_topic_tools_gencfg
[ 42%] Built target sensor_msgs_generate_messages_eus
[ 42%] Built target sensor_msgs_generate_messages_lisp
[ 42%] Built target sensor_msgs_generate_messages_nodejs
[ 42%] Built target geometry_msgs_generate_messages_nodejs
[ 42%] Built target dynamic_reconfigure_generate_messages_eus
[ 42%] Built target nodelet_generate_messages_cpp
[ 42%] Built target dynamic_reconfigure_gencfg
[ 42%] Built target tf2_msgs_generate_messages_cpp
[ 71%] Built target local_plan_server
[100%] Built target global_plan_server
