Linked: (/home/rajendra/kr_ws/devel/.private/action_trackers/share/action_trackers/cmake/action_trackers-msg-extras.cmake, /home/rajendra/kr_ws/devel/share/action_trackers/cmake/action_trackers-msg-extras.cmake)
Linked: (/home/rajendra/kr_ws/devel/.private/action_trackers/share/action_trackers/cmake/action_trackersConfig-version.cmake, /home/rajendra/kr_ws/devel/share/action_trackers/cmake/action_trackersConfig-version.cmake)
Linked: (/home/rajendra/kr_ws/devel/.private/action_trackers/share/action_trackers/cmake/action_trackersConfig.cmake, /home/rajendra/kr_ws/devel/share/action_trackers/cmake/action_trackersConfig.cmake)
Linked: (/home/rajendra/kr_ws/devel/.private/action_trackers/share/action_trackers/cmake/action_trackers-msg-paths.cmake, /home/rajendra/kr_ws/devel/share/action_trackers/cmake/action_trackers-msg-paths.cmake)
Linked: (/home/rajendra/kr_ws/devel/.private/action_trackers/share/action_trackers/msg/RunTrajectoryActionResult.msg, /home/rajendra/kr_ws/devel/share/action_trackers/msg/RunTrajectoryActionResult.msg)
Linked: (/home/rajendra/kr_ws/devel/.private/action_trackers/share/action_trackers/msg/RunPathActionGoal.msg, /home/rajendra/kr_ws/devel/share/action_trackers/msg/RunPathActionGoal.msg)
Linked: (/home/rajendra/kr_ws/devel/.private/action_trackers/share/action_trackers/msg/RunTrajectoryResult.msg, /home/rajendra/kr_ws/devel/share/action_trackers/msg/RunTrajectoryResult.msg)
Linked: (/home/rajendra/kr_ws/devel/.private/action_trackers/share/action_trackers/msg/RunTrajectoryFeedback.msg, /home/rajendra/kr_ws/devel/share/action_trackers/msg/RunTrajectoryFeedback.msg)
Linked: (/home/rajendra/kr_ws/devel/.private/action_trackers/share/action_trackers/msg/LandGoal.msg, /home/rajendra/kr_ws/devel/share/action_trackers/msg/LandGoal.msg)
Linked: (/home/rajendra/kr_ws/devel/.private/action_trackers/share/action_trackers/msg/GoalDistanceFeedback.msg, /home/rajendra/kr_ws/devel/share/action_trackers/msg/GoalDistanceFeedback.msg)
Linked: (/home/rajendra/kr_ws/devel/.private/action_trackers/share/action_trackers/msg/TakeOffActionGoal.msg, /home/rajendra/kr_ws/devel/share/action_trackers/msg/TakeOffActionGoal.msg)
Linked: (/home/rajendra/kr_ws/devel/.private/action_trackers/share/action_trackers/msg/RunTrajectoryActionGoal.msg, /home/rajendra/kr_ws/devel/share/action_trackers/msg/RunTrajectoryActionGoal.msg)
Linked: (/home/rajendra/kr_ws/devel/.private/action_trackers/share/action_trackers/msg/RunPathGoal.msg, /home/rajendra/kr_ws/devel/share/action_trackers/msg/RunPathGoal.msg)
Linked: (/home/rajendra/kr_ws/devel/.private/action_trackers/share/action_trackers/msg/RunPathActionFeedback.msg, /home/rajendra/kr_ws/devel/share/action_trackers/msg/RunPathActionFeedback.msg)
Linked: (/home/rajendra/kr_ws/devel/.private/action_trackers/share/action_trackers/msg/LandFeedback.msg, /home/rajendra/kr_ws/devel/share/action_trackers/msg/LandFeedback.msg)
Linked: (/home/rajendra/kr_ws/devel/.private/action_trackers/share/action_trackers/msg/RunPathActionResult.msg, /home/rajendra/kr_ws/devel/share/action_trackers/msg/RunPathActionResult.msg)
Linked: (/home/rajendra/kr_ws/devel/.private/action_trackers/share/action_trackers/msg/GoalDistanceGoal.msg, /home/rajendra/kr_ws/devel/share/action_trackers/msg/GoalDistanceGoal.msg)
Linked: (/home/rajendra/kr_ws/devel/.private/action_trackers/share/action_trackers/msg/ShortRangeActionResult.msg, /home/rajendra/kr_ws/devel/share/action_trackers/msg/ShortRangeActionResult.msg)
Linked: (/home/rajendra/kr_ws/devel/.private/action_trackers/share/action_trackers/msg/RunTrajectoryActionFeedback.msg, /home/rajendra/kr_ws/devel/share/action_trackers/msg/RunTrajectoryActionFeedback.msg)
Linked: (/home/rajendra/kr_ws/devel/.private/action_trackers/share/action_trackers/msg/ShortRangeAction.msg, /home/rajendra/kr_ws/devel/share/action_trackers/msg/ShortRangeAction.msg)
Linked: (/home/rajendra/kr_ws/devel/.private/action_trackers/share/action_trackers/msg/LandResult.msg, /home/rajendra/kr_ws/devel/share/action_trackers/msg/LandResult.msg)
Linked: (/home/rajendra/kr_ws/devel/.private/action_trackers/share/action_trackers/msg/TakeOffActionResult.msg, /home/rajendra/kr_ws/devel/share/action_trackers/msg/TakeOffActionResult.msg)
Linked: (/home/rajendra/kr_ws/devel/.private/action_trackers/share/action_trackers/msg/LandActionResult.msg, /home/rajendra/kr_ws/devel/share/action_trackers/msg/LandActionResult.msg)
Linked: (/home/rajendra/kr_ws/devel/.private/action_trackers/share/action_trackers/msg/ShortRangeResult.msg, /home/rajendra/kr_ws/devel/share/action_trackers/msg/ShortRangeResult.msg)
Linked: (/home/rajendra/kr_ws/devel/.private/action_trackers/share/action_trackers/msg/RunTrajectoryAction.msg, /home/rajendra/kr_ws/devel/share/action_trackers/msg/RunTrajectoryAction.msg)
Linked: (/home/rajendra/kr_ws/devel/.private/action_trackers/share/action_trackers/msg/RunPathFeedback.msg, /home/rajendra/kr_ws/devel/share/action_trackers/msg/RunPathFeedback.msg)
Linked: (/home/rajendra/kr_ws/devel/.private/action_trackers/share/action_trackers/msg/LandAction.msg, /home/rajendra/kr_ws/devel/share/action_trackers/msg/LandAction.msg)
Linked: (/home/rajendra/kr_ws/devel/.private/action_trackers/share/action_trackers/msg/ShortRangeGoal.msg, /home/rajendra/kr_ws/devel/share/action_trackers/msg/ShortRangeGoal.msg)
Linked: (/home/rajendra/kr_ws/devel/.private/action_trackers/share/action_trackers/msg/ShortRangeFeedback.msg, /home/rajendra/kr_ws/devel/share/action_trackers/msg/ShortRangeFeedback.msg)
Linked: (/home/rajendra/kr_ws/devel/.private/action_trackers/share/action_trackers/msg/RunTrajectoryGoal.msg, /home/rajendra/kr_ws/devel/share/action_trackers/msg/RunTrajectoryGoal.msg)
Linked: (/home/rajendra/kr_ws/devel/.private/action_trackers/share/action_trackers/msg/GoalDistanceActionGoal.msg, /home/rajendra/kr_ws/devel/share/action_trackers/msg/GoalDistanceActionGoal.msg)
Linked: (/home/rajendra/kr_ws/devel/.private/action_trackers/share/action_trackers/msg/TakeOffFeedback.msg, /home/rajendra/kr_ws/devel/share/action_trackers/msg/TakeOffFeedback.msg)
Linked: (/home/rajendra/kr_ws/devel/.private/action_trackers/share/action_trackers/msg/ShortRangeActionGoal.msg, /home/rajendra/kr_ws/devel/share/action_trackers/msg/ShortRangeActionGoal.msg)
Linked: (/home/rajendra/kr_ws/devel/.private/action_trackers/share/action_trackers/msg/RunPathResult.msg, /home/rajendra/kr_ws/devel/share/action_trackers/msg/RunPathResult.msg)
Linked: (/home/rajendra/kr_ws/devel/.private/action_trackers/share/action_trackers/msg/TakeOffActionFeedback.msg, /home/rajendra/kr_ws/devel/share/action_trackers/msg/TakeOffActionFeedback.msg)
Linked: (/home/rajendra/kr_ws/devel/.private/action_trackers/share/action_trackers/msg/TakeOffResult.msg, /home/rajendra/kr_ws/devel/share/action_trackers/msg/TakeOffResult.msg)
Linked: (/home/rajendra/kr_ws/devel/.private/action_trackers/share/action_trackers/msg/RunPathAction.msg, /home/rajendra/kr_ws/devel/share/action_trackers/msg/RunPathAction.msg)
Linked: (/home/rajendra/kr_ws/devel/.private/action_trackers/share/action_trackers/msg/GoalDistanceResult.msg, /home/rajendra/kr_ws/devel/share/action_trackers/msg/GoalDistanceResult.msg)
Linked: (/home/rajendra/kr_ws/devel/.private/action_trackers/share/action_trackers/msg/TakeOffAction.msg, /home/rajendra/kr_ws/devel/share/action_trackers/msg/TakeOffAction.msg)
Linked: (/home/rajendra/kr_ws/devel/.private/action_trackers/share/action_trackers/msg/GoalDistanceActionFeedback.msg, /home/rajendra/kr_ws/devel/share/action_trackers/msg/GoalDistanceActionFeedback.msg)
Linked: (/home/rajendra/kr_ws/devel/.private/action_trackers/share/action_trackers/msg/LandActionFeedback.msg, /home/rajendra/kr_ws/devel/share/action_trackers/msg/LandActionFeedback.msg)
Linked: (/home/rajendra/kr_ws/devel/.private/action_trackers/share/action_trackers/msg/GoalDistanceAction.msg, /home/rajendra/kr_ws/devel/share/action_trackers/msg/GoalDistanceAction.msg)
Linked: (/home/rajendra/kr_ws/devel/.private/action_trackers/share/action_trackers/msg/LandActionGoal.msg, /home/rajendra/kr_ws/devel/share/action_trackers/msg/LandActionGoal.msg)
Linked: (/home/rajendra/kr_ws/devel/.private/action_trackers/share/action_trackers/msg/TakeOffGoal.msg, /home/rajendra/kr_ws/devel/share/action_trackers/msg/TakeOffGoal.msg)
Linked: (/home/rajendra/kr_ws/devel/.private/action_trackers/share/action_trackers/msg/ShortRangeActionFeedback.msg, /home/rajendra/kr_ws/devel/share/action_trackers/msg/ShortRangeActionFeedback.msg)
Linked: (/home/rajendra/kr_ws/devel/.private/action_trackers/share/action_trackers/msg/GoalDistanceActionResult.msg, /home/rajendra/kr_ws/devel/share/action_trackers/msg/GoalDistanceActionResult.msg)
Linked: (/home/rajendra/kr_ws/devel/.private/action_trackers/share/roseus/ros/action_trackers/manifest.l, /home/rajendra/kr_ws/devel/share/roseus/ros/action_trackers/manifest.l)
Linked: (/home/rajendra/kr_ws/devel/.private/action_trackers/share/roseus/ros/action_trackers/msg/RunTrajectoryActionResult.l, /home/rajendra/kr_ws/devel/share/roseus/ros/action_trackers/msg/RunTrajectoryActionResult.l)
Linked: (/home/rajendra/kr_ws/devel/.private/action_trackers/share/roseus/ros/action_trackers/msg/GoalDistanceActionFeedback.l, /home/rajendra/kr_ws/devel/share/roseus/ros/action_trackers/msg/GoalDistanceActionFeedback.l)
Linked: (/home/rajendra/kr_ws/devel/.private/action_trackers/share/roseus/ros/action_trackers/msg/ShortRangeResult.l, /home/rajendra/kr_ws/devel/share/roseus/ros/action_trackers/msg/ShortRangeResult.l)
Linked: (/home/rajendra/kr_ws/devel/.private/action_trackers/share/roseus/ros/action_trackers/msg/RunPathActionFeedback.l, /home/rajendra/kr_ws/devel/share/roseus/ros/action_trackers/msg/RunPathActionFeedback.l)
Linked: (/home/rajendra/kr_ws/devel/.private/action_trackers/share/roseus/ros/action_trackers/msg/RunTrajectoryActionFeedback.l, /home/rajendra/kr_ws/devel/share/roseus/ros/action_trackers/msg/RunTrajectoryActionFeedback.l)
Linked: (/home/rajendra/kr_ws/devel/.private/action_trackers/share/roseus/ros/action_trackers/msg/LandActionFeedback.l, /home/rajendra/kr_ws/devel/share/roseus/ros/action_trackers/msg/LandActionFeedback.l)
Linked: (/home/rajendra/kr_ws/devel/.private/action_trackers/share/roseus/ros/action_trackers/msg/ShortRangeAction.l, /home/rajendra/kr_ws/devel/share/roseus/ros/action_trackers/msg/ShortRangeAction.l)
Linked: (/home/rajendra/kr_ws/devel/.private/action_trackers/share/roseus/ros/action_trackers/msg/TakeOffAction.l, /home/rajendra/kr_ws/devel/share/roseus/ros/action_trackers/msg/TakeOffAction.l)
Linked: (/home/rajendra/kr_ws/devel/.private/action_trackers/share/roseus/ros/action_trackers/msg/LandActionResult.l, /home/rajendra/kr_ws/devel/share/roseus/ros/action_trackers/msg/LandActionResult.l)
Linked: (/home/rajendra/kr_ws/devel/.private/action_trackers/share/roseus/ros/action_trackers/msg/LandGoal.l, /home/rajendra/kr_ws/devel/share/roseus/ros/action_trackers/msg/LandGoal.l)
Linked: (/home/rajendra/kr_ws/devel/.private/action_trackers/share/roseus/ros/action_trackers/msg/RunPathFeedback.l, /home/rajendra/kr_ws/devel/share/roseus/ros/action_trackers/msg/RunPathFeedback.l)
Linked: (/home/rajendra/kr_ws/devel/.private/action_trackers/share/roseus/ros/action_trackers/msg/RunPathGoal.l, /home/rajendra/kr_ws/devel/share/roseus/ros/action_trackers/msg/RunPathGoal.l)
Linked: (/home/rajendra/kr_ws/devel/.private/action_trackers/share/roseus/ros/action_trackers/msg/TakeOffFeedback.l, /home/rajendra/kr_ws/devel/share/roseus/ros/action_trackers/msg/TakeOffFeedback.l)
Linked: (/home/rajendra/kr_ws/devel/.private/action_trackers/share/roseus/ros/action_trackers/msg/RunTrajectoryFeedback.l, /home/rajendra/kr_ws/devel/share/roseus/ros/action_trackers/msg/RunTrajectoryFeedback.l)
Linked: (/home/rajendra/kr_ws/devel/.private/action_trackers/share/roseus/ros/action_trackers/msg/LandResult.l, /home/rajendra/kr_ws/devel/share/roseus/ros/action_trackers/msg/LandResult.l)
Linked: (/home/rajendra/kr_ws/devel/.private/action_trackers/share/roseus/ros/action_trackers/msg/GoalDistanceGoal.l, /home/rajendra/kr_ws/devel/share/roseus/ros/action_trackers/msg/GoalDistanceGoal.l)
Linked: (/home/rajendra/kr_ws/devel/.private/action_trackers/share/roseus/ros/action_trackers/msg/GoalDistanceFeedback.l, /home/rajendra/kr_ws/devel/share/roseus/ros/action_trackers/msg/GoalDistanceFeedback.l)
Linked: (/home/rajendra/kr_ws/devel/.private/action_trackers/share/roseus/ros/action_trackers/msg/TakeOffActionResult.l, /home/rajendra/kr_ws/devel/share/roseus/ros/action_trackers/msg/TakeOffActionResult.l)
Linked: (/home/rajendra/kr_ws/devel/.private/action_trackers/share/roseus/ros/action_trackers/msg/RunPathAction.l, /home/rajendra/kr_ws/devel/share/roseus/ros/action_trackers/msg/RunPathAction.l)
Linked: (/home/rajendra/kr_ws/devel/.private/action_trackers/share/roseus/ros/action_trackers/msg/TakeOffResult.l, /home/rajendra/kr_ws/devel/share/roseus/ros/action_trackers/msg/TakeOffResult.l)
Linked: (/home/rajendra/kr_ws/devel/.private/action_trackers/share/roseus/ros/action_trackers/msg/RunPathActionResult.l, /home/rajendra/kr_ws/devel/share/roseus/ros/action_trackers/msg/RunPathActionResult.l)
Linked: (/home/rajendra/kr_ws/devel/.private/action_trackers/share/roseus/ros/action_trackers/msg/RunPathResult.l, /home/rajendra/kr_ws/devel/share/roseus/ros/action_trackers/msg/RunPathResult.l)
Linked: (/home/rajendra/kr_ws/devel/.private/action_trackers/share/roseus/ros/action_trackers/msg/LandActionGoal.l, /home/rajendra/kr_ws/devel/share/roseus/ros/action_trackers/msg/LandActionGoal.l)
Linked: (/home/rajendra/kr_ws/devel/.private/action_trackers/share/roseus/ros/action_trackers/msg/RunTrajectoryResult.l, /home/rajendra/kr_ws/devel/share/roseus/ros/action_trackers/msg/RunTrajectoryResult.l)
Linked: (/home/rajendra/kr_ws/devel/.private/action_trackers/share/roseus/ros/action_trackers/msg/LandAction.l, /home/rajendra/kr_ws/devel/share/roseus/ros/action_trackers/msg/LandAction.l)
Linked: (/home/rajendra/kr_ws/devel/.private/action_trackers/share/roseus/ros/action_trackers/msg/ShortRangeFeedback.l, /home/rajendra/kr_ws/devel/share/roseus/ros/action_trackers/msg/ShortRangeFeedback.l)
Linked: (/home/rajendra/kr_ws/devel/.private/action_trackers/share/roseus/ros/action_trackers/msg/RunTrajectoryGoal.l, /home/rajendra/kr_ws/devel/share/roseus/ros/action_trackers/msg/RunTrajectoryGoal.l)
Linked: (/home/rajendra/kr_ws/devel/.private/action_trackers/share/roseus/ros/action_trackers/msg/GoalDistanceActionGoal.l, /home/rajendra/kr_ws/devel/share/roseus/ros/action_trackers/msg/GoalDistanceActionGoal.l)
Linked: (/home/rajendra/kr_ws/devel/.private/action_trackers/share/roseus/ros/action_trackers/msg/LandFeedback.l, /home/rajendra/kr_ws/devel/share/roseus/ros/action_trackers/msg/LandFeedback.l)
Linked: (/home/rajendra/kr_ws/devel/.private/action_trackers/share/roseus/ros/action_trackers/msg/TakeOffActionGoal.l, /home/rajendra/kr_ws/devel/share/roseus/ros/action_trackers/msg/TakeOffActionGoal.l)
Linked: (/home/rajendra/kr_ws/devel/.private/action_trackers/share/roseus/ros/action_trackers/msg/GoalDistanceActionResult.l, /home/rajendra/kr_ws/devel/share/roseus/ros/action_trackers/msg/GoalDistanceActionResult.l)
Linked: (/home/rajendra/kr_ws/devel/.private/action_trackers/share/roseus/ros/action_trackers/msg/RunTrajectoryAction.l, /home/rajendra/kr_ws/devel/share/roseus/ros/action_trackers/msg/RunTrajectoryAction.l)
Linked: (/home/rajendra/kr_ws/devel/.private/action_trackers/share/roseus/ros/action_trackers/msg/RunPathActionGoal.l, /home/rajendra/kr_ws/devel/share/roseus/ros/action_trackers/msg/RunPathActionGoal.l)
Linked: (/home/rajendra/kr_ws/devel/.private/action_trackers/share/roseus/ros/action_trackers/msg/RunTrajectoryActionGoal.l, /home/rajendra/kr_ws/devel/share/roseus/ros/action_trackers/msg/RunTrajectoryActionGoal.l)
Linked: (/home/rajendra/kr_ws/devel/.private/action_trackers/share/roseus/ros/action_trackers/msg/TakeOffActionFeedback.l, /home/rajendra/kr_ws/devel/share/roseus/ros/action_trackers/msg/TakeOffActionFeedback.l)
Linked: (/home/rajendra/kr_ws/devel/.private/action_trackers/share/roseus/ros/action_trackers/msg/ShortRangeActionGoal.l, /home/rajendra/kr_ws/devel/share/roseus/ros/action_trackers/msg/ShortRangeActionGoal.l)
Linked: (/home/rajendra/kr_ws/devel/.private/action_trackers/share/roseus/ros/action_trackers/msg/TakeOffGoal.l, /home/rajendra/kr_ws/devel/share/roseus/ros/action_trackers/msg/TakeOffGoal.l)
Linked: (/home/rajendra/kr_ws/devel/.private/action_trackers/share/roseus/ros/action_trackers/msg/ShortRangeActionResult.l, /home/rajendra/kr_ws/devel/share/roseus/ros/action_trackers/msg/ShortRangeActionResult.l)
Linked: (/home/rajendra/kr_ws/devel/.private/action_trackers/share/roseus/ros/action_trackers/msg/ShortRangeGoal.l, /home/rajendra/kr_ws/devel/share/roseus/ros/action_trackers/msg/ShortRangeGoal.l)
Linked: (/home/rajendra/kr_ws/devel/.private/action_trackers/share/roseus/ros/action_trackers/msg/GoalDistanceAction.l, /home/rajendra/kr_ws/devel/share/roseus/ros/action_trackers/msg/GoalDistanceAction.l)
Linked: (/home/rajendra/kr_ws/devel/.private/action_trackers/share/roseus/ros/action_trackers/msg/GoalDistanceResult.l, /home/rajendra/kr_ws/devel/share/roseus/ros/action_trackers/msg/GoalDistanceResult.l)
Linked: (/home/rajendra/kr_ws/devel/.private/action_trackers/share/roseus/ros/action_trackers/msg/ShortRangeActionFeedback.l, /home/rajendra/kr_ws/devel/share/roseus/ros/action_trackers/msg/ShortRangeActionFeedback.l)
Linked: (/home/rajendra/kr_ws/devel/.private/action_trackers/share/gennodejs/ros/action_trackers/_index.js, /home/rajendra/kr_ws/devel/share/gennodejs/ros/action_trackers/_index.js)
Linked: (/home/rajendra/kr_ws/devel/.private/action_trackers/share/gennodejs/ros/action_trackers/msg/ShortRangeActionGoal.js, /home/rajendra/kr_ws/devel/share/gennodejs/ros/action_trackers/msg/ShortRangeActionGoal.js)
Linked: (/home/rajendra/kr_ws/devel/.private/action_trackers/share/gennodejs/ros/action_trackers/msg/TakeOffFeedback.js, /home/rajendra/kr_ws/devel/share/gennodejs/ros/action_trackers/msg/TakeOffFeedback.js)
Linked: (/home/rajendra/kr_ws/devel/.private/action_trackers/share/gennodejs/ros/action_trackers/msg/TakeOffActionGoal.js, /home/rajendra/kr_ws/devel/share/gennodejs/ros/action_trackers/msg/TakeOffActionGoal.js)
Linked: (/home/rajendra/kr_ws/devel/.private/action_trackers/share/gennodejs/ros/action_trackers/msg/RunPathActionFeedback.js, /home/rajendra/kr_ws/devel/share/gennodejs/ros/action_trackers/msg/RunPathActionFeedback.js)
Linked: (/home/rajendra/kr_ws/devel/.private/action_trackers/share/gennodejs/ros/action_trackers/msg/RunPathResult.js, /home/rajendra/kr_ws/devel/share/gennodejs/ros/action_trackers/msg/RunPathResult.js)
Linked: (/home/rajendra/kr_ws/devel/.private/action_trackers/share/gennodejs/ros/action_trackers/msg/RunPathFeedback.js, /home/rajendra/kr_ws/devel/share/gennodejs/ros/action_trackers/msg/RunPathFeedback.js)
Linked: (/home/rajendra/kr_ws/devel/.private/action_trackers/share/gennodejs/ros/action_trackers/msg/TakeOffActionResult.js, /home/rajendra/kr_ws/devel/share/gennodejs/ros/action_trackers/msg/TakeOffActionResult.js)
Linked: (/home/rajendra/kr_ws/devel/.private/action_trackers/share/gennodejs/ros/action_trackers/msg/ShortRangeFeedback.js, /home/rajendra/kr_ws/devel/share/gennodejs/ros/action_trackers/msg/ShortRangeFeedback.js)
Linked: (/home/rajendra/kr_ws/devel/.private/action_trackers/share/gennodejs/ros/action_trackers/msg/RunTrajectoryActionFeedback.js, /home/rajendra/kr_ws/devel/share/gennodejs/ros/action_trackers/msg/RunTrajectoryActionFeedback.js)
Linked: (/home/rajendra/kr_ws/devel/.private/action_trackers/share/gennodejs/ros/action_trackers/msg/RunTrajectoryActionResult.js, /home/rajendra/kr_ws/devel/share/gennodejs/ros/action_trackers/msg/RunTrajectoryActionResult.js)
Linked: (/home/rajendra/kr_ws/devel/.private/action_trackers/share/gennodejs/ros/action_trackers/msg/RunTrajectoryAction.js, /home/rajendra/kr_ws/devel/share/gennodejs/ros/action_trackers/msg/RunTrajectoryAction.js)
Linked: (/home/rajendra/kr_ws/devel/.private/action_trackers/share/gennodejs/ros/action_trackers/msg/TakeOffAction.js, /home/rajendra/kr_ws/devel/share/gennodejs/ros/action_trackers/msg/TakeOffAction.js)
Linked: (/home/rajendra/kr_ws/devel/.private/action_trackers/share/gennodejs/ros/action_trackers/msg/TakeOffGoal.js, /home/rajendra/kr_ws/devel/share/gennodejs/ros/action_trackers/msg/TakeOffGoal.js)
Linked: (/home/rajendra/kr_ws/devel/.private/action_trackers/share/gennodejs/ros/action_trackers/msg/RunTrajectoryFeedback.js, /home/rajendra/kr_ws/devel/share/gennodejs/ros/action_trackers/msg/RunTrajectoryFeedback.js)
Linked: (/home/rajendra/kr_ws/devel/.private/action_trackers/share/gennodejs/ros/action_trackers/msg/GoalDistanceFeedback.js, /home/rajendra/kr_ws/devel/share/gennodejs/ros/action_trackers/msg/GoalDistanceFeedback.js)
Linked: (/home/rajendra/kr_ws/devel/.private/action_trackers/share/gennodejs/ros/action_trackers/msg/ShortRangeActionFeedback.js, /home/rajendra/kr_ws/devel/share/gennodejs/ros/action_trackers/msg/ShortRangeActionFeedback.js)
Linked: (/home/rajendra/kr_ws/devel/.private/action_trackers/share/gennodejs/ros/action_trackers/msg/RunPathActionGoal.js, /home/rajendra/kr_ws/devel/share/gennodejs/ros/action_trackers/msg/RunPathActionGoal.js)
Linked: (/home/rajendra/kr_ws/devel/.private/action_trackers/share/gennodejs/ros/action_trackers/msg/RunTrajectoryActionGoal.js, /home/rajendra/kr_ws/devel/share/gennodejs/ros/action_trackers/msg/RunTrajectoryActionGoal.js)
Linked: (/home/rajendra/kr_ws/devel/.private/action_trackers/share/gennodejs/ros/action_trackers/msg/GoalDistanceAction.js, /home/rajendra/kr_ws/devel/share/gennodejs/ros/action_trackers/msg/GoalDistanceAction.js)
Linked: (/home/rajendra/kr_ws/devel/.private/action_trackers/share/gennodejs/ros/action_trackers/msg/RunPathActionResult.js, /home/rajendra/kr_ws/devel/share/gennodejs/ros/action_trackers/msg/RunPathActionResult.js)
Linked: (/home/rajendra/kr_ws/devel/.private/action_trackers/share/gennodejs/ros/action_trackers/msg/LandActionFeedback.js, /home/rajendra/kr_ws/devel/share/gennodejs/ros/action_trackers/msg/LandActionFeedback.js)
Linked: (/home/rajendra/kr_ws/devel/.private/action_trackers/share/gennodejs/ros/action_trackers/msg/RunTrajectoryGoal.js, /home/rajendra/kr_ws/devel/share/gennodejs/ros/action_trackers/msg/RunTrajectoryGoal.js)
Linked: (/home/rajendra/kr_ws/devel/.private/action_trackers/share/gennodejs/ros/action_trackers/msg/LandFeedback.js, /home/rajendra/kr_ws/devel/share/gennodejs/ros/action_trackers/msg/LandFeedback.js)
Linked: (/home/rajendra/kr_ws/devel/.private/action_trackers/share/gennodejs/ros/action_trackers/msg/LandActionResult.js, /home/rajendra/kr_ws/devel/share/gennodejs/ros/action_trackers/msg/LandActionResult.js)
Linked: (/home/rajendra/kr_ws/devel/.private/action_trackers/share/gennodejs/ros/action_trackers/msg/GoalDistanceGoal.js, /home/rajendra/kr_ws/devel/share/gennodejs/ros/action_trackers/msg/GoalDistanceGoal.js)
Linked: (/home/rajendra/kr_ws/devel/.private/action_trackers/share/gennodejs/ros/action_trackers/msg/ShortRangeGoal.js, /home/rajendra/kr_ws/devel/share/gennodejs/ros/action_trackers/msg/ShortRangeGoal.js)
Linked: (/home/rajendra/kr_ws/devel/.private/action_trackers/share/gennodejs/ros/action_trackers/msg/TakeOffResult.js, /home/rajendra/kr_ws/devel/share/gennodejs/ros/action_trackers/msg/TakeOffResult.js)
Linked: (/home/rajendra/kr_ws/devel/.private/action_trackers/share/gennodejs/ros/action_trackers/msg/_index.js, /home/rajendra/kr_ws/devel/share/gennodejs/ros/action_trackers/msg/_index.js)
Linked: (/home/rajendra/kr_ws/devel/.private/action_trackers/share/gennodejs/ros/action_trackers/msg/ShortRangeAction.js, /home/rajendra/kr_ws/devel/share/gennodejs/ros/action_trackers/msg/ShortRangeAction.js)
Linked: (/home/rajendra/kr_ws/devel/.private/action_trackers/share/gennodejs/ros/action_trackers/msg/GoalDistanceActionFeedback.js, /home/rajendra/kr_ws/devel/share/gennodejs/ros/action_trackers/msg/GoalDistanceActionFeedback.js)
Linked: (/home/rajendra/kr_ws/devel/.private/action_trackers/share/gennodejs/ros/action_trackers/msg/ShortRangeActionResult.js, /home/rajendra/kr_ws/devel/share/gennodejs/ros/action_trackers/msg/ShortRangeActionResult.js)
Linked: (/home/rajendra/kr_ws/devel/.private/action_trackers/share/gennodejs/ros/action_trackers/msg/LandGoal.js, /home/rajendra/kr_ws/devel/share/gennodejs/ros/action_trackers/msg/LandGoal.js)
Linked: (/home/rajendra/kr_ws/devel/.private/action_trackers/share/gennodejs/ros/action_trackers/msg/LandResult.js, /home/rajendra/kr_ws/devel/share/gennodejs/ros/action_trackers/msg/LandResult.js)
Linked: (/home/rajendra/kr_ws/devel/.private/action_trackers/share/gennodejs/ros/action_trackers/msg/TakeOffActionFeedback.js, /home/rajendra/kr_ws/devel/share/gennodejs/ros/action_trackers/msg/TakeOffActionFeedback.js)
Linked: (/home/rajendra/kr_ws/devel/.private/action_trackers/share/gennodejs/ros/action_trackers/msg/GoalDistanceResult.js, /home/rajendra/kr_ws/devel/share/gennodejs/ros/action_trackers/msg/GoalDistanceResult.js)
Linked: (/home/rajendra/kr_ws/devel/.private/action_trackers/share/gennodejs/ros/action_trackers/msg/LandAction.js, /home/rajendra/kr_ws/devel/share/gennodejs/ros/action_trackers/msg/LandAction.js)
Linked: (/home/rajendra/kr_ws/devel/.private/action_trackers/share/gennodejs/ros/action_trackers/msg/ShortRangeResult.js, /home/rajendra/kr_ws/devel/share/gennodejs/ros/action_trackers/msg/ShortRangeResult.js)
Linked: (/home/rajendra/kr_ws/devel/.private/action_trackers/share/gennodejs/ros/action_trackers/msg/RunTrajectoryResult.js, /home/rajendra/kr_ws/devel/share/gennodejs/ros/action_trackers/msg/RunTrajectoryResult.js)
Linked: (/home/rajendra/kr_ws/devel/.private/action_trackers/share/gennodejs/ros/action_trackers/msg/GoalDistanceActionResult.js, /home/rajendra/kr_ws/devel/share/gennodejs/ros/action_trackers/msg/GoalDistanceActionResult.js)
Linked: (/home/rajendra/kr_ws/devel/.private/action_trackers/share/gennodejs/ros/action_trackers/msg/LandActionGoal.js, /home/rajendra/kr_ws/devel/share/gennodejs/ros/action_trackers/msg/LandActionGoal.js)
Linked: (/home/rajendra/kr_ws/devel/.private/action_trackers/share/gennodejs/ros/action_trackers/msg/RunPathAction.js, /home/rajendra/kr_ws/devel/share/gennodejs/ros/action_trackers/msg/RunPathAction.js)
Linked: (/home/rajendra/kr_ws/devel/.private/action_trackers/share/gennodejs/ros/action_trackers/msg/GoalDistanceActionGoal.js, /home/rajendra/kr_ws/devel/share/gennodejs/ros/action_trackers/msg/GoalDistanceActionGoal.js)
Linked: (/home/rajendra/kr_ws/devel/.private/action_trackers/share/gennodejs/ros/action_trackers/msg/RunPathGoal.js, /home/rajendra/kr_ws/devel/share/gennodejs/ros/action_trackers/msg/RunPathGoal.js)
Linked: (/home/rajendra/kr_ws/devel/.private/action_trackers/share/common-lisp/ros/action_trackers/msg/RunPathResult.lisp, /home/rajendra/kr_ws/devel/share/common-lisp/ros/action_trackers/msg/RunPathResult.lisp)
Linked: (/home/rajendra/kr_ws/devel/.private/action_trackers/share/common-lisp/ros/action_trackers/msg/_package_LandActionResult.lisp, /home/rajendra/kr_ws/devel/share/common-lisp/ros/action_trackers/msg/_package_LandActionResult.lisp)
Linked: (/home/rajendra/kr_ws/devel/.private/action_trackers/share/common-lisp/ros/action_trackers/msg/TakeOffGoal.lisp, /home/rajendra/kr_ws/devel/share/common-lisp/ros/action_trackers/msg/TakeOffGoal.lisp)
Linked: (/home/rajendra/kr_ws/devel/.private/action_trackers/share/common-lisp/ros/action_trackers/msg/_package_TakeOffActionFeedback.lisp, /home/rajendra/kr_ws/devel/share/common-lisp/ros/action_trackers/msg/_package_TakeOffActionFeedback.lisp)
Linked: (/home/rajendra/kr_ws/devel/.private/action_trackers/share/common-lisp/ros/action_trackers/msg/_package_LandResult.lisp, /home/rajendra/kr_ws/devel/share/common-lisp/ros/action_trackers/msg/_package_LandResult.lisp)
Linked: (/home/rajendra/kr_ws/devel/.private/action_trackers/share/common-lisp/ros/action_trackers/msg/ShortRangeGoal.lisp, /home/rajendra/kr_ws/devel/share/common-lisp/ros/action_trackers/msg/ShortRangeGoal.lisp)
Linked: (/home/rajendra/kr_ws/devel/.private/action_trackers/share/common-lisp/ros/action_trackers/msg/RunTrajectoryActionGoal.lisp, /home/rajendra/kr_ws/devel/share/common-lisp/ros/action_trackers/msg/RunTrajectoryActionGoal.lisp)
Linked: (/home/rajendra/kr_ws/devel/.private/action_trackers/share/common-lisp/ros/action_trackers/msg/_package_ShortRangeFeedback.lisp, /home/rajendra/kr_ws/devel/share/common-lisp/ros/action_trackers/msg/_package_ShortRangeFeedback.lisp)
Linked: (/home/rajendra/kr_ws/devel/.private/action_trackers/share/common-lisp/ros/action_trackers/msg/ShortRangeFeedback.lisp, /home/rajendra/kr_ws/devel/share/common-lisp/ros/action_trackers/msg/ShortRangeFeedback.lisp)
Linked: (/home/rajendra/kr_ws/devel/.private/action_trackers/share/common-lisp/ros/action_trackers/msg/LandFeedback.lisp, /home/rajendra/kr_ws/devel/share/common-lisp/ros/action_trackers/msg/LandFeedback.lisp)
Linked: (/home/rajendra/kr_ws/devel/.private/action_trackers/share/common-lisp/ros/action_trackers/msg/TakeOffResult.lisp, /home/rajendra/kr_ws/devel/share/common-lisp/ros/action_trackers/msg/TakeOffResult.lisp)
Linked: (/home/rajendra/kr_ws/devel/.private/action_trackers/share/common-lisp/ros/action_trackers/msg/LandActionGoal.lisp, /home/rajendra/kr_ws/devel/share/common-lisp/ros/action_trackers/msg/LandActionGoal.lisp)
Linked: (/home/rajendra/kr_ws/devel/.private/action_trackers/share/common-lisp/ros/action_trackers/msg/_package_RunPathActionFeedback.lisp, /home/rajendra/kr_ws/devel/share/common-lisp/ros/action_trackers/msg/_package_RunPathActionFeedback.lisp)
Linked: (/home/rajendra/kr_ws/devel/.private/action_trackers/share/common-lisp/ros/action_trackers/msg/_package_RunPathActionGoal.lisp, /home/rajendra/kr_ws/devel/share/common-lisp/ros/action_trackers/msg/_package_RunPathActionGoal.lisp)
Linked: (/home/rajendra/kr_ws/devel/.private/action_trackers/share/common-lisp/ros/action_trackers/msg/LandAction.lisp, /home/rajendra/kr_ws/devel/share/common-lisp/ros/action_trackers/msg/LandAction.lisp)
Linked: (/home/rajendra/kr_ws/devel/.private/action_trackers/share/common-lisp/ros/action_trackers/msg/_package_GoalDistanceAction.lisp, /home/rajendra/kr_ws/devel/share/common-lisp/ros/action_trackers/msg/_package_GoalDistanceAction.lisp)
Linked: (/home/rajendra/kr_ws/devel/.private/action_trackers/share/common-lisp/ros/action_trackers/msg/_package_TakeOffAction.lisp, /home/rajendra/kr_ws/devel/share/common-lisp/ros/action_trackers/msg/_package_TakeOffAction.lisp)
Linked: (/home/rajendra/kr_ws/devel/.private/action_trackers/share/common-lisp/ros/action_trackers/msg/RunPathActionResult.lisp, /home/rajendra/kr_ws/devel/share/common-lisp/ros/action_trackers/msg/RunPathActionResult.lisp)
Linked: (/home/rajendra/kr_ws/devel/.private/action_trackers/share/common-lisp/ros/action_trackers/msg/TakeOffFeedback.lisp, /home/rajendra/kr_ws/devel/share/common-lisp/ros/action_trackers/msg/TakeOffFeedback.lisp)
Linked: (/home/rajendra/kr_ws/devel/.private/action_trackers/share/common-lisp/ros/action_trackers/msg/_package_RunPathActionResult.lisp, /home/rajendra/kr_ws/devel/share/common-lisp/ros/action_trackers/msg/_package_RunPathActionResult.lisp)
Linked: (/home/rajendra/kr_ws/devel/.private/action_trackers/share/common-lisp/ros/action_trackers/msg/_package_GoalDistanceResult.lisp, /home/rajendra/kr_ws/devel/share/common-lisp/ros/action_trackers/msg/_package_GoalDistanceResult.lisp)
Linked: (/home/rajendra/kr_ws/devel/.private/action_trackers/share/common-lisp/ros/action_trackers/msg/RunPathActionGoal.lisp, /home/rajendra/kr_ws/devel/share/common-lisp/ros/action_trackers/msg/RunPathActionGoal.lisp)
Linked: (/home/rajendra/kr_ws/devel/.private/action_trackers/share/common-lisp/ros/action_trackers/msg/_package_RunPathFeedback.lisp, /home/rajendra/kr_ws/devel/share/common-lisp/ros/action_trackers/msg/_package_RunPathFeedback.lisp)
Linked: (/home/rajendra/kr_ws/devel/.private/action_trackers/share/common-lisp/ros/action_trackers/msg/_package_RunTrajectoryResult.lisp, /home/rajendra/kr_ws/devel/share/common-lisp/ros/action_trackers/msg/_package_RunTrajectoryResult.lisp)
Linked: (/home/rajendra/kr_ws/devel/.private/action_trackers/share/common-lisp/ros/action_trackers/msg/RunTrajectoryGoal.lisp, /home/rajendra/kr_ws/devel/share/common-lisp/ros/action_trackers/msg/RunTrajectoryGoal.lisp)
Linked: (/home/rajendra/kr_ws/devel/.private/action_trackers/share/common-lisp/ros/action_trackers/msg/RunTrajectoryActionResult.lisp, /home/rajendra/kr_ws/devel/share/common-lisp/ros/action_trackers/msg/RunTrajectoryActionResult.lisp)
Linked: (/home/rajendra/kr_ws/devel/.private/action_trackers/share/common-lisp/ros/action_trackers/msg/_package_RunTrajectoryActionFeedback.lisp, /home/rajendra/kr_ws/devel/share/common-lisp/ros/action_trackers/msg/_package_RunTrajectoryActionFeedback.lisp)
Linked: (/home/rajendra/kr_ws/devel/.private/action_trackers/share/common-lisp/ros/action_trackers/msg/RunPathFeedback.lisp, /home/rajendra/kr_ws/devel/share/common-lisp/ros/action_trackers/msg/RunPathFeedback.lisp)
Linked: (/home/rajendra/kr_ws/devel/.private/action_trackers/share/common-lisp/ros/action_trackers/msg/RunPathGoal.lisp, /home/rajendra/kr_ws/devel/share/common-lisp/ros/action_trackers/msg/RunPathGoal.lisp)
Linked: (/home/rajendra/kr_ws/devel/.private/action_trackers/share/common-lisp/ros/action_trackers/msg/RunTrajectoryAction.lisp, /home/rajendra/kr_ws/devel/share/common-lisp/ros/action_trackers/msg/RunTrajectoryAction.lisp)
Linked: (/home/rajendra/kr_ws/devel/.private/action_trackers/share/common-lisp/ros/action_trackers/msg/GoalDistanceActionGoal.lisp, /home/rajendra/kr_ws/devel/share/common-lisp/ros/action_trackers/msg/GoalDistanceActionGoal.lisp)
Linked: (/home/rajendra/kr_ws/devel/.private/action_trackers/share/common-lisp/ros/action_trackers/msg/_package_ShortRangeResult.lisp, /home/rajendra/kr_ws/devel/share/common-lisp/ros/action_trackers/msg/_package_ShortRangeResult.lisp)
Linked: (/home/rajendra/kr_ws/devel/.private/action_trackers/share/common-lisp/ros/action_trackers/msg/_package_GoalDistanceActionResult.lisp, /home/rajendra/kr_ws/devel/share/common-lisp/ros/action_trackers/msg/_package_GoalDistanceActionResult.lisp)
Linked: (/home/rajendra/kr_ws/devel/.private/action_trackers/share/common-lisp/ros/action_trackers/msg/_package_ShortRangeActionFeedback.lisp, /home/rajendra/kr_ws/devel/share/common-lisp/ros/action_trackers/msg/_package_ShortRangeActionFeedback.lisp)
Linked: (/home/rajendra/kr_ws/devel/.private/action_trackers/share/common-lisp/ros/action_trackers/msg/_package_TakeOffResult.lisp, /home/rajendra/kr_ws/devel/share/common-lisp/ros/action_trackers/msg/_package_TakeOffResult.lisp)
Linked: (/home/rajendra/kr_ws/devel/.private/action_trackers/share/common-lisp/ros/action_trackers/msg/TakeOffActionGoal.lisp, /home/rajendra/kr_ws/devel/share/common-lisp/ros/action_trackers/msg/TakeOffActionGoal.lisp)
Linked: (/home/rajendra/kr_ws/devel/.private/action_trackers/share/common-lisp/ros/action_trackers/msg/_package_ShortRangeActionResult.lisp, /home/rajendra/kr_ws/devel/share/common-lisp/ros/action_trackers/msg/_package_ShortRangeActionResult.lisp)
Linked: (/home/rajendra/kr_ws/devel/.private/action_trackers/share/common-lisp/ros/action_trackers/msg/RunTrajectoryActionFeedback.lisp, /home/rajendra/kr_ws/devel/share/common-lisp/ros/action_trackers/msg/RunTrajectoryActionFeedback.lisp)
Linked: (/home/rajendra/kr_ws/devel/.private/action_trackers/share/common-lisp/ros/action_trackers/msg/_package_LandFeedback.lisp, /home/rajendra/kr_ws/devel/share/common-lisp/ros/action_trackers/msg/_package_LandFeedback.lisp)
Linked: (/home/rajendra/kr_ws/devel/.private/action_trackers/share/common-lisp/ros/action_trackers/msg/_package_GoalDistanceFeedback.lisp, /home/rajendra/kr_ws/devel/share/common-lisp/ros/action_trackers/msg/_package_GoalDistanceFeedback.lisp)
Linked: (/home/rajendra/kr_ws/devel/.private/action_trackers/share/common-lisp/ros/action_trackers/msg/LandActionFeedback.lisp, /home/rajendra/kr_ws/devel/share/common-lisp/ros/action_trackers/msg/LandActionFeedback.lisp)
Linked: (/home/rajendra/kr_ws/devel/.private/action_trackers/share/common-lisp/ros/action_trackers/msg/_package_TakeOffGoal.lisp, /home/rajendra/kr_ws/devel/share/common-lisp/ros/action_trackers/msg/_package_TakeOffGoal.lisp)
Linked: (/home/rajendra/kr_ws/devel/.private/action_trackers/share/common-lisp/ros/action_trackers/msg/_package_TakeOffFeedback.lisp, /home/rajendra/kr_ws/devel/share/common-lisp/ros/action_trackers/msg/_package_TakeOffFeedback.lisp)
Linked: (/home/rajendra/kr_ws/devel/.private/action_trackers/share/common-lisp/ros/action_trackers/msg/LandActionResult.lisp, /home/rajendra/kr_ws/devel/share/common-lisp/ros/action_trackers/msg/LandActionResult.lisp)
Linked: (/home/rajendra/kr_ws/devel/.private/action_trackers/share/common-lisp/ros/action_trackers/msg/TakeOffActionResult.lisp, /home/rajendra/kr_ws/devel/share/common-lisp/ros/action_trackers/msg/TakeOffActionResult.lisp)
Linked: (/home/rajendra/kr_ws/devel/.private/action_trackers/share/common-lisp/ros/action_trackers/msg/GoalDistanceActionFeedback.lisp, /home/rajendra/kr_ws/devel/share/common-lisp/ros/action_trackers/msg/GoalDistanceActionFeedback.lisp)
Linked: (/home/rajendra/kr_ws/devel/.private/action_trackers/share/common-lisp/ros/action_trackers/msg/_package_GoalDistanceActionFeedback.lisp, /home/rajendra/kr_ws/devel/share/common-lisp/ros/action_trackers/msg/_package_GoalDistanceActionFeedback.lisp)
Linked: (/home/rajendra/kr_ws/devel/.private/action_trackers/share/common-lisp/ros/action_trackers/msg/LandGoal.lisp, /home/rajendra/kr_ws/devel/share/common-lisp/ros/action_trackers/msg/LandGoal.lisp)
Linked: (/home/rajendra/kr_ws/devel/.private/action_trackers/share/common-lisp/ros/action_trackers/msg/_package_ShortRangeActionGoal.lisp, /home/rajendra/kr_ws/devel/share/common-lisp/ros/action_trackers/msg/_package_ShortRangeActionGoal.lisp)
Linked: (/home/rajendra/kr_ws/devel/.private/action_trackers/share/common-lisp/ros/action_trackers/msg/_package_LandGoal.lisp, /home/rajendra/kr_ws/devel/share/common-lisp/ros/action_trackers/msg/_package_LandGoal.lisp)
Linked: (/home/rajendra/kr_ws/devel/.private/action_trackers/share/common-lisp/ros/action_trackers/msg/_package_ShortRangeAction.lisp, /home/rajendra/kr_ws/devel/share/common-lisp/ros/action_trackers/msg/_package_ShortRangeAction.lisp)
Linked: (/home/rajendra/kr_ws/devel/.private/action_trackers/share/common-lisp/ros/action_trackers/msg/_package.lisp, /home/rajendra/kr_ws/devel/share/common-lisp/ros/action_trackers/msg/_package.lisp)
Linked: (/home/rajendra/kr_ws/devel/.private/action_trackers/share/common-lisp/ros/action_trackers/msg/_package_RunTrajectoryGoal.lisp, /home/rajendra/kr_ws/devel/share/common-lisp/ros/action_trackers/msg/_package_RunTrajectoryGoal.lisp)
Linked: (/home/rajendra/kr_ws/devel/.private/action_trackers/share/common-lisp/ros/action_trackers/msg/_package_GoalDistanceGoal.lisp, /home/rajendra/kr_ws/devel/share/common-lisp/ros/action_trackers/msg/_package_GoalDistanceGoal.lisp)
Linked: (/home/rajendra/kr_ws/devel/.private/action_trackers/share/common-lisp/ros/action_trackers/msg/_package_RunTrajectoryActionResult.lisp, /home/rajendra/kr_ws/devel/share/common-lisp/ros/action_trackers/msg/_package_RunTrajectoryActionResult.lisp)
Linked: (/home/rajendra/kr_ws/devel/.private/action_trackers/share/common-lisp/ros/action_trackers/msg/RunTrajectoryResult.lisp, /home/rajendra/kr_ws/devel/share/common-lisp/ros/action_trackers/msg/RunTrajectoryResult.lisp)
Linked: (/home/rajendra/kr_ws/devel/.private/action_trackers/share/common-lisp/ros/action_trackers/msg/_package_LandAction.lisp, /home/rajendra/kr_ws/devel/share/common-lisp/ros/action_trackers/msg/_package_LandAction.lisp)
Linked: (/home/rajendra/kr_ws/devel/.private/action_trackers/share/common-lisp/ros/action_trackers/msg/_package_TakeOffActionGoal.lisp, /home/rajendra/kr_ws/devel/share/common-lisp/ros/action_trackers/msg/_package_TakeOffActionGoal.lisp)
Linked: (/home/rajendra/kr_ws/devel/.private/action_trackers/share/common-lisp/ros/action_trackers/msg/ShortRangeResult.lisp, /home/rajendra/kr_ws/devel/share/common-lisp/ros/action_trackers/msg/ShortRangeResult.lisp)
Linked: (/home/rajendra/kr_ws/devel/.private/action_trackers/share/common-lisp/ros/action_trackers/msg/ShortRangeActionResult.lisp, /home/rajendra/kr_ws/devel/share/common-lisp/ros/action_trackers/msg/ShortRangeActionResult.lisp)
Linked: (/home/rajendra/kr_ws/devel/.private/action_trackers/share/common-lisp/ros/action_trackers/msg/_package_RunPathAction.lisp, /home/rajendra/kr_ws/devel/share/common-lisp/ros/action_trackers/msg/_package_RunPathAction.lisp)
Linked: (/home/rajendra/kr_ws/devel/.private/action_trackers/share/common-lisp/ros/action_trackers/msg/TakeOffAction.lisp, /home/rajendra/kr_ws/devel/share/common-lisp/ros/action_trackers/msg/TakeOffAction.lisp)
Linked: (/home/rajendra/kr_ws/devel/.private/action_trackers/share/common-lisp/ros/action_trackers/msg/_package_RunPathGoal.lisp, /home/rajendra/kr_ws/devel/share/common-lisp/ros/action_trackers/msg/_package_RunPathGoal.lisp)
Linked: (/home/rajendra/kr_ws/devel/.private/action_trackers/share/common-lisp/ros/action_trackers/msg/GoalDistanceResult.lisp, /home/rajendra/kr_ws/devel/share/common-lisp/ros/action_trackers/msg/GoalDistanceResult.lisp)
Linked: (/home/rajendra/kr_ws/devel/.private/action_trackers/share/common-lisp/ros/action_trackers/msg/GoalDistanceFeedback.lisp, /home/rajendra/kr_ws/devel/share/common-lisp/ros/action_trackers/msg/GoalDistanceFeedback.lisp)
Linked: (/home/rajendra/kr_ws/devel/.private/action_trackers/share/common-lisp/ros/action_trackers/msg/GoalDistanceAction.lisp, /home/rajendra/kr_ws/devel/share/common-lisp/ros/action_trackers/msg/GoalDistanceAction.lisp)
Linked: (/home/rajendra/kr_ws/devel/.private/action_trackers/share/common-lisp/ros/action_trackers/msg/_package_TakeOffActionResult.lisp, /home/rajendra/kr_ws/devel/share/common-lisp/ros/action_trackers/msg/_package_TakeOffActionResult.lisp)
Linked: (/home/rajendra/kr_ws/devel/.private/action_trackers/share/common-lisp/ros/action_trackers/msg/_package_RunTrajectoryAction.lisp, /home/rajendra/kr_ws/devel/share/common-lisp/ros/action_trackers/msg/_package_RunTrajectoryAction.lisp)
Linked: (/home/rajendra/kr_ws/devel/.private/action_trackers/share/common-lisp/ros/action_trackers/msg/_package_RunTrajectoryActionGoal.lisp, /home/rajendra/kr_ws/devel/share/common-lisp/ros/action_trackers/msg/_package_RunTrajectoryActionGoal.lisp)
Linked: (/home/rajendra/kr_ws/devel/.private/action_trackers/share/common-lisp/ros/action_trackers/msg/GoalDistanceGoal.lisp, /home/rajendra/kr_ws/devel/share/common-lisp/ros/action_trackers/msg/GoalDistanceGoal.lisp)
Linked: (/home/rajendra/kr_ws/devel/.private/action_trackers/share/common-lisp/ros/action_trackers/msg/GoalDistanceActionResult.lisp, /home/rajendra/kr_ws/devel/share/common-lisp/ros/action_trackers/msg/GoalDistanceActionResult.lisp)
Linked: (/home/rajendra/kr_ws/devel/.private/action_trackers/share/common-lisp/ros/action_trackers/msg/RunPathAction.lisp, /home/rajendra/kr_ws/devel/share/common-lisp/ros/action_trackers/msg/RunPathAction.lisp)
Linked: (/home/rajendra/kr_ws/devel/.private/action_trackers/share/common-lisp/ros/action_trackers/msg/LandResult.lisp, /home/rajendra/kr_ws/devel/share/common-lisp/ros/action_trackers/msg/LandResult.lisp)
Linked: (/home/rajendra/kr_ws/devel/.private/action_trackers/share/common-lisp/ros/action_trackers/msg/action_trackers-msg.asd, /home/rajendra/kr_ws/devel/share/common-lisp/ros/action_trackers/msg/action_trackers-msg.asd)
Linked: (/home/rajendra/kr_ws/devel/.private/action_trackers/share/common-lisp/ros/action_trackers/msg/RunPathActionFeedback.lisp, /home/rajendra/kr_ws/devel/share/common-lisp/ros/action_trackers/msg/RunPathActionFeedback.lisp)
Linked: (/home/rajendra/kr_ws/devel/.private/action_trackers/share/common-lisp/ros/action_trackers/msg/_package_RunTrajectoryFeedback.lisp, /home/rajendra/kr_ws/devel/share/common-lisp/ros/action_trackers/msg/_package_RunTrajectoryFeedback.lisp)
Linked: (/home/rajendra/kr_ws/devel/.private/action_trackers/share/common-lisp/ros/action_trackers/msg/_package_RunPathResult.lisp, /home/rajendra/kr_ws/devel/share/common-lisp/ros/action_trackers/msg/_package_RunPathResult.lisp)
Linked: (/home/rajendra/kr_ws/devel/.private/action_trackers/share/common-lisp/ros/action_trackers/msg/ShortRangeActionGoal.lisp, /home/rajendra/kr_ws/devel/share/common-lisp/ros/action_trackers/msg/ShortRangeActionGoal.lisp)
Linked: (/home/rajendra/kr_ws/devel/.private/action_trackers/share/common-lisp/ros/action_trackers/msg/ShortRangeActionFeedback.lisp, /home/rajendra/kr_ws/devel/share/common-lisp/ros/action_trackers/msg/ShortRangeActionFeedback.lisp)
Linked: (/home/rajendra/kr_ws/devel/.private/action_trackers/share/common-lisp/ros/action_trackers/msg/TakeOffActionFeedback.lisp, /home/rajendra/kr_ws/devel/share/common-lisp/ros/action_trackers/msg/TakeOffActionFeedback.lisp)
Linked: (/home/rajendra/kr_ws/devel/.private/action_trackers/share/common-lisp/ros/action_trackers/msg/RunTrajectoryFeedback.lisp, /home/rajendra/kr_ws/devel/share/common-lisp/ros/action_trackers/msg/RunTrajectoryFeedback.lisp)
Linked: (/home/rajendra/kr_ws/devel/.private/action_trackers/share/common-lisp/ros/action_trackers/msg/_package_ShortRangeGoal.lisp, /home/rajendra/kr_ws/devel/share/common-lisp/ros/action_trackers/msg/_package_ShortRangeGoal.lisp)
Linked: (/home/rajendra/kr_ws/devel/.private/action_trackers/share/common-lisp/ros/action_trackers/msg/_package_GoalDistanceActionGoal.lisp, /home/rajendra/kr_ws/devel/share/common-lisp/ros/action_trackers/msg/_package_GoalDistanceActionGoal.lisp)
Linked: (/home/rajendra/kr_ws/devel/.private/action_trackers/share/common-lisp/ros/action_trackers/msg/ShortRangeAction.lisp, /home/rajendra/kr_ws/devel/share/common-lisp/ros/action_trackers/msg/ShortRangeAction.lisp)
Linked: (/home/rajendra/kr_ws/devel/.private/action_trackers/share/common-lisp/ros/action_trackers/msg/_package_LandActionFeedback.lisp, /home/rajendra/kr_ws/devel/share/common-lisp/ros/action_trackers/msg/_package_LandActionFeedback.lisp)
Linked: (/home/rajendra/kr_ws/devel/.private/action_trackers/share/common-lisp/ros/action_trackers/msg/_package_LandActionGoal.lisp, /home/rajendra/kr_ws/devel/share/common-lisp/ros/action_trackers/msg/_package_LandActionGoal.lisp)
Linked: (/home/rajendra/kr_ws/devel/.private/action_trackers/include/action_trackers/RunTrajectoryResult.h, /home/rajendra/kr_ws/devel/include/action_trackers/RunTrajectoryResult.h)
Linked: (/home/rajendra/kr_ws/devel/.private/action_trackers/include/action_trackers/RunPathAction.h, /home/rajendra/kr_ws/devel/include/action_trackers/RunPathAction.h)
Linked: (/home/rajendra/kr_ws/devel/.private/action_trackers/include/action_trackers/ShortRangeResult.h, /home/rajendra/kr_ws/devel/include/action_trackers/ShortRangeResult.h)
Linked: (/home/rajendra/kr_ws/devel/.private/action_trackers/include/action_trackers/GoalDistanceActionGoal.h, /home/rajendra/kr_ws/devel/include/action_trackers/GoalDistanceActionGoal.h)
Linked: (/home/rajendra/kr_ws/devel/.private/action_trackers/include/action_trackers/ShortRangeActionResult.h, /home/rajendra/kr_ws/devel/include/action_trackers/ShortRangeActionResult.h)
Linked: (/home/rajendra/kr_ws/devel/.private/action_trackers/include/action_trackers/TakeOffActionResult.h, /home/rajendra/kr_ws/devel/include/action_trackers/TakeOffActionResult.h)
Linked: (/home/rajendra/kr_ws/devel/.private/action_trackers/include/action_trackers/ShortRangeActionGoal.h, /home/rajendra/kr_ws/devel/include/action_trackers/ShortRangeActionGoal.h)
Linked: (/home/rajendra/kr_ws/devel/.private/action_trackers/include/action_trackers/RunTrajectoryActionGoal.h, /home/rajendra/kr_ws/devel/include/action_trackers/RunTrajectoryActionGoal.h)
Linked: (/home/rajendra/kr_ws/devel/.private/action_trackers/include/action_trackers/RunPathFeedback.h, /home/rajendra/kr_ws/devel/include/action_trackers/RunPathFeedback.h)
Linked: (/home/rajendra/kr_ws/devel/.private/action_trackers/include/action_trackers/RunTrajectoryActionResult.h, /home/rajendra/kr_ws/devel/include/action_trackers/RunTrajectoryActionResult.h)
Linked: (/home/rajendra/kr_ws/devel/.private/action_trackers/include/action_trackers/ShortRangeGoal.h, /home/rajendra/kr_ws/devel/include/action_trackers/ShortRangeGoal.h)
Linked: (/home/rajendra/kr_ws/devel/.private/action_trackers/include/action_trackers/GoalDistanceGoal.h, /home/rajendra/kr_ws/devel/include/action_trackers/GoalDistanceGoal.h)
Linked: (/home/rajendra/kr_ws/devel/.private/action_trackers/include/action_trackers/RunPathGoal.h, /home/rajendra/kr_ws/devel/include/action_trackers/RunPathGoal.h)
Linked: (/home/rajendra/kr_ws/devel/.private/action_trackers/include/action_trackers/ShortRangeFeedback.h, /home/rajendra/kr_ws/devel/include/action_trackers/ShortRangeFeedback.h)
Linked: (/home/rajendra/kr_ws/devel/.private/action_trackers/include/action_trackers/RunTrajectoryAction.h, /home/rajendra/kr_ws/devel/include/action_trackers/RunTrajectoryAction.h)
Linked: (/home/rajendra/kr_ws/devel/.private/action_trackers/include/action_trackers/TakeOffResult.h, /home/rajendra/kr_ws/devel/include/action_trackers/TakeOffResult.h)
Linked: (/home/rajendra/kr_ws/devel/.private/action_trackers/include/action_trackers/RunTrajectoryActionFeedback.h, /home/rajendra/kr_ws/devel/include/action_trackers/RunTrajectoryActionFeedback.h)
Linked: (/home/rajendra/kr_ws/devel/.private/action_trackers/include/action_trackers/ShortRangeActionFeedback.h, /home/rajendra/kr_ws/devel/include/action_trackers/ShortRangeActionFeedback.h)
Linked: (/home/rajendra/kr_ws/devel/.private/action_trackers/include/action_trackers/TakeOffAction.h, /home/rajendra/kr_ws/devel/include/action_trackers/TakeOffAction.h)
Linked: (/home/rajendra/kr_ws/devel/.private/action_trackers/include/action_trackers/TakeOffFeedback.h, /home/rajendra/kr_ws/devel/include/action_trackers/TakeOffFeedback.h)
Linked: (/home/rajendra/kr_ws/devel/.private/action_trackers/include/action_trackers/RunPathActionGoal.h, /home/rajendra/kr_ws/devel/include/action_trackers/RunPathActionGoal.h)
Linked: (/home/rajendra/kr_ws/devel/.private/action_trackers/include/action_trackers/LandFeedback.h, /home/rajendra/kr_ws/devel/include/action_trackers/LandFeedback.h)
Linked: (/home/rajendra/kr_ws/devel/.private/action_trackers/include/action_trackers/GoalDistanceAction.h, /home/rajendra/kr_ws/devel/include/action_trackers/GoalDistanceAction.h)
Linked: (/home/rajendra/kr_ws/devel/.private/action_trackers/include/action_trackers/LandActionFeedback.h, /home/rajendra/kr_ws/devel/include/action_trackers/LandActionFeedback.h)
Linked: (/home/rajendra/kr_ws/devel/.private/action_trackers/include/action_trackers/LandGoal.h, /home/rajendra/kr_ws/devel/include/action_trackers/LandGoal.h)
Linked: (/home/rajendra/kr_ws/devel/.private/action_trackers/include/action_trackers/RunTrajectoryGoal.h, /home/rajendra/kr_ws/devel/include/action_trackers/RunTrajectoryGoal.h)
Linked: (/home/rajendra/kr_ws/devel/.private/action_trackers/include/action_trackers/RunPathResult.h, /home/rajendra/kr_ws/devel/include/action_trackers/RunPathResult.h)
Linked: (/home/rajendra/kr_ws/devel/.private/action_trackers/include/action_trackers/GoalDistanceActionFeedback.h, /home/rajendra/kr_ws/devel/include/action_trackers/GoalDistanceActionFeedback.h)
Linked: (/home/rajendra/kr_ws/devel/.private/action_trackers/include/action_trackers/LandResult.h, /home/rajendra/kr_ws/devel/include/action_trackers/LandResult.h)
Linked: (/home/rajendra/kr_ws/devel/.private/action_trackers/include/action_trackers/GoalDistanceResult.h, /home/rajendra/kr_ws/devel/include/action_trackers/GoalDistanceResult.h)
Linked: (/home/rajendra/kr_ws/devel/.private/action_trackers/include/action_trackers/RunTrajectoryFeedback.h, /home/rajendra/kr_ws/devel/include/action_trackers/RunTrajectoryFeedback.h)
Linked: (/home/rajendra/kr_ws/devel/.private/action_trackers/include/action_trackers/GoalDistanceFeedback.h, /home/rajendra/kr_ws/devel/include/action_trackers/GoalDistanceFeedback.h)
Linked: (/home/rajendra/kr_ws/devel/.private/action_trackers/include/action_trackers/GoalDistanceActionResult.h, /home/rajendra/kr_ws/devel/include/action_trackers/GoalDistanceActionResult.h)
Linked: (/home/rajendra/kr_ws/devel/.private/action_trackers/include/action_trackers/LandActionGoal.h, /home/rajendra/kr_ws/devel/include/action_trackers/LandActionGoal.h)
Linked: (/home/rajendra/kr_ws/devel/.private/action_trackers/include/action_trackers/LandAction.h, /home/rajendra/kr_ws/devel/include/action_trackers/LandAction.h)
Linked: (/home/rajendra/kr_ws/devel/.private/action_trackers/include/action_trackers/TakeOffActionFeedback.h, /home/rajendra/kr_ws/devel/include/action_trackers/TakeOffActionFeedback.h)
Linked: (/home/rajendra/kr_ws/devel/.private/action_trackers/include/action_trackers/RunPathActionFeedback.h, /home/rajendra/kr_ws/devel/include/action_trackers/RunPathActionFeedback.h)
Linked: (/home/rajendra/kr_ws/devel/.private/action_trackers/include/action_trackers/TakeOffGoal.h, /home/rajendra/kr_ws/devel/include/action_trackers/TakeOffGoal.h)
Linked: (/home/rajendra/kr_ws/devel/.private/action_trackers/include/action_trackers/TakeOffActionGoal.h, /home/rajendra/kr_ws/devel/include/action_trackers/TakeOffActionGoal.h)
Linked: (/home/rajendra/kr_ws/devel/.private/action_trackers/include/action_trackers/LandActionResult.h, /home/rajendra/kr_ws/devel/include/action_trackers/LandActionResult.h)
Linked: (/home/rajendra/kr_ws/devel/.private/action_trackers/include/action_trackers/RunPathActionResult.h, /home/rajendra/kr_ws/devel/include/action_trackers/RunPathActionResult.h)
Linked: (/home/rajendra/kr_ws/devel/.private/action_trackers/include/action_trackers/ShortRangeAction.h, /home/rajendra/kr_ws/devel/include/action_trackers/ShortRangeAction.h)
Linked: (/home/rajendra/kr_ws/devel/.private/action_trackers/lib/libaction_trajectory_tracker.so, /home/rajendra/kr_ws/devel/lib/libaction_trajectory_tracker.so)
Linked: (/home/rajendra/kr_ws/devel/.private/action_trackers/lib/libaction_trackers.so, /home/rajendra/kr_ws/devel/lib/libaction_trackers.so)
Linked: (/home/rajendra/kr_ws/devel/.private/action_trackers/lib/libland_tracker.so, /home/rajendra/kr_ws/devel/lib/libland_tracker.so)
Linked: (/home/rajendra/kr_ws/devel/.private/action_trackers/lib/libtake_off_tracker.so, /home/rajendra/kr_ws/devel/lib/libtake_off_tracker.so)
Linked: (/home/rajendra/kr_ws/devel/.private/action_trackers/lib/libaction_path_tracker.so, /home/rajendra/kr_ws/devel/lib/libaction_path_tracker.so)
Linked: (/home/rajendra/kr_ws/devel/.private/action_trackers/lib/libstopping_policy.so, /home/rajendra/kr_ws/devel/lib/libstopping_policy.so)
Linked: (/home/rajendra/kr_ws/devel/.private/action_trackers/lib/python3/dist-packages/action_trackers/__init__.py, /home/rajendra/kr_ws/devel/lib/python3/dist-packages/action_trackers/__init__.py)
Linked: (/home/rajendra/kr_ws/devel/.private/action_trackers/lib/python3/dist-packages/action_trackers/msg/_GoalDistanceAction.py, /home/rajendra/kr_ws/devel/lib/python3/dist-packages/action_trackers/msg/_GoalDistanceAction.py)
Linked: (/home/rajendra/kr_ws/devel/.private/action_trackers/lib/python3/dist-packages/action_trackers/msg/_ShortRangeActionFeedback.py, /home/rajendra/kr_ws/devel/lib/python3/dist-packages/action_trackers/msg/_ShortRangeActionFeedback.py)
Linked: (/home/rajendra/kr_ws/devel/.private/action_trackers/lib/python3/dist-packages/action_trackers/msg/_TakeOffActionResult.py, /home/rajendra/kr_ws/devel/lib/python3/dist-packages/action_trackers/msg/_TakeOffActionResult.py)
Linked: (/home/rajendra/kr_ws/devel/.private/action_trackers/lib/python3/dist-packages/action_trackers/msg/_RunTrajectoryGoal.py, /home/rajendra/kr_ws/devel/lib/python3/dist-packages/action_trackers/msg/_RunTrajectoryGoal.py)
Linked: (/home/rajendra/kr_ws/devel/.private/action_trackers/lib/python3/dist-packages/action_trackers/msg/_TakeOffActionGoal.py, /home/rajendra/kr_ws/devel/lib/python3/dist-packages/action_trackers/msg/_TakeOffActionGoal.py)
Linked: (/home/rajendra/kr_ws/devel/.private/action_trackers/lib/python3/dist-packages/action_trackers/msg/__init__.py, /home/rajendra/kr_ws/devel/lib/python3/dist-packages/action_trackers/msg/__init__.py)
Linked: (/home/rajendra/kr_ws/devel/.private/action_trackers/lib/python3/dist-packages/action_trackers/msg/_LandAction.py, /home/rajendra/kr_ws/devel/lib/python3/dist-packages/action_trackers/msg/_LandAction.py)
Linked: (/home/rajendra/kr_ws/devel/.private/action_trackers/lib/python3/dist-packages/action_trackers/msg/_GoalDistanceActionResult.py, /home/rajendra/kr_ws/devel/lib/python3/dist-packages/action_trackers/msg/_GoalDistanceActionResult.py)
Linked: (/home/rajendra/kr_ws/devel/.private/action_trackers/lib/python3/dist-packages/action_trackers/msg/_ShortRangeResult.py, /home/rajendra/kr_ws/devel/lib/python3/dist-packages/action_trackers/msg/_ShortRangeResult.py)
Linked: (/home/rajendra/kr_ws/devel/.private/action_trackers/lib/python3/dist-packages/action_trackers/msg/_GoalDistanceFeedback.py, /home/rajendra/kr_ws/devel/lib/python3/dist-packages/action_trackers/msg/_GoalDistanceFeedback.py)
Linked: (/home/rajendra/kr_ws/devel/.private/action_trackers/lib/python3/dist-packages/action_trackers/msg/_RunPathActionFeedback.py, /home/rajendra/kr_ws/devel/lib/python3/dist-packages/action_trackers/msg/_RunPathActionFeedback.py)
Linked: (/home/rajendra/kr_ws/devel/.private/action_trackers/lib/python3/dist-packages/action_trackers/msg/_GoalDistanceActionGoal.py, /home/rajendra/kr_ws/devel/lib/python3/dist-packages/action_trackers/msg/_GoalDistanceActionGoal.py)
Linked: (/home/rajendra/kr_ws/devel/.private/action_trackers/lib/python3/dist-packages/action_trackers/msg/_RunPathFeedback.py, /home/rajendra/kr_ws/devel/lib/python3/dist-packages/action_trackers/msg/_RunPathFeedback.py)
Linked: (/home/rajendra/kr_ws/devel/.private/action_trackers/lib/python3/dist-packages/action_trackers/msg/_ShortRangeFeedback.py, /home/rajendra/kr_ws/devel/lib/python3/dist-packages/action_trackers/msg/_ShortRangeFeedback.py)
Linked: (/home/rajendra/kr_ws/devel/.private/action_trackers/lib/python3/dist-packages/action_trackers/msg/_GoalDistanceGoal.py, /home/rajendra/kr_ws/devel/lib/python3/dist-packages/action_trackers/msg/_GoalDistanceGoal.py)
Linked: (/home/rajendra/kr_ws/devel/.private/action_trackers/lib/python3/dist-packages/action_trackers/msg/_ShortRangeActionGoal.py, /home/rajendra/kr_ws/devel/lib/python3/dist-packages/action_trackers/msg/_ShortRangeActionGoal.py)
Linked: (/home/rajendra/kr_ws/devel/.private/action_trackers/lib/python3/dist-packages/action_trackers/msg/_ShortRangeGoal.py, /home/rajendra/kr_ws/devel/lib/python3/dist-packages/action_trackers/msg/_ShortRangeGoal.py)
Linked: (/home/rajendra/kr_ws/devel/.private/action_trackers/lib/python3/dist-packages/action_trackers/msg/_RunTrajectoryFeedback.py, /home/rajendra/kr_ws/devel/lib/python3/dist-packages/action_trackers/msg/_RunTrajectoryFeedback.py)
Linked: (/home/rajendra/kr_ws/devel/.private/action_trackers/lib/python3/dist-packages/action_trackers/msg/_RunTrajectoryActionGoal.py, /home/rajendra/kr_ws/devel/lib/python3/dist-packages/action_trackers/msg/_RunTrajectoryActionGoal.py)
Linked: (/home/rajendra/kr_ws/devel/.private/action_trackers/lib/python3/dist-packages/action_trackers/msg/_RunPathResult.py, /home/rajendra/kr_ws/devel/lib/python3/dist-packages/action_trackers/msg/_RunPathResult.py)
Linked: (/home/rajendra/kr_ws/devel/.private/action_trackers/lib/python3/dist-packages/action_trackers/msg/_RunTrajectoryAction.py, /home/rajendra/kr_ws/devel/lib/python3/dist-packages/action_trackers/msg/_RunTrajectoryAction.py)
Linked: (/home/rajendra/kr_ws/devel/.private/action_trackers/lib/python3/dist-packages/action_trackers/msg/_TakeOffFeedback.py, /home/rajendra/kr_ws/devel/lib/python3/dist-packages/action_trackers/msg/_TakeOffFeedback.py)
Linked: (/home/rajendra/kr_ws/devel/.private/action_trackers/lib/python3/dist-packages/action_trackers/msg/_LandFeedback.py, /home/rajendra/kr_ws/devel/lib/python3/dist-packages/action_trackers/msg/_LandFeedback.py)
Linked: (/home/rajendra/kr_ws/devel/.private/action_trackers/lib/python3/dist-packages/action_trackers/msg/_RunTrajectoryActionFeedback.py, /home/rajendra/kr_ws/devel/lib/python3/dist-packages/action_trackers/msg/_RunTrajectoryActionFeedback.py)
Linked: (/home/rajendra/kr_ws/devel/.private/action_trackers/lib/python3/dist-packages/action_trackers/msg/_TakeOffAction.py, /home/rajendra/kr_ws/devel/lib/python3/dist-packages/action_trackers/msg/_TakeOffAction.py)
Linked: (/home/rajendra/kr_ws/devel/.private/action_trackers/lib/python3/dist-packages/action_trackers/msg/_LandActionResult.py, /home/rajendra/kr_ws/devel/lib/python3/dist-packages/action_trackers/msg/_LandActionResult.py)
Linked: (/home/rajendra/kr_ws/devel/.private/action_trackers/lib/python3/dist-packages/action_trackers/msg/_RunTrajectoryActionResult.py, /home/rajendra/kr_ws/devel/lib/python3/dist-packages/action_trackers/msg/_RunTrajectoryActionResult.py)
Linked: (/home/rajendra/kr_ws/devel/.private/action_trackers/lib/python3/dist-packages/action_trackers/msg/_LandResult.py, /home/rajendra/kr_ws/devel/lib/python3/dist-packages/action_trackers/msg/_LandResult.py)
Linked: (/home/rajendra/kr_ws/devel/.private/action_trackers/lib/python3/dist-packages/action_trackers/msg/_RunPathActionResult.py, /home/rajendra/kr_ws/devel/lib/python3/dist-packages/action_trackers/msg/_RunPathActionResult.py)
Linked: (/home/rajendra/kr_ws/devel/.private/action_trackers/lib/python3/dist-packages/action_trackers/msg/_ShortRangeActionResult.py, /home/rajendra/kr_ws/devel/lib/python3/dist-packages/action_trackers/msg/_ShortRangeActionResult.py)
Linked: (/home/rajendra/kr_ws/devel/.private/action_trackers/lib/python3/dist-packages/action_trackers/msg/_GoalDistanceResult.py, /home/rajendra/kr_ws/devel/lib/python3/dist-packages/action_trackers/msg/_GoalDistanceResult.py)
Linked: (/home/rajendra/kr_ws/devel/.private/action_trackers/lib/python3/dist-packages/action_trackers/msg/_TakeOffGoal.py, /home/rajendra/kr_ws/devel/lib/python3/dist-packages/action_trackers/msg/_TakeOffGoal.py)
Linked: (/home/rajendra/kr_ws/devel/.private/action_trackers/lib/python3/dist-packages/action_trackers/msg/_LandGoal.py, /home/rajendra/kr_ws/devel/lib/python3/dist-packages/action_trackers/msg/_LandGoal.py)
Linked: (/home/rajendra/kr_ws/devel/.private/action_trackers/lib/python3/dist-packages/action_trackers/msg/_LandActionGoal.py, /home/rajendra/kr_ws/devel/lib/python3/dist-packages/action_trackers/msg/_LandActionGoal.py)
Linked: (/home/rajendra/kr_ws/devel/.private/action_trackers/lib/python3/dist-packages/action_trackers/msg/_LandActionFeedback.py, /home/rajendra/kr_ws/devel/lib/python3/dist-packages/action_trackers/msg/_LandActionFeedback.py)
Linked: (/home/rajendra/kr_ws/devel/.private/action_trackers/lib/python3/dist-packages/action_trackers/msg/_ShortRangeAction.py, /home/rajendra/kr_ws/devel/lib/python3/dist-packages/action_trackers/msg/_ShortRangeAction.py)
Linked: (/home/rajendra/kr_ws/devel/.private/action_trackers/lib/python3/dist-packages/action_trackers/msg/_TakeOffActionFeedback.py, /home/rajendra/kr_ws/devel/lib/python3/dist-packages/action_trackers/msg/_TakeOffActionFeedback.py)
Linked: (/home/rajendra/kr_ws/devel/.private/action_trackers/lib/python3/dist-packages/action_trackers/msg/_RunPathAction.py, /home/rajendra/kr_ws/devel/lib/python3/dist-packages/action_trackers/msg/_RunPathAction.py)
Linked: (/home/rajendra/kr_ws/devel/.private/action_trackers/lib/python3/dist-packages/action_trackers/msg/_GoalDistanceActionFeedback.py, /home/rajendra/kr_ws/devel/lib/python3/dist-packages/action_trackers/msg/_GoalDistanceActionFeedback.py)
Linked: (/home/rajendra/kr_ws/devel/.private/action_trackers/lib/python3/dist-packages/action_trackers/msg/_RunPathActionGoal.py, /home/rajendra/kr_ws/devel/lib/python3/dist-packages/action_trackers/msg/_RunPathActionGoal.py)
Linked: (/home/rajendra/kr_ws/devel/.private/action_trackers/lib/python3/dist-packages/action_trackers/msg/_RunTrajectoryResult.py, /home/rajendra/kr_ws/devel/lib/python3/dist-packages/action_trackers/msg/_RunTrajectoryResult.py)
Linked: (/home/rajendra/kr_ws/devel/.private/action_trackers/lib/python3/dist-packages/action_trackers/msg/_TakeOffResult.py, /home/rajendra/kr_ws/devel/lib/python3/dist-packages/action_trackers/msg/_TakeOffResult.py)
Linked: (/home/rajendra/kr_ws/devel/.private/action_trackers/lib/python3/dist-packages/action_trackers/msg/_RunPathGoal.py, /home/rajendra/kr_ws/devel/lib/python3/dist-packages/action_trackers/msg/_RunPathGoal.py)
Linked: (/home/rajendra/kr_ws/devel/.private/action_trackers/lib/pkgconfig/action_trackers.pc, /home/rajendra/kr_ws/devel/lib/pkgconfig/action_trackers.pc)
