Symlinking /home/rajendra/kr_ws/devel/share/action_trackers/cmake/action_trackers-msg-extras.cmake
Symlinking /home/rajendra/kr_ws/devel/share/action_trackers/cmake/action_trackersConfig-version.cmake
Symlinking /home/rajendra/kr_ws/devel/share/action_trackers/cmake/action_trackersConfig.cmake
Symlinking /home/rajendra/kr_ws/devel/share/action_trackers/cmake/action_trackers-msg-paths.cmake
Symlinking /home/rajendra/kr_ws/devel/share/action_trackers/msg/RunTrajectoryActionResult.msg
Symlinking /home/rajendra/kr_ws/devel/share/action_trackers/msg/RunPathActionGoal.msg
Symlinking /home/rajendra/kr_ws/devel/share/action_trackers/msg/RunTrajectoryResult.msg
Symlinking /home/rajendra/kr_ws/devel/share/action_trackers/msg/RunTrajectoryFeedback.msg
Symlinking /home/rajendra/kr_ws/devel/share/action_trackers/msg/LandGoal.msg
Symlinking /home/rajendra/kr_ws/devel/share/action_trackers/msg/GoalDistanceFeedback.msg
Symlinking /home/rajendra/kr_ws/devel/share/action_trackers/msg/TakeOffActionGoal.msg
Symlinking /home/rajendra/kr_ws/devel/share/action_trackers/msg/RunTrajectoryActionGoal.msg
Symlinking /home/rajendra/kr_ws/devel/share/action_trackers/msg/RunPathGoal.msg
Symlinking /home/rajendra/kr_ws/devel/share/action_trackers/msg/RunPathActionFeedback.msg
Symlinking /home/rajendra/kr_ws/devel/share/action_trackers/msg/LandFeedback.msg
Symlinking /home/rajendra/kr_ws/devel/share/action_trackers/msg/RunPathActionResult.msg
Symlinking /home/rajendra/kr_ws/devel/share/action_trackers/msg/GoalDistanceGoal.msg
Symlinking /home/rajendra/kr_ws/devel/share/action_trackers/msg/ShortRangeActionResult.msg
Symlinking /home/rajendra/kr_ws/devel/share/action_trackers/msg/RunTrajectoryActionFeedback.msg
Symlinking /home/rajendra/kr_ws/devel/share/action_trackers/msg/ShortRangeAction.msg
Symlinking /home/rajendra/kr_ws/devel/share/action_trackers/msg/LandResult.msg
Symlinking /home/rajendra/kr_ws/devel/share/action_trackers/msg/TakeOffActionResult.msg
Symlinking /home/rajendra/kr_ws/devel/share/action_trackers/msg/LandActionResult.msg
Symlinking /home/rajendra/kr_ws/devel/share/action_trackers/msg/ShortRangeResult.msg
Symlinking /home/rajendra/kr_ws/devel/share/action_trackers/msg/RunTrajectoryAction.msg
Symlinking /home/rajendra/kr_ws/devel/share/action_trackers/msg/RunPathFeedback.msg
Symlinking /home/rajendra/kr_ws/devel/share/action_trackers/msg/LandAction.msg
Symlinking /home/rajendra/kr_ws/devel/share/action_trackers/msg/ShortRangeGoal.msg
Symlinking /home/rajendra/kr_ws/devel/share/action_trackers/msg/ShortRangeFeedback.msg
Symlinking /home/rajendra/kr_ws/devel/share/action_trackers/msg/RunTrajectoryGoal.msg
Symlinking /home/rajendra/kr_ws/devel/share/action_trackers/msg/GoalDistanceActionGoal.msg
Symlinking /home/rajendra/kr_ws/devel/share/action_trackers/msg/TakeOffFeedback.msg
Symlinking /home/rajendra/kr_ws/devel/share/action_trackers/msg/ShortRangeActionGoal.msg
Symlinking /home/rajendra/kr_ws/devel/share/action_trackers/msg/RunPathResult.msg
Symlinking /home/rajendra/kr_ws/devel/share/action_trackers/msg/TakeOffActionFeedback.msg
Symlinking /home/rajendra/kr_ws/devel/share/action_trackers/msg/TakeOffResult.msg
Symlinking /home/rajendra/kr_ws/devel/share/action_trackers/msg/RunPathAction.msg
Symlinking /home/rajendra/kr_ws/devel/share/action_trackers/msg/GoalDistanceResult.msg
Symlinking /home/rajendra/kr_ws/devel/share/action_trackers/msg/TakeOffAction.msg
Symlinking /home/rajendra/kr_ws/devel/share/action_trackers/msg/GoalDistanceActionFeedback.msg
Symlinking /home/rajendra/kr_ws/devel/share/action_trackers/msg/LandActionFeedback.msg
Symlinking /home/rajendra/kr_ws/devel/share/action_trackers/msg/GoalDistanceAction.msg
Symlinking /home/rajendra/kr_ws/devel/share/action_trackers/msg/LandActionGoal.msg
Symlinking /home/rajendra/kr_ws/devel/share/action_trackers/msg/TakeOffGoal.msg
Symlinking /home/rajendra/kr_ws/devel/share/action_trackers/msg/ShortRangeActionFeedback.msg
Symlinking /home/rajendra/kr_ws/devel/share/action_trackers/msg/GoalDistanceActionResult.msg
Symlinking /home/rajendra/kr_ws/devel/share/roseus/ros/action_trackers/manifest.l
Symlinking /home/rajendra/kr_ws/devel/share/roseus/ros/action_trackers/msg/RunTrajectoryActionResult.l
Symlinking /home/rajendra/kr_ws/devel/share/roseus/ros/action_trackers/msg/GoalDistanceActionFeedback.l
Symlinking /home/rajendra/kr_ws/devel/share/roseus/ros/action_trackers/msg/ShortRangeResult.l
Symlinking /home/rajendra/kr_ws/devel/share/roseus/ros/action_trackers/msg/RunPathActionFeedback.l
Symlinking /home/rajendra/kr_ws/devel/share/roseus/ros/action_trackers/msg/RunTrajectoryActionFeedback.l
Symlinking /home/rajendra/kr_ws/devel/share/roseus/ros/action_trackers/msg/LandActionFeedback.l
Symlinking /home/rajendra/kr_ws/devel/share/roseus/ros/action_trackers/msg/ShortRangeAction.l
Symlinking /home/rajendra/kr_ws/devel/share/roseus/ros/action_trackers/msg/TakeOffAction.l
Symlinking /home/rajendra/kr_ws/devel/share/roseus/ros/action_trackers/msg/LandActionResult.l
Symlinking /home/rajendra/kr_ws/devel/share/roseus/ros/action_trackers/msg/LandGoal.l
Symlinking /home/rajendra/kr_ws/devel/share/roseus/ros/action_trackers/msg/RunPathFeedback.l
Symlinking /home/rajendra/kr_ws/devel/share/roseus/ros/action_trackers/msg/RunPathGoal.l
Symlinking /home/rajendra/kr_ws/devel/share/roseus/ros/action_trackers/msg/TakeOffFeedback.l
Symlinking /home/rajendra/kr_ws/devel/share/roseus/ros/action_trackers/msg/RunTrajectoryFeedback.l
Symlinking /home/rajendra/kr_ws/devel/share/roseus/ros/action_trackers/msg/LandResult.l
Symlinking /home/rajendra/kr_ws/devel/share/roseus/ros/action_trackers/msg/GoalDistanceGoal.l
Symlinking /home/rajendra/kr_ws/devel/share/roseus/ros/action_trackers/msg/GoalDistanceFeedback.l
Symlinking /home/rajendra/kr_ws/devel/share/roseus/ros/action_trackers/msg/TakeOffActionResult.l
Symlinking /home/rajendra/kr_ws/devel/share/roseus/ros/action_trackers/msg/RunPathAction.l
Symlinking /home/rajendra/kr_ws/devel/share/roseus/ros/action_trackers/msg/TakeOffResult.l
Symlinking /home/rajendra/kr_ws/devel/share/roseus/ros/action_trackers/msg/RunPathActionResult.l
Symlinking /home/rajendra/kr_ws/devel/share/roseus/ros/action_trackers/msg/RunPathResult.l
Symlinking /home/rajendra/kr_ws/devel/share/roseus/ros/action_trackers/msg/LandActionGoal.l
Symlinking /home/rajendra/kr_ws/devel/share/roseus/ros/action_trackers/msg/RunTrajectoryResult.l
Symlinking /home/rajendra/kr_ws/devel/share/roseus/ros/action_trackers/msg/LandAction.l
Symlinking /home/rajendra/kr_ws/devel/share/roseus/ros/action_trackers/msg/ShortRangeFeedback.l
Symlinking /home/rajendra/kr_ws/devel/share/roseus/ros/action_trackers/msg/RunTrajectoryGoal.l
Symlinking /home/rajendra/kr_ws/devel/share/roseus/ros/action_trackers/msg/GoalDistanceActionGoal.l
Symlinking /home/rajendra/kr_ws/devel/share/roseus/ros/action_trackers/msg/LandFeedback.l
Symlinking /home/rajendra/kr_ws/devel/share/roseus/ros/action_trackers/msg/TakeOffActionGoal.l
Symlinking /home/rajendra/kr_ws/devel/share/roseus/ros/action_trackers/msg/GoalDistanceActionResult.l
Symlinking /home/rajendra/kr_ws/devel/share/roseus/ros/action_trackers/msg/RunTrajectoryAction.l
Symlinking /home/rajendra/kr_ws/devel/share/roseus/ros/action_trackers/msg/RunPathActionGoal.l
Symlinking /home/rajendra/kr_ws/devel/share/roseus/ros/action_trackers/msg/RunTrajectoryActionGoal.l
Symlinking /home/rajendra/kr_ws/devel/share/roseus/ros/action_trackers/msg/TakeOffActionFeedback.l
Symlinking /home/rajendra/kr_ws/devel/share/roseus/ros/action_trackers/msg/ShortRangeActionGoal.l
Symlinking /home/rajendra/kr_ws/devel/share/roseus/ros/action_trackers/msg/TakeOffGoal.l
Symlinking /home/rajendra/kr_ws/devel/share/roseus/ros/action_trackers/msg/ShortRangeActionResult.l
Symlinking /home/rajendra/kr_ws/devel/share/roseus/ros/action_trackers/msg/ShortRangeGoal.l
Symlinking /home/rajendra/kr_ws/devel/share/roseus/ros/action_trackers/msg/GoalDistanceAction.l
Symlinking /home/rajendra/kr_ws/devel/share/roseus/ros/action_trackers/msg/GoalDistanceResult.l
Symlinking /home/rajendra/kr_ws/devel/share/roseus/ros/action_trackers/msg/ShortRangeActionFeedback.l
Symlinking /home/rajendra/kr_ws/devel/share/gennodejs/ros/action_trackers/_index.js
Symlinking /home/rajendra/kr_ws/devel/share/gennodejs/ros/action_trackers/msg/ShortRangeActionGoal.js
Symlinking /home/rajendra/kr_ws/devel/share/gennodejs/ros/action_trackers/msg/TakeOffFeedback.js
Symlinking /home/rajendra/kr_ws/devel/share/gennodejs/ros/action_trackers/msg/TakeOffActionGoal.js
Symlinking /home/rajendra/kr_ws/devel/share/gennodejs/ros/action_trackers/msg/RunPathActionFeedback.js
Symlinking /home/rajendra/kr_ws/devel/share/gennodejs/ros/action_trackers/msg/RunPathResult.js
Symlinking /home/rajendra/kr_ws/devel/share/gennodejs/ros/action_trackers/msg/RunPathFeedback.js
Symlinking /home/rajendra/kr_ws/devel/share/gennodejs/ros/action_trackers/msg/TakeOffActionResult.js
Symlinking /home/rajendra/kr_ws/devel/share/gennodejs/ros/action_trackers/msg/ShortRangeFeedback.js
Symlinking /home/rajendra/kr_ws/devel/share/gennodejs/ros/action_trackers/msg/RunTrajectoryActionFeedback.js
Symlinking /home/rajendra/kr_ws/devel/share/gennodejs/ros/action_trackers/msg/RunTrajectoryActionResult.js
Symlinking /home/rajendra/kr_ws/devel/share/gennodejs/ros/action_trackers/msg/RunTrajectoryAction.js
Symlinking /home/rajendra/kr_ws/devel/share/gennodejs/ros/action_trackers/msg/TakeOffAction.js
Symlinking /home/rajendra/kr_ws/devel/share/gennodejs/ros/action_trackers/msg/TakeOffGoal.js
Symlinking /home/rajendra/kr_ws/devel/share/gennodejs/ros/action_trackers/msg/RunTrajectoryFeedback.js
Symlinking /home/rajendra/kr_ws/devel/share/gennodejs/ros/action_trackers/msg/GoalDistanceFeedback.js
Symlinking /home/rajendra/kr_ws/devel/share/gennodejs/ros/action_trackers/msg/ShortRangeActionFeedback.js
Symlinking /home/rajendra/kr_ws/devel/share/gennodejs/ros/action_trackers/msg/RunPathActionGoal.js
Symlinking /home/rajendra/kr_ws/devel/share/gennodejs/ros/action_trackers/msg/RunTrajectoryActionGoal.js
Symlinking /home/rajendra/kr_ws/devel/share/gennodejs/ros/action_trackers/msg/GoalDistanceAction.js
Symlinking /home/rajendra/kr_ws/devel/share/gennodejs/ros/action_trackers/msg/RunPathActionResult.js
Symlinking /home/rajendra/kr_ws/devel/share/gennodejs/ros/action_trackers/msg/LandActionFeedback.js
Symlinking /home/rajendra/kr_ws/devel/share/gennodejs/ros/action_trackers/msg/RunTrajectoryGoal.js
Symlinking /home/rajendra/kr_ws/devel/share/gennodejs/ros/action_trackers/msg/LandFeedback.js
Symlinking /home/rajendra/kr_ws/devel/share/gennodejs/ros/action_trackers/msg/LandActionResult.js
Symlinking /home/rajendra/kr_ws/devel/share/gennodejs/ros/action_trackers/msg/GoalDistanceGoal.js
Symlinking /home/rajendra/kr_ws/devel/share/gennodejs/ros/action_trackers/msg/ShortRangeGoal.js
Symlinking /home/rajendra/kr_ws/devel/share/gennodejs/ros/action_trackers/msg/TakeOffResult.js
Symlinking /home/rajendra/kr_ws/devel/share/gennodejs/ros/action_trackers/msg/_index.js
Symlinking /home/rajendra/kr_ws/devel/share/gennodejs/ros/action_trackers/msg/ShortRangeAction.js
Symlinking /home/rajendra/kr_ws/devel/share/gennodejs/ros/action_trackers/msg/GoalDistanceActionFeedback.js
Symlinking /home/rajendra/kr_ws/devel/share/gennodejs/ros/action_trackers/msg/ShortRangeActionResult.js
Symlinking /home/rajendra/kr_ws/devel/share/gennodejs/ros/action_trackers/msg/LandGoal.js
Symlinking /home/rajendra/kr_ws/devel/share/gennodejs/ros/action_trackers/msg/LandResult.js
Symlinking /home/rajendra/kr_ws/devel/share/gennodejs/ros/action_trackers/msg/TakeOffActionFeedback.js
Symlinking /home/rajendra/kr_ws/devel/share/gennodejs/ros/action_trackers/msg/GoalDistanceResult.js
Symlinking /home/rajendra/kr_ws/devel/share/gennodejs/ros/action_trackers/msg/LandAction.js
Symlinking /home/rajendra/kr_ws/devel/share/gennodejs/ros/action_trackers/msg/ShortRangeResult.js
Symlinking /home/rajendra/kr_ws/devel/share/gennodejs/ros/action_trackers/msg/RunTrajectoryResult.js
Symlinking /home/rajendra/kr_ws/devel/share/gennodejs/ros/action_trackers/msg/GoalDistanceActionResult.js
Symlinking /home/rajendra/kr_ws/devel/share/gennodejs/ros/action_trackers/msg/LandActionGoal.js
Symlinking /home/rajendra/kr_ws/devel/share/gennodejs/ros/action_trackers/msg/RunPathAction.js
Symlinking /home/rajendra/kr_ws/devel/share/gennodejs/ros/action_trackers/msg/GoalDistanceActionGoal.js
Symlinking /home/rajendra/kr_ws/devel/share/gennodejs/ros/action_trackers/msg/RunPathGoal.js
Symlinking /home/rajendra/kr_ws/devel/share/common-lisp/ros/action_trackers/msg/RunPathResult.lisp
Symlinking /home/rajendra/kr_ws/devel/share/common-lisp/ros/action_trackers/msg/_package_LandActionResult.lisp
Symlinking /home/rajendra/kr_ws/devel/share/common-lisp/ros/action_trackers/msg/TakeOffGoal.lisp
Symlinking /home/rajendra/kr_ws/devel/share/common-lisp/ros/action_trackers/msg/_package_TakeOffActionFeedback.lisp
Symlinking /home/rajendra/kr_ws/devel/share/common-lisp/ros/action_trackers/msg/_package_LandResult.lisp
Symlinking /home/rajendra/kr_ws/devel/share/common-lisp/ros/action_trackers/msg/ShortRangeGoal.lisp
Symlinking /home/rajendra/kr_ws/devel/share/common-lisp/ros/action_trackers/msg/RunTrajectoryActionGoal.lisp
Symlinking /home/rajendra/kr_ws/devel/share/common-lisp/ros/action_trackers/msg/_package_ShortRangeFeedback.lisp
Symlinking /home/rajendra/kr_ws/devel/share/common-lisp/ros/action_trackers/msg/ShortRangeFeedback.lisp
Symlinking /home/rajendra/kr_ws/devel/share/common-lisp/ros/action_trackers/msg/LandFeedback.lisp
Symlinking /home/rajendra/kr_ws/devel/share/common-lisp/ros/action_trackers/msg/TakeOffResult.lisp
Symlinking /home/rajendra/kr_ws/devel/share/common-lisp/ros/action_trackers/msg/LandActionGoal.lisp
Symlinking /home/rajendra/kr_ws/devel/share/common-lisp/ros/action_trackers/msg/_package_RunPathActionFeedback.lisp
Symlinking /home/rajendra/kr_ws/devel/share/common-lisp/ros/action_trackers/msg/_package_RunPathActionGoal.lisp
Symlinking /home/rajendra/kr_ws/devel/share/common-lisp/ros/action_trackers/msg/LandAction.lisp
Symlinking /home/rajendra/kr_ws/devel/share/common-lisp/ros/action_trackers/msg/_package_GoalDistanceAction.lisp
Symlinking /home/rajendra/kr_ws/devel/share/common-lisp/ros/action_trackers/msg/_package_TakeOffAction.lisp
Symlinking /home/rajendra/kr_ws/devel/share/common-lisp/ros/action_trackers/msg/RunPathActionResult.lisp
Symlinking /home/rajendra/kr_ws/devel/share/common-lisp/ros/action_trackers/msg/TakeOffFeedback.lisp
Symlinking /home/rajendra/kr_ws/devel/share/common-lisp/ros/action_trackers/msg/_package_RunPathActionResult.lisp
Symlinking /home/rajendra/kr_ws/devel/share/common-lisp/ros/action_trackers/msg/_package_GoalDistanceResult.lisp
Symlinking /home/rajendra/kr_ws/devel/share/common-lisp/ros/action_trackers/msg/RunPathActionGoal.lisp
Symlinking /home/rajendra/kr_ws/devel/share/common-lisp/ros/action_trackers/msg/_package_RunPathFeedback.lisp
Symlinking /home/rajendra/kr_ws/devel/share/common-lisp/ros/action_trackers/msg/_package_RunTrajectoryResult.lisp
Symlinking /home/rajendra/kr_ws/devel/share/common-lisp/ros/action_trackers/msg/RunTrajectoryGoal.lisp
Symlinking /home/rajendra/kr_ws/devel/share/common-lisp/ros/action_trackers/msg/RunTrajectoryActionResult.lisp
Symlinking /home/rajendra/kr_ws/devel/share/common-lisp/ros/action_trackers/msg/_package_RunTrajectoryActionFeedback.lisp
Symlinking /home/rajendra/kr_ws/devel/share/common-lisp/ros/action_trackers/msg/RunPathFeedback.lisp
Symlinking /home/rajendra/kr_ws/devel/share/common-lisp/ros/action_trackers/msg/RunPathGoal.lisp
Symlinking /home/rajendra/kr_ws/devel/share/common-lisp/ros/action_trackers/msg/RunTrajectoryAction.lisp
Symlinking /home/rajendra/kr_ws/devel/share/common-lisp/ros/action_trackers/msg/GoalDistanceActionGoal.lisp
Symlinking /home/rajendra/kr_ws/devel/share/common-lisp/ros/action_trackers/msg/_package_ShortRangeResult.lisp
Symlinking /home/rajendra/kr_ws/devel/share/common-lisp/ros/action_trackers/msg/_package_GoalDistanceActionResult.lisp
Symlinking /home/rajendra/kr_ws/devel/share/common-lisp/ros/action_trackers/msg/_package_ShortRangeActionFeedback.lisp
Symlinking /home/rajendra/kr_ws/devel/share/common-lisp/ros/action_trackers/msg/_package_TakeOffResult.lisp
Symlinking /home/rajendra/kr_ws/devel/share/common-lisp/ros/action_trackers/msg/TakeOffActionGoal.lisp
Symlinking /home/rajendra/kr_ws/devel/share/common-lisp/ros/action_trackers/msg/_package_ShortRangeActionResult.lisp
Symlinking /home/rajendra/kr_ws/devel/share/common-lisp/ros/action_trackers/msg/RunTrajectoryActionFeedback.lisp
Symlinking /home/rajendra/kr_ws/devel/share/common-lisp/ros/action_trackers/msg/_package_LandFeedback.lisp
Symlinking /home/rajendra/kr_ws/devel/share/common-lisp/ros/action_trackers/msg/_package_GoalDistanceFeedback.lisp
Symlinking /home/rajendra/kr_ws/devel/share/common-lisp/ros/action_trackers/msg/LandActionFeedback.lisp
Symlinking /home/rajendra/kr_ws/devel/share/common-lisp/ros/action_trackers/msg/_package_TakeOffGoal.lisp
Symlinking /home/rajendra/kr_ws/devel/share/common-lisp/ros/action_trackers/msg/_package_TakeOffFeedback.lisp
Symlinking /home/rajendra/kr_ws/devel/share/common-lisp/ros/action_trackers/msg/LandActionResult.lisp
Symlinking /home/rajendra/kr_ws/devel/share/common-lisp/ros/action_trackers/msg/TakeOffActionResult.lisp
Symlinking /home/rajendra/kr_ws/devel/share/common-lisp/ros/action_trackers/msg/GoalDistanceActionFeedback.lisp
Symlinking /home/rajendra/kr_ws/devel/share/common-lisp/ros/action_trackers/msg/_package_GoalDistanceActionFeedback.lisp
Symlinking /home/rajendra/kr_ws/devel/share/common-lisp/ros/action_trackers/msg/LandGoal.lisp
Symlinking /home/rajendra/kr_ws/devel/share/common-lisp/ros/action_trackers/msg/_package_ShortRangeActionGoal.lisp
Symlinking /home/rajendra/kr_ws/devel/share/common-lisp/ros/action_trackers/msg/_package_LandGoal.lisp
Symlinking /home/rajendra/kr_ws/devel/share/common-lisp/ros/action_trackers/msg/_package_ShortRangeAction.lisp
Symlinking /home/rajendra/kr_ws/devel/share/common-lisp/ros/action_trackers/msg/_package.lisp
Symlinking /home/rajendra/kr_ws/devel/share/common-lisp/ros/action_trackers/msg/_package_RunTrajectoryGoal.lisp
Symlinking /home/rajendra/kr_ws/devel/share/common-lisp/ros/action_trackers/msg/_package_GoalDistanceGoal.lisp
Symlinking /home/rajendra/kr_ws/devel/share/common-lisp/ros/action_trackers/msg/_package_RunTrajectoryActionResult.lisp
Symlinking /home/rajendra/kr_ws/devel/share/common-lisp/ros/action_trackers/msg/RunTrajectoryResult.lisp
Symlinking /home/rajendra/kr_ws/devel/share/common-lisp/ros/action_trackers/msg/_package_LandAction.lisp
Symlinking /home/rajendra/kr_ws/devel/share/common-lisp/ros/action_trackers/msg/_package_TakeOffActionGoal.lisp
Symlinking /home/rajendra/kr_ws/devel/share/common-lisp/ros/action_trackers/msg/ShortRangeResult.lisp
Symlinking /home/rajendra/kr_ws/devel/share/common-lisp/ros/action_trackers/msg/ShortRangeActionResult.lisp
Symlinking /home/rajendra/kr_ws/devel/share/common-lisp/ros/action_trackers/msg/_package_RunPathAction.lisp
Symlinking /home/rajendra/kr_ws/devel/share/common-lisp/ros/action_trackers/msg/TakeOffAction.lisp
Symlinking /home/rajendra/kr_ws/devel/share/common-lisp/ros/action_trackers/msg/_package_RunPathGoal.lisp
Symlinking /home/rajendra/kr_ws/devel/share/common-lisp/ros/action_trackers/msg/GoalDistanceResult.lisp
Symlinking /home/rajendra/kr_ws/devel/share/common-lisp/ros/action_trackers/msg/GoalDistanceFeedback.lisp
Symlinking /home/rajendra/kr_ws/devel/share/common-lisp/ros/action_trackers/msg/GoalDistanceAction.lisp
Symlinking /home/rajendra/kr_ws/devel/share/common-lisp/ros/action_trackers/msg/_package_TakeOffActionResult.lisp
Symlinking /home/rajendra/kr_ws/devel/share/common-lisp/ros/action_trackers/msg/_package_RunTrajectoryAction.lisp
Symlinking /home/rajendra/kr_ws/devel/share/common-lisp/ros/action_trackers/msg/_package_RunTrajectoryActionGoal.lisp
Symlinking /home/rajendra/kr_ws/devel/share/common-lisp/ros/action_trackers/msg/GoalDistanceGoal.lisp
Symlinking /home/rajendra/kr_ws/devel/share/common-lisp/ros/action_trackers/msg/GoalDistanceActionResult.lisp
Symlinking /home/rajendra/kr_ws/devel/share/common-lisp/ros/action_trackers/msg/RunPathAction.lisp
Symlinking /home/rajendra/kr_ws/devel/share/common-lisp/ros/action_trackers/msg/LandResult.lisp
Symlinking /home/rajendra/kr_ws/devel/share/common-lisp/ros/action_trackers/msg/action_trackers-msg.asd
Symlinking /home/rajendra/kr_ws/devel/share/common-lisp/ros/action_trackers/msg/RunPathActionFeedback.lisp
Symlinking /home/rajendra/kr_ws/devel/share/common-lisp/ros/action_trackers/msg/_package_RunTrajectoryFeedback.lisp
Symlinking /home/rajendra/kr_ws/devel/share/common-lisp/ros/action_trackers/msg/_package_RunPathResult.lisp
Symlinking /home/rajendra/kr_ws/devel/share/common-lisp/ros/action_trackers/msg/ShortRangeActionGoal.lisp
Symlinking /home/rajendra/kr_ws/devel/share/common-lisp/ros/action_trackers/msg/ShortRangeActionFeedback.lisp
Symlinking /home/rajendra/kr_ws/devel/share/common-lisp/ros/action_trackers/msg/TakeOffActionFeedback.lisp
Symlinking /home/rajendra/kr_ws/devel/share/common-lisp/ros/action_trackers/msg/RunTrajectoryFeedback.lisp
Symlinking /home/rajendra/kr_ws/devel/share/common-lisp/ros/action_trackers/msg/_package_ShortRangeGoal.lisp
Symlinking /home/rajendra/kr_ws/devel/share/common-lisp/ros/action_trackers/msg/_package_GoalDistanceActionGoal.lisp
Symlinking /home/rajendra/kr_ws/devel/share/common-lisp/ros/action_trackers/msg/ShortRangeAction.lisp
Symlinking /home/rajendra/kr_ws/devel/share/common-lisp/ros/action_trackers/msg/_package_LandActionFeedback.lisp
Symlinking /home/rajendra/kr_ws/devel/share/common-lisp/ros/action_trackers/msg/_package_LandActionGoal.lisp
Symlinking /home/rajendra/kr_ws/devel/include/action_trackers/RunTrajectoryResult.h
Symlinking /home/rajendra/kr_ws/devel/include/action_trackers/RunPathAction.h
Symlinking /home/rajendra/kr_ws/devel/include/action_trackers/ShortRangeResult.h
Symlinking /home/rajendra/kr_ws/devel/include/action_trackers/GoalDistanceActionGoal.h
Symlinking /home/rajendra/kr_ws/devel/include/action_trackers/ShortRangeActionResult.h
Symlinking /home/rajendra/kr_ws/devel/include/action_trackers/TakeOffActionResult.h
Symlinking /home/rajendra/kr_ws/devel/include/action_trackers/ShortRangeActionGoal.h
Symlinking /home/rajendra/kr_ws/devel/include/action_trackers/RunTrajectoryActionGoal.h
Symlinking /home/rajendra/kr_ws/devel/include/action_trackers/RunPathFeedback.h
Symlinking /home/rajendra/kr_ws/devel/include/action_trackers/RunTrajectoryActionResult.h
Symlinking /home/rajendra/kr_ws/devel/include/action_trackers/ShortRangeGoal.h
Symlinking /home/rajendra/kr_ws/devel/include/action_trackers/GoalDistanceGoal.h
Symlinking /home/rajendra/kr_ws/devel/include/action_trackers/RunPathGoal.h
Symlinking /home/rajendra/kr_ws/devel/include/action_trackers/ShortRangeFeedback.h
Symlinking /home/rajendra/kr_ws/devel/include/action_trackers/RunTrajectoryAction.h
Symlinking /home/rajendra/kr_ws/devel/include/action_trackers/TakeOffResult.h
Symlinking /home/rajendra/kr_ws/devel/include/action_trackers/RunTrajectoryActionFeedback.h
Symlinking /home/rajendra/kr_ws/devel/include/action_trackers/ShortRangeActionFeedback.h
Symlinking /home/rajendra/kr_ws/devel/include/action_trackers/TakeOffAction.h
Symlinking /home/rajendra/kr_ws/devel/include/action_trackers/TakeOffFeedback.h
Symlinking /home/rajendra/kr_ws/devel/include/action_trackers/RunPathActionGoal.h
Symlinking /home/rajendra/kr_ws/devel/include/action_trackers/LandFeedback.h
Symlinking /home/rajendra/kr_ws/devel/include/action_trackers/GoalDistanceAction.h
Symlinking /home/rajendra/kr_ws/devel/include/action_trackers/LandActionFeedback.h
Symlinking /home/rajendra/kr_ws/devel/include/action_trackers/LandGoal.h
Symlinking /home/rajendra/kr_ws/devel/include/action_trackers/RunTrajectoryGoal.h
Symlinking /home/rajendra/kr_ws/devel/include/action_trackers/RunPathResult.h
Symlinking /home/rajendra/kr_ws/devel/include/action_trackers/GoalDistanceActionFeedback.h
Symlinking /home/rajendra/kr_ws/devel/include/action_trackers/LandResult.h
Symlinking /home/rajendra/kr_ws/devel/include/action_trackers/GoalDistanceResult.h
Symlinking /home/rajendra/kr_ws/devel/include/action_trackers/RunTrajectoryFeedback.h
Symlinking /home/rajendra/kr_ws/devel/include/action_trackers/GoalDistanceFeedback.h
Symlinking /home/rajendra/kr_ws/devel/include/action_trackers/GoalDistanceActionResult.h
Symlinking /home/rajendra/kr_ws/devel/include/action_trackers/LandActionGoal.h
Symlinking /home/rajendra/kr_ws/devel/include/action_trackers/LandAction.h
Symlinking /home/rajendra/kr_ws/devel/include/action_trackers/TakeOffActionFeedback.h
Symlinking /home/rajendra/kr_ws/devel/include/action_trackers/RunPathActionFeedback.h
Symlinking /home/rajendra/kr_ws/devel/include/action_trackers/TakeOffGoal.h
Symlinking /home/rajendra/kr_ws/devel/include/action_trackers/TakeOffActionGoal.h
Symlinking /home/rajendra/kr_ws/devel/include/action_trackers/LandActionResult.h
Symlinking /home/rajendra/kr_ws/devel/include/action_trackers/RunPathActionResult.h
Symlinking /home/rajendra/kr_ws/devel/include/action_trackers/ShortRangeAction.h
Symlinking /home/rajendra/kr_ws/devel/lib/libaction_trajectory_tracker.so
Symlinking /home/rajendra/kr_ws/devel/lib/libaction_trackers.so
Symlinking /home/rajendra/kr_ws/devel/lib/libland_tracker.so
Symlinking /home/rajendra/kr_ws/devel/lib/libtake_off_tracker.so
Symlinking /home/rajendra/kr_ws/devel/lib/libaction_path_tracker.so
Symlinking /home/rajendra/kr_ws/devel/lib/libstopping_policy.so
Symlinking /home/rajendra/kr_ws/devel/lib/python3/dist-packages/action_trackers/__init__.py
Symlinking /home/rajendra/kr_ws/devel/lib/python3/dist-packages/action_trackers/msg/_GoalDistanceAction.py
Symlinking /home/rajendra/kr_ws/devel/lib/python3/dist-packages/action_trackers/msg/_ShortRangeActionFeedback.py
Symlinking /home/rajendra/kr_ws/devel/lib/python3/dist-packages/action_trackers/msg/_TakeOffActionResult.py
Symlinking /home/rajendra/kr_ws/devel/lib/python3/dist-packages/action_trackers/msg/_RunTrajectoryGoal.py
Symlinking /home/rajendra/kr_ws/devel/lib/python3/dist-packages/action_trackers/msg/_TakeOffActionGoal.py
Symlinking /home/rajendra/kr_ws/devel/lib/python3/dist-packages/action_trackers/msg/__init__.py
Symlinking /home/rajendra/kr_ws/devel/lib/python3/dist-packages/action_trackers/msg/_LandAction.py
Symlinking /home/rajendra/kr_ws/devel/lib/python3/dist-packages/action_trackers/msg/_GoalDistanceActionResult.py
Symlinking /home/rajendra/kr_ws/devel/lib/python3/dist-packages/action_trackers/msg/_ShortRangeResult.py
Symlinking /home/rajendra/kr_ws/devel/lib/python3/dist-packages/action_trackers/msg/_GoalDistanceFeedback.py
Symlinking /home/rajendra/kr_ws/devel/lib/python3/dist-packages/action_trackers/msg/_RunPathActionFeedback.py
Symlinking /home/rajendra/kr_ws/devel/lib/python3/dist-packages/action_trackers/msg/_GoalDistanceActionGoal.py
Symlinking /home/rajendra/kr_ws/devel/lib/python3/dist-packages/action_trackers/msg/_RunPathFeedback.py
Symlinking /home/rajendra/kr_ws/devel/lib/python3/dist-packages/action_trackers/msg/_ShortRangeFeedback.py
Symlinking /home/rajendra/kr_ws/devel/lib/python3/dist-packages/action_trackers/msg/_GoalDistanceGoal.py
Symlinking /home/rajendra/kr_ws/devel/lib/python3/dist-packages/action_trackers/msg/_ShortRangeActionGoal.py
Symlinking /home/rajendra/kr_ws/devel/lib/python3/dist-packages/action_trackers/msg/_ShortRangeGoal.py
Symlinking /home/rajendra/kr_ws/devel/lib/python3/dist-packages/action_trackers/msg/_RunTrajectoryFeedback.py
Symlinking /home/rajendra/kr_ws/devel/lib/python3/dist-packages/action_trackers/msg/_RunTrajectoryActionGoal.py
Symlinking /home/rajendra/kr_ws/devel/lib/python3/dist-packages/action_trackers/msg/_RunPathResult.py
Symlinking /home/rajendra/kr_ws/devel/lib/python3/dist-packages/action_trackers/msg/_RunTrajectoryAction.py
Symlinking /home/rajendra/kr_ws/devel/lib/python3/dist-packages/action_trackers/msg/_TakeOffFeedback.py
Symlinking /home/rajendra/kr_ws/devel/lib/python3/dist-packages/action_trackers/msg/_LandFeedback.py
Symlinking /home/rajendra/kr_ws/devel/lib/python3/dist-packages/action_trackers/msg/_RunTrajectoryActionFeedback.py
Symlinking /home/rajendra/kr_ws/devel/lib/python3/dist-packages/action_trackers/msg/_TakeOffAction.py
Symlinking /home/rajendra/kr_ws/devel/lib/python3/dist-packages/action_trackers/msg/_LandActionResult.py
Symlinking /home/rajendra/kr_ws/devel/lib/python3/dist-packages/action_trackers/msg/_RunTrajectoryActionResult.py
Symlinking /home/rajendra/kr_ws/devel/lib/python3/dist-packages/action_trackers/msg/_LandResult.py
Symlinking /home/rajendra/kr_ws/devel/lib/python3/dist-packages/action_trackers/msg/_RunPathActionResult.py
Symlinking /home/rajendra/kr_ws/devel/lib/python3/dist-packages/action_trackers/msg/_ShortRangeActionResult.py
Symlinking /home/rajendra/kr_ws/devel/lib/python3/dist-packages/action_trackers/msg/_GoalDistanceResult.py
Symlinking /home/rajendra/kr_ws/devel/lib/python3/dist-packages/action_trackers/msg/_TakeOffGoal.py
Symlinking /home/rajendra/kr_ws/devel/lib/python3/dist-packages/action_trackers/msg/_LandGoal.py
Symlinking /home/rajendra/kr_ws/devel/lib/python3/dist-packages/action_trackers/msg/_LandActionGoal.py
Symlinking /home/rajendra/kr_ws/devel/lib/python3/dist-packages/action_trackers/msg/_LandActionFeedback.py
Symlinking /home/rajendra/kr_ws/devel/lib/python3/dist-packages/action_trackers/msg/_ShortRangeAction.py
Symlinking /home/rajendra/kr_ws/devel/lib/python3/dist-packages/action_trackers/msg/_TakeOffActionFeedback.py
Symlinking /home/rajendra/kr_ws/devel/lib/python3/dist-packages/action_trackers/msg/_RunPathAction.py
Symlinking /home/rajendra/kr_ws/devel/lib/python3/dist-packages/action_trackers/msg/_GoalDistanceActionFeedback.py
Symlinking /home/rajendra/kr_ws/devel/lib/python3/dist-packages/action_trackers/msg/_RunPathActionGoal.py
Symlinking /home/rajendra/kr_ws/devel/lib/python3/dist-packages/action_trackers/msg/_RunTrajectoryResult.py
Symlinking /home/rajendra/kr_ws/devel/lib/python3/dist-packages/action_trackers/msg/_TakeOffResult.py
Symlinking /home/rajendra/kr_ws/devel/lib/python3/dist-packages/action_trackers/msg/_RunPathGoal.py
Symlinking /home/rajendra/kr_ws/devel/lib/pkgconfig/action_trackers.pc
