[35m[1mScanning dependencies of target _action_trackers_generate_messages_check_deps_LandFeedback[0m
[35m[1mScanning dependencies of target _action_trackers_generate_messages_check_deps_RunPathActionFeedback[0m
[35m[1mScanning dependencies of target _action_trackers_generate_messages_check_deps_TakeOffActionFeedback[0m
[35m[1mScanning dependencies of target _action_trackers_generate_messages_check_deps_RunPathFeedback[0m
[35m[1mScanning dependencies of target _action_trackers_generate_messages_check_deps_TakeOffActionGoal[0m
[35m[1mScanning dependencies of target _action_trackers_generate_messages_check_deps_TakeOffGoal[0m
[35m[1mScanning dependencies of target _action_trackers_generate_messages_check_deps_LandActionGoal[0m
[35m[1mScanning dependencies of target kr_mav_msgs_generate_messages_eus[0m
[35m[1mScanning dependencies of target _action_trackers_generate_messages_check_deps_RunPathAction[0m
[35m[1mScanning dependencies of target _action_trackers_generate_messages_check_deps_GoalDistanceActionFeedback[0m
[35m[1mScanning dependencies of target _action_trackers_generate_messages_check_deps_LandAction[0m
[  0%] Built target kr_mav_msgs_generate_messages_eus
[35m[1mScanning dependencies of target _action_trackers_generate_messages_check_deps_ShortRangeAction[0m
[  0%] Built target _action_trackers_generate_messages_check_deps_LandFeedback
[35m[1mScanning dependencies of target _action_trackers_generate_messages_check_deps_GoalDistanceGoal[0m
[  0%] Built target _action_trackers_generate_messages_check_deps_LandActionGoal
[  0%] Built target _action_trackers_generate_messages_check_deps_TakeOffActionGoal
[  0%] Built target _action_trackers_generate_messages_check_deps_TakeOffGoal
[  0%] Built target _action_trackers_generate_messages_check_deps_TakeOffActionFeedback
[  0%] Built target _action_trackers_generate_messages_check_deps_RunPathAction
[  0%] Built target _action_trackers_generate_messages_check_deps_RunPathFeedback
[  0%] Built target _action_trackers_generate_messages_check_deps_RunPathActionFeedback
[  0%] Built target _action_trackers_generate_messages_check_deps_LandAction
[35m[1mScanning dependencies of target actionlib_msgs_generate_messages_eus[0m
[35m[1mScanning dependencies of target _action_trackers_generate_messages_check_deps_GoalDistanceResult[0m
[35m[1mScanning dependencies of target _action_trackers_generate_messages_check_deps_RunTrajectoryActionGoal[0m
[35m[1mScanning dependencies of target _action_trackers_generate_messages_check_deps_RunTrajectoryAction[0m
[35m[1mScanning dependencies of target _action_trackers_generate_messages_check_deps_LandActionResult[0m
[35m[1mScanning dependencies of target kr_tracker_msgs_generate_messages_eus[0m
[35m[1mScanning dependencies of target planning_ros_msgs_generate_messages_eus[0m
[  0%] Built target actionlib_msgs_generate_messages_eus
[35m[1mScanning dependencies of target _action_trackers_generate_messages_check_deps_LandActionFeedback[0m
[  0%] Built target _action_trackers_generate_messages_check_deps_ShortRangeAction
[  0%] Built target kr_tracker_msgs_generate_messages_eus
[  0%] Built target planning_ros_msgs_generate_messages_eus
[35m[1mScanning dependencies of target _action_trackers_generate_messages_check_deps_GoalDistanceActionResult[0m
[35m[1mScanning dependencies of target _action_trackers_generate_messages_check_deps_ShortRangeResult[0m
[35m[1mScanning dependencies of target _action_trackers_generate_messages_check_deps_LandGoal[0m
[35m[1mScanning dependencies of target _action_trackers_generate_messages_check_deps_LandResult[0m
[  0%] Built target _action_trackers_generate_messages_check_deps_GoalDistanceActionFeedback
[35m[1mScanning dependencies of target _action_trackers_generate_messages_check_deps_TakeOffAction[0m
[  0%] Built target _action_trackers_generate_messages_check_deps_GoalDistanceGoal
[35m[1mScanning dependencies of target _action_trackers_generate_messages_check_deps_TakeOffActionResult[0m
[  0%] Built target _action_trackers_generate_messages_check_deps_GoalDistanceResult
[  0%] Built target _action_trackers_generate_messages_check_deps_RunTrajectoryAction
[  0%] Built target _action_trackers_generate_messages_check_deps_LandActionResult
[35m[1mScanning dependencies of target _action_trackers_generate_messages_check_deps_RunTrajectoryActionResult[0m
[35m[1mScanning dependencies of target _action_trackers_generate_messages_check_deps_TakeOffResult[0m
[  0%] Built target _action_trackers_generate_messages_check_deps_LandActionFeedback
[35m[1mScanning dependencies of target _action_trackers_generate_messages_check_deps_RunTrajectoryActionFeedback[0m
[  0%] Built target _action_trackers_generate_messages_check_deps_ShortRangeResult
[35m[1mScanning dependencies of target _action_trackers_generate_messages_check_deps_ShortRangeActionGoal[0m
[  0%] Built target _action_trackers_generate_messages_check_deps_LandGoal
[  0%] Built target _action_trackers_generate_messages_check_deps_LandResult
[35m[1mScanning dependencies of target _action_trackers_generate_messages_check_deps_RunTrajectoryGoal[0m
[35m[1mScanning dependencies of target _action_trackers_generate_messages_check_deps_ShortRangeActionFeedback[0m
[35m[1mScanning dependencies of target _action_trackers_generate_messages_check_deps_RunPathResult[0m
[  0%] Built target _action_trackers_generate_messages_check_deps_RunTrajectoryActionGoal
[  0%] Built target _action_trackers_generate_messages_check_deps_GoalDistanceActionResult
[  0%] Built target _action_trackers_generate_messages_check_deps_TakeOffAction
[35m[1mScanning dependencies of target _action_trackers_generate_messages_check_deps_RunTrajectoryResult[0m
[35m[1mScanning dependencies of target _action_trackers_generate_messages_check_deps_RunTrajectoryFeedback[0m
[35m[1mScanning dependencies of target _action_trackers_generate_messages_check_deps_ShortRangeActionResult[0m
[  0%] Built target _action_trackers_generate_messages_check_deps_TakeOffActionResult
[  0%] Built target _action_trackers_generate_messages_check_deps_TakeOffResult
[  0%] Built target _action_trackers_generate_messages_check_deps_RunTrajectoryActionResult
[  0%] Built target _action_trackers_generate_messages_check_deps_RunTrajectoryActionFeedback
[35m[1mScanning dependencies of target _action_trackers_generate_messages_check_deps_ShortRangeFeedback[0m
[35m[1mScanning dependencies of target _action_trackers_generate_messages_check_deps_GoalDistanceAction[0m
[35m[1mScanning dependencies of target _action_trackers_generate_messages_check_deps_ShortRangeGoal[0m
[35m[1mScanning dependencies of target _action_trackers_generate_messages_check_deps_GoalDistanceActionGoal[0m
[  0%] Built target _action_trackers_generate_messages_check_deps_RunTrajectoryGoal
[  0%] Built target _action_trackers_generate_messages_check_deps_ShortRangeActionGoal
[  0%] Built target _action_trackers_generate_messages_check_deps_RunPathResult
[  0%] Built target _action_trackers_generate_messages_check_deps_ShortRangeActionFeedback
[35m[1mScanning dependencies of target _action_trackers_generate_messages_check_deps_GoalDistanceFeedback[0m
[35m[1mScanning dependencies of target _action_trackers_generate_messages_check_deps_RunPathActionGoal[0m
[35m[1mScanning dependencies of target _action_trackers_generate_messages_check_deps_TakeOffFeedback[0m
[35m[1mScanning dependencies of target _action_trackers_generate_messages_check_deps_RunPathActionResult[0m
[  0%] Built target _action_trackers_generate_messages_check_deps_RunTrajectoryResult
[  0%] Built target _action_trackers_generate_messages_check_deps_RunTrajectoryFeedback
[35m[1mScanning dependencies of target _action_trackers_generate_messages_check_deps_RunPathGoal[0m
[35m[1mScanning dependencies of target kr_mav_msgs_generate_messages_nodejs[0m
[  0%] Built target _action_trackers_generate_messages_check_deps_ShortRangeActionResult
[  0%] Built target kr_mav_msgs_generate_messages_nodejs
[35m[1mScanning dependencies of target actionlib_msgs_generate_messages_nodejs[0m
[  0%] Built target actionlib_msgs_generate_messages_nodejs
[35m[1mScanning dependencies of target planning_ros_msgs_generate_messages_nodejs[0m
[  0%] Built target _action_trackers_generate_messages_check_deps_ShortRangeFeedback
[35m[1mScanning dependencies of target kr_tracker_msgs_generate_messages_nodejs[0m
[  0%] Built target _action_trackers_generate_messages_check_deps_GoalDistanceAction
[  0%] Built target planning_ros_msgs_generate_messages_nodejs
[  0%] Built target kr_tracker_msgs_generate_messages_nodejs
[  0%] Built target _action_trackers_generate_messages_check_deps_GoalDistanceActionGoal
[35m[1mScanning dependencies of target sensor_msgs_generate_messages_cpp[0m
[35m[1mScanning dependencies of target tf2_msgs_generate_messages_lisp[0m
[35m[1mScanning dependencies of target tf_generate_messages_nodejs[0m
[35m[1mScanning dependencies of target tf_generate_messages_lisp[0m
[  0%] Built target tf2_msgs_generate_messages_lisp
[  0%] Built target sensor_msgs_generate_messages_cpp
[  0%] Built target _action_trackers_generate_messages_check_deps_ShortRangeGoal
[35m[1mScanning dependencies of target nav_msgs_generate_messages_py[0m
[  0%] Built target _action_trackers_generate_messages_check_deps_GoalDistanceFeedback
[  0%] Built target _action_trackers_generate_messages_check_deps_RunPathActionGoal
[  0%] Built target tf_generate_messages_lisp
[35m[1mScanning dependencies of target sensor_msgs_generate_messages_py[0m
[35m[1mScanning dependencies of target tf2_msgs_generate_messages_eus[0m
[  0%] Built target nav_msgs_generate_messages_py
[  0%] Built target _action_trackers_generate_messages_check_deps_RunPathActionResult
[35m[1mScanning dependencies of target actionlib_msgs_generate_messages_py[0m
[  0%] Built target tf_generate_messages_nodejs
[  0%] Built target _action_trackers_generate_messages_check_deps_TakeOffFeedback
[35m[1mScanning dependencies of target kr_tracker_msgs_generate_messages_py[0m
[35m[1mScanning dependencies of target planning_ros_msgs_generate_messages_py[0m
[35m[1mScanning dependencies of target kr_mav_msgs_generate_messages_py[0m
[  0%] Built target sensor_msgs_generate_messages_py
[35m[1mScanning dependencies of target geometry_msgs_generate_messages_nodejs[0m
[  0%] Built target tf2_msgs_generate_messages_eus
[35m[1mScanning dependencies of target kr_tracker_msgs_generate_messages_lisp[0m
[35m[1mScanning dependencies of target tf_generate_messages_cpp[0m
[  0%] Built target actionlib_msgs_generate_messages_py
[35m[1mScanning dependencies of target geometry_msgs_generate_messages_py[0m
[  0%] Built target planning_ros_msgs_generate_messages_py
[  0%] Built target kr_tracker_msgs_generate_messages_py
[35m[1mScanning dependencies of target geometry_msgs_generate_messages_cpp[0m
[  0%] Built target kr_mav_msgs_generate_messages_py
[35m[1mScanning dependencies of target sensor_msgs_generate_messages_eus[0m
[  0%] Built target geometry_msgs_generate_messages_nodejs
[  0%] Built target kr_tracker_msgs_generate_messages_lisp
[  0%] Built target tf_generate_messages_cpp
[35m[1mScanning dependencies of target planning_ros_msgs_generate_messages_cpp[0m
[  0%] Built target geometry_msgs_generate_messages_py
[35m[1mScanning dependencies of target rosgraph_msgs_generate_messages_eus[0m
[35m[1mScanning dependencies of target actionlib_msgs_generate_messages_lisp[0m
[  0%] Built target geometry_msgs_generate_messages_cpp
[35m[1mScanning dependencies of target nav_msgs_generate_messages_cpp[0m
[  0%] Built target _action_trackers_generate_messages_check_deps_RunPathGoal
[35m[1mScanning dependencies of target actionlib_generate_messages_py[0m
[35m[1mScanning dependencies of target actionlib_generate_messages_eus[0m
[  0%] Built target sensor_msgs_generate_messages_eus
[35m[1mScanning dependencies of target rosgraph_msgs_generate_messages_cpp[0m
[  0%] Built target planning_ros_msgs_generate_messages_cpp
[  0%] Built target actionlib_msgs_generate_messages_lisp
[  0%] Built target rosgraph_msgs_generate_messages_eus
[35m[1mScanning dependencies of target roscpp_generate_messages_nodejs[0m
[35m[1mScanning dependencies of target roscpp_generate_messages_cpp[0m
[35m[1mScanning dependencies of target roscpp_generate_messages_eus[0m
[  0%] Built target nav_msgs_generate_messages_cpp
[  0%] Built target actionlib_generate_messages_py
[35m[1mScanning dependencies of target rosgraph_msgs_generate_messages_py[0m
[  0%] Built target actionlib_generate_messages_eus
[  0%] Built target rosgraph_msgs_generate_messages_cpp
[35m[1mScanning dependencies of target rosgraph_msgs_generate_messages_lisp[0m
[35m[1mScanning dependencies of target std_msgs_generate_messages_eus[0m
[  0%] Built target roscpp_generate_messages_nodejs
[35m[1mScanning dependencies of target std_msgs_generate_messages_lisp[0m
[  0%] Built target roscpp_generate_messages_cpp
[  0%] Built target roscpp_generate_messages_eus
[35m[1mScanning dependencies of target roscpp_generate_messages_lisp[0m
[35m[1mScanning dependencies of target actionlib_generate_messages_lisp[0m
[35m[1mScanning dependencies of target actionlib_generate_messages_cpp[0m
[35m[1mScanning dependencies of target rosgraph_msgs_generate_messages_nodejs[0m
[  0%] Built target rosgraph_msgs_generate_messages_lisp
[  0%] Built target rosgraph_msgs_generate_messages_py
[35m[1mScanning dependencies of target planning_ros_msgs_generate_messages_lisp[0m
[  0%] Built target std_msgs_generate_messages_eus
[35m[1mScanning dependencies of target nav_msgs_generate_messages_lisp[0m
[  0%] Built target roscpp_generate_messages_lisp
[  0%] Built target std_msgs_generate_messages_lisp
[35m[1mScanning dependencies of target tf2_msgs_generate_messages_cpp[0m
[  0%] Built target actionlib_generate_messages_lisp
[  0%] Built target actionlib_generate_messages_cpp
[35m[1mScanning dependencies of target std_msgs_generate_messages_cpp[0m
[  0%] Built target planning_ros_msgs_generate_messages_lisp
[35m[1mScanning dependencies of target geometry_msgs_generate_messages_eus[0m
[35m[1mScanning dependencies of target std_msgs_generate_messages_py[0m
[  0%] Built target rosgraph_msgs_generate_messages_nodejs
[  0%] Built target nav_msgs_generate_messages_lisp
[35m[1mScanning dependencies of target std_msgs_generate_messages_nodejs[0m
[  0%] Built target tf2_msgs_generate_messages_cpp
[35m[1mScanning dependencies of target nav_msgs_generate_messages_eus[0m
[35m[1mScanning dependencies of target actionlib_msgs_generate_messages_cpp[0m
[35m[1mScanning dependencies of target tf2_msgs_generate_messages_py[0m
[  0%] Built target geometry_msgs_generate_messages_eus
[35m[1mScanning dependencies of target bond_generate_messages_cpp[0m
[35m[1mScanning dependencies of target sensor_msgs_generate_messages_nodejs[0m
[  0%] Built target std_msgs_generate_messages_py
[  0%] Built target std_msgs_generate_messages_cpp
[35m[1mScanning dependencies of target kr_tracker_msgs_generate_messages_cpp[0m
[  0%] Built target std_msgs_generate_messages_nodejs
[35m[1mScanning dependencies of target roscpp_generate_messages_py[0m
[  0%] Built target actionlib_msgs_generate_messages_cpp
[  0%] Built target nav_msgs_generate_messages_eus
[  0%] Built target tf2_msgs_generate_messages_py
[  0%] Built target sensor_msgs_generate_messages_nodejs
[35m[1mScanning dependencies of target sensor_msgs_generate_messages_lisp[0m
[35m[1mScanning dependencies of target nodelet_generate_messages_cpp[0m
[  0%] Built target bond_generate_messages_cpp
[35m[1mScanning dependencies of target tf2_msgs_generate_messages_nodejs[0m
[35m[1mScanning dependencies of target tf_generate_messages_py[0m
[  0%] Built target kr_tracker_msgs_generate_messages_cpp
[  0%] Built target roscpp_generate_messages_py
[35m[1mScanning dependencies of target nodelet_generate_messages_eus[0m
[35m[1mScanning dependencies of target nodelet_generate_messages_nodejs[0m
[35m[1mScanning dependencies of target nodelet_generate_messages_py[0m
[  0%] Built target sensor_msgs_generate_messages_lisp
[  0%] Built target nodelet_generate_messages_cpp
[35m[1mScanning dependencies of target kr_mav_msgs_generate_messages_lisp[0m
[  0%] Built target tf2_msgs_generate_messages_nodejs
[  0%] Built target tf_generate_messages_py
[35m[1mScanning dependencies of target bond_generate_messages_eus[0m
[35m[1mScanning dependencies of target bond_generate_messages_lisp[0m
[  0%] Built target nodelet_generate_messages_nodejs
[  0%] Built target nodelet_generate_messages_eus
[35m[1mScanning dependencies of target bond_generate_messages_nodejs[0m
[  0%] Built target nodelet_generate_messages_py
[35m[1mScanning dependencies of target actionlib_generate_messages_nodejs[0m
[35m[1mScanning dependencies of target bond_generate_messages_py[0m
[35m[1mScanning dependencies of target nodelet_generate_messages_lisp[0m
[  0%] Built target kr_mav_msgs_generate_messages_lisp
[35m[1mScanning dependencies of target nav_msgs_generate_messages_nodejs[0m
[35m[1mScanning dependencies of target kr_mav_msgs_generate_messages_cpp[0m
[35m[1mScanning dependencies of target tf_generate_messages_eus[0m
[35m[1mScanning dependencies of target geometry_msgs_generate_messages_lisp[0m
[  0%] Built target bond_generate_messages_eus
[  0%] Built target bond_generate_messages_py
[  0%] Built target bond_generate_messages_nodejs
[  0%] Built target bond_generate_messages_lisp
[  0%] Built target actionlib_generate_messages_nodejs
[  0%] Built target nodelet_generate_messages_lisp
[  0%] Built target geometry_msgs_generate_messages_lisp
[  0%] Built target kr_mav_msgs_generate_messages_cpp
[  0%] Built target nav_msgs_generate_messages_nodejs
[  0%] Built target tf_generate_messages_eus
[35m[1mScanning dependencies of target action_trackers_generate_messages_eus[0m
[35m[1mScanning dependencies of target action_trackers_generate_messages_nodejs[0m
[35m[1mScanning dependencies of target action_trackers_generate_messages_py[0m
[35m[1mScanning dependencies of target action_trackers_generate_messages_lisp[0m
[35m[1mScanning dependencies of target action_trackers_generate_messages_cpp[0m
[  0%] [34m[1mGenerating EusLisp code from action_trackers/LandAction.msg[0m
[  1%] [34m[1mGenerating EusLisp code from action_trackers/LandActionGoal.msg[0m
[  1%] [34m[1mGenerating EusLisp code from action_trackers/LandActionResult.msg[0m
[  1%] [34m[1mGenerating EusLisp code from action_trackers/LandActionFeedback.msg[0m
[  2%] [34m[1mGenerating EusLisp code from action_trackers/LandGoal.msg[0m
[  3%] [34m[1mGenerating EusLisp code from action_trackers/LandFeedback.msg[0m
[  3%] [34m[1mGenerating EusLisp code from action_trackers/LandResult.msg[0m
[  5%] [34m[1mGenerating Python from MSG action_trackers/LandAction[0m
[  5%] [34m[1mGenerating Javascript code from action_trackers/LandAction.msg[0m
[  6%] [34m[1mGenerating Lisp code from action_trackers/LandAction.msg[0m
[  6%] [34m[1mGenerating C++ code from action_trackers/LandAction.msg[0m
[  6%] [34m[1mGenerating Lisp code from action_trackers/LandActionGoal.msg[0m
[  6%] [34m[1mGenerating Javascript code from action_trackers/LandActionGoal.msg[0m
[  6%] [34m[1mGenerating Javascript code from action_trackers/LandActionResult.msg[0m
[  7%] [34m[1mGenerating Javascript code from action_trackers/LandActionFeedback.msg[0m
[  7%] [34m[1mGenerating Lisp code from action_trackers/LandActionResult.msg[0m
[  8%] [34m[1mGenerating C++ code from action_trackers/LandActionGoal.msg[0m
[  8%] [34m[1mGenerating Javascript code from action_trackers/LandGoal.msg[0m
[  8%] [34m[1mGenerating EusLisp code from action_trackers/TakeOffAction.msg[0m
[  9%] [34m[1mGenerating Lisp code from action_trackers/LandActionFeedback.msg[0m
[  9%] [34m[1mGenerating Lisp code from action_trackers/LandGoal.msg[0m
[ 10%] [34m[1mGenerating Javascript code from action_trackers/LandResult.msg[0m
[ 10%] [34m[1mGenerating Javascript code from action_trackers/LandFeedback.msg[0m
[ 10%] [34m[1mGenerating C++ code from action_trackers/LandActionResult.msg[0m
[ 11%] [34m[1mGenerating Javascript code from action_trackers/TakeOffAction.msg[0m
[ 11%] [34m[1mGenerating Javascript code from action_trackers/TakeOffActionGoal.msg[0m
[ 11%] [34m[1mGenerating C++ code from action_trackers/LandActionFeedback.msg[0m
[ 11%] [34m[1mGenerating Python from MSG action_trackers/LandActionGoal[0m
[ 12%] [34m[1mGenerating Lisp code from action_trackers/LandFeedback.msg[0m
[ 12%] [34m[1mGenerating Lisp code from action_trackers/LandResult.msg[0m
[ 13%] [34m[1mGenerating Lisp code from action_trackers/TakeOffAction.msg[0m
[ 13%] [34m[1mGenerating Lisp code from action_trackers/TakeOffActionGoal.msg[0m
[ 14%] [34m[1mGenerating EusLisp code from action_trackers/TakeOffActionGoal.msg[0m
[ 14%] [34m[1mGenerating EusLisp code from action_trackers/TakeOffActionResult.msg[0m
[ 15%] [34m[1mGenerating C++ code from action_trackers/LandGoal.msg[0m
[ 16%] [34m[1mGenerating Lisp code from action_trackers/TakeOffActionResult.msg[0m
[ 16%] [34m[1mGenerating Lisp code from action_trackers/TakeOffActionFeedback.msg[0m
[ 16%] [34m[1mGenerating Lisp code from action_trackers/TakeOffGoal.msg[0m
[ 17%] [34m[1mGenerating Lisp code from action_trackers/TakeOffResult.msg[0m
[ 17%] [34m[1mGenerating Javascript code from action_trackers/TakeOffActionResult.msg[0m
[ 17%] [34m[1mGenerating Lisp code from action_trackers/TakeOffFeedback.msg[0m
[ 18%] [34m[1mGenerating Lisp code from action_trackers/RunTrajectoryAction.msg[0m
[ 18%] [34m[1mGenerating Lisp code from action_trackers/RunTrajectoryActionGoal.msg[0m
[ 18%] [34m[1mGenerating C++ code from action_trackers/LandResult.msg[0m
[ 18%] [34m[1mGenerating Lisp code from action_trackers/RunTrajectoryActionResult.msg[0m
[ 19%] [34m[1mGenerating Lisp code from action_trackers/RunTrajectoryActionFeedback.msg[0m
[ 19%] [34m[1mGenerating EusLisp code from action_trackers/TakeOffActionFeedback.msg[0m
[ 20%] [34m[1mGenerating EusLisp code from action_trackers/TakeOffGoal.msg[0m
[ 20%] [34m[1mGenerating Lisp code from action_trackers/RunTrajectoryGoal.msg[0m
[ 21%] [34m[1mGenerating Javascript code from action_trackers/TakeOffActionFeedback.msg[0m
[ 21%] [34m[1mGenerating Python from MSG action_trackers/LandActionResult[0m
[ 22%] [34m[1mGenerating Lisp code from action_trackers/RunTrajectoryResult.msg[0m
[ 23%] [34m[1mGenerating C++ code from action_trackers/LandFeedback.msg[0m
[ 23%] [34m[1mGenerating Lisp code from action_trackers/RunTrajectoryFeedback.msg[0m
[ 25%] [34m[1mGenerating Lisp code from action_trackers/ShortRangeAction.msg[0m
[ 25%] [34m[1mGenerating Lisp code from action_trackers/ShortRangeActionGoal.msg[0m
[ 25%] [34m[1mGenerating Lisp code from action_trackers/ShortRangeActionResult.msg[0m
[ 25%] [34m[1mGenerating Javascript code from action_trackers/TakeOffGoal.msg[0m
[ 25%] [34m[1mGenerating EusLisp code from action_trackers/TakeOffResult.msg[0m
[ 26%] [34m[1mGenerating EusLisp code from action_trackers/TakeOffFeedback.msg[0m
[ 26%] [34m[1mGenerating C++ code from action_trackers/TakeOffAction.msg[0m
[ 27%] [34m[1mGenerating Python from MSG action_trackers/LandActionFeedback[0m
[ 28%] [34m[1mGenerating Javascript code from action_trackers/TakeOffResult.msg[0m
[ 28%] [34m[1mGenerating Javascript code from action_trackers/TakeOffFeedback.msg[0m
[ 29%] [34m[1mGenerating Javascript code from action_trackers/RunTrajectoryAction.msg[0m
[ 30%] [34m[1mGenerating Lisp code from action_trackers/ShortRangeActionFeedback.msg[0m
[ 30%] [34m[1mGenerating Javascript code from action_trackers/RunTrajectoryActionGoal.msg[0m
[ 31%] [34m[1mGenerating C++ code from action_trackers/TakeOffActionGoal.msg[0m
[ 31%] [34m[1mGenerating Python from MSG action_trackers/LandGoal[0m
[ 31%] [34m[1mGenerating EusLisp code from action_trackers/RunTrajectoryAction.msg[0m
[ 32%] [34m[1mGenerating EusLisp code from action_trackers/RunTrajectoryActionGoal.msg[0m
[ 32%] [34m[1mGenerating Lisp code from action_trackers/ShortRangeGoal.msg[0m
[ 32%] [34m[1mGenerating Javascript code from action_trackers/RunTrajectoryActionResult.msg[0m
[ 33%] [34m[1mGenerating Javascript code from action_trackers/RunTrajectoryActionFeedback.msg[0m
[ 33%] [34m[1mGenerating Javascript code from action_trackers/RunTrajectoryGoal.msg[0m
[ 34%] [34m[1mGenerating Lisp code from action_trackers/ShortRangeResult.msg[0m
[ 34%] [34m[1mGenerating C++ code from action_trackers/TakeOffActionResult.msg[0m
[ 34%] [34m[1mGenerating Lisp code from action_trackers/ShortRangeFeedback.msg[0m
[ 35%] [34m[1mGenerating Javascript code from action_trackers/RunTrajectoryResult.msg[0m
[ 35%] [34m[1mGenerating Javascript code from action_trackers/RunTrajectoryFeedback.msg[0m
[ 36%] [34m[1mGenerating Javascript code from action_trackers/ShortRangeAction.msg[0m
[ 36%] [34m[1mGenerating C++ code from action_trackers/TakeOffActionFeedback.msg[0m
[ 36%] [34m[1mGenerating Javascript code from action_trackers/ShortRangeActionGoal.msg[0m
[ 36%] [34m[1mGenerating Javascript code from action_trackers/ShortRangeActionResult.msg[0m
[ 37%] [34m[1mGenerating Javascript code from action_trackers/ShortRangeActionFeedback.msg[0m
[ 37%] [34m[1mGenerating EusLisp code from action_trackers/RunTrajectoryActionResult.msg[0m
[ 37%] [34m[1mGenerating Javascript code from action_trackers/ShortRangeGoal.msg[0m
[ 38%] [34m[1mGenerating Python from MSG action_trackers/LandResult[0m
[ 39%] [34m[1mGenerating Python from MSG action_trackers/LandFeedback[0m
[ 39%] [34m[1mGenerating Javascript code from action_trackers/ShortRangeResult.msg[0m
[ 39%] [34m[1mGenerating Javascript code from action_trackers/ShortRangeFeedback.msg[0m
[ 40%] [34m[1mGenerating Lisp code from action_trackers/GoalDistanceAction.msg[0m
[ 41%] [34m[1mGenerating Javascript code from action_trackers/GoalDistanceAction.msg[0m
[ 41%] [34m[1mGenerating Javascript code from action_trackers/GoalDistanceActionGoal.msg[0m
[ 41%] [34m[1mGenerating Javascript code from action_trackers/GoalDistanceActionResult.msg[0m
[ 41%] [34m[1mGenerating EusLisp code from action_trackers/RunTrajectoryActionFeedback.msg[0m
[ 41%] [34m[1mGenerating Lisp code from action_trackers/GoalDistanceActionGoal.msg[0m
[ 42%] [34m[1mGenerating Javascript code from action_trackers/GoalDistanceActionFeedback.msg[0m
[ 42%] [34m[1mGenerating Lisp code from action_trackers/GoalDistanceActionResult.msg[0m
[ 42%] [34m[1mGenerating Javascript code from action_trackers/GoalDistanceGoal.msg[0m
[ 43%] [34m[1mGenerating Javascript code from action_trackers/GoalDistanceResult.msg[0m
[ 43%] [34m[1mGenerating Javascript code from action_trackers/GoalDistanceFeedback.msg[0m
[ 44%] [34m[1mGenerating C++ code from action_trackers/TakeOffGoal.msg[0m
[ 44%] [34m[1mGenerating C++ code from action_trackers/TakeOffResult.msg[0m
[ 45%] [34m[1mGenerating C++ code from action_trackers/TakeOffFeedback.msg[0m
[ 46%] [34m[1mGenerating Javascript code from action_trackers/RunPathAction.msg[0m
[ 47%] [34m[1mGenerating EusLisp code from action_trackers/RunTrajectoryGoal.msg[0m
[ 48%] [34m[1mGenerating Lisp code from action_trackers/GoalDistanceActionFeedback.msg[0m
[ 48%] [34m[1mGenerating EusLisp code from action_trackers/RunTrajectoryResult.msg[0m
[ 48%] [34m[1mGenerating Javascript code from action_trackers/RunPathActionGoal.msg[0m
[ 48%] [34m[1mGenerating Lisp code from action_trackers/GoalDistanceGoal.msg[0m
[ 50%] [34m[1mGenerating Python from MSG action_trackers/TakeOffAction[0m
[ 51%] [34m[1mGenerating Lisp code from action_trackers/GoalDistanceResult.msg[0m
[ 51%] [34m[1mGenerating Javascript code from action_trackers/RunPathActionResult.msg[0m
[ 51%] [34m[1mGenerating Lisp code from action_trackers/GoalDistanceFeedback.msg[0m
[ 51%] [34m[1mGenerating Python from MSG action_trackers/TakeOffActionGoal[0m
[ 51%] [34m[1mGenerating Python from MSG action_trackers/TakeOffActionResult[0m
[ 51%] [34m[1mGenerating C++ code from action_trackers/RunTrajectoryAction.msg[0m
[ 52%] [34m[1mGenerating EusLisp code from action_trackers/RunTrajectoryFeedback.msg[0m
[ 53%] [34m[1mGenerating Lisp code from action_trackers/RunPathAction.msg[0m
[ 54%] [34m[1mGenerating Python from MSG action_trackers/TakeOffActionFeedback[0m
[ 55%] [34m[1mGenerating C++ code from action_trackers/RunTrajectoryActionGoal.msg[0m
[ 55%] [34m[1mGenerating C++ code from action_trackers/RunTrajectoryActionResult.msg[0m
[ 56%] [34m[1mGenerating Javascript code from action_trackers/RunPathActionFeedback.msg[0m
[ 56%] [34m[1mGenerating Lisp code from action_trackers/RunPathActionGoal.msg[0m
[ 56%] [34m[1mGenerating Lisp code from action_trackers/RunPathActionResult.msg[0m
[ 56%] [34m[1mGenerating Javascript code from action_trackers/RunPathGoal.msg[0m
[ 56%] [34m[1mGenerating Python from MSG action_trackers/TakeOffGoal[0m
[ 56%] [34m[1mGenerating EusLisp code from action_trackers/ShortRangeAction.msg[0m
[ 57%] [34m[1mGenerating EusLisp code from action_trackers/ShortRangeActionGoal.msg[0m
[ 57%] [34m[1mGenerating C++ code from action_trackers/RunTrajectoryActionFeedback.msg[0m
[ 58%] [34m[1mGenerating Javascript code from action_trackers/RunPathResult.msg[0m
[ 60%] [34m[1mGenerating C++ code from action_trackers/RunTrajectoryGoal.msg[0m
[ 60%] [34m[1mGenerating Lisp code from action_trackers/RunPathActionFeedback.msg[0m
[ 61%] [34m[1mGenerating Python from MSG action_trackers/TakeOffResult[0m
[ 61%] [34m[1mGenerating EusLisp code from action_trackers/ShortRangeActionResult.msg[0m
[ 61%] [34m[1mGenerating Python from MSG action_trackers/TakeOffFeedback[0m
[ 61%] [34m[1mGenerating Lisp code from action_trackers/RunPathGoal.msg[0m
[ 61%] [34m[1mGenerating Javascript code from action_trackers/RunPathFeedback.msg[0m
[ 61%] [34m[1mGenerating EusLisp code from action_trackers/ShortRangeActionFeedback.msg[0m
[ 62%] [34m[1mGenerating Lisp code from action_trackers/RunPathResult.msg[0m
[ 63%] [34m[1mGenerating EusLisp code from action_trackers/ShortRangeGoal.msg[0m
[ 64%] [34m[1mGenerating Python from MSG action_trackers/RunTrajectoryAction[0m
[ 64%] Built target action_trackers_generate_messages_nodejs
[ 64%] [34m[1mGenerating C++ code from action_trackers/RunTrajectoryResult.msg[0m
[ 64%] [34m[1mGenerating Python from MSG action_trackers/RunTrajectoryActionResult[0m
[ 64%] [34m[1mGenerating Python from MSG action_trackers/RunTrajectoryActionGoal[0m
[ 64%] [34m[1mGenerating Lisp code from action_trackers/RunPathFeedback.msg[0m
[ 65%] [34m[1mGenerating C++ code from action_trackers/RunTrajectoryFeedback.msg[0m
[ 65%] [34m[1mGenerating EusLisp code from action_trackers/ShortRangeResult.msg[0m
[ 66%] [34m[1mGenerating Python from MSG action_trackers/RunTrajectoryActionFeedback[0m
[ 67%] [34m[1mGenerating EusLisp code from action_trackers/ShortRangeFeedback.msg[0m
[ 67%] [34m[1mGenerating EusLisp code from action_trackers/GoalDistanceAction.msg[0m
[ 67%] [34m[1mGenerating Python from MSG action_trackers/RunTrajectoryGoal[0m
[ 67%] Built target action_trackers_generate_messages_lisp
[ 68%] [34m[1mGenerating Python from MSG action_trackers/RunTrajectoryResult[0m
[ 68%] [34m[1mGenerating Python from MSG action_trackers/RunTrajectoryFeedback[0m
[ 69%] [34m[1mGenerating Python from MSG action_trackers/ShortRangeAction[0m
[ 69%] [34m[1mGenerating EusLisp code from action_trackers/GoalDistanceActionResult.msg[0m
[ 70%] [34m[1mGenerating EusLisp code from action_trackers/GoalDistanceActionGoal.msg[0m
[ 70%] [34m[1mGenerating C++ code from action_trackers/ShortRangeAction.msg[0m
[ 71%] [34m[1mGenerating C++ code from action_trackers/ShortRangeActionGoal.msg[0m
[ 71%] [34m[1mGenerating EusLisp code from action_trackers/GoalDistanceActionFeedback.msg[0m
[ 71%] [34m[1mGenerating Python from MSG action_trackers/ShortRangeActionGoal[0m
[ 71%] [34m[1mGenerating Python from MSG action_trackers/ShortRangeActionResult[0m
[ 72%] [34m[1mGenerating EusLisp code from action_trackers/GoalDistanceGoal.msg[0m
[ 73%] [34m[1mGenerating Python from MSG action_trackers/ShortRangeActionFeedback[0m
[ 73%] [34m[1mGenerating C++ code from action_trackers/ShortRangeActionResult.msg[0m
[ 73%] [34m[1mGenerating EusLisp code from action_trackers/GoalDistanceResult.msg[0m
[ 73%] [34m[1mGenerating C++ code from action_trackers/ShortRangeActionFeedback.msg[0m
[ 75%] [34m[1mGenerating C++ code from action_trackers/ShortRangeGoal.msg[0m
[ 75%] [34m[1mGenerating Python from MSG action_trackers/ShortRangeGoal[0m
[ 76%] [34m[1mGenerating EusLisp code from action_trackers/GoalDistanceFeedback.msg[0m
[ 77%] [34m[1mGenerating Python from MSG action_trackers/ShortRangeResult[0m
[ 77%] [34m[1mGenerating EusLisp code from action_trackers/RunPathAction.msg[0m
[ 78%] [34m[1mGenerating EusLisp code from action_trackers/RunPathActionGoal.msg[0m
[ 78%] [34m[1mGenerating EusLisp code from action_trackers/RunPathActionResult.msg[0m
[ 78%] [34m[1mGenerating EusLisp code from action_trackers/RunPathActionFeedback.msg[0m
[ 78%] [34m[1mGenerating C++ code from action_trackers/ShortRangeResult.msg[0m
[ 78%] [34m[1mGenerating Python from MSG action_trackers/ShortRangeFeedback[0m
[ 79%] [34m[1mGenerating C++ code from action_trackers/ShortRangeFeedback.msg[0m
[ 79%] [34m[1mGenerating C++ code from action_trackers/GoalDistanceAction.msg[0m
[ 80%] [34m[1mGenerating Python from MSG action_trackers/GoalDistanceAction[0m
[ 81%] [34m[1mGenerating C++ code from action_trackers/GoalDistanceActionGoal.msg[0m
[ 82%] [34m[1mGenerating EusLisp code from action_trackers/RunPathGoal.msg[0m
[ 83%] [34m[1mGenerating EusLisp code from action_trackers/RunPathFeedback.msg[0m
[ 83%] [34m[1mGenerating EusLisp code from action_trackers/RunPathResult.msg[0m
[ 83%] [34m[1mGenerating Python from MSG action_trackers/GoalDistanceActionGoal[0m
[ 83%] [34m[1mGenerating EusLisp manifest code for action_trackers[0m
[ 83%] [34m[1mGenerating C++ code from action_trackers/GoalDistanceActionResult.msg[0m
[ 83%] [34m[1mGenerating C++ code from action_trackers/GoalDistanceActionFeedback.msg[0m
[ 83%] [34m[1mGenerating Python from MSG action_trackers/GoalDistanceActionResult[0m
[ 85%] [34m[1mGenerating C++ code from action_trackers/GoalDistanceGoal.msg[0m
[ 85%] [34m[1mGenerating Python from MSG action_trackers/GoalDistanceActionFeedback[0m
[ 85%] [34m[1mGenerating C++ code from action_trackers/GoalDistanceResult.msg[0m
[ 85%] [34m[1mGenerating Python from MSG action_trackers/GoalDistanceGoal[0m
[ 86%] [34m[1mGenerating Python from MSG action_trackers/GoalDistanceResult[0m
[ 86%] [34m[1mGenerating Python from MSG action_trackers/GoalDistanceFeedback[0m
[ 87%] [34m[1mGenerating Python from MSG action_trackers/RunPathAction[0m
[ 88%] [34m[1mGenerating C++ code from action_trackers/GoalDistanceFeedback.msg[0m
[ 88%] [34m[1mGenerating C++ code from action_trackers/RunPathAction.msg[0m
[ 89%] [34m[1mGenerating C++ code from action_trackers/RunPathActionGoal.msg[0m
[ 89%] [34m[1mGenerating C++ code from action_trackers/RunPathActionResult.msg[0m
[ 89%] [34m[1mGenerating Python from MSG action_trackers/RunPathActionGoal[0m
[ 89%] [34m[1mGenerating Python from MSG action_trackers/RunPathActionResult[0m
[ 89%] [34m[1mGenerating Python from MSG action_trackers/RunPathGoal[0m
[ 90%] [34m[1mGenerating Python from MSG action_trackers/RunPathActionFeedback[0m
[ 91%] [34m[1mGenerating Python from MSG action_trackers/RunPathResult[0m
[ 91%] [34m[1mGenerating Python from MSG action_trackers/RunPathFeedback[0m
[ 91%] [34m[1mGenerating C++ code from action_trackers/RunPathActionFeedback.msg[0m
[ 92%] [34m[1mGenerating C++ code from action_trackers/RunPathGoal.msg[0m
[ 92%] [34m[1mGenerating C++ code from action_trackers/RunPathResult.msg[0m
[ 93%] [34m[1mGenerating C++ code from action_trackers/RunPathFeedback.msg[0m
[ 94%] [34m[1mGenerating Python msg __init__.py for action_trackers[0m
[ 94%] Built target action_trackers_generate_messages_cpp
[ 94%] Built target action_trackers_generate_messages_py
[ 94%] Built target action_trackers_generate_messages_eus
[35m[1mScanning dependencies of target action_trackers_generate_messages[0m
[35m[1mScanning dependencies of target action_trackers[0m
[ 94%] Built target action_trackers_generate_messages
[ 95%] [32mBuilding CXX object CMakeFiles/action_trackers.dir/src/traj_to_quad_cmd.cpp.o[0m
[ 95%] [32mBuilding CXX object CMakeFiles/action_trackers.dir/src/projector.cpp.o[0m
[ 96%] [32m[1mLinking CXX shared library /home/rajendra/kr_ws/devel/.private/action_trackers/lib/libaction_trackers.so[0m
[ 96%] Built target action_trackers
[35m[1mScanning dependencies of target land_tracker[0m
[35m[1mScanning dependencies of target action_trajectory_tracker[0m
[35m[1mScanning dependencies of target stopping_policy[0m
[35m[1mScanning dependencies of target take_off_tracker[0m
[35m[1mScanning dependencies of target action_path_tracker[0m
[ 96%] [32mBuilding CXX object CMakeFiles/stopping_policy.dir/src/stopping_policy.cpp.o[0m
[ 96%] [32mBuilding CXX object CMakeFiles/action_trajectory_tracker.dir/src/trajectory_tracker_upgraded.cpp.o[0m
[ 96%] [32mBuilding CXX object CMakeFiles/land_tracker.dir/src/land_tracker.cpp.o[0m
[ 96%] [32mBuilding CXX object CMakeFiles/take_off_tracker.dir/src/take_off_tracker.cpp.o[0m
[ 96%] [32mBuilding CXX object CMakeFiles/action_path_tracker.dir/src/path_tracker.cpp.o[0m
[ 97%] [32m[1mLinking CXX shared library /home/rajendra/kr_ws/devel/.private/action_trackers/lib/libstopping_policy.so[0m
[ 97%] Built target stopping_policy
[ 98%] [32m[1mLinking CXX shared library /home/rajendra/kr_ws/devel/.private/action_trackers/lib/libland_tracker.so[0m
[ 98%] Built target land_tracker
[100%] [32m[1mLinking CXX shared library /home/rajendra/kr_ws/devel/.private/action_trackers/lib/libtake_off_tracker.so[0m
[100%] Built target take_off_tracker
[100%] [32m[1mLinking CXX shared library /home/rajendra/kr_ws/devel/.private/action_trackers/lib/libaction_trajectory_tracker.so[0m
[100%] Built target action_trajectory_tracker
[100%] [32m[1mLinking CXX shared library /home/rajendra/kr_ws/devel/.private/action_trackers/lib/libaction_path_tracker.so[0m
[100%] Built target action_path_tracker
