[  0%] Built target _action_trackers_generate_messages_check_deps_TakeOffActionFeedback
[  0%] Built target _action_trackers_generate_messages_check_deps_RunPathFeedback
[  0%] Built target _action_trackers_generate_messages_check_deps_LandFeedback
[  0%] Built target kr_mav_msgs_generate_messages_eus
[  0%] Built target _action_trackers_generate_messages_check_deps_GoalDistanceActionFeedback
[  0%] Built target _action_trackers_generate_messages_check_deps_LandAction
[  0%] Built target _action_trackers_generate_messages_check_deps_RunPathActionFeedback
[  0%] Built target _action_trackers_generate_messages_check_deps_TakeOffActionGoal
[  0%] Built target _action_trackers_generate_messages_check_deps_TakeOffGoal
[  0%] Built target _action_trackers_generate_messages_check_deps_LandActionGoal
[  0%] Built target _action_trackers_generate_messages_check_deps_RunPathAction
[  0%] Built target actionlib_msgs_generate_messages_eus
[  0%] Built target _action_trackers_generate_messages_check_deps_ShortRangeAction
[  0%] Built target kr_tracker_msgs_generate_messages_eus
[  0%] Built target _action_trackers_generate_messages_check_deps_GoalDistanceGoal
[  0%] Built target planning_ros_msgs_generate_messages_eus
[  0%] Built target _action_trackers_generate_messages_check_deps_RunTrajectoryAction
[  0%] Built target _action_trackers_generate_messages_check_deps_GoalDistanceResult
[  0%] Built target _action_trackers_generate_messages_check_deps_RunTrajectoryActionGoal
[  0%] Built target _action_trackers_generate_messages_check_deps_LandActionFeedback
[  0%] Built target _action_trackers_generate_messages_check_deps_LandActionResult
[  0%] Built target _action_trackers_generate_messages_check_deps_GoalDistanceActionResult
[  0%] Built target _action_trackers_generate_messages_check_deps_ShortRangeResult
[  0%] Built target _action_trackers_generate_messages_check_deps_LandResult
[  0%] Built target _action_trackers_generate_messages_check_deps_TakeOffAction
[  0%] Built target _action_trackers_generate_messages_check_deps_TakeOffResult
[  0%] Built target _action_trackers_generate_messages_check_deps_TakeOffActionResult
[  0%] Built target _action_trackers_generate_messages_check_deps_LandGoal
[  0%] Built target _action_trackers_generate_messages_check_deps_RunTrajectoryActionResult
[  0%] Built target _action_trackers_generate_messages_check_deps_RunTrajectoryActionFeedback
[  0%] Built target _action_trackers_generate_messages_check_deps_ShortRangeActionGoal
[  0%] Built target _action_trackers_generate_messages_check_deps_RunTrajectoryGoal
[  0%] Built target _action_trackers_generate_messages_check_deps_ShortRangeActionFeedback
[  0%] Built target _action_trackers_generate_messages_check_deps_RunPathResult
[  0%] Built target _action_trackers_generate_messages_check_deps_RunTrajectoryResult
[  0%] Built target _action_trackers_generate_messages_check_deps_RunTrajectoryFeedback
[  0%] Built target _action_trackers_generate_messages_check_deps_ShortRangeActionResult
[  0%] Built target _action_trackers_generate_messages_check_deps_ShortRangeFeedback
[  0%] Built target _action_trackers_generate_messages_check_deps_ShortRangeGoal
[  0%] Built target _action_trackers_generate_messages_check_deps_GoalDistanceAction
[  0%] Built target _action_trackers_generate_messages_check_deps_GoalDistanceActionGoal
[  0%] Built target _action_trackers_generate_messages_check_deps_TakeOffFeedback
[  0%] Built target actionlib_msgs_generate_messages_nodejs
[  0%] Built target planning_ros_msgs_generate_messages_nodejs
[  0%] Built target _action_trackers_generate_messages_check_deps_RunPathActionResult
[  0%] Built target kr_mav_msgs_generate_messages_nodejs
[  0%] Built target tf2_msgs_generate_messages_lisp
[  0%] Built target kr_tracker_msgs_generate_messages_nodejs
[  0%] Built target _action_trackers_generate_messages_check_deps_GoalDistanceFeedback
[  0%] Built target tf_generate_messages_nodejs
[  0%] Built target sensor_msgs_generate_messages_cpp
[  0%] Built target _action_trackers_generate_messages_check_deps_RunPathActionGoal
[  0%] Built target _action_trackers_generate_messages_check_deps_RunPathGoal
[  0%] Built target sensor_msgs_generate_messages_py
[  0%] Built target actionlib_msgs_generate_messages_py
[  0%] Built target tf_generate_messages_lisp
[  0%] Built target tf2_msgs_generate_messages_eus
[  0%] Built target nav_msgs_generate_messages_py
[  0%] Built target kr_tracker_msgs_generate_messages_py
[  0%] Built target geometry_msgs_generate_messages_py
[  0%] Built target planning_ros_msgs_generate_messages_py
[  0%] Built target kr_mav_msgs_generate_messages_py
[  0%] Built target geometry_msgs_generate_messages_nodejs
[  0%] Built target tf_generate_messages_cpp
[  0%] Built target sensor_msgs_generate_messages_eus
[  0%] Built target geometry_msgs_generate_messages_cpp
[  0%] Built target kr_tracker_msgs_generate_messages_lisp
[  0%] Built target planning_ros_msgs_generate_messages_cpp
[  0%] Built target actionlib_msgs_generate_messages_lisp
[  0%] Built target rosgraph_msgs_generate_messages_eus
[  0%] Built target actionlib_generate_messages_py
[  0%] Built target nav_msgs_generate_messages_cpp
[  0%] Built target rosgraph_msgs_generate_messages_cpp
[  0%] Built target roscpp_generate_messages_eus
[  0%] Built target roscpp_generate_messages_nodejs
[  0%] Built target roscpp_generate_messages_cpp
[  0%] Built target rosgraph_msgs_generate_messages_py
[  0%] Built target actionlib_generate_messages_eus
[  0%] Built target rosgraph_msgs_generate_messages_lisp
[  0%] Built target std_msgs_generate_messages_lisp
[  0%] Built target std_msgs_generate_messages_eus
[  0%] Built target roscpp_generate_messages_lisp
[  0%] Built target actionlib_generate_messages_cpp
[  0%] Built target actionlib_generate_messages_lisp
[  0%] Built target rosgraph_msgs_generate_messages_nodejs
[  0%] Built target planning_ros_msgs_generate_messages_lisp
[  0%] Built target nav_msgs_generate_messages_lisp
[  0%] Built target std_msgs_generate_messages_cpp
[  0%] Built target tf2_msgs_generate_messages_cpp
[  0%] Built target std_msgs_generate_messages_py
[  0%] Built target geometry_msgs_generate_messages_eus
[  0%] Built target std_msgs_generate_messages_nodejs
[  0%] Built target actionlib_msgs_generate_messages_cpp
[  0%] Built target nav_msgs_generate_messages_eus
[  0%] Built target tf2_msgs_generate_messages_py
[  0%] Built target bond_generate_messages_cpp
[  0%] Built target sensor_msgs_generate_messages_nodejs
[  0%] Built target roscpp_generate_messages_py
[  0%] Built target kr_tracker_msgs_generate_messages_cpp
[  0%] Built target tf2_msgs_generate_messages_nodejs
[  0%] Built target sensor_msgs_generate_messages_lisp
[  0%] Built target nodelet_generate_messages_cpp
[  0%] Built target nodelet_generate_messages_py
[  0%] Built target tf_generate_messages_py
[  0%] Built target nodelet_generate_messages_nodejs
[  0%] Built target bond_generate_messages_eus
[  0%] Built target kr_mav_msgs_generate_messages_lisp
[  0%] Built target nodelet_generate_messages_eus
[  0%] Built target bond_generate_messages_lisp
[  0%] Built target bond_generate_messages_nodejs
[  0%] Built target bond_generate_messages_py
[  0%] Built target actionlib_generate_messages_nodejs
[  0%] Built target nodelet_generate_messages_lisp
[  0%] Built target nav_msgs_generate_messages_nodejs
[ 18%] Built target action_trackers_generate_messages_lisp
[ 18%] Built target tf_generate_messages_eus
[ 18%] Built target kr_mav_msgs_generate_messages_cpp
[ 18%] Built target geometry_msgs_generate_messages_lisp
[ 37%] Built target action_trackers_generate_messages_eus
[ 66%] Built target action_trackers_generate_messages_cpp
[ 76%] Built target action_trackers_generate_messages_py
[ 94%] Built target action_trackers_generate_messages_nodejs
[ 94%] Built target action_trackers_generate_messages
[ 96%] Built target action_trackers
[ 96%] Built target action_trajectory_tracker
[ 97%] Built target land_tracker
[ 98%] Built target stopping_policy
[100%] Built target take_off_tracker
[100%] Built target action_path_tracker
