[35m[1mScanning dependencies of target nodelet_generate_messages_nodejs[0m
[  0%] Built target nodelet_generate_messages_nodejs
[35m[1mScanning dependencies of target std_msgs_generate_messages_cpp[0m
[  0%] Built target std_msgs_generate_messages_cpp
[35m[1mScanning dependencies of target _msckf_vio_generate_messages_check_deps_TrackingInfo[0m
[  0%] Built target _msckf_vio_generate_messages_check_deps_TrackingInfo
[35m[1mScanning dependencies of target _msckf_vio_generate_messages_check_deps_CameraMeasurement[0m
[  0%] Built target _msckf_vio_generate_messages_check_deps_CameraMeasurement
[35m[1mScanning dependencies of target _msckf_vio_generate_messages_check_deps_FeatureMeasurement[0m
[  0%] Built target _msckf_vio_generate_messages_check_deps_FeatureMeasurement
[35m[1mScanning dependencies of target topic_tools_generate_messages_nodejs[0m
[  0%] Built target topic_tools_generate_messages_nodejs
[35m[1mScanning dependencies of target topic_tools_generate_messages_lisp[0m
[  0%] Built target topic_tools_generate_messages_lisp
[35m[1mScanning dependencies of target topic_tools_generate_messages_eus[0m
[  0%] Built target topic_tools_generate_messages_eus
[35m[1mScanning dependencies of target topic_tools_generate_messages_cpp[0m
[  0%] Built target topic_tools_generate_messages_cpp
[35m[1mScanning dependencies of target std_srvs_generate_messages_lisp[0m
[  0%] Built target std_srvs_generate_messages_lisp
[35m[1mScanning dependencies of target std_srvs_generate_messages_eus[0m
[  0%] Built target std_srvs_generate_messages_eus
[35m[1mScanning dependencies of target dynamic_reconfigure_gencfg[0m
[  0%] Built target dynamic_reconfigure_gencfg
[35m[1mScanning dependencies of target dynamic_reconfigure_generate_messages_cpp[0m
[  0%] Built target dynamic_reconfigure_generate_messages_cpp
[35m[1mScanning dependencies of target pcl_ros_gencfg[0m
[  0%] Built target pcl_ros_gencfg
[35m[1mScanning dependencies of target pcl_msgs_generate_messages_py[0m
[  0%] Built target pcl_msgs_generate_messages_py
[35m[1mScanning dependencies of target pcl_msgs_generate_messages_nodejs[0m
[  0%] Built target pcl_msgs_generate_messages_nodejs
[35m[1mScanning dependencies of target pcl_msgs_generate_messages_lisp[0m
[  0%] Built target pcl_msgs_generate_messages_lisp
[35m[1mScanning dependencies of target pcl_msgs_generate_messages_eus[0m
[  0%] Built target pcl_msgs_generate_messages_eus
[35m[1mScanning dependencies of target pcl_msgs_generate_messages_cpp[0m
[  0%] Built target pcl_msgs_generate_messages_cpp
[35m[1mScanning dependencies of target bond_generate_messages_py[0m
[  0%] Built target bond_generate_messages_py
[35m[1mScanning dependencies of target bond_generate_messages_nodejs[0m
[  0%] Built target bond_generate_messages_nodejs
[35m[1mScanning dependencies of target bond_generate_messages_lisp[0m
[  0%] Built target bond_generate_messages_lisp
[35m[1mScanning dependencies of target bond_generate_messages_eus[0m
[  0%] Built target bond_generate_messages_eus
[35m[1mScanning dependencies of target std_srvs_generate_messages_nodejs[0m
[  0%] Built target std_srvs_generate_messages_nodejs
[35m[1mScanning dependencies of target nodelet_generate_messages_py[0m
[  0%] Built target nodelet_generate_messages_py
[35m[1mScanning dependencies of target std_msgs_generate_messages_nodejs[0m
[  0%] Built target std_msgs_generate_messages_nodejs
[35m[1mScanning dependencies of target geometry_msgs_generate_messages_eus[0m
[  0%] Built target geometry_msgs_generate_messages_eus
[35m[1mScanning dependencies of target tf_generate_messages_nodejs[0m
[  0%] Built target tf_generate_messages_nodejs
[35m[1mScanning dependencies of target std_msgs_generate_messages_py[0m
[  0%] Built target std_msgs_generate_messages_py
[35m[1mScanning dependencies of target dynamic_reconfigure_generate_messages_lisp[0m
[  0%] Built target dynamic_reconfigure_generate_messages_lisp
[35m[1mScanning dependencies of target tf2_msgs_generate_messages_cpp[0m
[  0%] Built target tf2_msgs_generate_messages_cpp
[35m[1mScanning dependencies of target rosgraph_msgs_generate_messages_nodejs[0m
[  0%] Built target rosgraph_msgs_generate_messages_nodejs
[35m[1mScanning dependencies of target actionlib_generate_messages_cpp[0m
[  0%] Built target actionlib_generate_messages_cpp
[35m[1mScanning dependencies of target actionlib_msgs_generate_messages_py[0m
[  0%] Built target actionlib_msgs_generate_messages_py
[35m[1mScanning dependencies of target nodelet_generate_messages_lisp[0m
[  0%] Built target nodelet_generate_messages_lisp
[35m[1mScanning dependencies of target roscpp_generate_messages_lisp[0m
[  0%] Built target roscpp_generate_messages_lisp
[35m[1mScanning dependencies of target actionlib_generate_messages_lisp[0m
[  0%] Built target actionlib_generate_messages_lisp
[35m[1mScanning dependencies of target std_msgs_generate_messages_lisp[0m
[  0%] Built target std_msgs_generate_messages_lisp
[35m[1mScanning dependencies of target std_srvs_generate_messages_cpp[0m
[  0%] Built target std_srvs_generate_messages_cpp
[35m[1mScanning dependencies of target tf_generate_messages_eus[0m
[  0%] Built target tf_generate_messages_eus
[35m[1mScanning dependencies of target rosgraph_msgs_generate_messages_lisp[0m
[  0%] Built target rosgraph_msgs_generate_messages_lisp
[35m[1mScanning dependencies of target msckf_vio_generate_messages_lisp[0m
[  3%] [34m[1mGenerating Lisp code from msckf_vio/FeatureMeasurement.msg[0m
[  7%] [34m[1mGenerating Lisp code from msckf_vio/CameraMeasurement.msg[0m
[ 11%] [34m[1mGenerating Lisp code from msckf_vio/TrackingInfo.msg[0m
[ 11%] Built target msckf_vio_generate_messages_lisp
[35m[1mScanning dependencies of target dynamic_reconfigure_generate_messages_py[0m
[ 11%] Built target dynamic_reconfigure_generate_messages_py
[35m[1mScanning dependencies of target actionlib_msgs_generate_messages_eus[0m
[ 11%] Built target actionlib_msgs_generate_messages_eus
[35m[1mScanning dependencies of target rosgraph_msgs_generate_messages_py[0m
[ 11%] Built target rosgraph_msgs_generate_messages_py
[35m[1mScanning dependencies of target roscpp_generate_messages_py[0m
[ 11%] Built target roscpp_generate_messages_py
[35m[1mScanning dependencies of target topic_tools_generate_messages_py[0m
[ 11%] Built target topic_tools_generate_messages_py
[35m[1mScanning dependencies of target roscpp_generate_messages_cpp[0m
[ 11%] Built target roscpp_generate_messages_cpp
[35m[1mScanning dependencies of target roscpp_generate_messages_eus[0m
[ 11%] Built target roscpp_generate_messages_eus
[35m[1mScanning dependencies of target dynamic_reconfigure_generate_messages_eus[0m
[ 11%] Built target dynamic_reconfigure_generate_messages_eus
[35m[1mScanning dependencies of target geometry_msgs_generate_messages_nodejs[0m
[ 11%] Built target geometry_msgs_generate_messages_nodejs
[35m[1mScanning dependencies of target geometry_msgs_generate_messages_cpp[0m
[ 11%] Built target geometry_msgs_generate_messages_cpp
[35m[1mScanning dependencies of target dynamic_reconfigure_generate_messages_nodejs[0m
[ 11%] Built target dynamic_reconfigure_generate_messages_nodejs
[35m[1mScanning dependencies of target bond_generate_messages_cpp[0m
[ 11%] Built target bond_generate_messages_cpp
[35m[1mScanning dependencies of target tf2_msgs_generate_messages_py[0m
[ 11%] Built target tf2_msgs_generate_messages_py
[35m[1mScanning dependencies of target msckf_vio_generate_messages_py[0m
[ 14%] [34m[1mGenerating Python from MSG msckf_vio/FeatureMeasurement[0m
[ 18%] [34m[1mGenerating Python from MSG msckf_vio/CameraMeasurement[0m
[ 22%] [34m[1mGenerating Python from MSG msckf_vio/TrackingInfo[0m
[ 25%] [34m[1mGenerating Python msg __init__.py for msckf_vio[0m
[ 25%] Built target msckf_vio_generate_messages_py
[35m[1mScanning dependencies of target geometry_msgs_generate_messages_lisp[0m
[ 25%] Built target geometry_msgs_generate_messages_lisp
[35m[1mScanning dependencies of target tf_generate_messages_cpp[0m
[ 25%] Built target tf_generate_messages_cpp
[35m[1mScanning dependencies of target roscpp_generate_messages_nodejs[0m
[ 25%] Built target roscpp_generate_messages_nodejs
[35m[1mScanning dependencies of target std_srvs_generate_messages_py[0m
[ 25%] Built target std_srvs_generate_messages_py
[35m[1mScanning dependencies of target rosgraph_msgs_generate_messages_eus[0m
[ 25%] Built target rosgraph_msgs_generate_messages_eus
[35m[1mScanning dependencies of target nav_msgs_generate_messages_cpp[0m
[ 25%] Built target nav_msgs_generate_messages_cpp
[35m[1mScanning dependencies of target geometry_msgs_generate_messages_py[0m
[ 25%] Built target geometry_msgs_generate_messages_py
[35m[1mScanning dependencies of target tf2_msgs_generate_messages_eus[0m
[ 25%] Built target tf2_msgs_generate_messages_eus
[35m[1mScanning dependencies of target sensor_msgs_generate_messages_py[0m
[ 25%] Built target sensor_msgs_generate_messages_py
[35m[1mScanning dependencies of target tf_generate_messages_lisp[0m
[ 25%] Built target tf_generate_messages_lisp
[35m[1mScanning dependencies of target nav_msgs_generate_messages_py[0m
[ 25%] Built target nav_msgs_generate_messages_py
[35m[1mScanning dependencies of target nav_msgs_generate_messages_nodejs[0m
[ 25%] Built target nav_msgs_generate_messages_nodejs
[35m[1mScanning dependencies of target sensor_msgs_generate_messages_cpp[0m
[ 25%] Built target sensor_msgs_generate_messages_cpp
[35m[1mScanning dependencies of target nodelet_topic_tools_gencfg[0m
[ 25%] Built target nodelet_topic_tools_gencfg
[35m[1mScanning dependencies of target sensor_msgs_generate_messages_eus[0m
[ 25%] Built target sensor_msgs_generate_messages_eus
[35m[1mScanning dependencies of target sensor_msgs_generate_messages_lisp[0m
[ 25%] Built target sensor_msgs_generate_messages_lisp
[35m[1mScanning dependencies of target sensor_msgs_generate_messages_nodejs[0m
[ 25%] Built target sensor_msgs_generate_messages_nodejs
[35m[1mScanning dependencies of target rosgraph_msgs_generate_messages_cpp[0m
[ 25%] Built target rosgraph_msgs_generate_messages_cpp
[35m[1mScanning dependencies of target actionlib_generate_messages_eus[0m
[ 25%] Built target actionlib_generate_messages_eus
[35m[1mScanning dependencies of target actionlib_msgs_generate_messages_cpp[0m
[ 25%] Built target actionlib_msgs_generate_messages_cpp
[35m[1mScanning dependencies of target actionlib_generate_messages_nodejs[0m
[ 25%] Built target actionlib_generate_messages_nodejs
[35m[1mScanning dependencies of target nodelet_generate_messages_eus[0m
[ 25%] Built target nodelet_generate_messages_eus
[35m[1mScanning dependencies of target actionlib_generate_messages_py[0m
[ 25%] Built target actionlib_generate_messages_py
[35m[1mScanning dependencies of target tf_generate_messages_py[0m
[ 25%] Built target tf_generate_messages_py
[35m[1mScanning dependencies of target std_msgs_generate_messages_eus[0m
[ 25%] Built target std_msgs_generate_messages_eus
[35m[1mScanning dependencies of target actionlib_msgs_generate_messages_nodejs[0m
[ 25%] Built target actionlib_msgs_generate_messages_nodejs
[35m[1mScanning dependencies of target actionlib_msgs_generate_messages_lisp[0m
[ 25%] Built target actionlib_msgs_generate_messages_lisp
[35m[1mScanning dependencies of target msckf_vio_generate_messages_eus[0m
[ 29%] [34m[1mGenerating EusLisp code from msckf_vio/FeatureMeasurement.msg[0m
[ 33%] [34m[1mGenerating EusLisp code from msckf_vio/CameraMeasurement.msg[0m
[ 37%] [34m[1mGenerating EusLisp code from msckf_vio/TrackingInfo.msg[0m
[ 40%] [34m[1mGenerating EusLisp manifest code for msckf_vio[0m
[35m[1mScanning dependencies of target nav_msgs_generate_messages_eus[0m
[ 40%] Built target nav_msgs_generate_messages_eus
[35m[1mScanning dependencies of target tf2_msgs_generate_messages_lisp[0m
[ 40%] Built target tf2_msgs_generate_messages_lisp
[35m[1mScanning dependencies of target tf2_msgs_generate_messages_nodejs[0m
[ 40%] Built target tf2_msgs_generate_messages_nodejs
[35m[1mScanning dependencies of target nav_msgs_generate_messages_lisp[0m
[ 40%] Built target nav_msgs_generate_messages_lisp
[35m[1mScanning dependencies of target nodelet_generate_messages_cpp[0m
[ 40%] Built target nodelet_generate_messages_cpp
[35m[1mScanning dependencies of target msckf_vio_generate_messages_cpp[0m
[ 44%] [34m[1mGenerating C++ code from msckf_vio/FeatureMeasurement.msg[0m
[ 44%] Built target msckf_vio_generate_messages_eus
[35m[1mScanning dependencies of target msckf_vio_generate_messages_nodejs[0m
[ 48%] [34m[1mGenerating Javascript code from msckf_vio/FeatureMeasurement.msg[0m
[ 51%] [34m[1mGenerating C++ code from msckf_vio/CameraMeasurement.msg[0m
[ 55%] [34m[1mGenerating Javascript code from msckf_vio/CameraMeasurement.msg[0m
[ 59%] [34m[1mGenerating Javascript code from msckf_vio/TrackingInfo.msg[0m
[ 62%] [34m[1mGenerating C++ code from msckf_vio/TrackingInfo.msg[0m
[ 62%] Built target msckf_vio_generate_messages_nodejs
[ 62%] Built target msckf_vio_generate_messages_cpp
[35m[1mScanning dependencies of target msckf_vio[0m
[ 66%] [32mBuilding CXX object CMakeFiles/msckf_vio.dir/src/msckf_vio.cpp.o[0m
[ 70%] [32mBuilding CXX object CMakeFiles/msckf_vio.dir/src/utils.cpp.o[0m
[35m[1mScanning dependencies of target image_processor[0m
[ 74%] [32mBuilding CXX object CMakeFiles/image_processor.dir/src/image_processor.cpp.o[0m
[ 77%] [32mBuilding CXX object CMakeFiles/image_processor.dir/src/utils.cpp.o[0m
[35m[1mScanning dependencies of target msckf_vio_generate_messages[0m
[ 77%] Built target msckf_vio_generate_messages
[ 81%] [32m[1mLinking CXX shared library /home/rajendra/kr_ws/devel/.private/msckf_vio/lib/libimage_processor.so[0m
[ 81%] Built target image_processor
[35m[1mScanning dependencies of target image_processor_nodelet[0m
[ 85%] [32mBuilding CXX object CMakeFiles/image_processor_nodelet.dir/src/image_processor_nodelet.cpp.o[0m
[ 88%] [32m[1mLinking CXX shared library /home/rajendra/kr_ws/devel/.private/msckf_vio/lib/libimage_processor_nodelet.so[0m
[ 88%] Built target image_processor_nodelet
[ 92%] [32m[1mLinking CXX shared library /home/rajendra/kr_ws/devel/.private/msckf_vio/lib/libmsckf_vio.so[0m
[ 92%] Built target msckf_vio
[35m[1mScanning dependencies of target msckf_vio_nodelet[0m
[ 96%] [32mBuilding CXX object CMakeFiles/msckf_vio_nodelet.dir/src/msckf_vio_nodelet.cpp.o[0m
[100%] [32m[1mLinking CXX shared library /home/rajendra/kr_ws/devel/.private/msckf_vio/lib/libmsckf_vio_nodelet.so[0m
[100%] Built target msckf_vio_nodelet
