[  0%] Built target nodelet_generate_messages_nodejs
[  0%] Built target std_msgs_generate_messages_cpp
[  0%] Built target _msckf_vio_generate_messages_check_deps_TrackingInfo
[  0%] Built target _msckf_vio_generate_messages_check_deps_CameraMeasurement
[  0%] Built target topic_tools_generate_messages_nodejs
[  0%] Built target topic_tools_generate_messages_lisp
[  0%] Built target topic_tools_generate_messages_eus
[  0%] Built target topic_tools_generate_messages_cpp
[  0%] Built target std_srvs_generate_messages_lisp
[  0%] Built target _msckf_vio_generate_messages_check_deps_FeatureMeasurement
[  0%] Built target std_srvs_generate_messages_eus
[  0%] Built target dynamic_reconfigure_gencfg
[  0%] Built target dynamic_reconfigure_generate_messages_cpp
[  0%] Built target pcl_ros_gencfg
[  0%] Built target pcl_msgs_generate_messages_py
[  0%] Built target pcl_msgs_generate_messages_nodejs
[  0%] Built target pcl_msgs_generate_messages_lisp
[  0%] Built target pcl_msgs_generate_messages_eus
[  0%] Built target pcl_msgs_generate_messages_cpp
[  0%] Built target bond_generate_messages_nodejs
[  0%] Built target bond_generate_messages_py
[  0%] Built target bond_generate_messages_lisp
[  0%] Built target bond_generate_messages_eus
[  0%] Built target std_srvs_generate_messages_nodejs
[  0%] Built target nodelet_generate_messages_py
[  0%] Built target tf_generate_messages_nodejs
[  0%] Built target geometry_msgs_generate_messages_eus
[  0%] Built target std_msgs_generate_messages_nodejs
[  0%] Built target std_msgs_generate_messages_py
[  0%] Built target tf2_msgs_generate_messages_cpp
[  0%] Built target dynamic_reconfigure_generate_messages_lisp
[  0%] Built target actionlib_generate_messages_cpp
[  0%] Built target actionlib_msgs_generate_messages_py
[  0%] Built target rosgraph_msgs_generate_messages_nodejs
[  0%] Built target nodelet_generate_messages_lisp
[  0%] Built target actionlib_generate_messages_lisp
[  0%] Built target roscpp_generate_messages_lisp
[  0%] Built target std_msgs_generate_messages_lisp
[  0%] Built target std_srvs_generate_messages_cpp
[  0%] Built target rosgraph_msgs_generate_messages_lisp
[  0%] Built target tf_generate_messages_eus
[ 11%] Built target msckf_vio_generate_messages_lisp
[ 11%] Built target dynamic_reconfigure_generate_messages_py
[ 11%] Built target actionlib_msgs_generate_messages_eus
[ 11%] Built target rosgraph_msgs_generate_messages_py
[ 11%] Built target roscpp_generate_messages_py
[ 11%] Built target topic_tools_generate_messages_py
[ 11%] Built target dynamic_reconfigure_generate_messages_eus
[ 11%] Built target roscpp_generate_messages_eus
[ 11%] Built target roscpp_generate_messages_cpp
[ 11%] Built target geometry_msgs_generate_messages_nodejs
[ 11%] Built target bond_generate_messages_cpp
[ 11%] Built target geometry_msgs_generate_messages_cpp
[ 11%] Built target dynamic_reconfigure_generate_messages_nodejs
[ 11%] Built target tf2_msgs_generate_messages_py
[ 14%] Built target geometry_msgs_generate_messages_lisp
[ 22%] Built target tf_generate_messages_cpp
[ 25%] Built target msckf_vio_generate_messages_py
[ 25%] Built target roscpp_generate_messages_nodejs
[ 25%] Built target rosgraph_msgs_generate_messages_eus
[ 25%] Built target std_srvs_generate_messages_py
[ 25%] Built target nav_msgs_generate_messages_cpp
[ 25%] Built target geometry_msgs_generate_messages_py
[ 25%] Built target tf2_msgs_generate_messages_eus
[ 25%] Built target nav_msgs_generate_messages_py
[ 25%] Built target sensor_msgs_generate_messages_py
[ 25%] Built target tf_generate_messages_lisp
[ 25%] Built target nav_msgs_generate_messages_nodejs
[ 25%] Built target sensor_msgs_generate_messages_eus
[ 25%] Built target sensor_msgs_generate_messages_cpp
[ 25%] Built target nodelet_topic_tools_gencfg
[ 25%] Built target sensor_msgs_generate_messages_lisp
[ 25%] Built target sensor_msgs_generate_messages_nodejs
[ 25%] Built target rosgraph_msgs_generate_messages_cpp
[ 25%] Built target actionlib_generate_messages_eus
[ 25%] Built target actionlib_msgs_generate_messages_cpp
[ 25%] Built target actionlib_generate_messages_nodejs
[ 25%] Built target nodelet_generate_messages_eus
[ 25%] Built target tf_generate_messages_py
[ 25%] Built target actionlib_generate_messages_py
[ 25%] Built target std_msgs_generate_messages_eus
[ 25%] Built target actionlib_msgs_generate_messages_nodejs
[ 25%] Built target actionlib_msgs_generate_messages_lisp
[ 25%] Built target tf2_msgs_generate_messages_nodejs
[ 25%] Built target tf2_msgs_generate_messages_lisp
[ 25%] Built target nav_msgs_generate_messages_eus
[ 25%] Built target nodelet_generate_messages_cpp
[ 25%] Built target nav_msgs_generate_messages_lisp
[ 62%] Built target msckf_vio_generate_messages_cpp
[ 62%] Built target msckf_vio_generate_messages_eus
[ 59%] Built target msckf_vio_generate_messages_nodejs
[ 62%] Built target msckf_vio_generate_messages
[ 74%] Built target image_processor
[ 85%] Built target msckf_vio
[ 92%] Built target image_processor_nodelet
[100%] Built target msckf_vio_nodelet
