Symlinking /home/rajendra/kr_ws/devel/share/msckf_vio/cmake/msckf_vio-msg-paths.cmake
Symlinking /home/rajendra/kr_ws/devel/share/msckf_vio/cmake/msckf_vio-msg-extras.cmake
Symlinking /home/rajendra/kr_ws/devel/share/msckf_vio/cmake/msckf_vioConfig-version.cmake
Symlinking /home/rajendra/kr_ws/devel/share/msckf_vio/cmake/msckf_vioConfig.cmake
Symlinking /home/rajendra/kr_ws/devel/share/roseus/ros/msckf_vio/manifest.l
Symlinking /home/rajendra/kr_ws/devel/share/roseus/ros/msckf_vio/msg/CameraMeasurement.l
Symlinking /home/rajendra/kr_ws/devel/share/roseus/ros/msckf_vio/msg/TrackingInfo.l
Symlinking /home/rajendra/kr_ws/devel/share/roseus/ros/msckf_vio/msg/FeatureMeasurement.l
Symlinking /home/rajendra/kr_ws/devel/share/gennodejs/ros/msckf_vio/_index.js
Symlinking /home/rajendra/kr_ws/devel/share/gennodejs/ros/msckf_vio/msg/FeatureMeasurement.js
Symlinking /home/rajendra/kr_ws/devel/share/gennodejs/ros/msckf_vio/msg/_index.js
Symlinking /home/rajendra/kr_ws/devel/share/gennodejs/ros/msckf_vio/msg/TrackingInfo.js
Symlinking /home/rajendra/kr_ws/devel/share/gennodejs/ros/msckf_vio/msg/CameraMeasurement.js
Symlinking /home/rajendra/kr_ws/devel/share/common-lisp/ros/msckf_vio/msg/CameraMeasurement.lisp
Symlinking /home/rajendra/kr_ws/devel/share/common-lisp/ros/msckf_vio/msg/_package_TrackingInfo.lisp
Symlinking /home/rajendra/kr_ws/devel/share/common-lisp/ros/msckf_vio/msg/_package_CameraMeasurement.lisp
Symlinking /home/rajendra/kr_ws/devel/share/common-lisp/ros/msckf_vio/msg/FeatureMeasurement.lisp
Symlinking /home/rajendra/kr_ws/devel/share/common-lisp/ros/msckf_vio/msg/_package_FeatureMeasurement.lisp
Symlinking /home/rajendra/kr_ws/devel/share/common-lisp/ros/msckf_vio/msg/_package.lisp
Symlinking /home/rajendra/kr_ws/devel/share/common-lisp/ros/msckf_vio/msg/TrackingInfo.lisp
Symlinking /home/rajendra/kr_ws/devel/share/common-lisp/ros/msckf_vio/msg/msckf_vio-msg.asd
Symlinking /home/rajendra/kr_ws/devel/include/msckf_vio/TrackingInfo.h
Symlinking /home/rajendra/kr_ws/devel/include/msckf_vio/CameraMeasurement.h
Symlinking /home/rajendra/kr_ws/devel/include/msckf_vio/FeatureMeasurement.h
Symlinking /home/rajendra/kr_ws/devel/lib/libmsckf_vio.so
Symlinking /home/rajendra/kr_ws/devel/lib/libimage_processor.so
Symlinking /home/rajendra/kr_ws/devel/lib/libimage_processor_nodelet.so
Symlinking /home/rajendra/kr_ws/devel/lib/libmsckf_vio_nodelet.so
Symlinking /home/rajendra/kr_ws/devel/lib/python3/dist-packages/msckf_vio/__init__.py
Symlinking /home/rajendra/kr_ws/devel/lib/python3/dist-packages/msckf_vio/msg/__init__.py
Symlinking /home/rajendra/kr_ws/devel/lib/python3/dist-packages/msckf_vio/msg/_CameraMeasurement.py
Symlinking /home/rajendra/kr_ws/devel/lib/python3/dist-packages/msckf_vio/msg/_FeatureMeasurement.py
Symlinking /home/rajendra/kr_ws/devel/lib/python3/dist-packages/msckf_vio/msg/_TrackingInfo.py
Symlinking /home/rajendra/kr_ws/devel/lib/pkgconfig/msckf_vio.pc
