[  4%] Built target state_machine
[  4%] Built target dynamic_reconfigure_generate_messages_lisp
[  4%] Built target actionlib_msgs_generate_messages_py
[  4%] Built target _state_machine_generate_messages_check_deps_ReplanResult
[  4%] Built target geometry_msgs_generate_messages_py
[  4%] Built target _state_machine_generate_messages_check_deps_ReplanAction
[  4%] Built target _state_machine_generate_messages_check_deps_ReplanFeedback
[  4%] Built target _state_machine_generate_messages_check_deps_ReplanActionResult
[  4%] Built target actionlib_msgs_generate_messages_nodejs
[  4%] Built target geometry_msgs_generate_messages_nodejs
[  4%] Built target actionlib_msgs_generate_messages_eus
[  4%] Built target actionlib_msgs_generate_messages_lisp
[  4%] Built target _state_machine_generate_messages_check_deps_ReplanGoal
[  4%] Built target _state_machine_generate_messages_check_deps_ReplanActionGoal
[  4%] Built target geometry_msgs_generate_messages_lisp
[  4%] Built target geometry_msgs_generate_messages_eus
[  4%] Built target geometry_msgs_generate_messages_cpp
[  4%] Built target kr_tracker_msgs_generate_messages_py
[  4%] Built target actionlib_msgs_generate_messages_cpp
[  4%] Built target _state_machine_generate_messages_check_deps_ReplanActionFeedback
[  4%] Built target kr_tracker_msgs_generate_messages_eus
[  4%] Built target kr_tracker_msgs_generate_messages_nodejs
[  4%] Built target kr_tracker_msgs_generate_messages_cpp
[  4%] Built target action_trackers_generate_messages_eus
[  4%] Built target action_trackers_generate_messages_nodejs
[  4%] Built target tf2_msgs_generate_messages_nodejs
[  4%] Built target tf2_msgs_generate_messages_py
[  4%] Built target action_trackers_generate_messages_py
[  4%] Built target dynamic_reconfigure_generate_messages_nodejs
[  4%] Built target action_trackers_generate_messages_cpp
[  4%] Built target dynamic_reconfigure_gencfg
[  4%] Built target tf2_msgs_generate_messages_lisp
[  4%] Built target nav_msgs_generate_messages_eus
[  4%] Built target tf_generate_messages_nodejs
[  4%] Built target planning_ros_msgs_generate_messages_nodejs
[  4%] Built target planning_ros_msgs_generate_messages_py
[  4%] Built target std_msgs_generate_messages_py
[  4%] Built target roscpp_generate_messages_nodejs
[  4%] Built target dynamic_reconfigure_generate_messages_py
[  4%] Built target planning_ros_msgs_generate_messages_eus
[  4%] Built target rosgraph_msgs_generate_messages_lisp
[  4%] Built target tf_generate_messages_eus
[  4%] Built target std_msgs_generate_messages_nodejs
[  4%] Built target std_msgs_generate_messages_cpp
[  4%] Built target actionlib_generate_messages_lisp
[  4%] Built target action_planner_gencfg
[  4%] Built target roscpp_generate_messages_lisp
[  4%] Built target kr_mav_msgs_generate_messages_eus
[  4%] Built target nav_msgs_generate_messages_lisp
[  4%] Built target std_msgs_generate_messages_lisp
[  4%] Built target kr_mav_msgs_generate_messages_py
[  4%] Built target rosgraph_msgs_generate_messages_py
[  4%] Built target nav_msgs_generate_messages_cpp
[  4%] Built target kr_mav_msgs_generate_messages_nodejs
[  4%] Built target rosgraph_msgs_generate_messages_eus
[  4%] Built target kr_mav_msgs_generate_messages_cpp
[  4%] Built target tf_generate_messages_lisp
[  4%] Built target nav_msgs_generate_messages_py
[  4%] Built target tf2_msgs_generate_messages_eus
[  4%] Built target tf_generate_messages_cpp
[  4%] Built target sensor_msgs_generate_messages_py
[  4%] Built target tf_generate_messages_py
[  4%] Built target std_msgs_generate_messages_eus
[  4%] Built target actionlib_generate_messages_py
[  4%] Built target actionlib_generate_messages_cpp
[  4%] Built target actionlib_generate_messages_nodejs
[  4%] Built target action_trackers_generate_messages_lisp
[  4%] Built target rosgraph_msgs_generate_messages_nodejs
[  4%] Built target planning_ros_msgs_generate_messages_cpp
[  4%] Built target planning_ros_msgs_generate_messages_lisp
[  4%] Built target kr_mav_msgs_generate_messages_lisp
[  4%] Built target roscpp_generate_messages_cpp
[  4%] Built target sensor_msgs_generate_messages_lisp
[  4%] Built target sensor_msgs_generate_messages_eus
[  4%] Built target actionlib_generate_messages_eus
[  4%] Built target roscpp_generate_messages_eus
[  4%] Built target roscpp_generate_messages_py
[  4%] Built target sensor_msgs_generate_messages_cpp
[  4%] Built target rosgraph_msgs_generate_messages_cpp
[  4%] Built target nav_msgs_generate_messages_nodejs
[  4%] Built target sensor_msgs_generate_messages_nodejs
[  4%] Built target tf2_msgs_generate_messages_cpp
[  4%] Built target dynamic_reconfigure_generate_messages_eus
[ 24%] Built target state_machine_generate_messages_py
[ 41%] Built target state_machine_generate_messages_lisp
[ 41%] Built target kr_tracker_msgs_generate_messages_lisp
[ 60%] Built target state_machine_generate_messages_eus
[ 78%] Built target state_machine_generate_messages_cpp
[ 78%] Built target dynamic_reconfigure_generate_messages_cpp
[ 95%] Built target state_machine_generate_messages_nodejs
[ 95%] Built target state_machine_generate_messages
[100%] Built target local_global_replan_server
