Symlinking /home/rajendra/kr_ws/devel/share/roseus/ros/state_machine/manifest.l
Symlinking /home/rajendra/kr_ws/devel/share/roseus/ros/state_machine/msg/ReplanFeedback.l
Symlinking /home/rajendra/kr_ws/devel/share/roseus/ros/state_machine/msg/ReplanAction.l
Symlinking /home/rajendra/kr_ws/devel/share/roseus/ros/state_machine/msg/ReplanActionGoal.l
Symlinking /home/rajendra/kr_ws/devel/share/roseus/ros/state_machine/msg/ReplanResult.l
Symlinking /home/rajendra/kr_ws/devel/share/roseus/ros/state_machine/msg/ReplanGoal.l
Symlinking /home/rajendra/kr_ws/devel/share/roseus/ros/state_machine/msg/ReplanActionResult.l
Symlinking /home/rajendra/kr_ws/devel/share/roseus/ros/state_machine/msg/ReplanActionFeedback.l
Symlinking /home/rajendra/kr_ws/devel/share/gennodejs/ros/state_machine/_index.js
Symlinking /home/rajendra/kr_ws/devel/share/gennodejs/ros/state_machine/msg/ReplanGoal.js
Symlinking /home/rajendra/kr_ws/devel/share/gennodejs/ros/state_machine/msg/ReplanResult.js
Symlinking /home/rajendra/kr_ws/devel/share/gennodejs/ros/state_machine/msg/ReplanAction.js
Symlinking /home/rajendra/kr_ws/devel/share/gennodejs/ros/state_machine/msg/ReplanActionFeedback.js
Symlinking /home/rajendra/kr_ws/devel/share/gennodejs/ros/state_machine/msg/ReplanActionGoal.js
Symlinking /home/rajendra/kr_ws/devel/share/gennodejs/ros/state_machine/msg/_index.js
Symlinking /home/rajendra/kr_ws/devel/share/gennodejs/ros/state_machine/msg/ReplanActionResult.js
Symlinking /home/rajendra/kr_ws/devel/share/gennodejs/ros/state_machine/msg/ReplanFeedback.js
Symlinking /home/rajendra/kr_ws/devel/share/state_machine/cmake/state_machine-msg-paths.cmake
Symlinking /home/rajendra/kr_ws/devel/share/state_machine/cmake/state_machineConfig.cmake
Symlinking /home/rajendra/kr_ws/devel/share/state_machine/cmake/state_machine-msg-extras.cmake
Symlinking /home/rajendra/kr_ws/devel/share/state_machine/cmake/state_machineConfig-version.cmake
Symlinking /home/rajendra/kr_ws/devel/share/state_machine/msg/ReplanActionResult.msg
Symlinking /home/rajendra/kr_ws/devel/share/state_machine/msg/ReplanResult.msg
Symlinking /home/rajendra/kr_ws/devel/share/state_machine/msg/ReplanActionGoal.msg
Symlinking /home/rajendra/kr_ws/devel/share/state_machine/msg/ReplanActionFeedback.msg
Symlinking /home/rajendra/kr_ws/devel/share/state_machine/msg/ReplanGoal.msg
Symlinking /home/rajendra/kr_ws/devel/share/state_machine/msg/ReplanFeedback.msg
Symlinking /home/rajendra/kr_ws/devel/share/state_machine/msg/ReplanAction.msg
Symlinking /home/rajendra/kr_ws/devel/share/common-lisp/ros/state_machine/msg/ReplanAction.lisp
Symlinking /home/rajendra/kr_ws/devel/share/common-lisp/ros/state_machine/msg/_package_ReplanAction.lisp
Symlinking /home/rajendra/kr_ws/devel/share/common-lisp/ros/state_machine/msg/ReplanActionResult.lisp
Symlinking /home/rajendra/kr_ws/devel/share/common-lisp/ros/state_machine/msg/_package_ReplanActionGoal.lisp
Symlinking /home/rajendra/kr_ws/devel/share/common-lisp/ros/state_machine/msg/_package.lisp
Symlinking /home/rajendra/kr_ws/devel/share/common-lisp/ros/state_machine/msg/ReplanFeedback.lisp
Symlinking /home/rajendra/kr_ws/devel/share/common-lisp/ros/state_machine/msg/_package_ReplanActionResult.lisp
Symlinking /home/rajendra/kr_ws/devel/share/common-lisp/ros/state_machine/msg/_package_ReplanGoal.lisp
Symlinking /home/rajendra/kr_ws/devel/share/common-lisp/ros/state_machine/msg/ReplanActionFeedback.lisp
Symlinking /home/rajendra/kr_ws/devel/share/common-lisp/ros/state_machine/msg/_package_ReplanActionFeedback.lisp
Symlinking /home/rajendra/kr_ws/devel/share/common-lisp/ros/state_machine/msg/ReplanGoal.lisp
Symlinking /home/rajendra/kr_ws/devel/share/common-lisp/ros/state_machine/msg/ReplanResult.lisp
Symlinking /home/rajendra/kr_ws/devel/share/common-lisp/ros/state_machine/msg/state_machine-msg.asd
Symlinking /home/rajendra/kr_ws/devel/share/common-lisp/ros/state_machine/msg/ReplanActionGoal.lisp
Symlinking /home/rajendra/kr_ws/devel/share/common-lisp/ros/state_machine/msg/_package_ReplanFeedback.lisp
Symlinking /home/rajendra/kr_ws/devel/share/common-lisp/ros/state_machine/msg/_package_ReplanResult.lisp
Symlinking /home/rajendra/kr_ws/devel/include/state_machine/ReplanAction.h
Symlinking /home/rajendra/kr_ws/devel/include/state_machine/ReplanActionFeedback.h
Symlinking /home/rajendra/kr_ws/devel/include/state_machine/ReplanActionGoal.h
Symlinking /home/rajendra/kr_ws/devel/include/state_machine/ReplanResult.h
Symlinking /home/rajendra/kr_ws/devel/include/state_machine/ReplanActionResult.h
Symlinking /home/rajendra/kr_ws/devel/include/state_machine/ReplanFeedback.h
Symlinking /home/rajendra/kr_ws/devel/include/state_machine/ReplanGoal.h
Symlinking /home/rajendra/kr_ws/devel/lib/libstate_machine.so
Symlinking /home/rajendra/kr_ws/devel/lib/python3/dist-packages/state_machine/__init__.py
Symlinking /home/rajendra/kr_ws/devel/lib/python3/dist-packages/state_machine/msg/__init__.py
Symlinking /home/rajendra/kr_ws/devel/lib/python3/dist-packages/state_machine/msg/_ReplanResult.py
Symlinking /home/rajendra/kr_ws/devel/lib/python3/dist-packages/state_machine/msg/_ReplanActionResult.py
Symlinking /home/rajendra/kr_ws/devel/lib/python3/dist-packages/state_machine/msg/_ReplanAction.py
Symlinking /home/rajendra/kr_ws/devel/lib/python3/dist-packages/state_machine/msg/_ReplanGoal.py
Symlinking /home/rajendra/kr_ws/devel/lib/python3/dist-packages/state_machine/msg/_ReplanFeedback.py
Symlinking /home/rajendra/kr_ws/devel/lib/python3/dist-packages/state_machine/msg/_ReplanActionGoal.py
Symlinking /home/rajendra/kr_ws/devel/lib/python3/dist-packages/state_machine/msg/_ReplanActionFeedback.py
Symlinking /home/rajendra/kr_ws/devel/lib/pkgconfig/state_machine.pc
Symlinking /home/rajendra/kr_ws/devel/lib/state_machine/local_global_replan_server
