[35m[1mScanning dependencies of target _state_machine_generate_messages_check_deps_ReplanResult[0m
[35m[1mScanning dependencies of target state_machine[0m
[35m[1mScanning dependencies of target _state_machine_generate_messages_check_deps_ReplanActionResult[0m
[35m[1mScanning dependencies of target _state_machine_generate_messages_check_deps_ReplanFeedback[0m
[35m[1mScanning dependencies of target _state_machine_generate_messages_check_deps_ReplanActionGoal[0m
[35m[1mScanning dependencies of target _state_machine_generate_messages_check_deps_ReplanAction[0m
[35m[1mScanning dependencies of target actionlib_msgs_generate_messages_py[0m
[35m[1mScanning dependencies of target geometry_msgs_generate_messages_py[0m
[35m[1mScanning dependencies of target _state_machine_generate_messages_check_deps_ReplanGoal[0m
[35m[1mScanning dependencies of target dynamic_reconfigure_generate_messages_lisp[0m
[35m[1mScanning dependencies of target actionlib_msgs_generate_messages_nodejs[0m
[35m[1mScanning dependencies of target _state_machine_generate_messages_check_deps_ReplanActionFeedback[0m
[  0%] Built target actionlib_msgs_generate_messages_py
[  0%] Built target dynamic_reconfigure_generate_messages_lisp
[  0%] Built target geometry_msgs_generate_messages_py
[  0%] Built target actionlib_msgs_generate_messages_nodejs
[35m[1mScanning dependencies of target geometry_msgs_generate_messages_nodejs[0m
[35m[1mScanning dependencies of target geometry_msgs_generate_messages_lisp[0m
[35m[1mScanning dependencies of target actionlib_msgs_generate_messages_lisp[0m
[35m[1mScanning dependencies of target actionlib_msgs_generate_messages_eus[0m
[  0%] Built target geometry_msgs_generate_messages_nodejs
[  0%] Built target geometry_msgs_generate_messages_lisp
[  0%] Built target actionlib_msgs_generate_messages_eus
[  0%] Built target actionlib_msgs_generate_messages_lisp
[35m[1mScanning dependencies of target geometry_msgs_generate_messages_eus[0m
[35m[1mScanning dependencies of target geometry_msgs_generate_messages_cpp[0m
[35m[1mScanning dependencies of target actionlib_msgs_generate_messages_cpp[0m
[  0%] Built target geometry_msgs_generate_messages_eus
[35m[1mScanning dependencies of target kr_tracker_msgs_generate_messages_py[0m
[  0%] Built target geometry_msgs_generate_messages_cpp
[  0%] Built target actionlib_msgs_generate_messages_cpp
[35m[1mScanning dependencies of target kr_tracker_msgs_generate_messages_nodejs[0m
[  0%] Built target _state_machine_generate_messages_check_deps_ReplanResult
[  0%] Built target _state_machine_generate_messages_check_deps_ReplanGoal
[  0%] Built target kr_tracker_msgs_generate_messages_py
[35m[1mScanning dependencies of target kr_tracker_msgs_generate_messages_eus[0m
[  2%] Built target _state_machine_generate_messages_check_deps_ReplanActionResult
[  2%] [32mBuilding CXX object CMakeFiles/state_machine.dir/src/traj_opt_utils.cpp.o[0m
[35m[1mScanning dependencies of target kr_tracker_msgs_generate_messages_cpp[0m
[  2%] Built target kr_tracker_msgs_generate_messages_nodejs
[  2%] Built target _state_machine_generate_messages_check_deps_ReplanActionFeedback
[  2%] Built target _state_machine_generate_messages_check_deps_ReplanFeedback
[35m[1mScanning dependencies of target action_trackers_generate_messages_py[0m
[  2%] Built target _state_machine_generate_messages_check_deps_ReplanAction
[  2%] Built target kr_tracker_msgs_generate_messages_cpp
[  2%] Built target kr_tracker_msgs_generate_messages_eus
[35m[1mScanning dependencies of target action_trackers_generate_messages_eus[0m
[35m[1mScanning dependencies of target action_trackers_generate_messages_cpp[0m
[35m[1mScanning dependencies of target tf2_msgs_generate_messages_lisp[0m
[35m[1mScanning dependencies of target action_trackers_generate_messages_nodejs[0m
[  2%] Built target action_trackers_generate_messages_py
[  2%] Built target _state_machine_generate_messages_check_deps_ReplanActionGoal
[35m[1mScanning dependencies of target dynamic_reconfigure_gencfg[0m
[35m[1mScanning dependencies of target tf2_msgs_generate_messages_nodejs[0m
[  2%] Built target action_trackers_generate_messages_eus
[35m[1mScanning dependencies of target tf2_msgs_generate_messages_py[0m
[  2%] Built target tf2_msgs_generate_messages_lisp
[  2%] Built target action_trackers_generate_messages_cpp
[  2%] Built target action_trackers_generate_messages_nodejs
[  2%] Built target tf2_msgs_generate_messages_nodejs
[  2%] Built target dynamic_reconfigure_gencfg
[35m[1mScanning dependencies of target tf_generate_messages_nodejs[0m
[35m[1mScanning dependencies of target dynamic_reconfigure_generate_messages_nodejs[0m
[35m[1mScanning dependencies of target planning_ros_msgs_generate_messages_py[0m
[35m[1mScanning dependencies of target nav_msgs_generate_messages_eus[0m
[  2%] Built target tf2_msgs_generate_messages_py
[35m[1mScanning dependencies of target planning_ros_msgs_generate_messages_eus[0m
[35m[1mScanning dependencies of target roscpp_generate_messages_nodejs[0m
[35m[1mScanning dependencies of target planning_ros_msgs_generate_messages_nodejs[0m
[35m[1mScanning dependencies of target std_msgs_generate_messages_py[0m
[  2%] Built target dynamic_reconfigure_generate_messages_nodejs
[  2%] Built target tf_generate_messages_nodejs
[  2%] Built target planning_ros_msgs_generate_messages_py
[35m[1mScanning dependencies of target dynamic_reconfigure_generate_messages_py[0m
[35m[1mScanning dependencies of target tf_generate_messages_eus[0m
[  2%] Built target nav_msgs_generate_messages_eus
[35m[1mScanning dependencies of target rosgraph_msgs_generate_messages_lisp[0m
[  2%] Built target planning_ros_msgs_generate_messages_eus
[  2%] Built target planning_ros_msgs_generate_messages_nodejs
[  2%] Built target roscpp_generate_messages_nodejs
[  2%] Built target std_msgs_generate_messages_py
[35m[1mScanning dependencies of target std_msgs_generate_messages_nodejs[0m
[35m[1mScanning dependencies of target std_msgs_generate_messages_cpp[0m
[35m[1mScanning dependencies of target actionlib_generate_messages_lisp[0m
[  2%] Built target dynamic_reconfigure_generate_messages_py
[35m[1mScanning dependencies of target action_planner_gencfg[0m
[35m[1mScanning dependencies of target roscpp_generate_messages_lisp[0m
[  2%] Built target tf_generate_messages_eus
[35m[1mScanning dependencies of target rosgraph_msgs_generate_messages_py[0m
[  2%] Built target rosgraph_msgs_generate_messages_lisp
[  2%] Built target std_msgs_generate_messages_nodejs
[  2%] Built target std_msgs_generate_messages_cpp
[35m[1mScanning dependencies of target kr_mav_msgs_generate_messages_eus[0m
[35m[1mScanning dependencies of target kr_mav_msgs_generate_messages_py[0m
[35m[1mScanning dependencies of target std_msgs_generate_messages_lisp[0m
[  2%] Built target roscpp_generate_messages_lisp
[  2%] Built target action_planner_gencfg
[  2%] Built target actionlib_generate_messages_lisp
[35m[1mScanning dependencies of target nav_msgs_generate_messages_cpp[0m
[35m[1mScanning dependencies of target kr_mav_msgs_generate_messages_nodejs[0m
[35m[1mScanning dependencies of target nav_msgs_generate_messages_lisp[0m
[  2%] Built target rosgraph_msgs_generate_messages_py
[  2%] Built target kr_mav_msgs_generate_messages_py
[35m[1mScanning dependencies of target rosgraph_msgs_generate_messages_eus[0m
[35m[1mScanning dependencies of target tf_generate_messages_lisp[0m
[  2%] Built target kr_mav_msgs_generate_messages_eus
[35m[1mScanning dependencies of target nav_msgs_generate_messages_py[0m
[  2%] Built target std_msgs_generate_messages_lisp
[  2%] Built target nav_msgs_generate_messages_lisp
[  2%] Built target nav_msgs_generate_messages_cpp
[35m[1mScanning dependencies of target tf2_msgs_generate_messages_eus[0m
[  2%] Built target rosgraph_msgs_generate_messages_eus
[  2%] Built target kr_mav_msgs_generate_messages_nodejs
[35m[1mScanning dependencies of target tf_generate_messages_cpp[0m
[35m[1mScanning dependencies of target sensor_msgs_generate_messages_py[0m
[  2%] Built target nav_msgs_generate_messages_py
[  2%] Built target tf_generate_messages_lisp
[35m[1mScanning dependencies of target tf_generate_messages_py[0m
[35m[1mScanning dependencies of target kr_mav_msgs_generate_messages_cpp[0m
[35m[1mScanning dependencies of target actionlib_generate_messages_py[0m
[  2%] Built target tf2_msgs_generate_messages_eus
[35m[1mScanning dependencies of target std_msgs_generate_messages_eus[0m
[  2%] Built target sensor_msgs_generate_messages_py
[35m[1mScanning dependencies of target action_trackers_generate_messages_lisp[0m
[  2%] Built target tf_generate_messages_cpp
[35m[1mScanning dependencies of target actionlib_generate_messages_cpp[0m
[  2%] Built target kr_mav_msgs_generate_messages_cpp
[  2%] Built target tf_generate_messages_py
[35m[1mScanning dependencies of target rosgraph_msgs_generate_messages_nodejs[0m
[35m[1mScanning dependencies of target planning_ros_msgs_generate_messages_lisp[0m
[  2%] Built target actionlib_generate_messages_py
[35m[1mScanning dependencies of target actionlib_generate_messages_nodejs[0m
[  2%] Built target std_msgs_generate_messages_eus
[35m[1mScanning dependencies of target roscpp_generate_messages_cpp[0m
[  2%] Built target action_trackers_generate_messages_lisp
[  2%] Built target planning_ros_msgs_generate_messages_lisp
[  2%] Built target actionlib_generate_messages_cpp
[  2%] Built target rosgraph_msgs_generate_messages_nodejs
[35m[1mScanning dependencies of target kr_mav_msgs_generate_messages_lisp[0m
[  2%] Built target actionlib_generate_messages_nodejs
[35m[1mScanning dependencies of target planning_ros_msgs_generate_messages_cpp[0m
[35m[1mScanning dependencies of target sensor_msgs_generate_messages_lisp[0m
[35m[1mScanning dependencies of target sensor_msgs_generate_messages_eus[0m
[35m[1mScanning dependencies of target roscpp_generate_messages_eus[0m
[35m[1mScanning dependencies of target roscpp_generate_messages_py[0m
[35m[1mScanning dependencies of target actionlib_generate_messages_eus[0m
[  2%] Built target roscpp_generate_messages_cpp
[  2%] Built target kr_mav_msgs_generate_messages_lisp
[  2%] Built target sensor_msgs_generate_messages_lisp
[  2%] Built target planning_ros_msgs_generate_messages_cpp
[35m[1mScanning dependencies of target rosgraph_msgs_generate_messages_cpp[0m
[  2%] Built target sensor_msgs_generate_messages_eus
[  2%] Built target roscpp_generate_messages_py
[  2%] Built target roscpp_generate_messages_eus
[  2%] Built target actionlib_generate_messages_eus
[35m[1mScanning dependencies of target nav_msgs_generate_messages_nodejs[0m
[35m[1mScanning dependencies of target sensor_msgs_generate_messages_cpp[0m
[35m[1mScanning dependencies of target sensor_msgs_generate_messages_nodejs[0m
[35m[1mScanning dependencies of target dynamic_reconfigure_generate_messages_cpp[0m
[  2%] Built target rosgraph_msgs_generate_messages_cpp
[35m[1mScanning dependencies of target kr_tracker_msgs_generate_messages_lisp[0m
[35m[1mScanning dependencies of target tf2_msgs_generate_messages_cpp[0m
[35m[1mScanning dependencies of target dynamic_reconfigure_generate_messages_eus[0m
[  2%] Built target nav_msgs_generate_messages_nodejs
[  2%] Built target sensor_msgs_generate_messages_cpp
[  2%] Built target sensor_msgs_generate_messages_nodejs
[35m[1mScanning dependencies of target state_machine_generate_messages_py[0m
[35m[1mScanning dependencies of target state_machine_generate_messages_nodejs[0m
[  2%] Built target dynamic_reconfigure_generate_messages_cpp
[35m[1mScanning dependencies of target state_machine_generate_messages_lisp[0m
[  2%] Built target kr_tracker_msgs_generate_messages_lisp
[  2%] Built target tf2_msgs_generate_messages_cpp
[  2%] Built target dynamic_reconfigure_generate_messages_eus
[35m[1mScanning dependencies of target state_machine_generate_messages_eus[0m
[35m[1mScanning dependencies of target state_machine_generate_messages_cpp[0m
[  4%] [34m[1mGenerating Javascript code from state_machine/ReplanActionGoal.msg[0m
[  7%] [34m[1mGenerating Javascript code from state_machine/ReplanAction.msg[0m
[  9%] [34m[1mGenerating Python from MSG state_machine/ReplanAction[0m
[ 12%] [34m[1mGenerating Lisp code from state_machine/ReplanActionResult.msg[0m
[ 17%] [34m[1mGenerating Javascript code from state_machine/ReplanActionResult.msg[0m
[ 17%] [34m[1mGenerating Python from MSG state_machine/ReplanActionGoal[0m
[ 19%] [34m[1mGenerating Lisp code from state_machine/ReplanActionGoal.msg[0m
[ 21%] [34m[1mGenerating Javascript code from state_machine/ReplanActionFeedback.msg[0m
[ 29%] [34m[1mGenerating C++ code from state_machine/ReplanAction.msg[0m
[ 29%] [34m[1mGenerating Lisp code from state_machine/ReplanAction.msg[0m
[ 29%] [34m[1mGenerating EusLisp code from state_machine/ReplanAction.msg[0m
[ 31%] [34m[1mGenerating C++ code from state_machine/ReplanActionGoal.msg[0m
[ 34%] [34m[1mGenerating Lisp code from state_machine/ReplanActionFeedback.msg[0m
[ 36%] [34m[1mGenerating Python from MSG state_machine/ReplanActionResult[0m
[ 39%] [34m[1mGenerating Lisp code from state_machine/ReplanGoal.msg[0m
[ 41%] [34m[1mGenerating Javascript code from state_machine/ReplanGoal.msg[0m
[ 43%] [34m[1mGenerating C++ code from state_machine/ReplanActionResult.msg[0m
[ 46%] [34m[1mGenerating EusLisp code from state_machine/ReplanActionGoal.msg[0m
[ 48%] [34m[1mGenerating EusLisp code from state_machine/ReplanActionResult.msg[0m
[ 51%] [34m[1mGenerating Javascript code from state_machine/ReplanResult.msg[0m
[ 53%] [34m[1mGenerating Lisp code from state_machine/ReplanResult.msg[0m
[ 56%] [34m[1mGenerating C++ code from state_machine/ReplanActionFeedback.msg[0m
[ 58%] [34m[1mGenerating Javascript code from state_machine/ReplanFeedback.msg[0m
[ 60%] [34m[1mGenerating Python from MSG state_machine/ReplanActionFeedback[0m
[ 63%] [34m[1mGenerating Lisp code from state_machine/ReplanFeedback.msg[0m
[ 65%] [34m[1mGenerating EusLisp code from state_machine/ReplanActionFeedback.msg[0m
[ 68%] [34m[1mGenerating Python from MSG state_machine/ReplanGoal[0m
[ 70%] [34m[1mGenerating C++ code from state_machine/ReplanGoal.msg[0m
[ 73%] [34m[1mGenerating EusLisp code from state_machine/ReplanGoal.msg[0m
[ 75%] [34m[1mGenerating Python from MSG state_machine/ReplanResult[0m
[ 78%] [34m[1mGenerating EusLisp code from state_machine/ReplanResult.msg[0m
[ 78%] Built target state_machine_generate_messages_lisp
[ 80%] [34m[1mGenerating EusLisp code from state_machine/ReplanFeedback.msg[0m
[ 82%] [34m[1mGenerating C++ code from state_machine/ReplanResult.msg[0m
[ 82%] Built target state_machine_generate_messages_nodejs
[ 85%] [34m[1mGenerating EusLisp manifest code for state_machine[0m
[ 87%] [34m[1mGenerating C++ code from state_machine/ReplanFeedback.msg[0m
[ 90%] [34m[1mGenerating Python from MSG state_machine/ReplanFeedback[0m
[ 90%] Built target state_machine_generate_messages_cpp
[ 92%] [34m[1mGenerating Python msg __init__.py for state_machine[0m
[ 92%] Built target state_machine_generate_messages_py
[ 92%] Built target state_machine_generate_messages_eus
[35m[1mScanning dependencies of target state_machine_generate_messages[0m
[ 92%] Built target state_machine_generate_messages
[ 95%] [32m[1mLinking CXX shared library /home/rajendra/kr_ws/devel/.private/state_machine/lib/libstate_machine.so[0m
[ 95%] Built target state_machine
[35m[1mScanning dependencies of target local_global_replan_server[0m
[ 97%] [32mBuilding CXX object CMakeFiles/local_global_replan_server.dir/src/local_global_replan_server.cpp.o[0m
[100%] [32m[1mLinking CXX executable /home/rajendra/kr_ws/devel/.private/state_machine/lib/state_machine/local_global_replan_server[0m
[100%] Built target local_global_replan_server
