Linked: (/home/rajendra/kr_ws/devel/.private/state_machine/share/roseus/ros/state_machine/manifest.l, /home/rajendra/kr_ws/devel/share/roseus/ros/state_machine/manifest.l)
Linked: (/home/rajendra/kr_ws/devel/.private/state_machine/share/roseus/ros/state_machine/msg/ReplanFeedback.l, /home/rajendra/kr_ws/devel/share/roseus/ros/state_machine/msg/ReplanFeedback.l)
Linked: (/home/rajendra/kr_ws/devel/.private/state_machine/share/roseus/ros/state_machine/msg/ReplanAction.l, /home/rajendra/kr_ws/devel/share/roseus/ros/state_machine/msg/ReplanAction.l)
Linked: (/home/rajendra/kr_ws/devel/.private/state_machine/share/roseus/ros/state_machine/msg/ReplanActionGoal.l, /home/rajendra/kr_ws/devel/share/roseus/ros/state_machine/msg/ReplanActionGoal.l)
Linked: (/home/rajendra/kr_ws/devel/.private/state_machine/share/roseus/ros/state_machine/msg/ReplanResult.l, /home/rajendra/kr_ws/devel/share/roseus/ros/state_machine/msg/ReplanResult.l)
Linked: (/home/rajendra/kr_ws/devel/.private/state_machine/share/roseus/ros/state_machine/msg/ReplanGoal.l, /home/rajendra/kr_ws/devel/share/roseus/ros/state_machine/msg/ReplanGoal.l)
Linked: (/home/rajendra/kr_ws/devel/.private/state_machine/share/roseus/ros/state_machine/msg/ReplanActionResult.l, /home/rajendra/kr_ws/devel/share/roseus/ros/state_machine/msg/ReplanActionResult.l)
Linked: (/home/rajendra/kr_ws/devel/.private/state_machine/share/roseus/ros/state_machine/msg/ReplanActionFeedback.l, /home/rajendra/kr_ws/devel/share/roseus/ros/state_machine/msg/ReplanActionFeedback.l)
Linked: (/home/rajendra/kr_ws/devel/.private/state_machine/share/gennodejs/ros/state_machine/_index.js, /home/rajendra/kr_ws/devel/share/gennodejs/ros/state_machine/_index.js)
Linked: (/home/rajendra/kr_ws/devel/.private/state_machine/share/gennodejs/ros/state_machine/msg/ReplanGoal.js, /home/rajendra/kr_ws/devel/share/gennodejs/ros/state_machine/msg/ReplanGoal.js)
Linked: (/home/rajendra/kr_ws/devel/.private/state_machine/share/gennodejs/ros/state_machine/msg/ReplanResult.js, /home/rajendra/kr_ws/devel/share/gennodejs/ros/state_machine/msg/ReplanResult.js)
Linked: (/home/rajendra/kr_ws/devel/.private/state_machine/share/gennodejs/ros/state_machine/msg/ReplanAction.js, /home/rajendra/kr_ws/devel/share/gennodejs/ros/state_machine/msg/ReplanAction.js)
Linked: (/home/rajendra/kr_ws/devel/.private/state_machine/share/gennodejs/ros/state_machine/msg/ReplanActionFeedback.js, /home/rajendra/kr_ws/devel/share/gennodejs/ros/state_machine/msg/ReplanActionFeedback.js)
Linked: (/home/rajendra/kr_ws/devel/.private/state_machine/share/gennodejs/ros/state_machine/msg/ReplanActionGoal.js, /home/rajendra/kr_ws/devel/share/gennodejs/ros/state_machine/msg/ReplanActionGoal.js)
Linked: (/home/rajendra/kr_ws/devel/.private/state_machine/share/gennodejs/ros/state_machine/msg/_index.js, /home/rajendra/kr_ws/devel/share/gennodejs/ros/state_machine/msg/_index.js)
Linked: (/home/rajendra/kr_ws/devel/.private/state_machine/share/gennodejs/ros/state_machine/msg/ReplanActionResult.js, /home/rajendra/kr_ws/devel/share/gennodejs/ros/state_machine/msg/ReplanActionResult.js)
Linked: (/home/rajendra/kr_ws/devel/.private/state_machine/share/gennodejs/ros/state_machine/msg/ReplanFeedback.js, /home/rajendra/kr_ws/devel/share/gennodejs/ros/state_machine/msg/ReplanFeedback.js)
Linked: (/home/rajendra/kr_ws/devel/.private/state_machine/share/state_machine/cmake/state_machine-msg-paths.cmake, /home/rajendra/kr_ws/devel/share/state_machine/cmake/state_machine-msg-paths.cmake)
Linked: (/home/rajendra/kr_ws/devel/.private/state_machine/share/state_machine/cmake/state_machineConfig.cmake, /home/rajendra/kr_ws/devel/share/state_machine/cmake/state_machineConfig.cmake)
Linked: (/home/rajendra/kr_ws/devel/.private/state_machine/share/state_machine/cmake/state_machine-msg-extras.cmake, /home/rajendra/kr_ws/devel/share/state_machine/cmake/state_machine-msg-extras.cmake)
Linked: (/home/rajendra/kr_ws/devel/.private/state_machine/share/state_machine/cmake/state_machineConfig-version.cmake, /home/rajendra/kr_ws/devel/share/state_machine/cmake/state_machineConfig-version.cmake)
Linked: (/home/rajendra/kr_ws/devel/.private/state_machine/share/state_machine/msg/ReplanActionResult.msg, /home/rajendra/kr_ws/devel/share/state_machine/msg/ReplanActionResult.msg)
Linked: (/home/rajendra/kr_ws/devel/.private/state_machine/share/state_machine/msg/ReplanResult.msg, /home/rajendra/kr_ws/devel/share/state_machine/msg/ReplanResult.msg)
Linked: (/home/rajendra/kr_ws/devel/.private/state_machine/share/state_machine/msg/ReplanActionGoal.msg, /home/rajendra/kr_ws/devel/share/state_machine/msg/ReplanActionGoal.msg)
Linked: (/home/rajendra/kr_ws/devel/.private/state_machine/share/state_machine/msg/ReplanActionFeedback.msg, /home/rajendra/kr_ws/devel/share/state_machine/msg/ReplanActionFeedback.msg)
Linked: (/home/rajendra/kr_ws/devel/.private/state_machine/share/state_machine/msg/ReplanGoal.msg, /home/rajendra/kr_ws/devel/share/state_machine/msg/ReplanGoal.msg)
Linked: (/home/rajendra/kr_ws/devel/.private/state_machine/share/state_machine/msg/ReplanFeedback.msg, /home/rajendra/kr_ws/devel/share/state_machine/msg/ReplanFeedback.msg)
Linked: (/home/rajendra/kr_ws/devel/.private/state_machine/share/state_machine/msg/ReplanAction.msg, /home/rajendra/kr_ws/devel/share/state_machine/msg/ReplanAction.msg)
Linked: (/home/rajendra/kr_ws/devel/.private/state_machine/share/common-lisp/ros/state_machine/msg/ReplanAction.lisp, /home/rajendra/kr_ws/devel/share/common-lisp/ros/state_machine/msg/ReplanAction.lisp)
Linked: (/home/rajendra/kr_ws/devel/.private/state_machine/share/common-lisp/ros/state_machine/msg/_package_ReplanAction.lisp, /home/rajendra/kr_ws/devel/share/common-lisp/ros/state_machine/msg/_package_ReplanAction.lisp)
Linked: (/home/rajendra/kr_ws/devel/.private/state_machine/share/common-lisp/ros/state_machine/msg/ReplanActionResult.lisp, /home/rajendra/kr_ws/devel/share/common-lisp/ros/state_machine/msg/ReplanActionResult.lisp)
Linked: (/home/rajendra/kr_ws/devel/.private/state_machine/share/common-lisp/ros/state_machine/msg/_package_ReplanActionGoal.lisp, /home/rajendra/kr_ws/devel/share/common-lisp/ros/state_machine/msg/_package_ReplanActionGoal.lisp)
Linked: (/home/rajendra/kr_ws/devel/.private/state_machine/share/common-lisp/ros/state_machine/msg/_package.lisp, /home/rajendra/kr_ws/devel/share/common-lisp/ros/state_machine/msg/_package.lisp)
Linked: (/home/rajendra/kr_ws/devel/.private/state_machine/share/common-lisp/ros/state_machine/msg/ReplanFeedback.lisp, /home/rajendra/kr_ws/devel/share/common-lisp/ros/state_machine/msg/ReplanFeedback.lisp)
Linked: (/home/rajendra/kr_ws/devel/.private/state_machine/share/common-lisp/ros/state_machine/msg/_package_ReplanActionResult.lisp, /home/rajendra/kr_ws/devel/share/common-lisp/ros/state_machine/msg/_package_ReplanActionResult.lisp)
Linked: (/home/rajendra/kr_ws/devel/.private/state_machine/share/common-lisp/ros/state_machine/msg/_package_ReplanGoal.lisp, /home/rajendra/kr_ws/devel/share/common-lisp/ros/state_machine/msg/_package_ReplanGoal.lisp)
Linked: (/home/rajendra/kr_ws/devel/.private/state_machine/share/common-lisp/ros/state_machine/msg/ReplanActionFeedback.lisp, /home/rajendra/kr_ws/devel/share/common-lisp/ros/state_machine/msg/ReplanActionFeedback.lisp)
Linked: (/home/rajendra/kr_ws/devel/.private/state_machine/share/common-lisp/ros/state_machine/msg/_package_ReplanActionFeedback.lisp, /home/rajendra/kr_ws/devel/share/common-lisp/ros/state_machine/msg/_package_ReplanActionFeedback.lisp)
Linked: (/home/rajendra/kr_ws/devel/.private/state_machine/share/common-lisp/ros/state_machine/msg/ReplanGoal.lisp, /home/rajendra/kr_ws/devel/share/common-lisp/ros/state_machine/msg/ReplanGoal.lisp)
Linked: (/home/rajendra/kr_ws/devel/.private/state_machine/share/common-lisp/ros/state_machine/msg/ReplanResult.lisp, /home/rajendra/kr_ws/devel/share/common-lisp/ros/state_machine/msg/ReplanResult.lisp)
Linked: (/home/rajendra/kr_ws/devel/.private/state_machine/share/common-lisp/ros/state_machine/msg/state_machine-msg.asd, /home/rajendra/kr_ws/devel/share/common-lisp/ros/state_machine/msg/state_machine-msg.asd)
Linked: (/home/rajendra/kr_ws/devel/.private/state_machine/share/common-lisp/ros/state_machine/msg/ReplanActionGoal.lisp, /home/rajendra/kr_ws/devel/share/common-lisp/ros/state_machine/msg/ReplanActionGoal.lisp)
Linked: (/home/rajendra/kr_ws/devel/.private/state_machine/share/common-lisp/ros/state_machine/msg/_package_ReplanFeedback.lisp, /home/rajendra/kr_ws/devel/share/common-lisp/ros/state_machine/msg/_package_ReplanFeedback.lisp)
Linked: (/home/rajendra/kr_ws/devel/.private/state_machine/share/common-lisp/ros/state_machine/msg/_package_ReplanResult.lisp, /home/rajendra/kr_ws/devel/share/common-lisp/ros/state_machine/msg/_package_ReplanResult.lisp)
Linked: (/home/rajendra/kr_ws/devel/.private/state_machine/include/state_machine/ReplanAction.h, /home/rajendra/kr_ws/devel/include/state_machine/ReplanAction.h)
Linked: (/home/rajendra/kr_ws/devel/.private/state_machine/include/state_machine/ReplanActionFeedback.h, /home/rajendra/kr_ws/devel/include/state_machine/ReplanActionFeedback.h)
Linked: (/home/rajendra/kr_ws/devel/.private/state_machine/include/state_machine/ReplanActionGoal.h, /home/rajendra/kr_ws/devel/include/state_machine/ReplanActionGoal.h)
Linked: (/home/rajendra/kr_ws/devel/.private/state_machine/include/state_machine/ReplanResult.h, /home/rajendra/kr_ws/devel/include/state_machine/ReplanResult.h)
Linked: (/home/rajendra/kr_ws/devel/.private/state_machine/include/state_machine/ReplanActionResult.h, /home/rajendra/kr_ws/devel/include/state_machine/ReplanActionResult.h)
Linked: (/home/rajendra/kr_ws/devel/.private/state_machine/include/state_machine/ReplanFeedback.h, /home/rajendra/kr_ws/devel/include/state_machine/ReplanFeedback.h)
Linked: (/home/rajendra/kr_ws/devel/.private/state_machine/include/state_machine/ReplanGoal.h, /home/rajendra/kr_ws/devel/include/state_machine/ReplanGoal.h)
Linked: (/home/rajendra/kr_ws/devel/.private/state_machine/lib/libstate_machine.so, /home/rajendra/kr_ws/devel/lib/libstate_machine.so)
Linked: (/home/rajendra/kr_ws/devel/.private/state_machine/lib/python3/dist-packages/state_machine/__init__.py, /home/rajendra/kr_ws/devel/lib/python3/dist-packages/state_machine/__init__.py)
Linked: (/home/rajendra/kr_ws/devel/.private/state_machine/lib/python3/dist-packages/state_machine/msg/__init__.py, /home/rajendra/kr_ws/devel/lib/python3/dist-packages/state_machine/msg/__init__.py)
Linked: (/home/rajendra/kr_ws/devel/.private/state_machine/lib/python3/dist-packages/state_machine/msg/_ReplanResult.py, /home/rajendra/kr_ws/devel/lib/python3/dist-packages/state_machine/msg/_ReplanResult.py)
Linked: (/home/rajendra/kr_ws/devel/.private/state_machine/lib/python3/dist-packages/state_machine/msg/_ReplanActionResult.py, /home/rajendra/kr_ws/devel/lib/python3/dist-packages/state_machine/msg/_ReplanActionResult.py)
Linked: (/home/rajendra/kr_ws/devel/.private/state_machine/lib/python3/dist-packages/state_machine/msg/_ReplanAction.py, /home/rajendra/kr_ws/devel/lib/python3/dist-packages/state_machine/msg/_ReplanAction.py)
Linked: (/home/rajendra/kr_ws/devel/.private/state_machine/lib/python3/dist-packages/state_machine/msg/_ReplanGoal.py, /home/rajendra/kr_ws/devel/lib/python3/dist-packages/state_machine/msg/_ReplanGoal.py)
Linked: (/home/rajendra/kr_ws/devel/.private/state_machine/lib/python3/dist-packages/state_machine/msg/_ReplanFeedback.py, /home/rajendra/kr_ws/devel/lib/python3/dist-packages/state_machine/msg/_ReplanFeedback.py)
Linked: (/home/rajendra/kr_ws/devel/.private/state_machine/lib/python3/dist-packages/state_machine/msg/_ReplanActionGoal.py, /home/rajendra/kr_ws/devel/lib/python3/dist-packages/state_machine/msg/_ReplanActionGoal.py)
Linked: (/home/rajendra/kr_ws/devel/.private/state_machine/lib/python3/dist-packages/state_machine/msg/_ReplanActionFeedback.py, /home/rajendra/kr_ws/devel/lib/python3/dist-packages/state_machine/msg/_ReplanActionFeedback.py)
Linked: (/home/rajendra/kr_ws/devel/.private/state_machine/lib/pkgconfig/state_machine.pc, /home/rajendra/kr_ws/devel/lib/pkgconfig/state_machine.pc)
Linked: (/home/rajendra/kr_ws/devel/.private/state_machine/lib/state_machine/local_global_replan_server, /home/rajendra/kr_ws/devel/lib/state_machine/local_global_replan_server)
