Symlinking /home/rajendra/kr_ws/devel/share/kr_mav_manager/cmake/kr_mav_managerConfig-version.cmake
Symlinking /home/rajendra/kr_ws/devel/share/kr_mav_manager/cmake/kr_mav_manager-msg-paths.cmake
Symlinking /home/rajendra/kr_ws/devel/share/kr_mav_manager/cmake/kr_mav_manager-msg-extras.cmake
Symlinking /home/rajendra/kr_ws/devel/share/kr_mav_manager/cmake/kr_mav_managerConfig.cmake
Symlinking /home/rajendra/kr_ws/devel/share/roseus/ros/kr_mav_manager/manifest.l
Symlinking /home/rajendra/kr_ws/devel/share/roseus/ros/kr_mav_manager/srv/Circle.l
Symlinking /home/rajendra/kr_ws/devel/share/roseus/ros/kr_mav_manager/srv/Lissajous.l
Symlinking /home/rajendra/kr_ws/devel/share/roseus/ros/kr_mav_manager/srv/CompoundLissajous.l
Symlinking /home/rajendra/kr_ws/devel/share/roseus/ros/kr_mav_manager/srv/Vec4.l
Symlinking /home/rajendra/kr_ws/devel/share/roseus/ros/kr_mav_manager/srv/GoalTimed.l
Symlinking /home/rajendra/kr_ws/devel/share/gennodejs/ros/kr_mav_manager/_index.js
Symlinking /home/rajendra/kr_ws/devel/share/gennodejs/ros/kr_mav_manager/srv/Lissajous.js
Symlinking /home/rajendra/kr_ws/devel/share/gennodejs/ros/kr_mav_manager/srv/Vec4.js
Symlinking /home/rajendra/kr_ws/devel/share/gennodejs/ros/kr_mav_manager/srv/GoalTimed.js
Symlinking /home/rajendra/kr_ws/devel/share/gennodejs/ros/kr_mav_manager/srv/_index.js
Symlinking /home/rajendra/kr_ws/devel/share/gennodejs/ros/kr_mav_manager/srv/CompoundLissajous.js
Symlinking /home/rajendra/kr_ws/devel/share/gennodejs/ros/kr_mav_manager/srv/Circle.js
Symlinking /home/rajendra/kr_ws/devel/share/common-lisp/ros/kr_mav_manager/srv/GoalTimed.lisp
Symlinking /home/rajendra/kr_ws/devel/share/common-lisp/ros/kr_mav_manager/srv/Circle.lisp
Symlinking /home/rajendra/kr_ws/devel/share/common-lisp/ros/kr_mav_manager/srv/_package_Vec4.lisp
Symlinking /home/rajendra/kr_ws/devel/share/common-lisp/ros/kr_mav_manager/srv/Vec4.lisp
Symlinking /home/rajendra/kr_ws/devel/share/common-lisp/ros/kr_mav_manager/srv/_package_Circle.lisp
Symlinking /home/rajendra/kr_ws/devel/share/common-lisp/ros/kr_mav_manager/srv/kr_mav_manager-srv.asd
Symlinking /home/rajendra/kr_ws/devel/share/common-lisp/ros/kr_mav_manager/srv/CompoundLissajous.lisp
Symlinking /home/rajendra/kr_ws/devel/share/common-lisp/ros/kr_mav_manager/srv/_package_CompoundLissajous.lisp
Symlinking /home/rajendra/kr_ws/devel/share/common-lisp/ros/kr_mav_manager/srv/_package.lisp
Symlinking /home/rajendra/kr_ws/devel/share/common-lisp/ros/kr_mav_manager/srv/_package_Lissajous.lisp
Symlinking /home/rajendra/kr_ws/devel/share/common-lisp/ros/kr_mav_manager/srv/Lissajous.lisp
Symlinking /home/rajendra/kr_ws/devel/share/common-lisp/ros/kr_mav_manager/srv/_package_GoalTimed.lisp
Symlinking /home/rajendra/kr_ws/devel/include/kr_mav_manager/Lissajous.h
Symlinking /home/rajendra/kr_ws/devel/include/kr_mav_manager/Circle.h
Symlinking /home/rajendra/kr_ws/devel/include/kr_mav_manager/GoalTimedResponse.h
Symlinking /home/rajendra/kr_ws/devel/include/kr_mav_manager/CompoundLissajousRequest.h
Symlinking /home/rajendra/kr_ws/devel/include/kr_mav_manager/GoalTimedRequest.h
Symlinking /home/rajendra/kr_ws/devel/include/kr_mav_manager/LissajousRequest.h
Symlinking /home/rajendra/kr_ws/devel/include/kr_mav_manager/CompoundLissajousResponse.h
Symlinking /home/rajendra/kr_ws/devel/include/kr_mav_manager/Vec4Response.h
Symlinking /home/rajendra/kr_ws/devel/include/kr_mav_manager/Vec4.h
Symlinking /home/rajendra/kr_ws/devel/include/kr_mav_manager/Vec4Request.h
Symlinking /home/rajendra/kr_ws/devel/include/kr_mav_manager/CircleRequest.h
Symlinking /home/rajendra/kr_ws/devel/include/kr_mav_manager/GoalTimed.h
Symlinking /home/rajendra/kr_ws/devel/include/kr_mav_manager/CompoundLissajous.h
Symlinking /home/rajendra/kr_ws/devel/include/kr_mav_manager/LissajousResponse.h
Symlinking /home/rajendra/kr_ws/devel/include/kr_mav_manager/CircleResponse.h
Symlinking /home/rajendra/kr_ws/devel/lib/libkr_mav_manager.so
Symlinking /home/rajendra/kr_ws/devel/lib/kr_mav_manager/mav_services
Symlinking /home/rajendra/kr_ws/devel/lib/python3/dist-packages/kr_mav_manager/__init__.py
Symlinking /home/rajendra/kr_ws/devel/lib/python3/dist-packages/kr_mav_manager/srv/_CompoundLissajous.py
Symlinking /home/rajendra/kr_ws/devel/lib/python3/dist-packages/kr_mav_manager/srv/_Vec4.py
Symlinking /home/rajendra/kr_ws/devel/lib/python3/dist-packages/kr_mav_manager/srv/__init__.py
Symlinking /home/rajendra/kr_ws/devel/lib/python3/dist-packages/kr_mav_manager/srv/_Lissajous.py
Symlinking /home/rajendra/kr_ws/devel/lib/python3/dist-packages/kr_mav_manager/srv/_GoalTimed.py
Symlinking /home/rajendra/kr_ws/devel/lib/python3/dist-packages/kr_mav_manager/srv/_Circle.py
Symlinking /home/rajendra/kr_ws/devel/lib/pkgconfig/kr_mav_manager.pc
