Not searching for unused variables given on the command line.
[36m--[0m The C compiler identification is GNU 9.3.0
[36m--[0m The CXX compiler identification is GNU 9.3.0
[36m--[0m Detecting C compiler ABI info
[36m--[0m Detecting C compiler ABI info - done
[36m--[0m Check for working C compiler: /usr/bin/cc - skipped
[36m--[0m Detecting C compile features
[36m--[0m Detecting C compile features - done
[36m--[0m Detecting CXX compiler ABI info
[36m--[0m Detecting CXX compiler ABI info - done
[36m--[0m Check for working CXX compiler: /usr/bin/c++ - skipped
[36m--[0m Detecting CXX compile features
[36m--[0m Detecting CXX compile features - done
[36m--[0m Using CATKIN_DEVEL_PREFIX: /home/rajendra/kr_ws/devel/.private/kr_tracker_msgs
[36m--[0m Using CMAKE_PREFIX_PATH: /home/rajendra/kr_ws/devel;/opt/ros/noetic
[36m--[0m This workspace overlays: /home/rajendra/kr_ws/devel;/opt/ros/noetic
[36m--[0m Found PythonInterp: /usr/bin/python3 (found suitable version "3.8.10", minimum required is "3")
[36m--[0m Using PYTHON_EXECUTABLE: /usr/bin/python3
[36m--[0m Using Debian Python package layout
[36m--[0m Found PY_em: /usr/lib/python3/dist-packages/em.py
[36m--[0m Using empy: /usr/lib/python3/dist-packages/em.py
[36m--[0m Using CATKIN_ENABLE_TESTING: ON
[36m--[0m Call enable_testing()
[36m--[0m Using CATKIN_TEST_RESULTS_DIR: /home/rajendra/kr_ws/build/kr_tracker_msgs/test_results
[36m--[0m Forcing gtest/gmock from source, though one was otherwise available.
[36m--[0m Found gtest sources under '/usr/src/googletest': gtests will be built
[36m--[0m Found gmock sources under '/usr/src/googletest': gmock will be built
CMake Deprecation Warning at /usr/src/googletest/CMakeLists.txt:4 (cmake_minimum_required):
  Compatibility with CMake < 2.8.12 will be removed from a future version of
  CMake.

  Update the VERSION argument <min> value or use a ...<max> suffix to tell
  CMake that the project does not need compatibility with older versions.


CMake Deprecation Warning at /usr/src/googletest/googlemock/CMakeLists.txt:45 (cmake_minimum_required):
  Compatibility with CMake < 2.8.12 will be removed from a future version of
  CMake.

  Update the VERSION argument <min> value or use a ...<max> suffix to tell
  CMake that the project does not need compatibility with older versions.


CMake Deprecation Warning at /usr/src/googletest/googletest/CMakeLists.txt:56 (cmake_minimum_required):
  Compatibility with CMake < 2.8.12 will be removed from a future version of
  CMake.

  Update the VERSION argument <min> value or use a ...<max> suffix to tell
  CMake that the project does not need compatibility with older versions.


[36m--[0m Found PythonInterp: /usr/bin/python3 (found version "3.8.10")
[36m--[0m Found Threads: TRUE
[36m--[0m Using Python nosetests: /usr/bin/nosetests3
[36m--[0m catkin 0.8.10
[36m--[0m BUILD_SHARED_LIBS is on
[36m--[0m Using these message generators: gencpp;geneus;genlisp;gennodejs;genpy
[36m--[0m Generating .msg files for action kr_tracker_msgs/LineTracker /home/rajendra/kr_ws/src/kr_autonomous_flight/kr_mav_control/trackers/kr_tracker_msgs/action/LineTracker.action
Generating for action LineTracker
[36m--[0m Generating .msg files for action kr_tracker_msgs/VelocityTracker /home/rajendra/kr_ws/src/kr_autonomous_flight/kr_mav_control/trackers/kr_tracker_msgs/action/VelocityTracker.action
Generating for action VelocityTracker
[36m--[0m Generating .msg files for action kr_tracker_msgs/CircleTracker /home/rajendra/kr_ws/src/kr_autonomous_flight/kr_mav_control/trackers/kr_tracker_msgs/action/CircleTracker.action
Generating for action CircleTracker
[36m--[0m Generating .msg files for action kr_tracker_msgs/TrajectoryTracker /home/rajendra/kr_ws/src/kr_autonomous_flight/kr_mav_control/trackers/kr_tracker_msgs/action/TrajectoryTracker.action
Generating for action TrajectoryTracker
[36m--[0m Generating .msg files for action kr_tracker_msgs/LissajousTracker /home/rajendra/kr_ws/src/kr_autonomous_flight/kr_mav_control/trackers/kr_tracker_msgs/action/LissajousTracker.action
Generating for action LissajousTracker
[36m--[0m Generating .msg files for action kr_tracker_msgs/LissajousAdder /home/rajendra/kr_ws/src/kr_autonomous_flight/kr_mav_control/trackers/kr_tracker_msgs/action/LissajousAdder.action
Generating for action LissajousAdder
[36m--[0m kr_tracker_msgs: 44 messages, 1 services
[36m--[0m Configuring done
[36m--[0m Generating done
[36m--[0m Build files have been written to: /home/rajendra/kr_ws/build/kr_tracker_msgs
