Symlinking /home/rajendra/kr_ws/devel/share/kr_tracker_msgs/cmake/kr_tracker_msgs-msg-paths.cmake
Symlinking /home/rajendra/kr_ws/devel/share/kr_tracker_msgs/cmake/kr_tracker_msgsConfig-version.cmake
Symlinking /home/rajendra/kr_ws/devel/share/kr_tracker_msgs/cmake/kr_tracker_msgsConfig.cmake
Symlinking /home/rajendra/kr_ws/devel/share/kr_tracker_msgs/cmake/kr_tracker_msgs-msg-extras.cmake
Symlinking /home/rajendra/kr_ws/devel/share/kr_tracker_msgs/msg/LissajousAdderActionGoal.msg
Symlinking /home/rajendra/kr_ws/devel/share/kr_tracker_msgs/msg/CircleTrackerResult.msg
Symlinking /home/rajendra/kr_ws/devel/share/kr_tracker_msgs/msg/TrajectoryTrackerFeedback.msg
Symlinking /home/rajendra/kr_ws/devel/share/kr_tracker_msgs/msg/LissajousTrackerActionFeedback.msg
Symlinking /home/rajendra/kr_ws/devel/share/kr_tracker_msgs/msg/CircleTrackerActionFeedback.msg
Symlinking /home/rajendra/kr_ws/devel/share/kr_tracker_msgs/msg/TrajectoryTrackerResult.msg
Symlinking /home/rajendra/kr_ws/devel/share/kr_tracker_msgs/msg/LissajousTrackerFeedback.msg
Symlinking /home/rajendra/kr_ws/devel/share/kr_tracker_msgs/msg/LineTrackerActionFeedback.msg
Symlinking /home/rajendra/kr_ws/devel/share/kr_tracker_msgs/msg/VelocityTrackerAction.msg
Symlinking /home/rajendra/kr_ws/devel/share/kr_tracker_msgs/msg/VelocityTrackerActionGoal.msg
Symlinking /home/rajendra/kr_ws/devel/share/kr_tracker_msgs/msg/TrajectoryTrackerActionFeedback.msg
Symlinking /home/rajendra/kr_ws/devel/share/kr_tracker_msgs/msg/TrajectoryTrackerGoal.msg
Symlinking /home/rajendra/kr_ws/devel/share/kr_tracker_msgs/msg/LineTrackerAction.msg
Symlinking /home/rajendra/kr_ws/devel/share/kr_tracker_msgs/msg/VelocityTrackerActionResult.msg
Symlinking /home/rajendra/kr_ws/devel/share/kr_tracker_msgs/msg/LissajousTrackerActionGoal.msg
Symlinking /home/rajendra/kr_ws/devel/share/kr_tracker_msgs/msg/LissajousAdderActionResult.msg
Symlinking /home/rajendra/kr_ws/devel/share/kr_tracker_msgs/msg/TrajectoryTrackerAction.msg
Symlinking /home/rajendra/kr_ws/devel/share/kr_tracker_msgs/msg/CircleTrackerActionGoal.msg
Symlinking /home/rajendra/kr_ws/devel/share/kr_tracker_msgs/msg/LissajousAdderFeedback.msg
Symlinking /home/rajendra/kr_ws/devel/share/kr_tracker_msgs/msg/TrajectoryTrackerActionResult.msg
Symlinking /home/rajendra/kr_ws/devel/share/kr_tracker_msgs/msg/CircleTrackerActionResult.msg
Symlinking /home/rajendra/kr_ws/devel/share/kr_tracker_msgs/msg/VelocityTrackerActionFeedback.msg
Symlinking /home/rajendra/kr_ws/devel/share/kr_tracker_msgs/msg/LissajousTrackerGoal.msg
Symlinking /home/rajendra/kr_ws/devel/share/kr_tracker_msgs/msg/LineTrackerGoal.msg
Symlinking /home/rajendra/kr_ws/devel/share/kr_tracker_msgs/msg/CircleTrackerAction.msg
Symlinking /home/rajendra/kr_ws/devel/share/kr_tracker_msgs/msg/LineTrackerActionGoal.msg
Symlinking /home/rajendra/kr_ws/devel/share/kr_tracker_msgs/msg/LineTrackerFeedback.msg
Symlinking /home/rajendra/kr_ws/devel/share/kr_tracker_msgs/msg/VelocityTrackerResult.msg
Symlinking /home/rajendra/kr_ws/devel/share/kr_tracker_msgs/msg/LineTrackerResult.msg
Symlinking /home/rajendra/kr_ws/devel/share/kr_tracker_msgs/msg/CircleTrackerGoal.msg
Symlinking /home/rajendra/kr_ws/devel/share/kr_tracker_msgs/msg/LissajousAdderActionFeedback.msg
Symlinking /home/rajendra/kr_ws/devel/share/kr_tracker_msgs/msg/LissajousTrackerAction.msg
Symlinking /home/rajendra/kr_ws/devel/share/kr_tracker_msgs/msg/VelocityTrackerGoal.msg
Symlinking /home/rajendra/kr_ws/devel/share/kr_tracker_msgs/msg/LissajousAdderResult.msg
Symlinking /home/rajendra/kr_ws/devel/share/kr_tracker_msgs/msg/LineTrackerActionResult.msg
Symlinking /home/rajendra/kr_ws/devel/share/kr_tracker_msgs/msg/CircleTrackerFeedback.msg
Symlinking /home/rajendra/kr_ws/devel/share/kr_tracker_msgs/msg/VelocityTrackerFeedback.msg
Symlinking /home/rajendra/kr_ws/devel/share/kr_tracker_msgs/msg/LissajousAdderGoal.msg
Symlinking /home/rajendra/kr_ws/devel/share/kr_tracker_msgs/msg/LissajousAdderAction.msg
Symlinking /home/rajendra/kr_ws/devel/share/kr_tracker_msgs/msg/LissajousTrackerActionResult.msg
Symlinking /home/rajendra/kr_ws/devel/share/kr_tracker_msgs/msg/LissajousTrackerResult.msg
Symlinking /home/rajendra/kr_ws/devel/share/kr_tracker_msgs/msg/TrajectoryTrackerActionGoal.msg
Symlinking /home/rajendra/kr_ws/devel/share/roseus/ros/kr_tracker_msgs/manifest.l
Symlinking /home/rajendra/kr_ws/devel/share/roseus/ros/kr_tracker_msgs/msg/LissajousTrackerAction.l
Symlinking /home/rajendra/kr_ws/devel/share/roseus/ros/kr_tracker_msgs/msg/TrajectoryTrackerResult.l
Symlinking /home/rajendra/kr_ws/devel/share/roseus/ros/kr_tracker_msgs/msg/LissajousAdderAction.l
Symlinking /home/rajendra/kr_ws/devel/share/roseus/ros/kr_tracker_msgs/msg/VelocityTrackerActionGoal.l
Symlinking /home/rajendra/kr_ws/devel/share/roseus/ros/kr_tracker_msgs/msg/LineTrackerActionResult.l
Symlinking /home/rajendra/kr_ws/devel/share/roseus/ros/kr_tracker_msgs/msg/LissajousTrackerActionFeedback.l
Symlinking /home/rajendra/kr_ws/devel/share/roseus/ros/kr_tracker_msgs/msg/CircleTrackerActionGoal.l
Symlinking /home/rajendra/kr_ws/devel/share/roseus/ros/kr_tracker_msgs/msg/LineTrackerResult.l
Symlinking /home/rajendra/kr_ws/devel/share/roseus/ros/kr_tracker_msgs/msg/TrackerStatus.l
Symlinking /home/rajendra/kr_ws/devel/share/roseus/ros/kr_tracker_msgs/msg/LissajousTrackerActionResult.l
Symlinking /home/rajendra/kr_ws/devel/share/roseus/ros/kr_tracker_msgs/msg/LissajousTrackerResult.l
Symlinking /home/rajendra/kr_ws/devel/share/roseus/ros/kr_tracker_msgs/msg/TrajectoryTrackerActionFeedback.l
Symlinking /home/rajendra/kr_ws/devel/share/roseus/ros/kr_tracker_msgs/msg/VelocityTrackerFeedback.l
Symlinking /home/rajendra/kr_ws/devel/share/roseus/ros/kr_tracker_msgs/msg/LissajousAdderFeedback.l
Symlinking /home/rajendra/kr_ws/devel/share/roseus/ros/kr_tracker_msgs/msg/TrajectoryTrackerGoal.l
Symlinking /home/rajendra/kr_ws/devel/share/roseus/ros/kr_tracker_msgs/msg/LineTrackerFeedback.l
Symlinking /home/rajendra/kr_ws/devel/share/roseus/ros/kr_tracker_msgs/msg/VelocityTrackerGoal.l
Symlinking /home/rajendra/kr_ws/devel/share/roseus/ros/kr_tracker_msgs/msg/CircleTrackerActionFeedback.l
Symlinking /home/rajendra/kr_ws/devel/share/roseus/ros/kr_tracker_msgs/msg/LissajousAdderActionGoal.l
Symlinking /home/rajendra/kr_ws/devel/share/roseus/ros/kr_tracker_msgs/msg/TrajectoryTrackerAction.l
Symlinking /home/rajendra/kr_ws/devel/share/roseus/ros/kr_tracker_msgs/msg/TrajectoryTrackerActionResult.l
Symlinking /home/rajendra/kr_ws/devel/share/roseus/ros/kr_tracker_msgs/msg/LineTrackerGoal.l
Symlinking /home/rajendra/kr_ws/devel/share/roseus/ros/kr_tracker_msgs/msg/TrajectoryTrackerFeedback.l
Symlinking /home/rajendra/kr_ws/devel/share/roseus/ros/kr_tracker_msgs/msg/VelocityTrackerActionFeedback.l
Symlinking /home/rajendra/kr_ws/devel/share/roseus/ros/kr_tracker_msgs/msg/VelocityTrackerResult.l
Symlinking /home/rajendra/kr_ws/devel/share/roseus/ros/kr_tracker_msgs/msg/VelocityTrackerAction.l
Symlinking /home/rajendra/kr_ws/devel/share/roseus/ros/kr_tracker_msgs/msg/LissajousAdderGoal.l
Symlinking /home/rajendra/kr_ws/devel/share/roseus/ros/kr_tracker_msgs/msg/CircleTrackerGoal.l
Symlinking /home/rajendra/kr_ws/devel/share/roseus/ros/kr_tracker_msgs/msg/CircleTrackerResult.l
Symlinking /home/rajendra/kr_ws/devel/share/roseus/ros/kr_tracker_msgs/msg/CircleTrackerAction.l
Symlinking /home/rajendra/kr_ws/devel/share/roseus/ros/kr_tracker_msgs/msg/LineTrackerActionFeedback.l
Symlinking /home/rajendra/kr_ws/devel/share/roseus/ros/kr_tracker_msgs/msg/LissajousTrackerFeedback.l
Symlinking /home/rajendra/kr_ws/devel/share/roseus/ros/kr_tracker_msgs/msg/LissajousTrackerActionGoal.l
Symlinking /home/rajendra/kr_ws/devel/share/roseus/ros/kr_tracker_msgs/msg/LissajousAdderActionFeedback.l
Symlinking /home/rajendra/kr_ws/devel/share/roseus/ros/kr_tracker_msgs/msg/TrajectoryTrackerActionGoal.l
Symlinking /home/rajendra/kr_ws/devel/share/roseus/ros/kr_tracker_msgs/msg/LissajousTrackerGoal.l
Symlinking /home/rajendra/kr_ws/devel/share/roseus/ros/kr_tracker_msgs/msg/LineTrackerAction.l
Symlinking /home/rajendra/kr_ws/devel/share/roseus/ros/kr_tracker_msgs/msg/LineTrackerActionGoal.l
Symlinking /home/rajendra/kr_ws/devel/share/roseus/ros/kr_tracker_msgs/msg/LissajousAdderResult.l
Symlinking /home/rajendra/kr_ws/devel/share/roseus/ros/kr_tracker_msgs/msg/LissajousAdderActionResult.l
Symlinking /home/rajendra/kr_ws/devel/share/roseus/ros/kr_tracker_msgs/msg/CircleTrackerFeedback.l
Symlinking /home/rajendra/kr_ws/devel/share/roseus/ros/kr_tracker_msgs/msg/CircleTrackerActionResult.l
Symlinking /home/rajendra/kr_ws/devel/share/roseus/ros/kr_tracker_msgs/msg/VelocityGoal.l
Symlinking /home/rajendra/kr_ws/devel/share/roseus/ros/kr_tracker_msgs/msg/VelocityTrackerActionResult.l
Symlinking /home/rajendra/kr_ws/devel/share/roseus/ros/kr_tracker_msgs/srv/Transition.l
Symlinking /home/rajendra/kr_ws/devel/share/gennodejs/ros/kr_tracker_msgs/_index.js
Symlinking /home/rajendra/kr_ws/devel/share/gennodejs/ros/kr_tracker_msgs/msg/LissajousTrackerActionFeedback.js
Symlinking /home/rajendra/kr_ws/devel/share/gennodejs/ros/kr_tracker_msgs/msg/LissajousAdderActionFeedback.js
Symlinking /home/rajendra/kr_ws/devel/share/gennodejs/ros/kr_tracker_msgs/msg/LineTrackerAction.js
Symlinking /home/rajendra/kr_ws/devel/share/gennodejs/ros/kr_tracker_msgs/msg/LineTrackerGoal.js
Symlinking /home/rajendra/kr_ws/devel/share/gennodejs/ros/kr_tracker_msgs/msg/LissajousAdderAction.js
Symlinking /home/rajendra/kr_ws/devel/share/gennodejs/ros/kr_tracker_msgs/msg/LissajousAdderFeedback.js
Symlinking /home/rajendra/kr_ws/devel/share/gennodejs/ros/kr_tracker_msgs/msg/LissajousTrackerGoal.js
Symlinking /home/rajendra/kr_ws/devel/share/gennodejs/ros/kr_tracker_msgs/msg/TrajectoryTrackerGoal.js
Symlinking /home/rajendra/kr_ws/devel/share/gennodejs/ros/kr_tracker_msgs/msg/LissajousTrackerActionGoal.js
Symlinking /home/rajendra/kr_ws/devel/share/gennodejs/ros/kr_tracker_msgs/msg/LineTrackerResult.js
Symlinking /home/rajendra/kr_ws/devel/share/gennodejs/ros/kr_tracker_msgs/msg/CircleTrackerGoal.js
Symlinking /home/rajendra/kr_ws/devel/share/gennodejs/ros/kr_tracker_msgs/msg/TrackerStatus.js
Symlinking /home/rajendra/kr_ws/devel/share/gennodejs/ros/kr_tracker_msgs/msg/CircleTrackerActionFeedback.js
Symlinking /home/rajendra/kr_ws/devel/share/gennodejs/ros/kr_tracker_msgs/msg/TrajectoryTrackerResult.js
Symlinking /home/rajendra/kr_ws/devel/share/gennodejs/ros/kr_tracker_msgs/msg/TrajectoryTrackerActionGoal.js
Symlinking /home/rajendra/kr_ws/devel/share/gennodejs/ros/kr_tracker_msgs/msg/LissajousTrackerAction.js
Symlinking /home/rajendra/kr_ws/devel/share/gennodejs/ros/kr_tracker_msgs/msg/TrajectoryTrackerActionResult.js
Symlinking /home/rajendra/kr_ws/devel/share/gennodejs/ros/kr_tracker_msgs/msg/LineTrackerActionGoal.js
Symlinking /home/rajendra/kr_ws/devel/share/gennodejs/ros/kr_tracker_msgs/msg/TrajectoryTrackerActionFeedback.js
Symlinking /home/rajendra/kr_ws/devel/share/gennodejs/ros/kr_tracker_msgs/msg/_index.js
Symlinking /home/rajendra/kr_ws/devel/share/gennodejs/ros/kr_tracker_msgs/msg/VelocityTrackerActionGoal.js
Symlinking /home/rajendra/kr_ws/devel/share/gennodejs/ros/kr_tracker_msgs/msg/TrajectoryTrackerAction.js
Symlinking /home/rajendra/kr_ws/devel/share/gennodejs/ros/kr_tracker_msgs/msg/CircleTrackerActionResult.js
Symlinking /home/rajendra/kr_ws/devel/share/gennodejs/ros/kr_tracker_msgs/msg/CircleTrackerAction.js
Symlinking /home/rajendra/kr_ws/devel/share/gennodejs/ros/kr_tracker_msgs/msg/LineTrackerActionResult.js
Symlinking /home/rajendra/kr_ws/devel/share/gennodejs/ros/kr_tracker_msgs/msg/VelocityTrackerActionFeedback.js
Symlinking /home/rajendra/kr_ws/devel/share/gennodejs/ros/kr_tracker_msgs/msg/LissajousTrackerActionResult.js
Symlinking /home/rajendra/kr_ws/devel/share/gennodejs/ros/kr_tracker_msgs/msg/CircleTrackerActionGoal.js
Symlinking /home/rajendra/kr_ws/devel/share/gennodejs/ros/kr_tracker_msgs/msg/LissajousAdderResult.js
Symlinking /home/rajendra/kr_ws/devel/share/gennodejs/ros/kr_tracker_msgs/msg/VelocityTrackerFeedback.js
Symlinking /home/rajendra/kr_ws/devel/share/gennodejs/ros/kr_tracker_msgs/msg/VelocityTrackerGoal.js
Symlinking /home/rajendra/kr_ws/devel/share/gennodejs/ros/kr_tracker_msgs/msg/LissajousTrackerFeedback.js
Symlinking /home/rajendra/kr_ws/devel/share/gennodejs/ros/kr_tracker_msgs/msg/CircleTrackerFeedback.js
Symlinking /home/rajendra/kr_ws/devel/share/gennodejs/ros/kr_tracker_msgs/msg/VelocityTrackerActionResult.js
Symlinking /home/rajendra/kr_ws/devel/share/gennodejs/ros/kr_tracker_msgs/msg/VelocityTrackerAction.js
Symlinking /home/rajendra/kr_ws/devel/share/gennodejs/ros/kr_tracker_msgs/msg/LissajousAdderGoal.js
Symlinking /home/rajendra/kr_ws/devel/share/gennodejs/ros/kr_tracker_msgs/msg/VelocityGoal.js
Symlinking /home/rajendra/kr_ws/devel/share/gennodejs/ros/kr_tracker_msgs/msg/LineTrackerActionFeedback.js
Symlinking /home/rajendra/kr_ws/devel/share/gennodejs/ros/kr_tracker_msgs/msg/VelocityTrackerResult.js
Symlinking /home/rajendra/kr_ws/devel/share/gennodejs/ros/kr_tracker_msgs/msg/LissajousTrackerResult.js
Symlinking /home/rajendra/kr_ws/devel/share/gennodejs/ros/kr_tracker_msgs/msg/LissajousAdderActionGoal.js
Symlinking /home/rajendra/kr_ws/devel/share/gennodejs/ros/kr_tracker_msgs/msg/LineTrackerFeedback.js
Symlinking /home/rajendra/kr_ws/devel/share/gennodejs/ros/kr_tracker_msgs/msg/LissajousAdderActionResult.js
Symlinking /home/rajendra/kr_ws/devel/share/gennodejs/ros/kr_tracker_msgs/msg/CircleTrackerResult.js
Symlinking /home/rajendra/kr_ws/devel/share/gennodejs/ros/kr_tracker_msgs/msg/TrajectoryTrackerFeedback.js
Symlinking /home/rajendra/kr_ws/devel/share/gennodejs/ros/kr_tracker_msgs/srv/_index.js
Symlinking /home/rajendra/kr_ws/devel/share/gennodejs/ros/kr_tracker_msgs/srv/Transition.js
Symlinking /home/rajendra/kr_ws/devel/share/common-lisp/ros/kr_tracker_msgs/msg/LissajousAdderActionResult.lisp
Symlinking /home/rajendra/kr_ws/devel/share/common-lisp/ros/kr_tracker_msgs/msg/_package_LineTrackerResult.lisp
Symlinking /home/rajendra/kr_ws/devel/share/common-lisp/ros/kr_tracker_msgs/msg/_package_LissajousAdderResult.lisp
Symlinking /home/rajendra/kr_ws/devel/share/common-lisp/ros/kr_tracker_msgs/msg/CircleTrackerActionResult.lisp
Symlinking /home/rajendra/kr_ws/devel/share/common-lisp/ros/kr_tracker_msgs/msg/LissajousAdderFeedback.lisp
Symlinking /home/rajendra/kr_ws/devel/share/common-lisp/ros/kr_tracker_msgs/msg/LissajousAdderActionGoal.lisp
Symlinking /home/rajendra/kr_ws/devel/share/common-lisp/ros/kr_tracker_msgs/msg/_package_CircleTrackerGoal.lisp
Symlinking /home/rajendra/kr_ws/devel/share/common-lisp/ros/kr_tracker_msgs/msg/TrajectoryTrackerAction.lisp
Symlinking /home/rajendra/kr_ws/devel/share/common-lisp/ros/kr_tracker_msgs/msg/LineTrackerGoal.lisp
Symlinking /home/rajendra/kr_ws/devel/share/common-lisp/ros/kr_tracker_msgs/msg/_package_LissajousAdderGoal.lisp
Symlinking /home/rajendra/kr_ws/devel/share/common-lisp/ros/kr_tracker_msgs/msg/_package_LineTrackerFeedback.lisp
Symlinking /home/rajendra/kr_ws/devel/share/common-lisp/ros/kr_tracker_msgs/msg/_package_LissajousTrackerFeedback.lisp
Symlinking /home/rajendra/kr_ws/devel/share/common-lisp/ros/kr_tracker_msgs/msg/_package_CircleTrackerAction.lisp
Symlinking /home/rajendra/kr_ws/devel/share/common-lisp/ros/kr_tracker_msgs/msg/_package_TrajectoryTrackerAction.lisp
Symlinking /home/rajendra/kr_ws/devel/share/common-lisp/ros/kr_tracker_msgs/msg/CircleTrackerAction.lisp
Symlinking /home/rajendra/kr_ws/devel/share/common-lisp/ros/kr_tracker_msgs/msg/_package_LissajousAdderActionFeedback.lisp
Symlinking /home/rajendra/kr_ws/devel/share/common-lisp/ros/kr_tracker_msgs/msg/kr_tracker_msgs-msg.asd
Symlinking /home/rajendra/kr_ws/devel/share/common-lisp/ros/kr_tracker_msgs/msg/LineTrackerActionFeedback.lisp
Symlinking /home/rajendra/kr_ws/devel/share/common-lisp/ros/kr_tracker_msgs/msg/_package_VelocityTrackerActionFeedback.lisp
Symlinking /home/rajendra/kr_ws/devel/share/common-lisp/ros/kr_tracker_msgs/msg/LissajousTrackerActionResult.lisp
Symlinking /home/rajendra/kr_ws/devel/share/common-lisp/ros/kr_tracker_msgs/msg/_package_TrajectoryTrackerGoal.lisp
Symlinking /home/rajendra/kr_ws/devel/share/common-lisp/ros/kr_tracker_msgs/msg/_package_LissajousTrackerActionResult.lisp
Symlinking /home/rajendra/kr_ws/devel/share/common-lisp/ros/kr_tracker_msgs/msg/LissajousAdderResult.lisp
Symlinking /home/rajendra/kr_ws/devel/share/common-lisp/ros/kr_tracker_msgs/msg/_package_LissajousTrackerAction.lisp
Symlinking /home/rajendra/kr_ws/devel/share/common-lisp/ros/kr_tracker_msgs/msg/LineTrackerAction.lisp
Symlinking /home/rajendra/kr_ws/devel/share/common-lisp/ros/kr_tracker_msgs/msg/_package_LissajousAdderActionGoal.lisp
Symlinking /home/rajendra/kr_ws/devel/share/common-lisp/ros/kr_tracker_msgs/msg/LissajousTrackerAction.lisp
Symlinking /home/rajendra/kr_ws/devel/share/common-lisp/ros/kr_tracker_msgs/msg/LissajousTrackerGoal.lisp
Symlinking /home/rajendra/kr_ws/devel/share/common-lisp/ros/kr_tracker_msgs/msg/_package_VelocityTrackerAction.lisp
Symlinking /home/rajendra/kr_ws/devel/share/common-lisp/ros/kr_tracker_msgs/msg/LissajousAdderActionFeedback.lisp
Symlinking /home/rajendra/kr_ws/devel/share/common-lisp/ros/kr_tracker_msgs/msg/_package_VelocityTrackerFeedback.lisp
Symlinking /home/rajendra/kr_ws/devel/share/common-lisp/ros/kr_tracker_msgs/msg/LissajousAdderGoal.lisp
Symlinking /home/rajendra/kr_ws/devel/share/common-lisp/ros/kr_tracker_msgs/msg/LineTrackerActionGoal.lisp
Symlinking /home/rajendra/kr_ws/devel/share/common-lisp/ros/kr_tracker_msgs/msg/VelocityTrackerResult.lisp
Symlinking /home/rajendra/kr_ws/devel/share/common-lisp/ros/kr_tracker_msgs/msg/LineTrackerFeedback.lisp
Symlinking /home/rajendra/kr_ws/devel/share/common-lisp/ros/kr_tracker_msgs/msg/CircleTrackerActionFeedback.lisp
Symlinking /home/rajendra/kr_ws/devel/share/common-lisp/ros/kr_tracker_msgs/msg/_package_LissajousTrackerGoal.lisp
Symlinking /home/rajendra/kr_ws/devel/share/common-lisp/ros/kr_tracker_msgs/msg/_package_TrajectoryTrackerActionFeedback.lisp
Symlinking /home/rajendra/kr_ws/devel/share/common-lisp/ros/kr_tracker_msgs/msg/_package_LissajousTrackerResult.lisp
Symlinking /home/rajendra/kr_ws/devel/share/common-lisp/ros/kr_tracker_msgs/msg/_package_LissajousAdderFeedback.lisp
Symlinking /home/rajendra/kr_ws/devel/share/common-lisp/ros/kr_tracker_msgs/msg/CircleTrackerActionGoal.lisp
Symlinking /home/rajendra/kr_ws/devel/share/common-lisp/ros/kr_tracker_msgs/msg/_package_TrajectoryTrackerActionResult.lisp
Symlinking /home/rajendra/kr_ws/devel/share/common-lisp/ros/kr_tracker_msgs/msg/VelocityTrackerAction.lisp
Symlinking /home/rajendra/kr_ws/devel/share/common-lisp/ros/kr_tracker_msgs/msg/VelocityTrackerGoal.lisp
Symlinking /home/rajendra/kr_ws/devel/share/common-lisp/ros/kr_tracker_msgs/msg/_package_LineTrackerActionResult.lisp
Symlinking /home/rajendra/kr_ws/devel/share/common-lisp/ros/kr_tracker_msgs/msg/TrajectoryTrackerActionGoal.lisp
Symlinking /home/rajendra/kr_ws/devel/share/common-lisp/ros/kr_tracker_msgs/msg/VelocityGoal.lisp
Symlinking /home/rajendra/kr_ws/devel/share/common-lisp/ros/kr_tracker_msgs/msg/TrajectoryTrackerGoal.lisp
Symlinking /home/rajendra/kr_ws/devel/share/common-lisp/ros/kr_tracker_msgs/msg/_package_CircleTrackerResult.lisp
Symlinking /home/rajendra/kr_ws/devel/share/common-lisp/ros/kr_tracker_msgs/msg/_package_LissajousTrackerActionFeedback.lisp
Symlinking /home/rajendra/kr_ws/devel/share/common-lisp/ros/kr_tracker_msgs/msg/_package_TrackerStatus.lisp
Symlinking /home/rajendra/kr_ws/devel/share/common-lisp/ros/kr_tracker_msgs/msg/LineTrackerResult.lisp
Symlinking /home/rajendra/kr_ws/devel/share/common-lisp/ros/kr_tracker_msgs/msg/_package_LineTrackerAction.lisp
Symlinking /home/rajendra/kr_ws/devel/share/common-lisp/ros/kr_tracker_msgs/msg/TrajectoryTrackerActionResult.lisp
Symlinking /home/rajendra/kr_ws/devel/share/common-lisp/ros/kr_tracker_msgs/msg/TrajectoryTrackerFeedback.lisp
Symlinking /home/rajendra/kr_ws/devel/share/common-lisp/ros/kr_tracker_msgs/msg/_package_LineTrackerActionFeedback.lisp
Symlinking /home/rajendra/kr_ws/devel/share/common-lisp/ros/kr_tracker_msgs/msg/LissajousTrackerFeedback.lisp
Symlinking /home/rajendra/kr_ws/devel/share/common-lisp/ros/kr_tracker_msgs/msg/_package.lisp
Symlinking /home/rajendra/kr_ws/devel/share/common-lisp/ros/kr_tracker_msgs/msg/VelocityTrackerFeedback.lisp
Symlinking /home/rajendra/kr_ws/devel/share/common-lisp/ros/kr_tracker_msgs/msg/VelocityTrackerActionResult.lisp
Symlinking /home/rajendra/kr_ws/devel/share/common-lisp/ros/kr_tracker_msgs/msg/_package_TrajectoryTrackerResult.lisp
Symlinking /home/rajendra/kr_ws/devel/share/common-lisp/ros/kr_tracker_msgs/msg/_package_TrajectoryTrackerFeedback.lisp
Symlinking /home/rajendra/kr_ws/devel/share/common-lisp/ros/kr_tracker_msgs/msg/TrajectoryTrackerResult.lisp
Symlinking /home/rajendra/kr_ws/devel/share/common-lisp/ros/kr_tracker_msgs/msg/VelocityTrackerActionFeedback.lisp
Symlinking /home/rajendra/kr_ws/devel/share/common-lisp/ros/kr_tracker_msgs/msg/LissajousAdderAction.lisp
Symlinking /home/rajendra/kr_ws/devel/share/common-lisp/ros/kr_tracker_msgs/msg/CircleTrackerGoal.lisp
Symlinking /home/rajendra/kr_ws/devel/share/common-lisp/ros/kr_tracker_msgs/msg/_package_CircleTrackerActionGoal.lisp
Symlinking /home/rajendra/kr_ws/devel/share/common-lisp/ros/kr_tracker_msgs/msg/TrajectoryTrackerActionFeedback.lisp
Symlinking /home/rajendra/kr_ws/devel/share/common-lisp/ros/kr_tracker_msgs/msg/_package_TrajectoryTrackerActionGoal.lisp
Symlinking /home/rajendra/kr_ws/devel/share/common-lisp/ros/kr_tracker_msgs/msg/VelocityTrackerActionGoal.lisp
Symlinking /home/rajendra/kr_ws/devel/share/common-lisp/ros/kr_tracker_msgs/msg/_package_LineTrackerActionGoal.lisp
Symlinking /home/rajendra/kr_ws/devel/share/common-lisp/ros/kr_tracker_msgs/msg/_package_VelocityTrackerResult.lisp
Symlinking /home/rajendra/kr_ws/devel/share/common-lisp/ros/kr_tracker_msgs/msg/_package_VelocityGoal.lisp
Symlinking /home/rajendra/kr_ws/devel/share/common-lisp/ros/kr_tracker_msgs/msg/CircleTrackerResult.lisp
Symlinking /home/rajendra/kr_ws/devel/share/common-lisp/ros/kr_tracker_msgs/msg/LissajousTrackerActionFeedback.lisp
Symlinking /home/rajendra/kr_ws/devel/share/common-lisp/ros/kr_tracker_msgs/msg/_package_VelocityTrackerGoal.lisp
Symlinking /home/rajendra/kr_ws/devel/share/common-lisp/ros/kr_tracker_msgs/msg/_package_LineTrackerGoal.lisp
Symlinking /home/rajendra/kr_ws/devel/share/common-lisp/ros/kr_tracker_msgs/msg/_package_LissajousAdderActionResult.lisp
Symlinking /home/rajendra/kr_ws/devel/share/common-lisp/ros/kr_tracker_msgs/msg/_package_CircleTrackerActionResult.lisp
Symlinking /home/rajendra/kr_ws/devel/share/common-lisp/ros/kr_tracker_msgs/msg/_package_VelocityTrackerActionGoal.lisp
Symlinking /home/rajendra/kr_ws/devel/share/common-lisp/ros/kr_tracker_msgs/msg/_package_LissajousTrackerActionGoal.lisp
Symlinking /home/rajendra/kr_ws/devel/share/common-lisp/ros/kr_tracker_msgs/msg/_package_VelocityTrackerActionResult.lisp
Symlinking /home/rajendra/kr_ws/devel/share/common-lisp/ros/kr_tracker_msgs/msg/_package_CircleTrackerActionFeedback.lisp
Symlinking /home/rajendra/kr_ws/devel/share/common-lisp/ros/kr_tracker_msgs/msg/CircleTrackerFeedback.lisp
Symlinking /home/rajendra/kr_ws/devel/share/common-lisp/ros/kr_tracker_msgs/msg/LissajousTrackerActionGoal.lisp
Symlinking /home/rajendra/kr_ws/devel/share/common-lisp/ros/kr_tracker_msgs/msg/_package_LissajousAdderAction.lisp
Symlinking /home/rajendra/kr_ws/devel/share/common-lisp/ros/kr_tracker_msgs/msg/LissajousTrackerResult.lisp
Symlinking /home/rajendra/kr_ws/devel/share/common-lisp/ros/kr_tracker_msgs/msg/LineTrackerActionResult.lisp
Symlinking /home/rajendra/kr_ws/devel/share/common-lisp/ros/kr_tracker_msgs/msg/TrackerStatus.lisp
Symlinking /home/rajendra/kr_ws/devel/share/common-lisp/ros/kr_tracker_msgs/msg/_package_CircleTrackerFeedback.lisp
Symlinking /home/rajendra/kr_ws/devel/share/common-lisp/ros/kr_tracker_msgs/srv/_package_Transition.lisp
Symlinking /home/rajendra/kr_ws/devel/share/common-lisp/ros/kr_tracker_msgs/srv/Transition.lisp
Symlinking /home/rajendra/kr_ws/devel/share/common-lisp/ros/kr_tracker_msgs/srv/_package.lisp
Symlinking /home/rajendra/kr_ws/devel/share/common-lisp/ros/kr_tracker_msgs/srv/kr_tracker_msgs-srv.asd
Symlinking /home/rajendra/kr_ws/devel/include/kr_tracker_msgs/LineTrackerGoal.h
Symlinking /home/rajendra/kr_ws/devel/include/kr_tracker_msgs/LissajousAdderActionFeedback.h
Symlinking /home/rajendra/kr_ws/devel/include/kr_tracker_msgs/LissajousTrackerActionResult.h
Symlinking /home/rajendra/kr_ws/devel/include/kr_tracker_msgs/CircleTrackerGoal.h
Symlinking /home/rajendra/kr_ws/devel/include/kr_tracker_msgs/LineTrackerActionFeedback.h
Symlinking /home/rajendra/kr_ws/devel/include/kr_tracker_msgs/VelocityTrackerActionGoal.h
Symlinking /home/rajendra/kr_ws/devel/include/kr_tracker_msgs/LissajousTrackerFeedback.h
Symlinking /home/rajendra/kr_ws/devel/include/kr_tracker_msgs/LineTrackerAction.h
Symlinking /home/rajendra/kr_ws/devel/include/kr_tracker_msgs/TrajectoryTrackerAction.h
Symlinking /home/rajendra/kr_ws/devel/include/kr_tracker_msgs/VelocityTrackerResult.h
Symlinking /home/rajendra/kr_ws/devel/include/kr_tracker_msgs/TransitionResponse.h
Symlinking /home/rajendra/kr_ws/devel/include/kr_tracker_msgs/LissajousAdderActionGoal.h
Symlinking /home/rajendra/kr_ws/devel/include/kr_tracker_msgs/LineTrackerFeedback.h
Symlinking /home/rajendra/kr_ws/devel/include/kr_tracker_msgs/VelocityTrackerActionResult.h
Symlinking /home/rajendra/kr_ws/devel/include/kr_tracker_msgs/TrajectoryTrackerGoal.h
Symlinking /home/rajendra/kr_ws/devel/include/kr_tracker_msgs/LineTrackerResult.h
Symlinking /home/rajendra/kr_ws/devel/include/kr_tracker_msgs/TrajectoryTrackerActionGoal.h
Symlinking /home/rajendra/kr_ws/devel/include/kr_tracker_msgs/CircleTrackerFeedback.h
Symlinking /home/rajendra/kr_ws/devel/include/kr_tracker_msgs/CircleTrackerResult.h
Symlinking /home/rajendra/kr_ws/devel/include/kr_tracker_msgs/LissajousAdderActionResult.h
Symlinking /home/rajendra/kr_ws/devel/include/kr_tracker_msgs/LissajousTrackerActionFeedback.h
Symlinking /home/rajendra/kr_ws/devel/include/kr_tracker_msgs/CircleTrackerAction.h
Symlinking /home/rajendra/kr_ws/devel/include/kr_tracker_msgs/VelocityGoal.h
Symlinking /home/rajendra/kr_ws/devel/include/kr_tracker_msgs/VelocityTrackerFeedback.h
Symlinking /home/rajendra/kr_ws/devel/include/kr_tracker_msgs/LissajousAdderGoal.h
Symlinking /home/rajendra/kr_ws/devel/include/kr_tracker_msgs/CircleTrackerActionResult.h
Symlinking /home/rajendra/kr_ws/devel/include/kr_tracker_msgs/LissajousTrackerGoal.h
Symlinking /home/rajendra/kr_ws/devel/include/kr_tracker_msgs/LissajousAdderAction.h
Symlinking /home/rajendra/kr_ws/devel/include/kr_tracker_msgs/LissajousTrackerResult.h
Symlinking /home/rajendra/kr_ws/devel/include/kr_tracker_msgs/CircleTrackerActionGoal.h
Symlinking /home/rajendra/kr_ws/devel/include/kr_tracker_msgs/LineTrackerActionResult.h
Symlinking /home/rajendra/kr_ws/devel/include/kr_tracker_msgs/LissajousAdderFeedback.h
Symlinking /home/rajendra/kr_ws/devel/include/kr_tracker_msgs/TrajectoryTrackerResult.h
Symlinking /home/rajendra/kr_ws/devel/include/kr_tracker_msgs/LineTrackerActionGoal.h
Symlinking /home/rajendra/kr_ws/devel/include/kr_tracker_msgs/TrajectoryTrackerActionFeedback.h
Symlinking /home/rajendra/kr_ws/devel/include/kr_tracker_msgs/VelocityTrackerAction.h
Symlinking /home/rajendra/kr_ws/devel/include/kr_tracker_msgs/LissajousTrackerActionGoal.h
Symlinking /home/rajendra/kr_ws/devel/include/kr_tracker_msgs/TrackerStatus.h
Symlinking /home/rajendra/kr_ws/devel/include/kr_tracker_msgs/CircleTrackerActionFeedback.h
Symlinking /home/rajendra/kr_ws/devel/include/kr_tracker_msgs/LissajousTrackerAction.h
Symlinking /home/rajendra/kr_ws/devel/include/kr_tracker_msgs/TransitionRequest.h
Symlinking /home/rajendra/kr_ws/devel/include/kr_tracker_msgs/VelocityTrackerActionFeedback.h
Symlinking /home/rajendra/kr_ws/devel/include/kr_tracker_msgs/TrajectoryTrackerActionResult.h
Symlinking /home/rajendra/kr_ws/devel/include/kr_tracker_msgs/LissajousAdderResult.h
Symlinking /home/rajendra/kr_ws/devel/include/kr_tracker_msgs/VelocityTrackerGoal.h
Symlinking /home/rajendra/kr_ws/devel/include/kr_tracker_msgs/Transition.h
Symlinking /home/rajendra/kr_ws/devel/include/kr_tracker_msgs/TrajectoryTrackerFeedback.h
Symlinking /home/rajendra/kr_ws/devel/lib/python3/dist-packages/kr_tracker_msgs/__init__.py
Symlinking /home/rajendra/kr_ws/devel/lib/python3/dist-packages/kr_tracker_msgs/msg/_CircleTrackerActionGoal.py
Symlinking /home/rajendra/kr_ws/devel/lib/python3/dist-packages/kr_tracker_msgs/msg/_LissajousAdderResult.py
Symlinking /home/rajendra/kr_ws/devel/lib/python3/dist-packages/kr_tracker_msgs/msg/_TrajectoryTrackerActionFeedback.py
Symlinking /home/rajendra/kr_ws/devel/lib/python3/dist-packages/kr_tracker_msgs/msg/_CircleTrackerGoal.py
Symlinking /home/rajendra/kr_ws/devel/lib/python3/dist-packages/kr_tracker_msgs/msg/_VelocityTrackerActionFeedback.py
Symlinking /home/rajendra/kr_ws/devel/lib/python3/dist-packages/kr_tracker_msgs/msg/__init__.py
Symlinking /home/rajendra/kr_ws/devel/lib/python3/dist-packages/kr_tracker_msgs/msg/_VelocityGoal.py
Symlinking /home/rajendra/kr_ws/devel/lib/python3/dist-packages/kr_tracker_msgs/msg/_LissajousTrackerActionGoal.py
Symlinking /home/rajendra/kr_ws/devel/lib/python3/dist-packages/kr_tracker_msgs/msg/_TrajectoryTrackerFeedback.py
Symlinking /home/rajendra/kr_ws/devel/lib/python3/dist-packages/kr_tracker_msgs/msg/_LineTrackerResult.py
Symlinking /home/rajendra/kr_ws/devel/lib/python3/dist-packages/kr_tracker_msgs/msg/_VelocityTrackerFeedback.py
Symlinking /home/rajendra/kr_ws/devel/lib/python3/dist-packages/kr_tracker_msgs/msg/_CircleTrackerResult.py
Symlinking /home/rajendra/kr_ws/devel/lib/python3/dist-packages/kr_tracker_msgs/msg/_LissajousTrackerFeedback.py
Symlinking /home/rajendra/kr_ws/devel/lib/python3/dist-packages/kr_tracker_msgs/msg/_CircleTrackerAction.py
Symlinking /home/rajendra/kr_ws/devel/lib/python3/dist-packages/kr_tracker_msgs/msg/_CircleTrackerActionResult.py
Symlinking /home/rajendra/kr_ws/devel/lib/python3/dist-packages/kr_tracker_msgs/msg/_LissajousTrackerAction.py
Symlinking /home/rajendra/kr_ws/devel/lib/python3/dist-packages/kr_tracker_msgs/msg/_CircleTrackerActionFeedback.py
Symlinking /home/rajendra/kr_ws/devel/lib/python3/dist-packages/kr_tracker_msgs/msg/_LissajousAdderActionGoal.py
Symlinking /home/rajendra/kr_ws/devel/lib/python3/dist-packages/kr_tracker_msgs/msg/_TrajectoryTrackerGoal.py
Symlinking /home/rajendra/kr_ws/devel/lib/python3/dist-packages/kr_tracker_msgs/msg/_LineTrackerAction.py
Symlinking /home/rajendra/kr_ws/devel/lib/python3/dist-packages/kr_tracker_msgs/msg/_LissajousTrackerGoal.py
Symlinking /home/rajendra/kr_ws/devel/lib/python3/dist-packages/kr_tracker_msgs/msg/_VelocityTrackerGoal.py
Symlinking /home/rajendra/kr_ws/devel/lib/python3/dist-packages/kr_tracker_msgs/msg/_LineTrackerActionFeedback.py
Symlinking /home/rajendra/kr_ws/devel/lib/python3/dist-packages/kr_tracker_msgs/msg/_VelocityTrackerResult.py
Symlinking /home/rajendra/kr_ws/devel/lib/python3/dist-packages/kr_tracker_msgs/msg/_LineTrackerActionGoal.py
Symlinking /home/rajendra/kr_ws/devel/lib/python3/dist-packages/kr_tracker_msgs/msg/_LissajousAdderGoal.py
Symlinking /home/rajendra/kr_ws/devel/lib/python3/dist-packages/kr_tracker_msgs/msg/_TrajectoryTrackerActionResult.py
Symlinking /home/rajendra/kr_ws/devel/lib/python3/dist-packages/kr_tracker_msgs/msg/_LissajousAdderFeedback.py
Symlinking /home/rajendra/kr_ws/devel/lib/python3/dist-packages/kr_tracker_msgs/msg/_LineTrackerFeedback.py
Symlinking /home/rajendra/kr_ws/devel/lib/python3/dist-packages/kr_tracker_msgs/msg/_LissajousTrackerActionResult.py
Symlinking /home/rajendra/kr_ws/devel/lib/python3/dist-packages/kr_tracker_msgs/msg/_LissajousAdderActionFeedback.py
Symlinking /home/rajendra/kr_ws/devel/lib/python3/dist-packages/kr_tracker_msgs/msg/_CircleTrackerFeedback.py
Symlinking /home/rajendra/kr_ws/devel/lib/python3/dist-packages/kr_tracker_msgs/msg/_LissajousTrackerActionFeedback.py
Symlinking /home/rajendra/kr_ws/devel/lib/python3/dist-packages/kr_tracker_msgs/msg/_LissajousAdderAction.py
Symlinking /home/rajendra/kr_ws/devel/lib/python3/dist-packages/kr_tracker_msgs/msg/_VelocityTrackerActionGoal.py
Symlinking /home/rajendra/kr_ws/devel/lib/python3/dist-packages/kr_tracker_msgs/msg/_TrajectoryTrackerResult.py
Symlinking /home/rajendra/kr_ws/devel/lib/python3/dist-packages/kr_tracker_msgs/msg/_TrackerStatus.py
Symlinking /home/rajendra/kr_ws/devel/lib/python3/dist-packages/kr_tracker_msgs/msg/_LineTrackerGoal.py
Symlinking /home/rajendra/kr_ws/devel/lib/python3/dist-packages/kr_tracker_msgs/msg/_LineTrackerActionResult.py
Symlinking /home/rajendra/kr_ws/devel/lib/python3/dist-packages/kr_tracker_msgs/msg/_TrajectoryTrackerActionGoal.py
Symlinking /home/rajendra/kr_ws/devel/lib/python3/dist-packages/kr_tracker_msgs/msg/_VelocityTrackerAction.py
Symlinking /home/rajendra/kr_ws/devel/lib/python3/dist-packages/kr_tracker_msgs/msg/_LissajousTrackerResult.py
Symlinking /home/rajendra/kr_ws/devel/lib/python3/dist-packages/kr_tracker_msgs/msg/_TrajectoryTrackerAction.py
Symlinking /home/rajendra/kr_ws/devel/lib/python3/dist-packages/kr_tracker_msgs/msg/_VelocityTrackerActionResult.py
Symlinking /home/rajendra/kr_ws/devel/lib/python3/dist-packages/kr_tracker_msgs/msg/_LissajousAdderActionResult.py
Symlinking /home/rajendra/kr_ws/devel/lib/python3/dist-packages/kr_tracker_msgs/srv/__init__.py
Symlinking /home/rajendra/kr_ws/devel/lib/python3/dist-packages/kr_tracker_msgs/srv/_Transition.py
Symlinking /home/rajendra/kr_ws/devel/lib/pkgconfig/kr_tracker_msgs.pc
